 
 |^^^^^^^^^^^^^^^^^^^^^^^^^^^^^^^^^^^^^^^^^^^^^^^^|
 | MD execution started at    Wed Jun 23 19:03:34 EDT 2021   |
 | Computer:  Linux cpn-p27-24.compute.cbls.ccr.b |
 |________________________________________________|
 
 rnd_seed=       19345
 !!!!!!-----MD INPUT-----!!!!!!
 
 Ground state MD,      imdtype=           0
 Initial count for out files              0
 MD using Langevin 
 Starting time, fs          0.000000000000000E+000
 Time step, fs                        0.100000000000000     
 Number of classical steps (CS)            0
 Quantum steps/per CS                    4
 Displacement for deriv. [A]     1.000000000000000E-003
 Langevin thermostat dynamics, therm_type=           1
 Temperature, K                  300.000000000000     
 Bath relaxation constant       0.400000000000000     
 Equilibrated dynamics
 Number of steps per degree K           100
 Number of steps to write data            1
 Number of steps to write coords          10
 Friction coefficient [1/ps]      20.0000000000000     
 Seed for random generator           19345
 NAESMD verbosity,            3
 MD will use analytic deriv,  ideriv=           1
 Cartesian coordinates are used
 Allocating initial naesmd_module variables
 Allocating md_module initial variables
 Allocating variables
 Allocating naesmd_module variables         112           0
 Allocating md_module variables         112
  Finish reading coordinates 
 Rescaling velocity
 
 Initial Geometry
    6         7.695000   95.027000   33.138000
    6         3.841000   96.110000   25.042000
    6        11.986000   97.681000   23.720000
    6        12.611000   95.062000   31.464000
    7         8.105000   94.421000   29.756000
    6         7.314000   96.461000   32.691000
    6         3.996000   96.613000   23.792000
    6        12.309000   99.129000   24.039000
    6        11.273000   94.599000   32.099000
    7         6.820000   95.379000   27.229000
    8        13.647000   95.106000   32.123000
    6         7.233000   97.633000   33.641000
    6        11.439000   93.185000   32.724000
    7        10.658000   95.329000   28.530000
    6        12.403000   90.933000   32.711000
    6        10.272000   94.616000   30.937000
    6         5.707000   94.386000   29.216000
    6         7.225000   96.449000   25.035000
    6        11.796000   96.476000   26.689000
    6         6.544000   92.001000   31.354000
    6         3.112000   94.742000   27.621000
    6         9.010000   97.523000   22.579000
    6        14.208000   96.658000   28.815000
    6         6.311000   99.933000   33.538000
    6         8.879000   94.310000   30.907000
    6         5.713000   94.963000   27.939000
    6         8.632000   96.534000   25.046000
    6        11.778000   95.922000   27.980000
    8         7.115000   97.464000   34.857000
    8        11.087000   93.153000   33.895000
    6         6.680000  101.272000   33.021000
    6         7.993000   93.920000   32.090000
    6         4.529000   95.192000   27.137000
    6         9.468000   97.026000   23.968000
    6        12.849000   95.998000   28.971000
    8         7.344000   98.987000   33.131000
    8        11.945000   92.061000   32.031000
    6         5.967000  102.461000   32.863000
    6         6.692000   93.522000   31.442000
    6         4.926000   95.792000   25.972000
    6        10.741000   97.095000   24.449000
    6        12.346000   95.417000   30.095000
    6         4.476000  102.669000   33.234000
    6         6.788000   94.123000   30.047000
    6         6.385000   95.920000   26.035000
    6        10.717000   96.550000   25.794000
    6        10.983000   95.079000   29.835000
    7         9.441000   96.101000   26.074000
    6        12.802000   91.649000   26.928000
    6        18.588000   99.087000   26.729000
    6        22.640000   93.250000   30.668000
    6        16.650000   88.400000   27.813000
    7        15.995000   93.039000   26.469000
    6        12.696000   92.206000   28.337000
    6        17.938000  100.301000   26.590000
    6        22.496000   93.577000   32.158000
    6        15.466000   89.183000   27.166000
    7        17.677000   95.462000   26.826000
    8        16.643000   87.169000   27.888000
    6        13.766000   91.776000   29.333000
    6        15.090000   88.560000   25.796000
    7        18.132000   91.604000   27.949000
    6        13.050000   87.455000   24.695000
    6        15.996000   90.619000   27.035000
    6        15.457000   95.325000   25.732000
    6        19.663000   96.362000   27.989000
    6        20.196000   91.700000   29.253000
    6        13.557000   93.277000   23.963000
    6        15.775000   98.254000   25.206000
    6        22.304000   96.316000   29.697000
    6        19.744000   88.544000   29.530000
    6        15.536000   92.376000   30.947000
    6        15.394000   91.787000   26.458000
    6        16.598000   96.015000   26.168000
    6        20.211000   95.192000   28.530000
    6        19.105000   90.998000   28.716000
    8        13.897000   90.587000   29.652000
    8        15.832000   88.625000   24.810000
    6        16.455000   93.440000   31.221000
    6        13.960000   91.907000   25.952000
    6        16.818000   97.452000   26.037000
    6        21.418000   95.112000   29.331000
    6        18.834000   89.574000   28.858000
    8        14.737000   92.741000   29.787000
    8        13.741000   88.034000   25.763000
    6        17.702000   93.426000   31.844000
    6        13.852000   93.321000   25.459000
    6        18.012000   97.737000   26.672000
    6        21.546000   93.817000   29.732000
    6        17.636000   89.371000   28.226000
    6        18.385000   92.137000   32.387000
    6        15.169000   93.969000   25.868000
    6        18.507000   96.488000   27.211000
    6        20.464000   93.070000   29.106000
    6        17.217000   90.628000   27.688000
    6        18.581000   94.680000   32.141000
    6        18.132000   96.070000   31.715000
    6        17.132000   96.769000   32.625000
    6        16.212000   97.791000   31.957000
    6        16.914000   98.945000   31.234000
    6        15.019000   98.204000   32.824000
    6        13.961000   99.163000   32.276000
    6        12.788000   99.147000   33.249000
    6        11.439000   99.684000   32.767000
    6        10.580000  100.306000   33.856000
    6        10.652000   98.718000   31.889000
    6        10.671000   98.981000   30.384000
    6         9.520000   99.799000   29.816000
    6         8.970000   99.200000   28.532000
    6         7.493000   98.872000   28.712000
    6         9.173000  100.157000   27.360000
    7        19.676000   93.933000   28.370000

--------------------------------------------------------------------------------
  QM CALCULATION INFO
--------------------------------------------------------------------------------

| QMMM: Citation for AMBER QMMM Run:
| QMMM: R.C. Walker, M.F. Crowley and D.A. Case, J. COMP. CHEM. 29:1019, 2008

QMMM: SINGLET STATE CALCULATION
QMMM: RHF CALCULATION, NO. OF DOUBLY OCCUPIED LEVELS =238

| QMMM: *** Selected Hamiltonian *** 
| QMMM: AM1         

| QMMM: *** Parameter sets in use ***
| QMMM: C : M.J.S.DEWAR et al. JACS, 107, 3902, (1985)
| QMMM: N : M.J.S.DEWAR et al. JACS, 107, 3902, (1985)
| QMMM: O : M.J.S.DEWAR et al. JACS, 107, 3902, (1985)

| QMMM: *** SCF convergence criteria ***
| QMMM: Energy change                :  0.2D-06 kcal/mol
| QMMM: Error matrix |FP-PF|         :  0.1D+00 au
| QMMM: Density matrix change        :  0.2D-04
| QMMM: Maximum number of SCF cycles :      300
 
| QMMM: *** Diagonalization Routine Information ***
| QMMM: Pseudo diagonalizations are allowed.
| QMMM: Auto diagonalization routine selection is disabled.
| QMMM: Using internal diagonalization routine (diag_routine=1).

  QMMM: QM Region Cartesian Coordinates (*=link atom) 
  QMMM: QM_NO.   MM_NO.  ATOM         X         Y         Z
  QMMM:     1        1      C        7.6950   95.0270   33.1380
  QMMM:     2        2      C        3.8410   96.1100   25.0420
  QMMM:     3        3      C       11.9860   97.6810   23.7200
  QMMM:     4        4      C       12.6110   95.0620   31.4640
  QMMM:     5        5      N        8.1050   94.4210   29.7560
  QMMM:     6        6      C        7.3140   96.4610   32.6910
  QMMM:     7        7      C        3.9960   96.6130   23.7920
  QMMM:     8        8      C       12.3090   99.1290   24.0390
  QMMM:     9        9      C       11.2730   94.5990   32.0990
  QMMM:    10       10      N        6.8200   95.3790   27.2290
  QMMM:    11       11      O       13.6470   95.1060   32.1230
  QMMM:    12       12      C        7.2330   97.6330   33.6410
  QMMM:    13       13      C       11.4390   93.1850   32.7240
  QMMM:    14       14      N       10.6580   95.3290   28.5300
  QMMM:    15       15      C       12.4030   90.9330   32.7110
  QMMM:    16       16      C       10.2720   94.6160   30.9370
  QMMM:    17       17      C        5.7070   94.3860   29.2160
  QMMM:    18       18      C        7.2250   96.4490   25.0350
  QMMM:    19       19      C       11.7960   96.4760   26.6890
  QMMM:    20       20      C        6.5440   92.0010   31.3540
  QMMM:    21       21      C        3.1120   94.7420   27.6210
  QMMM:    22       22      C        9.0100   97.5230   22.5790
  QMMM:    23       23      C       14.2080   96.6580   28.8150
  QMMM:    24       24      C        6.3110   99.9330   33.5380
  QMMM:    25       25      C        8.8790   94.3100   30.9070
  QMMM:    26       26      C        5.7130   94.9630   27.9390
  QMMM:    27       27      C        8.6320   96.5340   25.0460
  QMMM:    28       28      C       11.7780   95.9220   27.9800
  QMMM:    29       29      O        7.1150   97.4640   34.8570
  QMMM:    30       30      O       11.0870   93.1530   33.8950
  QMMM:    31       31      C        6.6800  101.2720   33.0210
  QMMM:    32       32      C        7.9930   93.9200   32.0900
  QMMM:    33       33      C        4.5290   95.1920   27.1370
  QMMM:    34       34      C        9.4680   97.0260   23.9680
  QMMM:    35       35      C       12.8490   95.9980   28.9710
  QMMM:    36       36      O        7.3440   98.9870   33.1310
  QMMM:    37       37      O       11.9450   92.0610   32.0310
  QMMM:    38       38      C        5.9670  102.4610   32.8630
  QMMM:    39       39      C        6.6920   93.5220   31.4420
  QMMM:    40       40      C        4.9260   95.7920   25.9720
  QMMM:    41       41      C       10.7410   97.0950   24.4490
  QMMM:    42       42      C       12.3460   95.4170   30.0950
  QMMM:    43       43      C        4.4760  102.6690   33.2340
  QMMM:    44       44      C        6.7880   94.1230   30.0470
  QMMM:    45       45      C        6.3850   95.9200   26.0350
  QMMM:    46       46      C       10.7170   96.5500   25.7940
  QMMM:    47       47      C       10.9830   95.0790   29.8350
  QMMM:    48       48      N        9.4410   96.1010   26.0740
  QMMM:    49       49      C       12.8020   91.6490   26.9280
  QMMM:    50       50      C       18.5880   99.0870   26.7290
  QMMM:    51       51      C       22.6400   93.2500   30.6680
  QMMM:    52       52      C       16.6500   88.4000   27.8130
  QMMM:    53       53      N       15.9950   93.0390   26.4690
  QMMM:    54       54      C       12.6960   92.2060   28.3370
  QMMM:    55       55      C       17.9380  100.3010   26.5900
  QMMM:    56       56      C       22.4960   93.5770   32.1580
  QMMM:    57       57      C       15.4660   89.1830   27.1660
  QMMM:    58       58      N       17.6770   95.4620   26.8260
  QMMM:    59       59      O       16.6430   87.1690   27.8880
  QMMM:    60       60      C       13.7660   91.7760   29.3330
  QMMM:    61       61      C       15.0900   88.5600   25.7960
  QMMM:    62       62      N       18.1320   91.6040   27.9490
  QMMM:    63       63      C       13.0500   87.4550   24.6950
  QMMM:    64       64      C       15.9960   90.6190   27.0350
  QMMM:    65       65      C       15.4570   95.3250   25.7320
  QMMM:    66       66      C       19.6630   96.3620   27.9890
  QMMM:    67       67      C       20.1960   91.7000   29.2530
  QMMM:    68       68      C       13.5570   93.2770   23.9630
  QMMM:    69       69      C       15.7750   98.2540   25.2060
  QMMM:    70       70      C       22.3040   96.3160   29.6970
  QMMM:    71       71      C       19.7440   88.5440   29.5300
  QMMM:    72       72      C       15.5360   92.3760   30.9470
  QMMM:    73       73      C       15.3940   91.7870   26.4580
  QMMM:    74       74      C       16.5980   96.0150   26.1680
  QMMM:    75       75      C       20.2110   95.1920   28.5300
  QMMM:    76       76      C       19.1050   90.9980   28.7160
  QMMM:    77       77      O       13.8970   90.5870   29.6520
  QMMM:    78       78      O       15.8320   88.6250   24.8100
  QMMM:    79       79      C       16.4550   93.4400   31.2210
  QMMM:    80       80      C       13.9600   91.9070   25.9520
  QMMM:    81       81      C       16.8180   97.4520   26.0370
  QMMM:    82       82      C       21.4180   95.1120   29.3310
  QMMM:    83       83      C       18.8340   89.5740   28.8580
  QMMM:    84       84      O       14.7370   92.7410   29.7870
  QMMM:    85       85      O       13.7410   88.0340   25.7630
  QMMM:    86       86      C       17.7020   93.4260   31.8440
  QMMM:    87       87      C       13.8520   93.3210   25.4590
  QMMM:    88       88      C       18.0120   97.7370   26.6720
  QMMM:    89       89      C       21.5460   93.8170   29.7320
  QMMM:    90       90      C       17.6360   89.3710   28.2260
  QMMM:    91       91      C       18.3850   92.1370   32.3870
  QMMM:    92       92      C       15.1690   93.9690   25.8680
  QMMM:    93       93      C       18.5070   96.4880   27.2110
  QMMM:    94       94      C       20.4640   93.0700   29.1060
  QMMM:    95       95      C       17.2170   90.6280   27.6880
  QMMM:    96       96      C       18.5810   94.6800   32.1410
  QMMM:    97       97      C       18.1320   96.0700   31.7150
  QMMM:    98       98      C       17.1320   96.7690   32.6250
  QMMM:    99       99      C       16.2120   97.7910   31.9570
  QMMM:   100      100      C       16.9140   98.9450   31.2340
  QMMM:   101      101      C       15.0190   98.2040   32.8240
  QMMM:   102      102      C       13.9610   99.1630   32.2760
  QMMM:   103      103      C       12.7880   99.1470   33.2490
  QMMM:   104      104      C       11.4390   99.6840   32.7670
  QMMM:   105      105      C       10.5800  100.3060   33.8560
  QMMM:   106      106      C       10.6520   98.7180   31.8890
  QMMM:   107      107      C       10.6710   98.9810   30.3840
  QMMM:   108      108      C        9.5200   99.7990   29.8160
  QMMM:   109      109      C        8.9700   99.2000   28.5320
  QMMM:   110      110      C        7.4930   98.8720   28.7120
  QMMM:   111      111      C        9.1730  100.1570   27.3600
  QMMM:   112      112      N       19.6760   93.9330   28.3700

--------------------------------------------------------------------------------
  RESULTS
--------------------------------------------------------------------------------


QMMM: ERROR!
QMMM: Unable to achieve self consistency to the tolerances specified
QMMM: No convergence in SCF after    300 steps.
QMMM: E =  -0.5773E+07 DeltaE =   0.4138E+02 DeltaP =   0.3274E+00
QMMM: Smallest DeltaE =  -0.4077E-01 DeltaP =   0.5299E+00 Step =    188

 Failed geometry
   7.69500000000000        95.0270000000000        33.1380000000000     
   3.84100000000000        96.1100000000000        25.0420000000000     
   11.9860000000000        97.6810000000000        23.7200000000000     
   12.6110000000000        95.0620000000000        31.4640000000000     
   8.10500000000000        94.4210000000000        29.7560000000000     
   7.31400000000000        96.4610000000000        32.6910000000000     
   3.99600000000000        96.6130000000000        23.7920000000000     
   12.3090000000000        99.1290000000000        24.0390000000000     
   11.2730000000000        94.5990000000000        32.0990000000000     
   6.82000000000000        95.3790000000000        27.2290000000000     
   13.6470000000000        95.1060000000000        32.1230000000000     
   7.23300000000000        97.6330000000000        33.6410000000000     
   11.4390000000000        93.1850000000000        32.7240000000000     
   10.6580000000000        95.3290000000000        28.5300000000000     
   12.4030000000000        90.9330000000000        32.7110000000000     
   10.2720000000000        94.6160000000000        30.9370000000000     
   5.70700000000000        94.3860000000000        29.2160000000000     
   7.22500000000000        96.4490000000000        25.0350000000000     
   11.7960000000000        96.4760000000000        26.6890000000000     
   6.54400000000000        92.0010000000000        31.3540000000000     
   3.11200000000000        94.7420000000000        27.6210000000000     
   9.01000000000000        97.5230000000000        22.5790000000000     
   14.2080000000000        96.6580000000000        28.8150000000000     
   6.31100000000000        99.9330000000000        33.5380000000000     
   8.87900000000000        94.3100000000000        30.9070000000000     
   5.71300000000000        94.9630000000000        27.9390000000000     
   8.63200000000000        96.5340000000000        25.0460000000000     
   11.7780000000000        95.9220000000000        27.9800000000000     
   7.11500000000000        97.4640000000000        34.8570000000000     
   11.0870000000000        93.1530000000000        33.8950000000000     
   6.68000000000000        101.272000000000        33.0210000000000     
   7.99300000000000        93.9200000000000        32.0900000000000     
   4.52900000000000        95.1920000000000        27.1370000000000     
   9.46800000000000        97.0260000000000        23.9680000000000     
   12.8490000000000        95.9980000000000        28.9710000000000     
   7.34400000000000        98.9870000000000        33.1310000000000     
   11.9450000000000        92.0610000000000        32.0310000000000     
   5.96700000000000        102.461000000000        32.8630000000000     
   6.69200000000000        93.5220000000000        31.4420000000000     
   4.92600000000000        95.7920000000000        25.9720000000000     
   10.7410000000000        97.0950000000000        24.4490000000000     
   12.3460000000000        95.4170000000000        30.0950000000000     
   4.47600000000000        102.669000000000        33.2340000000000     
   6.78800000000000        94.1230000000000        30.0470000000000     
   6.38500000000000        95.9200000000000        26.0350000000000     
   10.7170000000000        96.5500000000000        25.7940000000000     
   10.9830000000000        95.0790000000000        29.8350000000000     
   9.44100000000000        96.1010000000000        26.0740000000000     
   12.8020000000000        91.6490000000000        26.9280000000000     
   18.5880000000000        99.0870000000000        26.7290000000000     
   22.6400000000000        93.2500000000000        30.6680000000000     
   16.6500000000000        88.4000000000000        27.8130000000000     
   15.9950000000000        93.0390000000000        26.4690000000000     
   12.6960000000000        92.2060000000000        28.3370000000000     
   17.9380000000000        100.301000000000        26.5900000000000     
   22.4960000000000        93.5770000000000        32.1580000000000     
   15.4660000000000        89.1830000000000        27.1660000000000     
   17.6770000000000        95.4620000000000        26.8260000000000     
   16.6430000000000        87.1690000000000        27.8880000000000     
   13.7660000000000        91.7760000000000        29.3330000000000     
   15.0900000000000        88.5600000000000        25.7960000000000     
   18.1320000000000        91.6040000000000        27.9490000000000     
   13.0500000000000        87.4550000000000        24.6950000000000     
   15.9960000000000        90.6190000000000        27.0350000000000     
   15.4570000000000        95.3250000000000        25.7320000000000     
   19.6630000000000        96.3620000000000        27.9890000000000     
   20.1960000000000        91.7000000000000        29.2530000000000     
   13.5570000000000        93.2770000000000        23.9630000000000     
   15.7750000000000        98.2540000000000        25.2060000000000     
   22.3040000000000        96.3160000000000        29.6970000000000     
   19.7440000000000        88.5440000000000        29.5300000000000     
   15.5360000000000        92.3760000000000        30.9470000000000     
   15.3940000000000        91.7870000000000        26.4580000000000     
   16.5980000000000        96.0150000000000        26.1680000000000     
   20.2110000000000        95.1920000000000        28.5300000000000     
   19.1050000000000        90.9980000000000        28.7160000000000     
   13.8970000000000        90.5870000000000        29.6520000000000     
   15.8320000000000        88.6250000000000        24.8100000000000     
   16.4550000000000        93.4400000000000        31.2210000000000     
   13.9600000000000        91.9070000000000        25.9520000000000     
   16.8180000000000        97.4520000000000        26.0370000000000     
   21.4180000000000        95.1120000000000        29.3310000000000     
   18.8340000000000        89.5740000000000        28.8580000000000     
   14.7370000000000        92.7410000000000        29.7870000000000     
   13.7410000000000        88.0340000000000        25.7630000000000     
   17.7020000000000        93.4260000000000        31.8440000000000     
   13.8520000000000        93.3210000000000        25.4590000000000     
   18.0120000000000        97.7370000000000        26.6720000000000     
   21.5460000000000        93.8170000000000        29.7320000000000     
   17.6360000000000        89.3710000000000        28.2260000000000     
   18.3850000000000        92.1370000000000        32.3870000000000     
   15.1690000000000        93.9690000000000        25.8680000000000     
   18.5070000000000        96.4880000000000        27.2110000000000     
   20.4640000000000        93.0700000000000        29.1060000000000     
   17.2170000000000        90.6280000000000        27.6880000000000     
   18.5810000000000        94.6800000000000        32.1410000000000     
   18.1320000000000        96.0700000000000        31.7150000000000     
   17.1320000000000        96.7690000000000        32.6250000000000     
   16.2120000000000        97.7910000000000        31.9570000000000     
   16.9140000000000        98.9450000000000        31.2340000000000     
   15.0190000000000        98.2040000000000        32.8240000000000     
   13.9610000000000        99.1630000000000        32.2760000000000     
   12.7880000000000        99.1470000000000        33.2490000000000     
   11.4390000000000        99.6840000000000        32.7670000000000     
   10.5800000000000        100.306000000000        33.8560000000000     
   10.6520000000000        98.7180000000000        31.8890000000000     
   10.6710000000000        98.9810000000000        30.3840000000000     
   9.52000000000000        99.7990000000000        29.8160000000000     
   8.97000000000000        99.2000000000000        28.5320000000000     
   7.49300000000000        98.8720000000000        28.7120000000000     
   9.17300000000000        100.157000000000        27.3600000000000     
   19.6760000000000        93.9330000000000        28.3700000000000     
