##     time(fs)           T                  T-T0               U                  U-U0               E                  E-E0
       0.0000000000       0.2983836093       0.0000000000    -850.0730079456       0.0000000000    -849.7746243362       0.0000000000
       0.1000000000       0.3144229951       0.0160393858    -850.0790125783      -0.0060046327    -849.7645895832       0.0100347531
       0.2000000000       0.3399032550       0.0415196456    -850.0845398757      -0.0115319301    -849.7446366207       0.0299877155
       0.3000000000       0.3572951236       0.0589115143    -850.0894343400      -0.0164263944    -849.7321392164       0.0424851198
       0.4000000000       0.3579617558       0.0595781464    -850.0933955647      -0.0203876191    -849.7354338089       0.0391905273
       0.5000000000       0.3598757547       0.0614921454    -850.0963339777      -0.0233260321    -849.7364582229       0.0381661133
       0.6000000000       0.3488366946       0.0504530853    -850.0981952953      -0.0251873497    -849.7493586007       0.0252657355
       0.7000000000       0.3461531574       0.0477695481    -850.0992617783      -0.0262538327    -849.7531086209       0.0215157154
       0.8000000000       0.3352013139       0.0368177045    -850.0996139794      -0.0266060339    -849.7644126656       0.0102116706
       0.9000000000       0.3320452758       0.0336616665    -850.0991903019      -0.0261823563    -849.7671450261       0.0074793102
       1.0000000000       0.3177722535       0.0193886442    -850.0980911986      -0.0250832530    -849.7803189451      -0.0056946089
       1.1000000000       0.3285397578       0.0301561485    -850.0961578987      -0.0231499531    -849.7676181409       0.0070061954
       1.2000000000       0.3356592276       0.0372756182    -850.0933940475      -0.0203861019    -849.7577348199       0.0168895163
       1.3000000000       0.3286408684       0.0302572590    -850.0898701533      -0.0168622077    -849.7612292849       0.0133950513
       1.4000000000       0.3103864368       0.0120028275    -850.0859114816      -0.0129035361    -849.7755250448      -0.0009007086
       1.5000000000       0.3111828534       0.0127992441    -850.0813074924      -0.0082995469    -849.7701246390       0.0044996972
       1.6000000000       0.3106008410       0.0122172316    -850.0760025564      -0.0029946108    -849.7654017154       0.0092226208
       1.7000000000       0.3054802932       0.0070966839    -850.0700471763       0.0029607692    -849.7645668831       0.0100574531
       1.8000000000       0.2996625937       0.0012789844    -850.0636269255       0.0093810201    -849.7639643318       0.0106600045
       1.9000000000       0.2981624929      -0.0002211165    -850.0568533942       0.0161545514    -849.7586909013       0.0159334349
       2.0000000000       0.2894725385      -0.0089110708    -850.0497567225       0.0232512231    -849.7602841839       0.0143401523
       2.1000000000       0.2803373567      -0.0180462526    -850.0424203763       0.0305875693    -849.7620830196       0.0125413166
       2.2000000000       0.2721423474      -0.0262412620    -850.0347302319       0.0382777137    -849.7625878845       0.0120364517
       2.3000000000       0.2722896141      -0.0260939952    -850.0268341543       0.0461737912    -849.7545445402       0.0200797960
       2.4000000000       0.2519545328      -0.0464290766    -850.0187172002       0.0542907454    -849.7667626674       0.0078616688
       2.5000000000       0.2520430161      -0.0463405933    -850.0109753073       0.0620326382    -849.7589322913       0.0156920450
       2.6000000000       0.2493043774      -0.0490792319    -850.0030832874       0.0699246582    -849.7537789099       0.0208454263
       2.7000000000       0.2564470035      -0.0419366058    -849.9953431833       0.0776647622    -849.7388961798       0.0357281564
       2.8000000000       0.2431832738      -0.0552003355    -849.9879014977       0.0851064479    -849.7447182239       0.0299061124
       2.9000000000       0.2297386856      -0.0686449237    -849.9808460294       0.0921619162    -849.7511073438       0.0235169925
       3.0000000000       0.2345443794      -0.0638392300    -849.9739841800       0.0990237655    -849.7394398007       0.0351845355
       3.1000000000       0.2237795043      -0.0746041051    -849.9678260565       0.1051818891    -849.7440465522       0.0305777840
       3.2000000000       0.2160341187      -0.0823494906    -849.9622350299       0.1107729156    -849.7462009112       0.0284234250
       3.3000000000       0.2149808961      -0.0834027132    -849.9568156086       0.1161923369    -849.7418347125       0.0327896237
       3.4000000000       0.2077253325      -0.0906582769    -849.9519259419       0.1210820036    -849.7442006095       0.0304237267
       3.5000000000       0.2022110884      -0.0961725210    -849.9479412589       0.1250666866    -849.7457301706       0.0288941657
       3.6000000000       0.1920130064      -0.1063706030    -849.9453196474       0.1276882982    -849.7533066410       0.0213176952
       3.7000000000       0.1823385800      -0.1160450293    -849.9444614708       0.1285464747    -849.7621228908       0.0125014454
       3.8000000000       0.1880031005      -0.1103805088    -849.9447999056       0.1282080399    -849.7567968051       0.0178275311
       3.9000000000       0.1901119597      -0.1082716496    -849.9458924935       0.1271154520    -849.7557805338       0.0188438024
       4.0000000000       0.1934831834      -0.1049004259    -849.9478081908       0.1251997547    -849.7543250074       0.0202993288
       4.1000000000       0.1921345545      -0.1062490548    -849.9508789761       0.1221289694    -849.7587444216       0.0158799146
       4.2000000000       0.1895785733      -0.1088050361    -849.9546478134       0.1183601322    -849.7650692401       0.0095550961
       4.3000000000       0.2017939084      -0.0965897010    -849.9592733187       0.1137346268    -849.7574794104       0.0171449259
       4.4000000000       0.2178533290      -0.0805302803    -849.9647892849       0.1082186607    -849.7469359559       0.0276883804
       4.5000000000       0.2310935115      -0.0672900979    -849.9708603767       0.1021475689    -849.7397668652       0.0348574710
       4.6000000000       0.2399078901      -0.0584757192    -849.9771569289       0.0958510167    -849.7372490388       0.0373752974
       4.7000000000       0.2553156464      -0.0430679629    -849.9843172692       0.0886906763    -849.7290016228       0.0456227134
       4.8000000000       0.2697529452      -0.0286306642    -849.9922377226       0.0807702229    -849.7224847775       0.0521395588
       4.9000000000       0.2843810319      -0.0140025775    -850.0008992510       0.0721086945    -849.7165182192       0.0581061170
       5.0000000000       0.2834061955      -0.0149774138    -850.0099959380       0.0630120076    -849.7265897425       0.0480345938
       5.1000000000       0.2819659057      -0.0164177036    -850.0189647027       0.0540432429    -849.7369987970       0.0376255392
       5.2000000000       0.3020073318       0.0036237224    -850.0278747066       0.0451332390    -849.7258673748       0.0487569614
       5.3000000000       0.3060765999       0.0076929906    -850.0367776059       0.0362303397    -849.7307010059       0.0439233303
       5.4000000000       0.3248506569       0.0264670476    -850.0455715255       0.0274364201    -849.7207208685       0.0539034677
       5.5000000000       0.3176076972       0.0192240879    -850.0539374525       0.0190704930    -849.7363297553       0.0382945809
       5.6000000000       0.3200138371       0.0216302278    -850.0621835095       0.0108244361    -849.7421696724       0.0324546639
       5.7000000000       0.3317847513       0.0334011420    -850.0703667512       0.0026411943    -849.7385819999       0.0360423363
       5.8000000000       0.3456345135       0.0472509042    -850.0778098252      -0.0048018796    -849.7321753117       0.0424490246
       5.9000000000       0.3611584743       0.0627748649    -850.0848203232      -0.0118123776    -849.7236618489       0.0509624873
       6.0000000000       0.3597576355       0.0613740262    -850.0912042021      -0.0181962566    -849.7314465666       0.0431777696
       6.1000000000       0.3589480162       0.0605644069    -850.0965810687      -0.0235731231    -849.7376330524       0.0369912838
       6.2000000000       0.3585716868       0.0601880775    -850.1007666920      -0.0277587464    -849.7421950051       0.0324293311
       6.3000000000       0.3706365134       0.0722529040    -850.1041443462      -0.0311364006    -849.7335078328       0.0411165034
       6.4000000000       0.3732672921       0.0748836828    -850.1065866448      -0.0335786992    -849.7333193526       0.0413049836
       6.5000000000       0.3806183448       0.0822347355    -850.1082614691      -0.0352535236    -849.7276431243       0.0469812119
       6.6000000000       0.3724849844       0.0741013750    -850.1088029518      -0.0357950063    -849.7363179675       0.0383063688
       6.7000000000       0.3747887426       0.0764051332    -850.1084176740      -0.0354097284    -849.7336289314       0.0409954048
       6.8000000000       0.3605075448       0.0621239355    -850.1072467682      -0.0342388226    -849.7467392234       0.0278851129
       6.9000000000       0.3741742493       0.0757906399    -850.1050351777      -0.0320272322    -849.7308609284       0.0437634078
       7.0000000000       0.3767587924       0.0783751830    -850.1018764150      -0.0288684695    -849.7251176227       0.0495067136
       7.1000000000       0.3611280836       0.0627444743    -850.0980488890      -0.0250409435    -849.7369208054       0.0377035308
       7.2000000000       0.3538839511       0.0555003418    -850.0935032557      -0.0204953102    -849.7396193046       0.0350050316
       7.3000000000       0.3583745564       0.0599909470    -850.0882368346      -0.0152288890    -849.7298622782       0.0447620580
       7.4000000000       0.3568441406       0.0584605313    -850.0824059609      -0.0093980154    -849.7255618203       0.0490625159
       7.5000000000       0.3467370697       0.0483534603    -850.0761422007      -0.0031342551    -849.7294051310       0.0452192052
       7.6000000000       0.3363923569       0.0380087476    -850.0697951819       0.0032127637    -849.7334028250       0.0412215113
       7.7000000000       0.3396378828       0.0412542735    -850.0634351254       0.0095728201    -849.7237972427       0.0508270936
       7.8000000000       0.3398507868       0.0414671775    -850.0570351242       0.0159728213    -849.7171843374       0.0574399988
       7.9000000000       0.3373806886       0.0389970792    -850.0507489711       0.0222589744    -849.7133682826       0.0612560537
       8.0000000000       0.3352374977       0.0368538883    -850.0448398545       0.0281680910    -849.7096023569       0.0650219794
       8.1000000000       0.3187744047       0.0203907953    -850.0398088618       0.0331990837    -849.7210344572       0.0535898790
       8.2000000000       0.2957083864      -0.0026752230    -850.0356643374       0.0373436082    -849.7399559510       0.0346683852
       8.3000000000       0.3022398272       0.0038562179    -850.0321371204       0.0408708251    -849.7298972932       0.0447270430
       8.4000000000       0.3047407093       0.0063570999    -850.0294503531       0.0435575925    -849.7247096438       0.0499146924
       8.5000000000       0.2975038382      -0.0008797712    -850.0277972119       0.0452107336    -849.7302933738       0.0443309624
       8.6000000000       0.2902023317      -0.0081812777    -850.0273135458       0.0456943997    -849.7371112142       0.0375131221
       8.7000000000       0.2917287763      -0.0066548330    -850.0280259535       0.0449819921    -849.7362971771       0.0383271591
       8.8000000000       0.2899858387      -0.0083977707    -850.0301508542       0.0428570914    -849.7401650155       0.0344593207
       8.9000000000       0.2953997182      -0.0029838912    -850.0333427192       0.0396652263    -849.7379430011       0.0366813352
       9.0000000000       0.3114645446       0.0130809352    -850.0374087725       0.0355991731    -849.7259442279       0.0486801083
       9.1000000000       0.3066721244       0.0082885151    -850.0424386901       0.0305692554    -849.7357665657       0.0388577705
       9.2000000000       0.3059305226       0.0075469132    -850.0481279509       0.0248799947    -849.7421974283       0.0324269079
       9.3000000000       0.3231806278       0.0247970184    -850.0548714332       0.0181365123    -849.7316908055       0.0429335308
       9.4000000000       0.3389471495       0.0405635402    -850.0623859300       0.0106220155    -849.7234387805       0.0511855557
       9.5000000000       0.3434623315       0.0450787221    -850.0702035138       0.0028044317    -849.7267411824       0.0478831539
       9.6000000000       0.3465078321       0.0481242227    -850.0784307759      -0.0054228303    -849.7319229438       0.0427013924
       9.7000000000       0.3611550696       0.0627714603    -850.0874142423      -0.0144062968    -849.7262591727       0.0483651635
       9.8000000000       0.3712349946       0.0728513853    -850.0963949916      -0.0233870461    -849.7251599970       0.0494643392
       9.9000000000       0.3664431347       0.0680595253    -850.1051129882      -0.0321050426    -849.7386698535       0.0359544827
      10.0000000000       0.3747640694       0.0763804600    -850.1132722422      -0.0402642966    -849.7385081728       0.0361161634
