202.7043239126
219.1311086186
230.3434150666
230.7731839548
232.0071136304
224.8903783641
223.1603376323
216.0998297095
214.0651739618
204.8635462539
211.8052131135
216.3950405889
211.8703977509
200.1020084795
200.6154476473
200.2402319625
196.9390829083
193.1884894160
192.2213943366
186.6190963376
180.7297660777
175.4465525353
175.5414934769
162.4317369254
162.4887809322
160.7232170168
165.3279730749
156.7770229188
148.1094756859
151.2076425205
144.2676706896
139.2743236127
138.5953250384
133.9177596179
130.3627997619
123.7882319236
117.5512579063
121.2030989170
122.5626524361
124.7360354920
123.8665923752
122.2187852611
130.0938493712
140.4471443377
148.9829138784
154.6654265808
164.5986021904
173.9061367074
183.3366696896
182.7082056592
181.7796699623
194.7001108599
197.3235139248
209.4268988271
204.7574590208
206.3086654315
213.8972172857
222.8259747868
232.8340658655
231.9309637436
231.4090129611
231.1663984027
238.9444316481
240.6404597270
245.3795856586
240.1361163217
241.6213185848
232.4144203113
241.2251629391
242.8913835028
232.8144734062
228.1442775184
231.0393110183
230.0526723450
223.5367780831
216.8676793213
218.9600267068
219.0972831120
217.5048436124
216.1231569411
205.5096197873
190.6392645167
194.8499975779
196.4622829816
191.7967684100
187.0895842612
188.0736628420
186.9500140991
190.4402702324
200.7970501831
197.7074406432
197.2293398013
208.3502532345
218.5147201660
221.4255979201
223.3889916639
232.8318709378
239.3302645456
236.2410161631
241.6054121020
