       0.1000000000     202.7043239126     300.0000000000
       0.2000000000     219.1311086186     300.0000000000
       0.3000000000     230.3434150666     300.0000000000
       0.4000000000     230.7731839548     300.0000000000
       0.5000000000     232.0071136304     300.0000000000
       0.6000000000     224.8903783641     300.0000000000
       0.7000000000     223.1603376323     300.0000000000
       0.8000000000     216.0998297095     300.0000000000
       0.9000000000     214.0651739618     300.0000000000
       1.0000000000     204.8635462539     300.0000000000
       1.1000000000     211.8052131135     300.0000000000
       1.2000000000     216.3950405889     300.0000000000
       1.3000000000     211.8703977509     300.0000000000
       1.4000000000     200.1020084795     300.0000000000
       1.5000000000     200.6154476473     300.0000000000
       1.6000000000     200.2402319625     300.0000000000
       1.7000000000     196.9390829083     300.0000000000
       1.8000000000     193.1884894160     300.0000000000
       1.9000000000     192.2213943366     300.0000000000
       2.0000000000     186.6190963376     300.0000000000
       2.1000000000     180.7297660777     300.0000000000
       2.2000000000     175.4465525353     300.0000000000
       2.3000000000     175.5414934769     300.0000000000
       2.4000000000     162.4317369254     300.0000000000
       2.5000000000     162.4887809322     300.0000000000
       2.6000000000     160.7232170168     300.0000000000
       2.7000000000     165.3279730749     300.0000000000
       2.8000000000     156.7770229188     300.0000000000
       2.9000000000     148.1094756859     300.0000000000
       3.0000000000     151.2076425205     300.0000000000
       3.1000000000     144.2676706896     300.0000000000
       3.2000000000     139.2743236127     300.0000000000
       3.3000000000     138.5953250384     300.0000000000
       3.4000000000     133.9177596179     300.0000000000
       3.5000000000     130.3627997619     300.0000000000
       3.6000000000     123.7882319236     300.0000000000
       3.7000000000     117.5512579063     300.0000000000
       3.8000000000     121.2030989170     300.0000000000
       3.9000000000     122.5626524361     300.0000000000
       4.0000000000     124.7360354920     300.0000000000
       4.1000000000     123.8665923752     300.0000000000
       4.2000000000     122.2187852611     300.0000000000
       4.3000000000     130.0938493712     300.0000000000
       4.4000000000     140.4471443377     300.0000000000
       4.5000000000     148.9829138784     300.0000000000
       4.6000000000     154.6654265808     300.0000000000
       4.7000000000     164.5986021904     300.0000000000
       4.8000000000     173.9061367074     300.0000000000
       4.9000000000     183.3366696896     300.0000000000
       5.0000000000     182.7082056592     300.0000000000
       5.1000000000     181.7796699623     300.0000000000
       5.2000000000     194.7001108599     300.0000000000
       5.3000000000     197.3235139248     300.0000000000
       5.4000000000     209.4268988271     300.0000000000
       5.5000000000     204.7574590208     300.0000000000
       5.6000000000     206.3086654315     300.0000000000
       5.7000000000     213.8972172857     300.0000000000
       5.8000000000     222.8259747868     300.0000000000
       5.9000000000     232.8340658655     300.0000000000
       6.0000000000     231.9309637436     300.0000000000
       6.1000000000     231.4090129611     300.0000000000
       6.2000000000     231.1663984027     300.0000000000
       6.3000000000     238.9444316481     300.0000000000
       6.4000000000     240.6404597270     300.0000000000
       6.5000000000     245.3795856586     300.0000000000
       6.6000000000     240.1361163217     300.0000000000
       6.7000000000     241.6213185848     300.0000000000
       6.8000000000     232.4144203113     300.0000000000
       6.9000000000     241.2251629391     300.0000000000
       7.0000000000     242.8913835028     300.0000000000
       7.1000000000     232.8144734062     300.0000000000
       7.2000000000     228.1442775184     300.0000000000
       7.3000000000     231.0393110183     300.0000000000
       7.4000000000     230.0526723450     300.0000000000
       7.5000000000     223.5367780831     300.0000000000
       7.6000000000     216.8676793213     300.0000000000
       7.7000000000     218.9600267068     300.0000000000
       7.8000000000     219.0972831120     300.0000000000
       7.9000000000     217.5048436124     300.0000000000
       8.0000000000     216.1231569411     300.0000000000
       8.1000000000     205.5096197873     300.0000000000
       8.2000000000     190.6392645167     300.0000000000
       8.3000000000     194.8499975779     300.0000000000
       8.4000000000     196.4622829816     300.0000000000
       8.5000000000     191.7967684100     300.0000000000
       8.6000000000     187.0895842612     300.0000000000
       8.7000000000     188.0736628420     300.0000000000
       8.8000000000     186.9500140991     300.0000000000
       8.9000000000     190.4402702324     300.0000000000
       9.0000000000     200.7970501831     300.0000000000
       9.1000000000     197.7074406432     300.0000000000
       9.2000000000     197.2293398013     300.0000000000
       9.3000000000     208.3502532345     300.0000000000
       9.4000000000     218.5147201660     300.0000000000
       9.5000000000     221.4255979201     300.0000000000
       9.6000000000     223.3889916639     300.0000000000
       9.7000000000     232.8318709378     300.0000000000
       9.8000000000     239.3302645456     300.0000000000
       9.9000000000     236.2410161631     300.0000000000
      10.0000000000     241.6054121020     300.0000000000
