       0.0000000000       0.2983836093       0.0000000000    -850.1427976390       0.0000000000    -849.8444140296       0.0000000000
       0.1000000000       0.3146472875       0.0162636781    -850.1490036173      -0.0062059784    -849.8343563299       0.0100576998
       0.2000000000       0.3403602230       0.0419766137    -850.1548054482      -0.0120078093    -849.8144452252       0.0299688044
       0.3000000000       0.3580207304       0.0596371211    -850.1599276457      -0.0171300067    -849.8019069153       0.0425071143
       0.4000000000       0.3589043921       0.0605207828    -850.1641875357      -0.0213898967    -849.8052831435       0.0391308861
       0.5000000000       0.3610469943       0.0626633849    -850.1673097855      -0.0245121466    -849.8062627912       0.0381512384
       0.6000000000       0.3502554106       0.0518718013    -850.1694908398      -0.0266932008    -849.8192354291       0.0251786005
       0.7000000000       0.3477961482       0.0494125388    -850.1709211400      -0.0281235011    -849.8231249919       0.0212890377
       0.8000000000       0.3370105314       0.0386269221    -850.1714409869      -0.0286433480    -849.8344304555       0.0099835741
       0.9000000000       0.3340137518       0.0356301424    -850.1712485741      -0.0284509352    -849.8372348223       0.0071792073
       1.0000000000       0.3197809704       0.0213973611    -850.1703340016      -0.0275363626    -849.8505530312      -0.0061390015
       1.1000000000       0.3307742491       0.0323906398    -850.1686443798      -0.0258467409    -849.8378701307       0.0065438989
       1.2000000000       0.3379602020       0.0395765927    -850.1660936429      -0.0232960039    -849.8281334409       0.0162805887
       1.3000000000       0.3308789877       0.0324953783    -850.1627207462      -0.0199231072    -849.8318417585       0.0125722711
       1.4000000000       0.3125572668       0.0141736574    -850.1588554317      -0.0160577927    -849.8462981649      -0.0018841353
       1.5000000000       0.3135478817       0.0151642723    -850.1543454203      -0.0115477813    -849.8407975386       0.0036164910
       1.6000000000       0.3130800400       0.0146964307    -850.1490197249      -0.0062220859    -849.8359396848       0.0084743448
       1.7000000000       0.3080732086       0.0096895993    -850.1430987701      -0.0003011311    -849.8350255615       0.0093884682
       1.8000000000       0.3021547863       0.0037711770    -850.1366749974       0.0061226415    -849.8345202111       0.0098938185
       1.9000000000       0.3005189322       0.0021353228    -850.1298510414       0.0129465975    -849.8293321093       0.0150819203
       2.0000000000       0.2918243767      -0.0065592327    -850.1226122544       0.0201853845    -849.8307878778       0.0136261518
       2.1000000000       0.2825765234      -0.0158070860    -850.1152521128       0.0275455261    -849.8326755894       0.0117384402
       2.2000000000       0.2742849525      -0.0240986568    -850.1074434138       0.0353542251    -849.8331584613       0.0112555683
       2.3000000000       0.2745258636      -0.0238577457    -850.0993143101       0.0434833288    -849.8247884465       0.0196255831
       2.4000000000       0.2538268048      -0.0445568046    -850.0909858255       0.0518118135    -849.8371590207       0.0072550089
       2.5000000000       0.2536544164      -0.0447291930    -850.0831257728       0.0596718662    -849.8294713564       0.0149426732
       2.6000000000       0.2509401247      -0.0474434846    -850.0749885640       0.0678090749    -849.8240484393       0.0203655903
       2.7000000000       0.2579918472      -0.0403917621    -850.0670613884       0.0757362506    -849.8090695412       0.0353444884
       2.8000000000       0.2446559839      -0.0537276254    -850.0594360546       0.0833615844    -849.8147800706       0.0296339590
       2.9000000000       0.2309931215      -0.0673904879    -850.0521121302       0.0906855088    -849.8211190087       0.0232950209
       3.0000000000       0.2354321867      -0.0629514226    -850.0450615808       0.0977360582    -849.8096293941       0.0347846355
       3.1000000000       0.2242572840      -0.0741263254    -850.0385929396       0.1042046994    -849.8143356556       0.0300783740
       3.2000000000       0.2162744485      -0.0821091609    -850.0327549228       0.1100427162    -849.8164804743       0.0279335553
       3.3000000000       0.2152383086      -0.0831453008    -850.0270536089       0.1157440301    -849.8118153003       0.0325987293
       3.4000000000       0.2078443212      -0.0905392881    -850.0218065865       0.1209910525    -849.8139622653       0.0304517643
       3.5000000000       0.2018103224      -0.0965732869    -850.0175708494       0.1252267895    -849.8157605270       0.0286535026
       3.6000000000       0.1910110565      -0.1073725529    -850.0145889197       0.1282087193    -849.8235778632       0.0208361664
       3.7000000000       0.1809889173      -0.1173946920    -850.0133752685       0.1294223704    -849.8323863513       0.0120276784
       3.8000000000       0.1863341559      -0.1120494534    -850.0134400503       0.1293575887    -849.8271058943       0.0173081353
       3.9000000000       0.1884329826      -0.1099506268    -850.0142301690       0.1285674699    -849.8257971864       0.0186168432
       4.0000000000       0.1914935001      -0.1068901092    -850.0158471052       0.1269505338    -849.8243536051       0.0200604246
       4.1000000000       0.1900295240      -0.1083540854    -850.0186516908       0.1241459482    -849.8286221668       0.0157918628
       4.2000000000       0.1871847191      -0.1111988902    -850.0221967294       0.1206009095    -849.8350120103       0.0094020193
       4.3000000000       0.1992702001      -0.0991134092    -850.0266507893       0.1161468497    -849.8273805891       0.0170334405
       4.4000000000       0.2150569820      -0.0833266274    -850.0319856525       0.1108119865    -849.8169286705       0.0274853591
       4.5000000000       0.2283164338      -0.0700671756    -850.0378933098       0.1049043292    -849.8095768760       0.0348371536
       4.6000000000       0.2370030970      -0.0613805123    -850.0440167467       0.0987808922    -849.8070136497       0.0374003799
       4.7000000000       0.2521512351      -0.0462323743    -850.0510008800       0.0917967590    -849.7988496449       0.0455643847
       4.8000000000       0.2664306216      -0.0319529878    -850.0588818752       0.0839157637    -849.7924512536       0.0519627760
       4.9000000000       0.2809304244      -0.0174531849    -850.0674891154       0.0753085235    -849.7865586910       0.0578553386
       5.0000000000       0.2799668116      -0.0184167978    -850.0766177702       0.0661798688    -849.7966509586       0.0477630710
       5.1000000000       0.2786609254      -0.0197226840    -850.0854679598       0.0573296792    -849.8068070344       0.0376069952
       5.2000000000       0.2987466131       0.0003630037    -850.0944686681       0.0483289709    -849.7957220550       0.0486919746
       5.3000000000       0.3030066887       0.0046230794    -850.1035143935       0.0392832455    -849.8005077048       0.0439063249
       5.4000000000       0.3219302344       0.0235466251    -850.1124246849       0.0303729541    -849.7904944505       0.0539195791
       5.5000000000       0.3148520322       0.0164684228    -850.1209401752       0.0218574637    -849.8060881431       0.0383258866
       5.6000000000       0.3175545045       0.0191708951    -850.1294299275       0.0133677115    -849.8118754230       0.0325386066
       5.7000000000       0.3295368114       0.0311532020    -850.1378438379       0.0049538011    -849.8083070265       0.0361070031
       5.8000000000       0.3436647270       0.0452811177    -850.1454660945      -0.0026684555    -849.8018013674       0.0426126622
       5.9000000000       0.3596349130       0.0612513037    -850.1527523989      -0.0099547600    -849.7931174859       0.0512965437
       6.0000000000       0.3585293867       0.0601457773    -850.1594500269      -0.0166523879    -849.8009206402       0.0434933894
       6.1000000000       0.3579670532       0.0595834439    -850.1650896597      -0.0222920208    -849.8071226065       0.0372914231
       6.2000000000       0.3578734524       0.0594898430    -850.1696018259      -0.0268041870    -849.8117283736       0.0326856560
       6.3000000000       0.3702304468       0.0718468374    -850.1732421089      -0.0304444699    -849.8030116621       0.0414023675
       6.4000000000       0.3730793829       0.0746957735    -850.1757188513      -0.0329212123    -849.8026394684       0.0417745612
       6.5000000000       0.3809480517       0.0825644424    -850.1778121818      -0.0350145428    -849.7968641301       0.0475498995
       6.6000000000       0.3730963542       0.0747127449    -850.1786827310      -0.0358850921    -849.8055863768       0.0388276528
       6.7000000000       0.3757238359       0.0773402266    -850.1786080193      -0.0358103803    -849.8028841834       0.0415298463
       6.8000000000       0.3616323351       0.0632487258    -850.1777272172      -0.0349295782    -849.8160948820       0.0283191476
       6.9000000000       0.3756669720       0.0772833627    -850.1757273873      -0.0329297484    -849.8000604153       0.0443536143
       7.0000000000       0.3784679737       0.0800843643    -850.1728125127      -0.0300148738    -849.7943445391       0.0500694905
       7.1000000000       0.3628989588       0.0645153494    -850.1692195564      -0.0264219174    -849.8063205976       0.0380934320
       7.2000000000       0.3556937034       0.0573100941    -850.1648194792      -0.0220218402    -849.8091257758       0.0352882539
       7.3000000000       0.3603180499       0.0619344406    -850.1596974520      -0.0168998130    -849.7993794021       0.0450346276
       7.4000000000       0.3589874453       0.0606038360    -850.1539678530      -0.0111702140    -849.7949804076       0.0494336220
       7.5000000000       0.3486899730       0.0503063637    -850.1478051439      -0.0050075049    -849.7991151708       0.0452988588
       7.6000000000       0.3384500571       0.0400664478    -850.1413884119       0.0014092271    -849.8029383547       0.0414756749
       7.7000000000       0.3415418295       0.0431582201    -850.1349636901       0.0078339489    -849.7934218606       0.0509921690
       7.8000000000       0.3414730821       0.0430894727    -850.1285239260       0.0142737130    -849.7870508439       0.0573631857
       7.9000000000       0.3385346116       0.0401510022    -850.1220429499       0.0207546891    -849.7835083383       0.0609056913
       8.0000000000       0.3363211487       0.0379375394    -850.1158920838       0.0269055552    -849.7795709350       0.0648430946
       8.1000000000       0.3194820413       0.0210984319    -850.1106445115       0.0321531274    -849.7911624703       0.0532515594
       8.2000000000       0.2961854749      -0.0021981344    -850.1061799907       0.0366176483    -849.8099945157       0.0344195139
       8.3000000000       0.3023717098       0.0039881005    -850.1023010483       0.0404965906    -849.7999293385       0.0444846911
       8.4000000000       0.3038146795       0.0054310702    -850.0992134926       0.0435841463    -849.7953988131       0.0490152165
       8.5000000000       0.2963680759      -0.0020155334    -850.0971398903       0.0456577486    -849.8007718144       0.0436422152
       8.6000000000       0.2885589657      -0.0098246436    -850.0962457330       0.0465519060    -849.8076867673       0.0367272623
       8.7000000000       0.2896472417      -0.0087363676    -850.0965434083       0.0462542306    -849.8068961666       0.0375178630
       8.8000000000       0.2871958719      -0.0111877375    -850.0982528998       0.0445447392    -849.8110570279       0.0333570017
       8.9000000000       0.2923734179      -0.0060101914    -850.1010083175       0.0417893214    -849.8086348996       0.0357791300
       9.0000000000       0.3078927984       0.0095091890    -850.1047365987       0.0380610403    -849.7968438003       0.0475702293
       9.1000000000       0.3026872152       0.0043036059    -850.1094367479       0.0333608910    -849.8067495327       0.0376644969
       9.2000000000       0.3015815582       0.0031979488    -850.1148459394       0.0279516996    -849.8132643812       0.0311496484
       9.3000000000       0.3184833665       0.0200997571    -850.1213180091       0.0214796299    -849.8028346426       0.0415793870
       9.4000000000       0.3339736244       0.0355900151    -850.1284986142       0.0142990248    -849.7945249898       0.0498890398
       9.5000000000       0.3382655676       0.0398819582    -850.1361812531       0.0066163858    -849.7979156855       0.0464983441
       9.6000000000       0.3409136880       0.0425300787    -850.1442679450      -0.0014703061    -849.8033542570       0.0410597726
       9.7000000000       0.3554041481       0.0570205387    -850.1531675306      -0.0103698916    -849.7977633825       0.0466506471
       9.8000000000       0.3653739840       0.0669903747    -850.1621193035      -0.0193216646    -849.7967453195       0.0476687101
       9.9000000000       0.3608373181       0.0624537087    -850.1708785530      -0.0280809140    -849.8100412349       0.0343727947
      10.0000000000       0.3693167271       0.0709331178    -850.1791620973      -0.0363644584    -849.8098453702       0.0345686594
