       0.1000000000     202.8489222054     300.0000000000
       0.2000000000     219.4257098671     300.0000000000
       0.3000000000     230.8112041085     300.0000000000
       0.4000000000     231.3808890764     300.0000000000
       0.5000000000     232.7621962013     300.0000000000
       0.6000000000     225.8050057061     300.0000000000
       0.7000000000     224.2195519011     300.0000000000
       0.8000000000     217.2662082041     300.0000000000
       0.9000000000     215.3342242322     300.0000000000
       1.0000000000     206.1585393478     300.0000000000
       1.1000000000     213.2457599354     300.0000000000
       1.2000000000     217.8784482099     300.0000000000
       1.3000000000     213.3132834988     300.0000000000
       1.4000000000     201.5015136681     300.0000000000
       1.5000000000     202.1401499239     300.0000000000
       1.6000000000     201.8385386170     300.0000000000
       1.7000000000     198.6107009919     300.0000000000
       1.8000000000     194.7951728255     300.0000000000
       1.9000000000     193.7405594224     300.0000000000
       2.0000000000     188.1352951009     300.0000000000
       2.1000000000     182.1733270649     300.0000000000
       2.2000000000     176.8278615958     300.0000000000
       2.3000000000     176.9831737806     300.0000000000
       2.4000000000     163.6387657875     300.0000000000
       2.5000000000     163.5276292604     300.0000000000
       2.6000000000     161.7777615402     300.0000000000
       2.7000000000     166.3239132493     300.0000000000
       2.8000000000     157.7264595187     300.0000000000
       2.9000000000     148.9181937882     300.0000000000
       3.0000000000     151.7800001131     300.0000000000
       3.1000000000     144.5756889281     300.0000000000
       3.2000000000     139.4292610333     300.0000000000
       3.3000000000     138.7612754075     300.0000000000
       3.4000000000     133.9944700686     300.0000000000
       3.5000000000     130.1044313061     300.0000000000
       3.6000000000     123.1422881455     300.0000000000
       3.7000000000     116.6811482821     300.0000000000
       3.8000000000     120.1271525663     300.0000000000
       3.9000000000     121.4802381758     300.0000000000
       4.0000000000     123.4533131392     300.0000000000
       4.1000000000     122.5095071859     300.0000000000
       4.2000000000     120.6754993339     300.0000000000
       4.3000000000     128.4668482416     300.0000000000
       4.4000000000     138.6443765624     300.0000000000
       4.5000000000     147.1925688249     300.0000000000
       4.6000000000     152.7927451030     300.0000000000
       4.7000000000     162.5585482698     300.0000000000
       4.8000000000     171.7642788636     300.0000000000
       4.9000000000     181.1121089685     300.0000000000
       5.0000000000     180.4908805730     300.0000000000
       5.1000000000     179.6489930885     300.0000000000
       5.2000000000     192.5979688774     300.0000000000
       5.3000000000     195.3443829878     300.0000000000
       5.4000000000     207.5441412529     300.0000000000
       5.5000000000     202.9809184052     300.0000000000
       5.6000000000     204.7231663612     300.0000000000
       5.7000000000     212.4480002893     300.0000000000
       5.8000000000     221.5560796384     300.0000000000
       5.9000000000     231.8518462005     300.0000000000
       6.0000000000     231.1391280516     300.0000000000
       6.1000000000     230.7765991656     300.0000000000
       6.2000000000     230.7162559314     300.0000000000
       6.3000000000     238.6826458973     300.0000000000
       6.4000000000     240.5193171302     300.0000000000
       6.5000000000     245.5921432790     300.0000000000
       6.6000000000     240.5302583317     300.0000000000
       6.7000000000     242.2241608314     300.0000000000
       6.8000000000     233.1395576697     300.0000000000
       6.9000000000     242.1875014354     300.0000000000
       7.0000000000     243.9932699430     300.0000000000
       7.1000000000     233.9561330726     300.0000000000
       7.2000000000     229.3110007823     300.0000000000
       7.3000000000     232.2922554521     300.0000000000
       7.4000000000     231.4344323812     300.0000000000
       7.5000000000     224.7957889260     300.0000000000
       7.6000000000     218.1942513108     300.0000000000
       7.7000000000     220.1874758249     300.0000000000
       7.8000000000     220.1431552809     300.0000000000
       7.9000000000     218.2487624206     300.0000000000
       8.0000000000     216.8217723599     300.0000000000
       8.1000000000     205.9658236924     300.0000000000
       8.2000000000     190.9468371649     300.0000000000
       8.3000000000     194.9350205401     300.0000000000
       8.4000000000     195.8652839038     300.0000000000
       8.5000000000     191.0645575988     300.0000000000
       8.6000000000     186.0301280736     300.0000000000
       8.7000000000     186.7317251584     300.0000000000
       8.8000000000     185.1513596052     300.0000000000
       8.9000000000     188.4892546981     300.0000000000
       9.0000000000     198.4943929018     300.0000000000
       9.1000000000     195.1384226807     300.0000000000
       9.2000000000     194.4256202689     300.0000000000
       9.3000000000     205.3219913340     300.0000000000
       9.4000000000     215.3083546558     300.0000000000
       9.5000000000     218.0753133389     300.0000000000
       9.6000000000     219.7825213690     300.0000000000
       9.7000000000     229.1243282793     300.0000000000
       9.8000000000     235.5517489553     300.0000000000
       9.9000000000     232.6270207316     300.0000000000
      10.0000000000     238.0935829909     300.0000000000
