FINAL HEAT OF FORMATION =     -8495.1187492773  time =       0.0000000000
  6       -0.0061035739      -0.0001871829      -0.0099218136
  6       -0.0119476984      -0.0070069381       0.0060269396
  6       -0.0067846815      -0.0134225417       0.0039746391
  6       -0.0070351291       0.0385298393      -0.0179951261
 16       -0.0023228575      -0.0248388603      -0.0165658292
  1       -0.0041501083       0.0044759572      -0.0055550243
  6       -0.0223104302       0.0083258038      -0.0159526796
  6        0.0078263036      -0.0018626722       0.0076968181
  6        0.0057360949       0.0081300680       0.0194337928
  6        0.0085732674      -0.0023338702       0.0045861264
 16       -0.0041182995      -0.0138668583      -0.0144305883
  1       -0.0105259359       0.0098893044      -0.0011947426
  1        0.0116965444       0.0203286822       0.0158856943
  6        0.0055650038      -0.0016837707       0.0014400214
  1        0.0047417924      -0.0010465011       0.0023950081
  1        0.0031666941      -0.0026669698       0.0009043728
  6        0.0092194221       0.0046038349      -0.0013964367
  1        0.0047892841       0.0054352842      -0.0027170932
  1        0.0042396663       0.0062452538      -0.0021215936
  6        0.0059379681       0.0060978711      -0.0018552830
  1        0.0034514072       0.0067526475      -0.0027034837
  1        0.0040999093       0.0059719854      -0.0038134898
  6        0.0025113009      -0.0004800536       0.0000426743
  1        0.0044185895      -0.0029330365      -0.0001583404
  1        0.0050209273      -0.0008239379       0.0015654122
  6       -0.0033331971       0.0009023806      -0.0004027430
  1       -0.0029992495       0.0010681023      -0.0006348093
  6       -0.0041926991      -0.0022220156      -0.0000574003
  1       -0.0038807789      -0.0028651135      -0.0020910338
  1       -0.0016964884      -0.0006089923      -0.0000279253
  6       -0.0018188593       0.0008296843       0.0019618904
  1       -0.0001318952       0.0014025933      -0.0067862022
  1        0.0049509084       0.0019069777       0.0035434367
  6        0.0010227030      -0.0014862362      -0.0012205512
  1        0.0005619265      -0.0024744913      -0.0002387893
  1        0.0004125436       0.0005208796      -0.0006488636
  6       -0.0003970104      -0.0017425292       0.0020053368
  1       -0.0020312699       0.0020426477      -0.0007006120
  1       -0.0018106237       0.0024454193       0.0007453054
  6       -0.0001755139      -0.0017106093      -0.0000002405
  1        0.0015741484      -0.0014727921       0.0035044394
  1       -0.0012731419      -0.0044690424       0.0009536353
  6       -0.0001566843      -0.0009698548      -0.0011014230
  1       -0.0002536077      -0.0031101438      -0.0024016294
  1        0.0020579302       0.0003268269      -0.0013938832
  6        0.0033904055      -0.0007744894       0.0002871472
  1        0.0043251710      -0.0002677004       0.0014364835
  1        0.0020425822      -0.0021790559       0.0011877952
  1        0.0046969011       0.0007812521      -0.0010916964
  6       -0.0049384972       0.0026675835       0.0003843683
  1        0.0107219600      -0.0127025147      -0.0023500668
  1       -0.0145963375       0.0053895806      -0.0017582397
  6       -0.0013527419      -0.0086277137       0.0064995851
  1       -0.0005396305      -0.0045722049      -0.0001100616
  1       -0.0007985648      -0.0027847776       0.0043051209
  8        0.0044019428      -0.0016141437      -0.0031630536
  6        0.0040597239      -0.0047981954       0.0047284865
  1        0.0040473766      -0.0015390408      -0.0006824249
  1        0.0027499578      -0.0006720872       0.0024210779
  6        0.0082644642      -0.0012260666      -0.0003814680
  1        0.0037175946      -0.0039891920       0.0028199429
  1        0.0055170991      -0.0036107508       0.0020300717
  8       -0.0037337504       0.0029839671       0.0021510298
  6        0.0002643789      -0.0002709727      -0.0012045979
  1        0.0005909538      -0.0030281607       0.0045681710
  1        0.0020707964      -0.0048852034      -0.0010367960
  8        0.0001497735       0.0028095846      -0.0044938839
  6        0.0047817965      -0.0036894345       0.0007293643
  1       -0.0033145410      -0.0019537617       0.0009283185
  1        0.0002711760      -0.0000851987      -0.0003245839
  6       -0.0023296526      -0.0042149338       0.0024462818
  1       -0.0019770585      -0.0030574045       0.0015512449
  1       -0.0026866714      -0.0035207141       0.0019902947
  8       -0.0055724199       0.0006240639      -0.0014712611
  6        0.0059792638      -0.0039766416       0.0018575550
  1        0.0012012030      -0.0016126551      -0.0002800101
  1        0.0004589102      -0.0004068121       0.0018733832
  1        0.0070492217       0.0008841546       0.0003781426
  6        0.0327521841      -0.0021436377       0.0097294901
  6       -0.0078719440       0.0218363001      -0.0158146387
  6       -0.0164115717       0.0108227136      -0.0033581355
  6        0.0149045631       0.0059691174      -0.0008273651
 16       -0.0227968560       0.0169737624       0.0108950644
  1        0.0015450892      -0.0003362984       0.0003494401
  6       -0.0097527755      -0.0036860806      -0.0002123344
  1       -0.0046966000      -0.0046017697       0.0035383846
  1       -0.0042788252      -0.0064645987       0.0014508737
  6       -0.0101203457      -0.0034720153       0.0018328752
  1       -0.0066077291      -0.0029915255       0.0001128337
  1       -0.0065120739      -0.0030283080       0.0015453096
  6       -0.0079106723      -0.0007291312      -0.0012204850
  1       -0.0070309742       0.0004736996      -0.0011341115
  1       -0.0070833354       0.0013031121      -0.0011137265
  6        0.0017744910      -0.0015432744       0.0015561099
  1        0.0003380166      -0.0023492359       0.0038417399
  1        0.0010665621      -0.0039482268       0.0004342510
  6        0.0025130114       0.0015722135       0.0002520129
  1        0.0015708579      -0.0000345811      -0.0013571164
  6        0.0043217738       0.0008972599       0.0001715186
  1        0.0032532592       0.0028424106       0.0023890204
  1        0.0009486863       0.0000345772      -0.0002841693
  6        0.0003329903      -0.0054059752       0.0039459152
  1       -0.0028937056       0.0103617583      -0.0037636302
  1       -0.0004773948       0.0094328563      -0.0022500536
  6       -0.0012674375       0.0041192987      -0.0012256702
  1       -0.0012621635      -0.0039619075      -0.0010482354
  1       -0.0007960423      -0.0011693159       0.0047039154
  6       -0.0036243575       0.0036058674      -0.0012774206
  1       -0.0039467395      -0.0022617814      -0.0009934690
  1       -0.0034034972       0.0008624284      -0.0001240415
  6        0.0027299544      -0.0042956523       0.0029050597
  1        0.0019951550      -0.0052917964       0.0012356171
  1        0.0042156698      -0.0021571918       0.0026157017
  6        0.0024293848      -0.0022865286       0.0022745722
  1        0.0032321841      -0.0002458570       0.0040369023
  1       -0.0006130207      -0.0023576678       0.0042922015
  6       -0.0000993589      -0.0054711178       0.0034314440
  1        0.0001054621      -0.0074831609       0.0034419836
  1        0.0023199439      -0.0063890582       0.0029091448
  1       -0.0030086125      -0.0043487967       0.0023687347
  1        0.0096573681       0.0176031199      -0.0282331157
  1       -0.0033970217       0.0012228348      -0.0004869559
  1        0.0028190585       0.0024937705      -0.0003390762
