 
 |^^^^^^^^^^^^^^^^^^^^^^^^^^^^^^^^^^^^^^^^^^^^^^^^|
 | MD execution started at    Tue May 18 17:22:11 CEST 2021  |
 | Computer:  Linux eos01 x86_64                  |
 |________________________________________________|
 
 rnd_seed=       19345
 !!!!!!-----MD INPUT-----!!!!!!
 
 Ground state MD,      imdtype=           0
 Initial count for out files              0
 MD using Langevin 
 Starting time, fs          0.000000000000000E+000
 Time step, fs                        0.100000000000000     
 Number of classical steps (CS)            0
 Quantum steps/per CS                    4
 Displacement for deriv. [A]     1.000000000000000E-003
 Langevin thermostat dynamics, therm_type=           1
 Temperature, K                  300.000000000000     
 Bath relaxation constant       0.400000000000000     
 Equilibrated dynamics
 Number of steps per degree K           100
 Number of steps to write data            1
 Number of steps to write coords          10
 Friction coefficient [1/ps]      20.0000000000000     
 Seed for random generator           19345
 NAESMD verbosity,            3
 MD will use analytic deriv,  ideriv=           1
 Cartesian coordinates are used
 Allocating initial naesmd_module variables
 Allocating md_module initial variables
 Allocating variables
 Allocating naesmd_module variables         123           0
 Allocating md_module variables         123
  Finish reading coordinates 
 Rescaling velocity
 
 Initial Geometry
    6         0.276260    0.687460   -0.177580
    6         0.440730   -0.559120    0.472970
    6        -0.785480   -1.213980    0.718620
    6        -1.898360   -0.518220    0.280840
   16        -1.378690    0.911480   -0.413750
    1        -0.877500   -2.175440    1.204160
    6         3.554590    2.829530   -1.033600
    6         2.449570    3.541040   -1.486960
    6         1.207900    2.901040   -1.250860
    6         1.339980    1.656380   -0.596780
   16         2.982570    1.420280   -0.348220
    1         2.542010    4.501350   -1.976890
    1        -2.925360   -0.844610    0.372770
    6         3.199260   -4.324420    2.577870
    1         2.612720   -4.264820    3.521210
    1         2.724320   -5.074540    1.907550
    6         4.633730   -4.766370    2.897580
    1         5.220620   -4.823650    1.954090
    1         5.110430   -4.018250    3.569100
    6         4.639770   -6.137960    3.580320
    1         4.052600   -6.079680    4.523510
    1         4.160410   -6.882260    2.906460
    6         6.067330   -6.596310    3.901630
    1         6.656320   -6.655800    2.959750
    1         6.549700   -5.857130    4.578760
    6         6.050520   -7.972310    4.577720
    1         5.459750   -7.910840    5.518470
    6         7.468590   -8.451970    4.904100
    1         8.060200   -8.515010    3.964290
    1         7.955640   -7.721380    5.586750
    6         1.786590   -1.135900    0.865490
    1         2.393420   -1.244280   -0.059030
    1         2.276140   -0.420150    1.560280
    6         1.758570   -2.504620    1.558820
    1         1.169950   -2.432990    2.499780
    1         1.285310   -3.251770    0.884380
    6         3.189080   -2.956890    1.889290
    1         3.780220   -3.019610    0.948610
    1         3.666310   -2.207600    2.559360
    6         7.434540   -9.830530    5.575350
    1         6.841670   -9.767230    6.514620
    1         6.945630  -10.559670    4.891940
    6         8.848770  -10.318100    5.903610
    1         9.444290  -10.388170    4.967730
    1         9.339290   -9.596530    6.591400
    6         8.820420  -11.689550    6.571100
    1         8.247160  -11.644660    7.521580
    1         8.351770  -12.437640    5.896740
    1         9.858050  -12.014480    6.796560
    6        -0.106980    3.510830   -1.667550
    1        -0.592790    2.802340   -2.375540
    1        -0.717660    3.646260   -0.746730
    6        -0.916640    6.647490   -3.355560
    1        -0.397910    7.314110   -2.628490
    1        -0.274520    6.472910   -4.249600
    8        -2.161810    7.193850   -3.733780
    6        -1.956240    8.439270   -4.365230
    1        -1.467610    9.158840   -3.668420
    1        -1.345230    8.316820   -5.289220
    6        -3.306380    9.018950   -4.768320
    1        -3.795010    8.299340   -5.465090
    1        -3.917360    9.141420   -3.844310
    8        -3.100830   10.264350   -5.399870
    6        -4.346040   10.811030   -5.777720
    1        -4.865530   10.143950   -6.503820
    1        -4.987310   10.986500   -4.883250
    8         0.094640    4.758690   -2.298590
    6        -1.151060    5.304120   -2.676400
    1        -1.669540    4.637210   -3.403280
    1        -1.792880    5.478210   -1.782150
    6        -4.111310   12.153980   -6.458340
    1        -3.591560   12.820920   -5.732120
    1        -3.469760   11.978280   -7.352710
    8        -5.356060   12.701110   -6.836360
    6        -5.145600   13.943730   -7.466860
    1        -4.675730   14.675980   -6.773100
    1        -4.553610   13.828750   -8.402060
    1        -6.132520   14.359040   -7.756850
    6         4.974330    3.245920   -1.139760
    6         6.122180    2.562210   -0.691940
    6         7.310830    3.269620   -0.967700
    6         7.111740    4.478910   -1.615220
   16         5.466110    4.689550   -1.854820
    1         8.301320    2.922690   -0.708090
    6         8.583540   -1.316020    1.553400
    1         9.225970   -1.457830    0.656320
    1         9.090690   -0.611020    2.248700
    6         8.387730   -2.666460    2.256330
    1         7.744720   -2.525750    3.153270
    1         7.883080   -3.375400    1.563190
    6         9.737410   -3.250560    2.687620
    1        10.378980   -3.389230    1.789290
    1        10.238840   -2.535860    3.377340
    6         9.567600   -4.598770    3.398670
    1         8.927880   -4.463460    4.298620
    1         9.071340   -5.319880    2.712240
    6        10.932350   -5.154510    3.823810
    1        11.570390   -5.286520    2.921970
    6        10.792930   -6.500750    4.542430
    1        10.157070   -6.370910    5.445740
    1        10.305000   -7.232510    3.861730
    6         6.075950    1.218710    0.007670
    1         5.461600    1.332780    0.926680
    1         5.591470    0.490770   -0.678150
    6         7.433610    0.637380    0.423780
    1         8.069040    0.497350   -0.478270
    1         7.937660    1.340710    1.122640
    6         7.241270   -0.717310    1.122700
    1         6.599390   -0.579080    2.021010
    1         6.732980   -1.421870    0.427530
    6        12.168150   -7.035080    4.962500
    1        12.803970   -7.163180    4.058590
    1        12.655330   -6.300560    5.641380
    6        12.041780   -8.380050    5.684280
    1        11.412160   -8.257340    6.591960
    1        11.562440   -9.120320    5.008620
    6        13.408260   -8.913080    6.103800
    1        14.053860   -9.064770    5.212590
    1        13.904280   -8.201010    6.797320
    1        13.283930   -9.886880    6.622770
    1         7.888970    5.168970   -1.914310
    1         5.564630   -8.707060    3.898080
    1        11.425320   -4.427260    4.506450

--------------------------------------------------------------------------------
  QM CALCULATION INFO
--------------------------------------------------------------------------------

| QMMM: Citation for AMBER QMMM Run:
| QMMM: R.C. Walker, M.F. Crowley and D.A. Case, J. COMP. CHEM. 29:1019, 2008

QMMM: SINGLET STATE CALCULATION
QMMM: RHF CALCULATION, NO. OF DOUBLY OCCUPIED LEVELS =145

| QMMM: *** Selected Hamiltonian *** 
| QMMM: AM1         

| QMMM: *** Parameter sets in use ***
| QMMM: C : M.J.S.DEWAR et al. JACS, 107, 3902, (1985)
| QMMM: S : M.J.S.DEWAR et al. INORG. CHEM., 29, 3881, (1990)
| QMMM: H : M.J.S.DEWAR et al. JACS, 107, 3902, (1985)
| QMMM: O : M.J.S.DEWAR et al. JACS, 107, 3902, (1985)

| QMMM: *** SCF convergence criteria ***
| QMMM: Energy change                :  0.2D-06 kcal/mol
| QMMM: Error matrix |FP-PF|         :  0.1D+00 au
| QMMM: Density matrix change        :  0.2D-04
| QMMM: Maximum number of SCF cycles :      300
 
| QMMM: *** Diagonalization Routine Information ***
| QMMM: Pseudo diagonalizations are allowed.
| QMMM: Auto diagonalization routine selection is disabled.
| QMMM: Using internal diagonalization routine (diag_routine=1).

  QMMM: QM Region Cartesian Coordinates (*=link atom) 
  QMMM: QM_NO.   MM_NO.  ATOM         X         Y         Z
  QMMM:     1        1      C        0.2763    0.6875   -0.1776
  QMMM:     2        2      C        0.4407   -0.5591    0.4730
  QMMM:     3        3      C       -0.7855   -1.2140    0.7186
  QMMM:     4        4      C       -1.8984   -0.5182    0.2808
  QMMM:     5        5      S       -1.3787    0.9115   -0.4138
  QMMM:     6        6      H       -0.8775   -2.1754    1.2042
  QMMM:     7        7      C        3.5546    2.8295   -1.0336
  QMMM:     8        8      C        2.4496    3.5410   -1.4870
  QMMM:     9        9      C        1.2079    2.9010   -1.2509
  QMMM:    10       10      C        1.3400    1.6564   -0.5968
  QMMM:    11       11      S        2.9826    1.4203   -0.3482
  QMMM:    12       12      H        2.5420    4.5014   -1.9769
  QMMM:    13       13      H       -2.9254   -0.8446    0.3728
  QMMM:    14       14      C        3.1993   -4.3244    2.5779
  QMMM:    15       15      H        2.6127   -4.2648    3.5212
  QMMM:    16       16      H        2.7243   -5.0745    1.9076
  QMMM:    17       17      C        4.6337   -4.7664    2.8976
  QMMM:    18       18      H        5.2206   -4.8236    1.9541
  QMMM:    19       19      H        5.1104   -4.0183    3.5691
  QMMM:    20       20      C        4.6398   -6.1380    3.5803
  QMMM:    21       21      H        4.0526   -6.0797    4.5235
  QMMM:    22       22      H        4.1604   -6.8823    2.9065
  QMMM:    23       23      C        6.0673   -6.5963    3.9016
  QMMM:    24       24      H        6.6563   -6.6558    2.9598
  QMMM:    25       25      H        6.5497   -5.8571    4.5788
  QMMM:    26       26      C        6.0505   -7.9723    4.5777
  QMMM:    27       27      H        5.4598   -7.9108    5.5185
  QMMM:    28       28      C        7.4686   -8.4520    4.9041
  QMMM:    29       29      H        8.0602   -8.5150    3.9643
  QMMM:    30       30      H        7.9556   -7.7214    5.5868
  QMMM:    31       31      C        1.7866   -1.1359    0.8655
  QMMM:    32       32      H        2.3934   -1.2443   -0.0590
  QMMM:    33       33      H        2.2761   -0.4202    1.5603
  QMMM:    34       34      C        1.7586   -2.5046    1.5588
  QMMM:    35       35      H        1.1700   -2.4330    2.4998
  QMMM:    36       36      H        1.2853   -3.2518    0.8844
  QMMM:    37       37      C        3.1891   -2.9569    1.8893
  QMMM:    38       38      H        3.7802   -3.0196    0.9486
  QMMM:    39       39      H        3.6663   -2.2076    2.5594
  QMMM:    40       40      C        7.4345   -9.8305    5.5754
  QMMM:    41       41      H        6.8417   -9.7672    6.5146
  QMMM:    42       42      H        6.9456  -10.5597    4.8919
  QMMM:    43       43      C        8.8488  -10.3181    5.9036
  QMMM:    44       44      H        9.4443  -10.3882    4.9677
  QMMM:    45       45      H        9.3393   -9.5965    6.5914
  QMMM:    46       46      C        8.8204  -11.6896    6.5711
  QMMM:    47       47      H        8.2472  -11.6447    7.5216
  QMMM:    48       48      H        8.3518  -12.4376    5.8967
  QMMM:    49       49      H        9.8581  -12.0145    6.7966
  QMMM:    50       50      C       -0.1070    3.5108   -1.6676
  QMMM:    51       51      H       -0.5928    2.8023   -2.3755
  QMMM:    52       52      H       -0.7177    3.6463   -0.7467
  QMMM:    53       53      C       -0.9166    6.6475   -3.3556
  QMMM:    54       54      H       -0.3979    7.3141   -2.6285
  QMMM:    55       55      H       -0.2745    6.4729   -4.2496
  QMMM:    56       56      O       -2.1618    7.1939   -3.7338
  QMMM:    57       57      C       -1.9562    8.4393   -4.3652
  QMMM:    58       58      H       -1.4676    9.1588   -3.6684
  QMMM:    59       59      H       -1.3452    8.3168   -5.2892
  QMMM:    60       60      C       -3.3064    9.0190   -4.7683
  QMMM:    61       61      H       -3.7950    8.2993   -5.4651
  QMMM:    62       62      H       -3.9174    9.1414   -3.8443
  QMMM:    63       63      O       -3.1008   10.2644   -5.3999
  QMMM:    64       64      C       -4.3460   10.8110   -5.7777
  QMMM:    65       65      H       -4.8655   10.1440   -6.5038
  QMMM:    66       66      H       -4.9873   10.9865   -4.8833
  QMMM:    67       67      O        0.0946    4.7587   -2.2986
  QMMM:    68       68      C       -1.1511    5.3041   -2.6764
  QMMM:    69       69      H       -1.6695    4.6372   -3.4033
  QMMM:    70       70      H       -1.7929    5.4782   -1.7821
  QMMM:    71       71      C       -4.1113   12.1540   -6.4583
  QMMM:    72       72      H       -3.5916   12.8209   -5.7321
  QMMM:    73       73      H       -3.4698   11.9783   -7.3527
  QMMM:    74       74      O       -5.3561   12.7011   -6.8364
  QMMM:    75       75      C       -5.1456   13.9437   -7.4669
  QMMM:    76       76      H       -4.6757   14.6760   -6.7731
  QMMM:    77       77      H       -4.5536   13.8287   -8.4021
  QMMM:    78       78      H       -6.1325   14.3590   -7.7569
  QMMM:    79       79      C        4.9743    3.2459   -1.1398
  QMMM:    80       80      C        6.1222    2.5622   -0.6919
  QMMM:    81       81      C        7.3108    3.2696   -0.9677
  QMMM:    82       82      C        7.1117    4.4789   -1.6152
  QMMM:    83       83      S        5.4661    4.6895   -1.8548
  QMMM:    84       84      H        8.3013    2.9227   -0.7081
  QMMM:    85       85      C        8.5835   -1.3160    1.5534
  QMMM:    86       86      H        9.2260   -1.4578    0.6563
  QMMM:    87       87      H        9.0907   -0.6110    2.2487
  QMMM:    88       88      C        8.3877   -2.6665    2.2563
  QMMM:    89       89      H        7.7447   -2.5257    3.1533
  QMMM:    90       90      H        7.8831   -3.3754    1.5632
  QMMM:    91       91      C        9.7374   -3.2506    2.6876
  QMMM:    92       92      H       10.3790   -3.3892    1.7893
  QMMM:    93       93      H       10.2388   -2.5359    3.3773
  QMMM:    94       94      C        9.5676   -4.5988    3.3987
  QMMM:    95       95      H        8.9279   -4.4635    4.2986
  QMMM:    96       96      H        9.0713   -5.3199    2.7122
  QMMM:    97       97      C       10.9323   -5.1545    3.8238
  QMMM:    98       98      H       11.5704   -5.2865    2.9220
  QMMM:    99       99      C       10.7929   -6.5008    4.5424
  QMMM:   100      100      H       10.1571   -6.3709    5.4457
  QMMM:   101      101      H       10.3050   -7.2325    3.8617
  QMMM:   102      102      C        6.0759    1.2187    0.0077
  QMMM:   103      103      H        5.4616    1.3328    0.9267
  QMMM:   104      104      H        5.5915    0.4908   -0.6782
  QMMM:   105      105      C        7.4336    0.6374    0.4238
  QMMM:   106      106      H        8.0690    0.4974   -0.4783
  QMMM:   107      107      H        7.9377    1.3407    1.1226
  QMMM:   108      108      C        7.2413   -0.7173    1.1227
  QMMM:   109      109      H        6.5994   -0.5791    2.0210
  QMMM:   110      110      H        6.7330   -1.4219    0.4275
  QMMM:   111      111      C       12.1682   -7.0351    4.9625
  QMMM:   112      112      H       12.8040   -7.1632    4.0586
  QMMM:   113      113      H       12.6553   -6.3006    5.6414
  QMMM:   114      114      C       12.0418   -8.3801    5.6843
  QMMM:   115      115      H       11.4122   -8.2573    6.5920
  QMMM:   116      116      H       11.5624   -9.1203    5.0086
  QMMM:   117      117      C       13.4083   -8.9131    6.1038
  QMMM:   118      118      H       14.0539   -9.0648    5.2126
  QMMM:   119      119      H       13.9043   -8.2010    6.7973
  QMMM:   120      120      H       13.2839   -9.8869    6.6228
  QMMM:   121      121      H        7.8890    5.1690   -1.9143
  QMMM:   122      122      H        5.5646   -8.7071    3.8981
  QMMM:   123      123      H       11.4253   -4.4273    4.5065

--------------------------------------------------------------------------------
  RESULTS
--------------------------------------------------------------------------------

       iter       energy            rms gradient
       ----    --------------     -----------------
xmin     1    -8493.389362 eV        0.487914 eV/A
xmin     2    -8493.682519 eV        0.447239 eV/A
xmin     3    -8493.834240 eV        0.462707 eV/A
xmin     4    -8494.274300 eV        0.217921 eV/A
xmin     5    -8494.295268 eV        0.262830 eV/A
xmin     6    -8494.446931 eV        0.098881 eV/A
xmin     7    -8494.468286 eV        0.116603 eV/A
xmin     8    -8494.505885 eV        0.041049 eV/A
xmin     9    -8494.514266 eV        0.047236 eV/A
xmin    10    -8494.534636 eV        0.033721 eV/A
xmin    11    -8494.569133 eV        0.079541 eV/A
xmin    12    -8494.584917 eV        0.035137 eV/A
xmin    13    -8494.589838 eV        0.072706 eV/A
xmin    14    -8494.597692 eV        0.053484 eV/A
xmin    15    -8494.602860 eV        0.060691 eV/A
xmin    16    -8494.606451 eV        0.022604 eV/A
xmin    17    -8494.609771 eV        0.021304 eV/A
xmin    18    -8494.612464 eV        0.014912 eV/A
xmin    19    -8494.613860 eV        0.010512 eV/A
xmin    20    -8494.615814 eV        0.019177 eV/A
xmin    21    -8494.617180 eV        0.010632 eV/A
xmin    22    -8494.618239 eV        0.012993 eV/A
xmin    23    -8494.619012 eV        0.013631 eV/A
xmin    23    -8494.619249 eV        0.006365 eV/A
  ... geometry converged!
 
 Final Structure
    6         0.405964    0.703568   -0.158300
    6         0.598408   -0.524977    0.475130
    6        -0.645466   -1.192593    0.708592
    6        -1.717913   -0.460864    0.252543
   16        -1.239984    0.983674   -0.423056
    1        -0.714540   -2.169857    1.192414
    6         3.563363    2.753909   -1.003533
    6         2.482467    3.484205   -1.481586
    6         1.241318    2.838814   -1.225469
    6         1.414301    1.623031   -0.561023
   16         3.047804    1.330951   -0.275383
    1         2.547475    4.446396   -1.997661
    1        -2.760583   -0.771390    0.309553
    6         3.206269   -4.264903    2.543633
    1         2.590444   -4.201199    3.479038
    1         2.704639   -5.006008    1.867242
    6         4.601253   -4.744239    2.881384
    1         5.214074   -4.801977    1.942861
    1         5.100373   -3.998385    3.555339
    6         4.585018   -6.099023    3.555413
    1         3.981163   -6.046177    4.499333
    1         4.086572   -6.849429    2.886899
    6         5.992829   -6.556312    3.875303
    1         6.596656   -6.602113    2.930387
    1         6.489242   -5.804626    4.544748
    6         5.994092   -7.912485    4.545180
    1         5.397660   -7.863427    5.494296
    6         7.401405   -8.376216    4.855667
    1         8.001579   -8.427415    3.908771
    1         7.909371   -7.629726    5.522394
    6         1.918839   -1.063640    0.851360
    1         2.559795   -1.142116   -0.074651
    1         2.429850   -0.329234    1.539657
    6         1.861183   -2.417760    1.528319
    1         1.246943   -2.345843    2.464322
    1         1.357187   -3.157412    0.851869
    6         3.251443   -2.909701    1.869655
    1         3.867887   -2.977064    0.934318
    1         3.757543   -2.171088    2.546010
    6         7.386278   -9.733434    5.524978
    1         6.789143   -9.676860    6.473255
    1         6.873900  -10.474814    4.856444
    6         8.785503  -10.218655    5.836661
    1         9.381461  -10.280133    4.887398
    1         9.304139   -9.474000    6.497928
    6         8.760237  -11.566899    6.509312
    1         8.180910  -11.520505    7.463182
    1         8.281277  -12.328097    5.846902
    1         9.798161  -11.905479    6.742946
    6        -0.076673    3.397335   -1.602022
    1        -0.616837    2.698124   -2.303379
    1        -0.710731    3.544619   -0.680343
    6        -0.784376    6.567942   -3.303735
    1        -0.253689    7.245032   -2.584717
    1        -0.141248    6.407307   -4.207998
    8        -2.033717    7.142452   -3.685860
    6        -1.861279    8.400140   -4.336819
    1        -1.358291    9.125391   -3.645320
    1        -1.239091    8.274178   -5.261052
    6        -3.265463    8.880405   -4.693641
    1        -3.769487    8.158045   -5.387380
    1        -3.889980    9.006563   -3.771035
    8        -3.088520   10.138876   -5.342219
    6        -4.336327   10.714742   -5.724512
    1        -4.870206   10.036680   -6.440507
    1        -4.978227   10.879849   -4.819968
    8         0.114329    4.658663   -2.248258
    6        -1.129987    5.236778   -2.641110
    1        -1.657149    4.561262   -3.364439
    1        -1.780660    5.399925   -1.742526
    6        -3.997287   12.043694   -6.393465
    1        -3.469442   12.727139   -5.678508
    1        -3.352626   11.882903   -7.296525
    8        -5.249149   12.608518   -6.778426
    6        -5.103163   13.862142   -7.422897
    1        -4.620168   14.603519   -6.739344
    1        -4.499614   13.757436   -8.358298
    1        -6.150554   14.173350   -7.663563
    6         4.931392    3.133864   -1.097030
    6         6.040772    2.427483   -0.632124
    6         7.254639    3.138701   -0.894263
    6         7.020722    4.334268   -1.536479
   16         5.402616    4.584108   -1.817964
    1         8.240694    2.764752   -0.610419
    6         8.542809   -1.307269    1.546434
    1         9.191253   -1.423651    0.638347
    1         9.055189   -0.576681    2.226464
    6         8.397014   -2.641007    2.245266
    1         7.743310   -2.520464    3.149595
    1         7.883353   -3.367964    1.561704
    6         9.737790   -3.202337    2.663445
    1        10.392549   -3.332154    1.761741
    1        10.256053   -2.477837    3.345533
    6         9.569380   -4.532305    3.366711
    1         8.911461   -4.402298    4.266496
    1         9.051064   -5.257175    2.684565
    6        10.906830   -5.096611    3.790288
    1        11.560180   -5.231241    2.888006
    6        10.750159   -6.421843    4.503904
    1        10.097887   -6.291777    5.407759
    1        10.232219   -7.156994    3.832360
    6         5.969327    1.118236    0.042946
    1         5.319787    1.211793    0.960942
    1         5.457958    0.379340   -0.639367
    6         7.324247    0.572479    0.444574
    1         7.969313    0.458065   -0.466313
    1         7.836010    1.300865    1.127665
    6         7.189229   -0.763673    1.140811
    1         6.541971   -0.651346    2.050540
    1         6.679304   -1.495187    0.459754
    6        12.098768   -6.967682    4.919526
    1        12.745642   -7.098373    4.011969
    1        12.613081   -6.226278    5.586651
    6        11.967517   -8.290611    5.642159
    1        11.323046   -8.158996    6.551731
    1        11.446154   -9.031656    4.979002
    6        13.316458   -8.826720    6.046605
    1        13.965301   -8.976137    5.149713
    1        13.831938   -8.113934    6.735069
    1        13.206201   -9.806453    6.570269
    1         7.790088    5.046833   -1.828247
    1         5.491812   -8.661735    3.877771
    1        11.424738   -4.366202    4.466710
 LPRINT:           3           0
 
 |^^^^^^^^^^^^^^^^^^^^^^^^^^^^^^^^^^^^^^^^^^^^^^^^|
 | MD normal termination at   Tue May 18 17:30:33 CEST 2021  |
 | MD total CPU time           31.650     seconds |
 |      0 days  0 hours  0 minutes 31 seconds     |
 
  SQM (ground sim%naesmd%state) took overall [s]:
        25.6    
  Davidson (excited states) took overall [s]:
        0.00    
  deriv (adiabatic forces) took overall [s]:
       0.466E-01
  nacT (NA derivatives) took overall [s]:
        0.00    
 |________________________________________________|
 
