FINAL HEAT OF FORMATION =     -8495.1187492773  time =       0.0000000000
$VELOC
     0.0000000000     0.0000000000     0.0000000000
     0.0000000000     0.0000000000     0.0000000000
     0.0000000000     0.0000000000     0.0000000000
     0.0000000000     0.0000000000     0.0000000000
     0.0000000000     0.0000000000     0.0000000000
     0.0000000000     0.0000000000     0.0000000000
     0.0000000000     0.0000000000     0.0000000000
     0.0000000000     0.0000000000     0.0000000000
     0.0000000000     0.0000000000     0.0000000000
     0.0000000000     0.0000000000     0.0000000000
     0.0000000000     0.0000000000     0.0000000000
     0.0000000000     0.0000000000     0.0000000000
     0.0000000000     0.0000000000     0.0000000000
     0.0000000000     0.0000000000     0.0000000000
     0.0000000000     0.0000000000     0.0000000000
     0.0000000000     0.0000000000     0.0000000000
     0.0000000000     0.0000000000     0.0000000000
     0.0000000000     0.0000000000     0.0000000000
     0.0000000000     0.0000000000     0.0000000000
     0.0000000000     0.0000000000     0.0000000000
     0.0000000000     0.0000000000     0.0000000000
     0.0000000000     0.0000000000     0.0000000000
     0.0000000000     0.0000000000     0.0000000000
     0.0000000000     0.0000000000     0.0000000000
     0.0000000000     0.0000000000     0.0000000000
     0.0000000000     0.0000000000     0.0000000000
     0.0000000000     0.0000000000     0.0000000000
     0.0000000000     0.0000000000     0.0000000000
     0.0000000000     0.0000000000     0.0000000000
     0.0000000000     0.0000000000     0.0000000000
     0.0000000000     0.0000000000     0.0000000000
     0.0000000000     0.0000000000     0.0000000000
     0.0000000000     0.0000000000     0.0000000000
     0.0000000000     0.0000000000     0.0000000000
     0.0000000000     0.0000000000     0.0000000000
     0.0000000000     0.0000000000     0.0000000000
     0.0000000000     0.0000000000     0.0000000000
     0.0000000000     0.0000000000     0.0000000000
     0.0000000000     0.0000000000     0.0000000000
     0.0000000000     0.0000000000     0.0000000000
     0.0000000000     0.0000000000     0.0000000000
     0.0000000000     0.0000000000     0.0000000000
     0.0000000000     0.0000000000     0.0000000000
     0.0000000000     0.0000000000     0.0000000000
     0.0000000000     0.0000000000     0.0000000000
     0.0000000000     0.0000000000     0.0000000000
     0.0000000000     0.0000000000     0.0000000000
     0.0000000000     0.0000000000     0.0000000000
     0.0000000000     0.0000000000     0.0000000000
     0.0000000000     0.0000000000     0.0000000000
     0.0000000000     0.0000000000     0.0000000000
     0.0000000000     0.0000000000     0.0000000000
     0.0000000000     0.0000000000     0.0000000000
     0.0000000000     0.0000000000     0.0000000000
     0.0000000000     0.0000000000     0.0000000000
     0.0000000000     0.0000000000     0.0000000000
     0.0000000000     0.0000000000     0.0000000000
     0.0000000000     0.0000000000     0.0000000000
     0.0000000000     0.0000000000     0.0000000000
     0.0000000000     0.0000000000     0.0000000000
     0.0000000000     0.0000000000     0.0000000000
     0.0000000000     0.0000000000     0.0000000000
     0.0000000000     0.0000000000     0.0000000000
     0.0000000000     0.0000000000     0.0000000000
     0.0000000000     0.0000000000     0.0000000000
     0.0000000000     0.0000000000     0.0000000000
     0.0000000000     0.0000000000     0.0000000000
     0.0000000000     0.0000000000     0.0000000000
     0.0000000000     0.0000000000     0.0000000000
     0.0000000000     0.0000000000     0.0000000000
     0.0000000000     0.0000000000     0.0000000000
     0.0000000000     0.0000000000     0.0000000000
     0.0000000000     0.0000000000     0.0000000000
     0.0000000000     0.0000000000     0.0000000000
     0.0000000000     0.0000000000     0.0000000000
     0.0000000000     0.0000000000     0.0000000000
     0.0000000000     0.0000000000     0.0000000000
     0.0000000000     0.0000000000     0.0000000000
     0.0000000000     0.0000000000     0.0000000000
     0.0000000000     0.0000000000     0.0000000000
     0.0000000000     0.0000000000     0.0000000000
     0.0000000000     0.0000000000     0.0000000000
     0.0000000000     0.0000000000     0.0000000000
     0.0000000000     0.0000000000     0.0000000000
     0.0000000000     0.0000000000     0.0000000000
     0.0000000000     0.0000000000     0.0000000000
     0.0000000000     0.0000000000     0.0000000000
     0.0000000000     0.0000000000     0.0000000000
     0.0000000000     0.0000000000     0.0000000000
     0.0000000000     0.0000000000     0.0000000000
     0.0000000000     0.0000000000     0.0000000000
     0.0000000000     0.0000000000     0.0000000000
     0.0000000000     0.0000000000     0.0000000000
     0.0000000000     0.0000000000     0.0000000000
     0.0000000000     0.0000000000     0.0000000000
     0.0000000000     0.0000000000     0.0000000000
     0.0000000000     0.0000000000     0.0000000000
     0.0000000000     0.0000000000     0.0000000000
     0.0000000000     0.0000000000     0.0000000000
     0.0000000000     0.0000000000     0.0000000000
     0.0000000000     0.0000000000     0.0000000000
     0.0000000000     0.0000000000     0.0000000000
     0.0000000000     0.0000000000     0.0000000000
     0.0000000000     0.0000000000     0.0000000000
     0.0000000000     0.0000000000     0.0000000000
     0.0000000000     0.0000000000     0.0000000000
     0.0000000000     0.0000000000     0.0000000000
     0.0000000000     0.0000000000     0.0000000000
     0.0000000000     0.0000000000     0.0000000000
     0.0000000000     0.0000000000     0.0000000000
     0.0000000000     0.0000000000     0.0000000000
     0.0000000000     0.0000000000     0.0000000000
     0.0000000000     0.0000000000     0.0000000000
     0.0000000000     0.0000000000     0.0000000000
     0.0000000000     0.0000000000     0.0000000000
     0.0000000000     0.0000000000     0.0000000000
     0.0000000000     0.0000000000     0.0000000000
     0.0000000000     0.0000000000     0.0000000000
     0.0000000000     0.0000000000     0.0000000000
     0.0000000000     0.0000000000     0.0000000000
     0.0000000000     0.0000000000     0.0000000000
     0.0000000000     0.0000000000     0.0000000000
     0.0000000000     0.0000000000     0.0000000000
$ENDVELOC
