
          ============================================================  
                                     NEWTON-X                           
                   Newtonian dynamics close to the crossing seam        
          ============================================================  

                                  www.newtonx.org                       

    Newton-X version 2.2 (build 9, 2020-03-04)
    www.newtonx.org
----------------------------------------------------------------------
    The Newton-X program is distributed free of charge for non-
    commercial and non-profit uses. You may use the program freely 
    and adapt the code to your needs. Please, if you have any 
    enhancements, share them with us. You are, however, not allowed 
    to re-distribute code or binaries in parts or total. Anyone 
    intending to use Newton-X must contact us. This program is 
    shipped to the user "as is". There is no guarantee that it will 
    work as described. Usage is at your own risk, there is no 
    liability taken for any damage or loss of data and/or money. 
    If you experience problems, you may contact the developers and 
    a community of users at the Newton-X discussion group, but bear 
    in mind that there is no kind of official support for Newton-X.

    Cite Newton-X as:
    M. Barbatti, G. Granucci, M. Ruckenbauer, F. Plasser, 
    R. Crespo-Otero, J. Pittner, M. Persico, H. Lischka, NEWTON-X: 
    a package for Newtonian dynamics close to the crossing seam, 
    version 2.2, www.newtonx.org (2017).

    M. Barbatti, M. Ruckenbauer, F. Plasser, J. Pittner, G. Granucci, 
    M. Persico, H. Lischka, WIREs: Comp. Mol. Sci., 4, 26 (2014).

    Please, check the documentation for references to specific 
    methods and algorithms.

    For download the program, documentation, and tutorial, visit:
    http://www.newtonx.org

    For support, visit the Newton-X discussion group at:
    https://groups.google.com/d/forum/newtonx
----------------------------------------------------------------------


Newton-X path: /util/academic/newton-x/NX-2.2-B09/bin

Starting Initial Condition selection 
 

makedir.pl:
    title     = title
    type      = 4
    subfile   = pmold
    batchdef  = #PBS -N
    seed      = 1234
    nis       = 1
    nfs       = 3
    delta     = 0.01
    eps       = 0.005
    kappa     = 0
    os_condon = -1
    prob_kind = F 
    screen    = 2 
    norm      = local 
    e_center  = 2.25 
    e_var     = 0.5 
    nref      = 1 
    temp      = 0
    l_shape   = gauss
    run_IS    = 0
    prtlv     = 1 



 The following transitions will be considered:
 Initial state = 1   =>   Final state = 3


=============== Checking obligatory files and directories ===============

File final_output.1.3 was not found but file final_output exists.
This file will be used to generate trajectories. 

=============== Cheking optional files and directories ==================

File control.dyn exists 

File control.dyn exists 
File jiri.inp was not found. 

File sh.inp was not found. 

File therm.inp was not found. 

File JOB_AD exists 
File JOB_NAD was not found. 

File wf.inp was not found. 

File columbus.par was not found. 

File dftb.par was not found. 

File turbomole.par was not found. 

File intcfl was not found. 

File boundaries.inp was not found. 

File freeze.inp was not found. 

File therm.freeze was not found. 

File analyt.par was not found. 

File NX_analysis was not found. 

File stopsign.inp was not found. 

File pmold was not found. 


===============             Ending checking            ==================

Energy transitions will be restricted to the range 1.75 to 2.75 with center at 2.25.
 Directory /user/ub2052/ctwksp21_project/sp_linker/TDDFTB_DYN/TRAJECTORIES was created 


makedir.pl: 
The largest transition intensity in final_output has
oscillator strength 0.0148 and vertical excitation energy (eV) 2.652.
Normalization factor for probabilities F = 0.0148.

ini.state  fin.state   DE    Osc.St. Intensity  Energ.Window  Prob      Rand.N.  Status
   1          3       2.338   0.000   0.00000      YES        0.00000   0.74088  reject 
   1          3       2.965   0.000   0.00020       NO        0.00000   0.21453  reject 
   1          3       2.244   0.001   0.00080      YES        0.05405   0.33820  reject 
   1          3       2.661   0.002   0.00240      YES        0.16216   0.32314  reject 
   1          3       2.741   0.000   0.00010      YES        0.00676   0.99870  reject 
   1          3       2.450   0.000   0.00000      YES        0.00000   0.28988  reject 
   1          3       2.553   0.000   0.00010      YES        0.00676   0.01007  reject 
   1          3       2.202   0.000   0.00010      YES        0.00676   0.50684  reject 
   1          3       2.679   0.000   0.00020      YES        0.01351   0.58974  reject 
   1          3       3.238   0.001   0.00130       NO        0.00000   0.27941  reject 
   1          3       2.901   0.001   0.00140       NO        0.00000   0.41742  reject 
   1          3       2.401   0.001   0.00070      YES        0.04730   0.36098  reject 
   1          3       2.529   0.001   0.00130      YES        0.08784   0.37521  reject 
   1          3       2.727   0.001   0.00120      YES        0.08108   0.32770  reject 
   1          3       2.721   0.000   0.00000      YES        0.00000   0.18928  reject 
   1          3       2.556   0.000   0.00020      YES        0.01351   0.71116  reject 
   1          3       3.126   0.000   0.00000       NO        0.00000   0.52899  reject 
   1          3       2.381   0.004   0.00350      YES        0.23649   0.32289  reject 
   1          3       2.543   0.006   0.00590      YES        0.39865   0.96403  reject 
   1          3       2.502   0.000   0.00040      YES        0.02703   0.99942  reject 
   1          3       2.645   0.000   0.00030      YES        0.02027   0.58812  reject 
   1          3       2.517   0.000   0.00010      YES        0.00676   0.67726  reject 
   1          3       2.595   0.001   0.00120      YES        0.08108   0.85096  reject 
   1          3       2.677   0.000   0.00020      YES        0.01351   0.73392  reject 
   1          3       2.845   0.000   0.00000       NO        0.00000   0.84180  reject 
   1          3       2.843   0.000   0.00010       NO        0.00000   0.43401  reject 
   1          3       2.882   0.001   0.00140       NO        0.00000   0.69586  reject 
   1          3       3.089   0.000   0.00000       NO        0.00000   0.62606  reject 
   1          3       2.725   0.001   0.00110      YES        0.07432   0.13173  reject 
   1          3       2.465   0.001   0.00120      YES        0.08108   0.73968  reject 
   1          3       2.806   0.003   0.00250       NO        0.00000   0.21397  reject 
   1          3       2.457   0.000   0.00010      YES        0.00676   0.60311  reject 
   1          3       2.904   0.000   0.00000       NO        0.00000   0.26959  reject 
   1          3       2.433   0.003   0.00310      YES        0.20946   0.52260  reject 
   1          3       2.459   0.004   0.00400      YES        0.27027   0.56164  reject 
   1          3       2.705   0.000   0.00040      YES        0.02703   0.16347  reject 
   1          3       2.345   0.000   0.00010      YES        0.00676   0.54289  reject 
   1          3       2.393   0.002   0.00200      YES        0.13514   0.49640  reject 
   1          3       2.682   0.000   0.00020      YES        0.01351   0.18509  reject 
   1          3       2.606   0.003   0.00290      YES        0.19595   0.22723  reject 
   1          3       2.831   0.001   0.00130       NO        0.00000   0.73146  reject 
   1          3       2.858   0.000   0.00020       NO        0.00000   0.00702  reject 
   1          3       2.612   0.006   0.00600      YES        0.40541   0.24438  accept 
Directory /user/ub2052/ctwksp21_project/sp_linker/TDDFTB_DYN/TRAJECTORIES/TRAJ1 was created 

   1          3       2.820   0.000   0.00020       NO        0.00000   0.59544  reject 
   1          3       2.733   0.004   0.00360      YES        0.24324   0.82193  reject 
   1          3       3.065   0.002   0.00180       NO        0.00000   0.41836  reject 
   1          3       2.293   0.007   0.00750      YES        0.50676   0.70159  reject 
   1          3       2.603   0.002   0.00200      YES        0.13514   0.87587  reject 
   1          3       2.930   0.000   0.00040       NO        0.00000   0.14581  reject 
   1          3       2.500   0.000   0.00000      YES        0.00000   0.60850  reject 
   1          3       2.529   0.001   0.00100      YES        0.06757   0.37477  reject 
   1          3       2.737   0.000   0.00040      YES        0.02703   0.66069  reject 
   1          3       2.843   0.004   0.00400       NO        0.00000   0.01396  reject 
   1          3       2.438   0.001   0.00110      YES        0.07432   0.16406  reject 
   1          3       2.428   0.000   0.00010      YES        0.00676   0.18746  reject 
   1          3       2.483   0.003   0.00280      YES        0.18919   0.39232  reject 
   1          3       2.164   0.000   0.00000      YES        0.00000   0.44024  reject 
   1          3       2.142   0.004   0.00420      YES        0.28378   0.21877  accept 
Directory /user/ub2052/ctwksp21_project/sp_linker/TDDFTB_DYN/TRAJECTORIES/TRAJ2 was created 

   1          3       2.782   0.003   0.00310       NO        0.00000   0.23396  reject 
   1          3       2.776   0.000   0.00000       NO        0.00000   0.65809  reject 
   1          3       2.606   0.005   0.00480      YES        0.32432   0.18317  accept 
Directory /user/ub2052/ctwksp21_project/sp_linker/TDDFTB_DYN/TRAJECTORIES/TRAJ3 was created 

   1          3       2.470   0.005   0.00480      YES        0.32432   0.80338  reject 
   1          3       2.314   0.001   0.00130      YES        0.08784   0.58515  reject 
   1          3       2.255   0.000   0.00020      YES        0.01351   0.18473  reject 
   1          3       2.313   0.001   0.00070      YES        0.04730   0.85591  reject 
   1          3       2.251   0.000   0.00000      YES        0.00000   0.54278  reject 
   1          3       2.975   0.001   0.00060       NO        0.00000   0.37863  reject 
   1          3       2.580   0.007   0.00730      YES        0.49324   0.01985  accept 
Directory /user/ub2052/ctwksp21_project/sp_linker/TDDFTB_DYN/TRAJECTORIES/TRAJ4 was created 

   1          3       2.531   0.003   0.00300      YES        0.20270   0.11170  accept 
Directory /user/ub2052/ctwksp21_project/sp_linker/TDDFTB_DYN/TRAJECTORIES/TRAJ5 was created 

   1          3       2.492   0.000   0.00000      YES        0.00000   0.55447  reject 
   1          3       2.561   0.008   0.00830      YES        0.56081   0.28056  accept 
Directory /user/ub2052/ctwksp21_project/sp_linker/TDDFTB_DYN/TRAJECTORIES/TRAJ6 was created 

   1          3       2.964   0.002   0.00170       NO        0.00000   0.89480  reject 
   1          3       2.587   0.001   0.00120      YES        0.08108   0.07956  accept 
Directory /user/ub2052/ctwksp21_project/sp_linker/TDDFTB_DYN/TRAJECTORIES/TRAJ7 was created 

   1          3       2.632   0.004   0.00350      YES        0.23649   0.23511  accept 
Directory /user/ub2052/ctwksp21_project/sp_linker/TDDFTB_DYN/TRAJECTORIES/TRAJ8 was created 

   1          3       2.922   0.001   0.00050       NO        0.00000   0.93063  reject 
   1          3       3.166   0.000   0.00020       NO        0.00000   0.55210  reject 
   1          3       2.803   0.004   0.00390       NO        0.00000   0.05940  reject 
   1          3       2.323   0.001   0.00100      YES        0.06757   0.05378  accept 
Directory /user/ub2052/ctwksp21_project/sp_linker/TDDFTB_DYN/TRAJECTORIES/TRAJ9 was created 

   1          3       2.840   0.000   0.00000       NO        0.00000   0.25216  reject 
   1          3       2.843   0.000   0.00000       NO        0.00000   0.52662  reject 
   1          3       2.294   0.002   0.00150      YES        0.10135   0.56933  reject 
   1          3       2.716   0.000   0.00000      YES        0.00000   0.54644  reject 
   1          3       2.348   0.001   0.00060      YES        0.04054   0.23927  reject 
   1          3       2.697   0.002   0.00210      YES        0.14189   0.01664  accept 
Directory /user/ub2052/ctwksp21_project/sp_linker/TDDFTB_DYN/TRAJECTORIES/TRAJ10 was created 

   1          3       2.415   0.000   0.00020      YES        0.01351   0.83188  reject 
   1          3       2.580   0.002   0.00180      YES        0.12162   0.99223  reject 
   1          3       2.350   0.003   0.00300      YES        0.20270   0.94385  reject 
   1          3       2.359   0.003   0.00250      YES        0.16892   0.73354  reject 
   1          3       3.038   0.000   0.00020       NO        0.00000   0.67966  reject 
   1          3       2.746   0.000   0.00000      YES        0.00000   0.07567  reject 
   1          3       2.474   0.004   0.00370      YES        0.25000   0.24667  accept 
Directory /user/ub2052/ctwksp21_project/sp_linker/TDDFTB_DYN/TRAJECTORIES/TRAJ11 was created 

   1          3       2.173   0.000   0.00010      YES        0.00676   0.03351  reject 
   1          3       2.947   0.001   0.00140       NO        0.00000   0.22182  reject 
   1          3       2.221   0.001   0.00070      YES        0.04730   0.54584  reject 
   1          3       2.593   0.000   0.00010      YES        0.00676   0.68644  reject 
   1          3       2.686   0.001   0.00130      YES        0.08784   0.90722  reject 
   1          3       2.745   0.000   0.00010      YES        0.00676   0.83623  reject 
   1          3       2.369   0.001   0.00070      YES        0.04730   0.08328  reject 
   1          3       2.354   0.003   0.00270      YES        0.18243   0.16449  accept 
Directory /user/ub2052/ctwksp21_project/sp_linker/TDDFTB_DYN/TRAJECTORIES/TRAJ12 was created 

   1          3       2.329   0.000   0.00010      YES        0.00676   0.12066  reject 
   1          3       3.065   0.004   0.00410       NO        0.00000   0.61185  reject 
   1          3       2.807   0.001   0.00070       NO        0.00000   0.40447  reject 
   1          3       2.590   0.002   0.00150      YES        0.10135   0.97405  reject 
   1          3       2.440   0.003   0.00290      YES        0.19595   0.69024  reject 
   1          3       2.747   0.001   0.00050      YES        0.03378   0.06361  reject 
   1          3       2.858   0.002   0.00200       NO        0.00000   0.96371  reject 
   1          3       3.055   0.000   0.00000       NO        0.00000   0.00541  reject 
   1          3       2.652   0.015   0.01480      YES        1.00000   0.05550  accept 
Directory /user/ub2052/ctwksp21_project/sp_linker/TDDFTB_DYN/TRAJECTORIES/TRAJ13 was created 

   1          3       2.970   0.000   0.00010       NO        0.00000   0.15762  reject 
   1          3       3.020   0.002   0.00200       NO        0.00000   0.36021  reject 
   1          3       2.402   0.008   0.00780      YES        0.52703   0.53942  reject 
   1          3       2.432   0.000   0.00030      YES        0.02027   0.54290  reject 
   1          3       2.538   0.000   0.00000      YES        0.00000   0.62617  reject 
   1          3       2.906   0.000   0.00000       NO        0.00000   0.89675  reject 
   1          3       2.524   0.000   0.00020      YES        0.01351   0.10311  reject 
   1          3       2.297   0.001   0.00060      YES        0.04054   0.64216  reject 
   1          3       2.762   0.009   0.00950       NO        0.00000   0.50522  reject 
   1          3       2.507   0.000   0.00010      YES        0.00676   0.35484  reject 
   1          3       2.601   0.001   0.00130      YES        0.08784   0.96607  reject 
   1          3       2.323   0.000   0.00030      YES        0.02027   0.03458  reject 
   1          3       2.260   0.004   0.00370      YES        0.25000   0.40722  reject 
   1          3       2.369   0.000   0.00000      YES        0.00000   0.40250  reject 
   1          3       2.664   0.001   0.00050      YES        0.03378   0.00182  accept 
Directory /user/ub2052/ctwksp21_project/sp_linker/TDDFTB_DYN/TRAJECTORIES/TRAJ14 was created 

   1          3       2.183   0.004   0.00360      YES        0.24324   0.39929  reject 
   1          3       2.614   0.001   0.00130      YES        0.08784   0.44018  reject 
   1          3       2.974   0.005   0.00460       NO        0.00000   0.60597  reject 
   1          3       2.865   0.000   0.00000       NO        0.00000   0.52549  reject 
   1          3       2.224   0.000   0.00020      YES        0.01351   0.60124  reject 
   1          3       2.631   0.001   0.00080      YES        0.05405   0.92187  reject 
   1          3       2.773   0.005   0.00520       NO        0.00000   0.50970  reject 
   1          3       3.323   0.001   0.00050       NO        0.00000   0.99984  reject 
   1          3       2.335   0.001   0.00110      YES        0.07432   0.64491  reject 
   1          3       2.537   0.000   0.00000      YES        0.00000   0.21328  reject 
   1          3       2.400   0.000   0.00010      YES        0.00676   0.93213  reject 
   1          3       2.453   0.001   0.00050      YES        0.03378   0.03392  reject 
   1          3       3.008   0.000   0.00030       NO        0.00000   0.61364  reject 
   1          3       2.863   0.000   0.00010       NO        0.00000   0.53554  reject 
   1          3       2.721   0.002   0.00220      YES        0.14865   0.51351  reject 
   1          3       2.454   0.001   0.00120      YES        0.08108   0.19079  reject 
   1          3       2.855   0.003   0.00280       NO        0.00000   0.94811  reject 
   1          3       2.423   0.000   0.00020      YES        0.01351   0.54378  reject 
   1          3       2.354   0.000   0.00020      YES        0.01351   0.67945  reject 
   1          3       2.986   0.002   0.00210       NO        0.00000   0.78594  reject 
   1          3       2.675   0.009   0.00900      YES        0.60811   0.73404  reject 
   1          3       2.758   0.001   0.00070       NO        0.00000   0.54368  reject 
   1          3       2.412   0.006   0.00640      YES        0.43243   0.84732  reject 
   1          3       2.298   0.003   0.00320      YES        0.21622   0.06250  accept 
Directory /user/ub2052/ctwksp21_project/sp_linker/TDDFTB_DYN/TRAJECTORIES/TRAJ15 was created 

   1          3       2.599   0.001   0.00060      YES        0.04054   0.94172  reject 
   1          3       2.150   0.001   0.00110      YES        0.07432   0.46144  reject 
   1          3       2.218   0.002   0.00210      YES        0.14189   0.71608  reject 
   1          3       2.850   0.000   0.00000       NO        0.00000   0.04125  reject 
   1          3       2.803   0.000   0.00030       NO        0.00000   0.70460  reject 
   1          3       2.293   0.001   0.00060      YES        0.04054   0.25674  reject 
   1          3       2.533   0.008   0.00840      YES        0.56757   0.42154  accept 
Directory /user/ub2052/ctwksp21_project/sp_linker/TDDFTB_DYN/TRAJECTORIES/TRAJ16 was created 

   1          3       2.654   0.004   0.00450      YES        0.30405   0.58518  reject 
   1          3       2.909   0.006   0.00610       NO        0.00000   0.04582  reject 
   1          3       2.765   0.003   0.00290       NO        0.00000   0.21633  reject 
   1          3       2.642   0.000   0.00000      YES        0.00000   0.80515  reject 
   1          3       2.651   0.000   0.00000      YES        0.00000   0.11590  reject 
   1          3       2.683   0.000   0.00000      YES        0.00000   0.90691  reject 
   1          3       2.403   0.001   0.00050      YES        0.03378   0.13063  reject 
   1          3       2.477   0.004   0.00380      YES        0.25676   0.89325  reject 
   1          3       2.645   0.002   0.00190      YES        0.12838   0.24896  reject 
   1          3       2.893   0.003   0.00290       NO        0.00000   0.73887  reject 
   1          3       2.524   0.001   0.00100      YES        0.06757   0.45898  reject 
   1          3       2.748   0.003   0.00270      YES        0.18243   0.29300  reject 
   1          3       2.514   0.001   0.00140      YES        0.09459   0.86096  reject 
   1          3       2.457   0.001   0.00050      YES        0.03378   0.25951  reject 
   1          3       2.403   0.000   0.00040      YES        0.02703   0.28426  reject 
   1          3       2.441   0.001   0.00120      YES        0.08108   0.72191  reject 
   1          3       2.529   0.003   0.00270      YES        0.18243   0.69574  reject 
   1          3       2.632   0.003   0.00270      YES        0.18243   0.63133  reject 
   1          3       2.541   0.000   0.00000      YES        0.00000   0.77324  reject 
   1          3       2.784   0.000   0.00010       NO        0.00000   0.45681  reject 
   1          3       2.865   0.000   0.00000       NO        0.00000   0.19906  reject 
   1          3       2.732   0.002   0.00160      YES        0.10811   0.27910  reject 
   1          3       2.670   0.001   0.00100      YES        0.06757   0.45382  reject 
   1          3       2.864   0.002   0.00190       NO        0.00000   0.53916  reject 
   1          3       2.575   0.003   0.00260      YES        0.17568   0.43049  reject 
   1          3       2.238   0.000   0.00000      YES        0.00000   0.74604  reject 
   1          3       2.303   0.004   0.00400      YES        0.27027   0.43043  reject 
   1          3       3.030   0.001   0.00110       NO        0.00000   0.04402  reject 
   1          3       2.651   0.001   0.00070      YES        0.04730   0.43350  reject 
   1          3       3.178   0.003   0.00290       NO        0.00000   0.42125  reject 
   1          3       2.709   0.000   0.00000      YES        0.00000   0.54792  reject 
   1          3       2.558   0.004   0.00390      YES        0.26351   0.31499  reject 
   1          3       2.325   0.000   0.00010      YES        0.00676   0.59485  reject 
   1          3       2.013   0.000   0.00030      YES        0.02027   0.09051  reject 
   1          3       2.672   0.001   0.00120      YES        0.08108   0.92581  reject 
   1          3       2.795   0.000   0.00020       NO        0.00000   0.50590  reject 
   1          3       2.818   0.004   0.00400       NO        0.00000   0.24442  reject 
   1          3       2.504   0.000   0.00000      YES        0.00000   0.13763  reject 
   1          3       2.321   0.000   0.00010      YES        0.00676   0.48790  reject 
   1          3       2.684   0.002   0.00210      YES        0.14189   0.03790  accept 
Directory /user/ub2052/ctwksp21_project/sp_linker/TDDFTB_DYN/TRAJECTORIES/TRAJ17 was created 

   1          3       2.816   0.001   0.00060       NO        0.00000   0.93883  reject 
   1          3       3.015   0.002   0.00210       NO        0.00000   0.81788  reject 
   1          3       2.691   0.000   0.00000      YES        0.00000   0.45677  reject 
   1          3       2.396   0.004   0.00380      YES        0.25676   0.17838  accept 
Directory /user/ub2052/ctwksp21_project/sp_linker/TDDFTB_DYN/TRAJECTORIES/TRAJ18 was created 

   1          3       2.475   0.000   0.00010      YES        0.00676   0.64333  reject 
   1          3       2.658   0.000   0.00040      YES        0.02703   0.43931  reject 

Input files for each trajectory were written to 
/user/ub2052/ctwksp21_project/sp_linker/TDDFTB_DYN/TRAJECTORIES directory. 


 End of initial conditions selection. 
          ====================== NEWTON-X ends here ==================  
