FINAL HEAT OF FORMATION =     -9652.3613694272  time =   10000.0000000188
 State =            0
 Seed  =     40785006
$COORD
  6        0.7311344607       0.2695543233       0.2971277404
  6        0.7619141535      -0.6362021756       1.3746712473
  6       -0.5169678214      -1.3211521388       1.5424934230
  6       -1.3929376731      -0.8898361351       0.5284536884
 16       -0.7693550093       0.2482489719      -0.4110183903
  6        4.9514245671       4.8737264388      -1.0161492709
  6        5.7055544943       3.7345696699      -1.0156483098
  6        4.9151979623       2.5480622805      -0.7349849143
  6        3.5738851119       2.8653486006      -0.6573814664
 16        3.3270097499       4.5562273954      -0.7484753129
  1        5.4566146236       5.7575375585      -1.3496069381
  1        6.7867528333       3.6922054009      -1.0571921249
  6       -5.3211324447      -1.6368762925       0.2097711144
  6       -5.7852314629      -2.8698355758      -0.3344116314
  6       -7.1893079742      -2.8124499836      -0.4051124125
  6       -7.8331517474      -1.7260777447       0.1891990722
 16       -6.6360522018      -0.6039586026       0.6165881251
  1       -7.7146770564      -3.5536036681      -0.9587640154
  1       -8.8813309355      -1.6951930487       0.2396230441
  6        5.4862813282      -2.3324096551       2.1405531532
  1        5.3833787221      -2.4007859758       1.0149616432
  1        6.2439642996      -1.5183075545       2.3079730768
  6        5.9367044480      -3.5675239673       2.8547638836
  1        6.4494066071      -3.1660254391       3.7946963672
  1        5.1283843449      -4.1733453192       3.3331387260
  6        6.8984105437      -4.3626987927       2.0823009498
  1        6.3200568510      -4.8704195396       1.2568274976
  1        7.6259648671      -3.7332233865       1.5525657642
  1        7.4100265709      -5.0786942307       2.7765877459
  6        1.9654272829      -0.7815395452       2.2270904893
  1        2.5539039814       0.2161459650       2.2504367444
  1        1.6815857591      -0.9303622324       3.2388079915
  6        2.9908811539      -1.8071238771       1.7472795073
  1        2.4956066544      -2.7776626919       1.4387337347
  1        3.4123519615      -1.4039217406       0.7460086546
  6        4.1858674021      -1.8252014216       2.7131674387
  1        4.2972977506      -0.8567929002       3.2479327921
  1        3.8470838483      -2.5960962509       3.5656215885
  6       -4.9230731373      -3.9475602668      -0.8208200893
  1       -4.0933386145      -4.1141396154      -0.0798132407
  1       -4.5789749781      -3.7574265232      -1.8949881511
  6        5.3874393698       1.1605061014      -0.6984225727
  1        4.8922964391       0.4716849940       0.0163862597
  1        5.1820847443       0.6041087467      -1.6544511791
  6       -4.2049229263      -6.7693470831       0.2916092575
  1       -4.6598734342      -6.1994042889       1.1681302091
  1       -4.5638206621      -7.8166177893       0.4544720092
  8       -2.7914364182      -6.7164209752       0.3486306034
  6       -2.2644281190      -7.5468892776       1.3813697034
  1       -2.6254340422      -8.5593516734       1.2306082941
  1       -1.1539330001      -7.4637269993       1.2208576687
  6       -2.7309620388      -6.9394821757       2.7338963343
  1       -2.4476723732      -5.8409911468       2.8818599938
  1       -3.7965752692      -7.1674777961       2.8817535707
  8       -2.0464444914      -7.5329365397       3.8459777615
  6       -2.6733358094      -8.7058986691       4.3053242901
  1       -3.5023376646      -8.5032031115       4.9808991814
  1       -3.0839291356      -9.1618267561       3.3310544086
  8       -5.6265367567      -5.2168177563      -0.9677984094
  6       -4.6551788896      -6.2386062168      -1.0887458344
  1       -5.2246514589      -6.9780378759      -1.6723870227
  1       -3.7429925627      -5.9386990829      -1.7424273600
  6       -1.5437935775      -9.5940261887       4.8891619923
  1       -0.6206425509      -8.9521101837       5.0386566150
  1       -1.8648299320     -10.0278959044       5.8716349131
  8       -1.3776508576     -10.6550860029       3.9461702273
  6       -0.0161205187     -10.9899022361       3.7551523427
  1        0.3116163806     -11.7551143907       4.5260673819
  1        0.0678261550     -11.4747955051       2.7337197692
  1        0.7064642280     -10.0564954337       3.6532629599
  6        8.6763313844       1.5094203943       0.9319852706
  1        8.9599635405       2.1158525462       0.0495374113
  1        8.9640286813       2.0670188994       1.8618190704
  8        9.4274091859       0.2649301586       0.9178782035
  6        9.3256279414      -0.4108811916      -0.3401961600
  1        8.5932180890       0.0408227570      -1.0618568676
  1       10.3079174455      -0.4515060820      -0.8969075633
  6        8.9401643725      -1.8917676891       0.0558699730
  1        8.5792397038      -1.8521925501       1.1479350888
  1        8.1637058403      -2.3550298723      -0.6328319082
  8       10.1473367323      -2.6664239299      -0.0868810764
  6       10.9953265996      -2.5540919462       1.0290672794
  1       11.9691662961      -3.0058450700       0.7130792016
  1       11.0634035210      -1.4150778402       1.1716092164
  8        6.7902326496       1.0775589691      -0.3928107399
  6        7.1593269060       1.3083016385       0.9427883999
  1        6.7020564371       2.1811389144       1.3710003965
  1        6.7889538356       0.4008938330       1.5071373076
  6       10.4975101212      -3.2487459008       2.3369472549
  1       10.5653117432      -2.4405794669       3.1606517651
  1        9.4486936235      -3.6196527167       2.2361422775
  8       11.4432084351      -4.2405891743       2.7357582947
  6       11.0491738792      -5.5834666052       2.6643143391
  1       10.3383353337      -5.8055513653       1.8398384382
  1       12.0506156663      -6.0737373458       2.5135067858
  1       10.6922792288      -5.9350794767       3.6900895016
  6        0.7639608393      -4.2223970524       4.6931584478
  1        1.1640925637      -3.2373785496       4.5213046232
  1        1.4627922916      -4.9810510770       4.2608285249
  6        0.5533758211      -4.4717158007       6.1783729739
  1       -0.3774379705      -5.0999384683       6.3081804115
  1        0.1982830122      -3.5238820907       6.6890548044
  6        1.7558870715      -5.0609874282       6.8775738321
  1        1.5380398557      -5.2348548301       7.9649860554
  1        1.9316460122      -6.0191600676       6.5133163640
  6       -0.8333572425      -2.0619762143       2.7885480120
  1       -1.9350735787      -1.9120700005       3.0210950557
  1       -0.3066112354      -1.7166772126       3.7373326676
  6       -0.7392407501      -3.5786885054       2.6483134131
  1        0.0991626373      -3.8248200498       2.0008179429
  1       -1.6235028785      -3.9446299518       2.1007259665
  6       -0.5923425728      -4.3709462107       3.9726004429
  1       -0.7788683231      -5.4926973361       3.8025416976
  1       -1.3820511274      -4.1072269260       4.7175998644
  6       -3.9480757788      -1.4129318877       0.4144025066
  6       -2.7316680289      -1.2584932354       0.4566914254
  6        1.7311148418       1.1382911538      -0.0035530826
  6        2.5551923190       1.9538635920      -0.3160589100
  1        2.7878222954      -4.5170331967       6.7921617045
$ENDCOORD
$VELOC
     3.8674363228    -4.5863376860     0.9064441987
     5.0938120537     3.1650155552     0.7766286262
     4.5905891954    -9.1558996582     3.0772323197
    -2.4504993182    -0.2048570350     7.6362692578
    -3.1121450407    -0.8849972220    -1.8020962973
     5.6786708863     0.7943084430    -2.9419550018
     1.1389619599    -1.7732826204    -2.1444133234
    -2.2225634681     4.4011926685     8.7437044610
    -3.3312975308    -1.9075273569    -3.1165632035
     1.0239088243     0.4557937931    -3.8912214101
    13.8817685934   -14.7803336450    17.9370548383
   -25.6512806268    -8.3464077665    16.0910593603
     0.9309574515     2.9694031156    -7.7950562006
    -7.2667981841     4.7673095541    -0.4340769176
     5.3144754465    -0.6863318068     0.2287135589
    -3.2869685602    -0.3123625494     4.1418000507
     5.5099549574    -1.9840152873    -0.2165293523
   -16.0644485896   -19.9535104963     4.1175833019
     6.0013586094    16.1261632929     8.8375834729
    -0.5979898248    -1.6999842401    -1.1537311159
   -32.0141926813    17.9727794388    14.6574614223
   -18.0469226546    -8.8670192770   -31.6792546512
    -5.1830112524    -3.2215305272     0.8556540252
    18.9407949534    58.0624061098    29.6237344480
   -10.0177845283   -27.7236806901    -8.0849710680
    -8.6164834723     5.2984520440     3.0977309934
     2.4704633270   -14.6962295033   -16.9338285767
    18.6860703389   -12.8130168181   -17.8668548312
     4.5670801856    -1.6339033288   -16.9657871209
    -3.2132876374    -0.2857134778     7.3436982335
   -19.2491392103     2.3507006339    13.4508202884
   -28.8619709494    -0.5640380679    17.3785679187
    -5.1085057967    -4.7920615950    -3.9473179486
   -19.8211711758    10.1479703789    -9.2538436721
     5.8790153999     2.9239922219    21.2325534749
     9.6046871760    -9.5343547367    -0.0032884541
   -33.7788949204    -2.0684552488    -7.2169101164
   -16.6827497140    -6.9744597378     8.7594301330
   -12.1028387398     2.2260973110    -5.9745643742
    23.9305793085     5.0004586512    -3.5631813114
    16.1504624541   -24.0606233479    13.7801904225
     4.0080107003    -7.0785957519    -1.2555451135
     6.1521597439    15.5490239720    -3.1057948139
   -16.3204500093   -15.3315797360     9.3749011832
     4.8138416907     7.5741749932     7.5652303982
     2.9149358941    -7.3624525613   -15.8912815019
    22.7749822124    16.2374140430    -7.3225118594
    -7.9917711340    -3.0635811892    -2.1952674919
    -0.4159941811    -4.9554978133     2.6336138011
   -19.9073726280     3.2258890031     3.2039749825
    -0.7783773210    -5.6344516651   -16.1702256339
     9.5291065805     4.1470834311     4.3608773052
     9.8740053094    -3.2287699761   -10.2123816631
     7.8725592764    -2.9428696175    -9.6396483071
    -8.0107217636    -1.1525971023    -0.3033946731
    -4.4962100261     2.5914702225    -1.8618811660
    -7.4285723790   -14.4792752323     6.2878142145
    -0.7608781310    13.0803332787     3.1842694873
     1.8161010547    -2.1957850361    -3.2702718423
     3.8696033842     0.7621875772    -2.4560354022
     8.9416290763   -19.9084008486    -9.0096299437
     5.7551896982     2.2595958406   -21.0090966400
    -1.2231339487     5.5856007170     2.0423261531
   -11.6334976135   -10.8467011956    -7.0238118515
     4.2802001894   -12.8804046647    -4.9508710198
     1.6305444815     7.8269960129    -1.8711686926
     1.0951496934    -4.5624662034     1.1914910085
    17.1867678010   -17.8197409443    -8.6253005274
   -21.7731544663    15.6344658004   -29.0461286708
    27.7453476419     9.8711701235    13.5080294732
    -3.7046020674    -0.7953340999     2.7988484619
     8.1986225153    21.1534655444    -0.3913576577
    21.9572237513   -15.4886869900    -3.5027705003
    -1.2473778367     2.3375313589     5.1259984451
     0.2348112947     2.7414429973    -0.4472652189
   -41.9202646317     2.4115555210   -12.5010618277
    -2.4358490943    -2.2735991892     5.4941572093
    -2.3254719720     4.5132435244     0.7975793936
     2.3127740793   -19.5068505960    -2.9833034273
    -7.9971778136    -6.6318972760     4.7740104400
     0.5473529961    -2.0620638870    -1.5698624284
    -0.8433874884     5.1747263612     3.9623004763
    -2.6982844409     5.8595975307    17.3768388724
    31.4436372201     1.5652206649     7.8399408496
     1.8904162106     4.7221567359    -4.7421340422
    -1.5678929629    -3.4198097937     0.7465275487
   -13.5175760835     0.0182619096    21.3270788156
    -1.0372516319    11.9217829011    16.3912562581
    -2.8912680427    -0.6742194380    -0.9951693201
   -16.3184439973    15.6031005018     7.9906920596
    13.9005706925    -3.6838783659   -13.7811032118
     5.3701891315     0.6134086718    -6.8018188543
     4.4999324128     3.2404250847     1.0238011377
    -7.1823270196     6.6408017728    -5.3927287101
     1.6532445703     9.3133824034   -13.0941506382
    20.7597778825   -30.0338223342   -19.3343885528
     4.2553699973     1.5077165759    -1.3539953650
    -2.8699992303    -6.9721397864    18.2792705700
    16.7461534524   -14.8680743886    15.6057835573
    -1.9980767026    -0.2049365140     0.6109513933
    46.8226738417    28.9286793184    -1.1984304482
   -17.8296425330    -9.4704954776   -11.8475409752
     1.6120260962     5.0398578990    -1.4896124668
     2.8705085112   -15.8200635734   -10.3296481658
     3.1358347152    -1.4285288266   -16.4265703311
     3.2588320227     2.6285664443    -1.0811912553
   -13.5433691655    20.1535973992    11.7544723498
   -15.7662522825   -16.6348809312    17.5196817974
    -6.9895955907    -7.2794979727     9.9599931167
    10.8633993807     1.4025461553   -19.1007308062
    27.0170290039    30.5591762556    15.3338133441
     3.3933096496     3.1000303167     1.1487634384
   -14.6374686752   -24.8315983150     5.7278002571
   -29.4627849493     3.5974625100   -43.6825659986
     1.1921108536    -4.1775488900     2.6182446194
    -1.9589141186     6.4348969445    -1.5467509575
     1.8676127657    -5.7258964747     1.3751900761
     5.5965371665     1.9902187646     1.8789442306
    -3.3288178758    -5.5154327876     1.0879113749
$ENDVELOC
$COEFF
$ENDCOEFF
