nexmd/NEXMD1/0952 2 1 7.5000000000 0.0000000000 0.0033792783 -0.0000795505 0.0000000000 -0.0001948725 0.0000000000
nexmd/NEXMD1/0953 2 1 16.1000000000 0.0000000000 0.0106329660 -0.0002303871 0.0000000000 0.0000527884 0.0000000000
nexmd/NEXMD1/0954 2 1 4.5000000000 0.0000000000 0.0072668342 0.0000895919 0.0000000000 0.0002886655 0.0000000000
nexmd/NEXMD1/0954 1 2 11.2000000000 0.0000000000 -0.0212433468 -0.0002158227 0.0000000000 -0.0003361028 0.0000000000
nexmd/NEXMD1/0954 2 1 28.9000000000 0.0000000000 0.0146570443 0.0000643378 0.0000000000 0.0001329465 0.0000000000
nexmd/NEXMD1/0955 2 1 4.1000000000 0.0000000000 -0.0160580596 0.0003525053 0.0000000000 -0.0000274585 0.0000000000
nexmd/NEXMD1/0956 2 1 3.5000000000 0.0000000000 -0.2169101882 0.0001246874 0.0000000000 -0.0001474133 0.0000000000
nexmd/NEXMD1/0957 2 1 4.1000000000 0.0000000000 -0.0137149924 0.0001095953 0.0000000000 0.0002710990 0.0000000000
nexmd/NEXMD1/0958 2 1 15.3000000000 0.0000000000 0.0046332028 -0.0000843356 0.0000000000 0.0000091729 0.0000000000
nexmd/NEXMD1/0959 2 1 5.3000000000 0.0000000000 0.0092908560 -0.0000219340 0.0000000000 0.0002331356 0.0000000000
nexmd/NEXMD1/0960 2 1 6.0000000000 0.0000000000 -0.0105403808 0.0001407512 0.0000000000 -0.0000852233 0.0000000000
nexmd/NEXMD1/0961 2 1 65.8000000000 0.0000000000 0.0307187494 0.0002049235 0.0000000000 0.0000548106 0.0000000000
nexmd/NEXMD1/0962 2 1 5.6000000000 0.0000000000 -0.0084165024 0.0002797869 0.0000000000 0.0002830294 0.0000000000
nexmd/NEXMD1/0963 2 1 14.3000000000 0.0000000000 0.0657124102 -0.0000717851 0.0000000000 -0.0000655335 0.0000000000
nexmd/NEXMD1/0964 2 1 5.6000000000 0.0000000000 0.0096821674 0.0003513480 0.0000000000 -0.0001005167 0.0000000000
nexmd/NEXMD1/0964 1 2 14.1000000000 0.0000000000 -0.0321372216 0.0001200710 0.0000000000 -0.0000530499 0.0000000000
nexmd/NEXMD1/0964 2 1 14.7000000000 0.0000000000 -0.0072713955 0.0000564002 0.0000000000 -0.0000280742 0.0000000000
nexmd/NEXMD1/0965 2 1 4.5000000000 0.0000000000 -0.0120981668 -0.0000723712 0.0000000000 -0.0000302686 0.0000000000
nexmd/NEXMD1/0966 2 1 5.7000000000 0.0000000000 0.0017023513 0.0000001686 0.0000000000 0.0002506212 0.0000000000
nexmd/NEXMD1/0966 1 2 14.1000000000 0.0000000000 -0.0251625865 0.0000720922 0.0000000000 -0.0001356566 0.0000000000
nexmd/NEXMD1/0966 2 1 28.7000000000 0.0000000000 0.0008193128 0.0000235585 0.0000000000 0.0000215423 0.0000000000
nexmd/NEXMD1/0966 1 2 29.8000000000 0.0000000000 0.0219505724 0.0001642864 0.0000000000 -0.0001628704 0.0000000000
nexmd/NEXMD1/0966 2 1 50.3000000000 0.0000000000 0.0053392865 -0.0001350296 0.0000000000 0.0002247678 0.0000000000
nexmd/NEXMD1/0967 2 1 4.0000000000 0.0000000000 -0.0278270260 0.0001124299 0.0000000000 0.0001867917 0.0000000000
nexmd/NEXMD1/0968 2 1 4.6000000000 0.0000000000 -0.0019179668 0.0000284381 0.0000000000 0.0001450140 0.0000000000
nexmd/NEXMD1/0968 1 2 5.9000000000 0.0000000000 0.0102580744 0.0001771831 0.0000000000 0.0000423256 0.0000000000
nexmd/NEXMD1/0968 2 1 35.1000000000 0.0000000000 -0.0245148594 0.0000786031 0.0000000000 -0.0000656553 0.0000000000
nexmd/NEXMD1/0969 2 1 3.3000000000 0.0000000000 0.0062245975 -0.0001278377 0.0000000000 -0.0005147205 0.0000000000
nexmd/NEXMD1/0969 1 2 11.5000000000 0.0000000000 -0.0187533658 0.0001385723 0.0000000000 0.0003112456 0.0000000000
nexmd/NEXMD1/0969 2 1 17.1000000000 0.0000000000 0.0103142196 0.0000159018 0.0000000000 -0.0003046734 0.0000000000
nexmd/NEXMD1/0970 2 1 2.2000000000 0.0000000000 -0.0346190163 -0.0002915424 0.0000000000 0.0001337605 0.0000000000
nexmd/NEXMD1/0971 2 1 12.4000000000 0.0000000000 -0.0190929377 0.0001997488 0.0000000000 -0.0002057486 0.0000000000
nexmd/NEXMD1/0972 2 1 1.7000000000 0.0000000000 0.0076128975 0.0000678297 0.0000000000 -0.0001514367 0.0000000000
nexmd/NEXMD1/0973 2 1 0.1000000000 0.0000000000 -0.0146799380 0.0000954192 0.0000000000 -0.0001247607 0.0000000000
nexmd/NEXMD1/0974 2 1 1.5000000000 0.0000000000 0.0182385891 -0.0002328580 0.0000000000 -0.0001104411 0.0000000000
nexmd/NEXMD1/0975 2 1 1.6000000000 0.0000000000 -0.0030831887 -0.0000793689 0.0000000000 0.0001426396 0.0000000000
nexmd/NEXMD1/0975 1 2 11.7000000000 0.0000000000 -0.0284986682 0.0002049136 0.0000000000 -0.0000446718 0.0000000000
nexmd/NEXMD1/0975 2 1 12.2000000000 0.0000000000 -0.0102459170 0.0001562671 0.0000000000 -0.0000957081 0.0000000000
nexmd/NEXMD1/0976 2 1 17.0000000000 0.0000000000 -0.0236217509 0.0003019910 0.0000000000 0.0001424556 0.0000000000
nexmd/NEXMD1/0976 1 2 17.4000000000 0.0000000000 0.0201029067 0.0001392653 0.0000000000 -0.0001804246 0.0000000000
nexmd/NEXMD1/0976 2 1 30.6000000000 0.0000000000 -0.0101411068 -0.0004031786 0.0000000000 -0.0001394407 0.0000000000
nexmd/NEXMD1/0977 2 1 5.7000000000 0.0000000000 -0.0162287111 -0.0000298021 0.0000000000 0.0001260034 0.0000000000
nexmd/NEXMD1/0977 1 2 6.1000000000 0.0000000000 0.0246190683 -0.0000221016 0.0000000000 -0.0000986863 0.0000000000
nexmd/NEXMD1/0977 2 1 6.7000000000 0.0000000000 -0.0173682814 0.0000109450 0.0000000000 0.0001848424 0.0000000000
nexmd/NEXMD1/0977 1 2 7.0000000000 0.0000000000 0.0344087535 0.0000553750 0.0000000000 -0.0000881105 0.0000000000
nexmd/NEXMD1/0977 2 1 10.8000000000 0.0000000000 0.0029641598 0.0000642518 0.0000000000 -0.0001590254 0.0000000000
nexmd/NEXMD1/0978 2 1 5.4000000000 0.0000000000 -0.0235680660 0.0000445648 0.0000000000 0.0001067461 0.0000000000
nexmd/NEXMD1/0980 2 1 5.3000000000 0.0000000000 0.0360241514 0.0000796877 0.0000000000 -0.0003049854 0.0000000000
nexmd/NEXMD1/0980 1 2 13.6000000000 0.0000000000 -0.0298327696 0.0000427221 0.0000000000 0.0001324259 0.0000000000
nexmd/NEXMD1/0980 2 1 22.9000000000 0.0000000000 0.0227005882 -0.0000570642 0.0000000000 -0.0002545214 0.0000000000
nexmd/NEXMD1/0981 2 1 5.6000000000 0.0000000000 0.0214585733 0.0003103702 0.0000000000 -0.0002850808 0.0000000000
nexmd/NEXMD1/0981 1 2 13.9000000000 0.0000000000 -0.0294460926 -0.0001095992 0.0000000000 0.0001133703 0.0000000000
nexmd/NEXMD1/0981 2 1 20.5000000000 0.0000000000 0.0043598790 -0.0000263284 0.0000000000 -0.0001329247 0.0000000000
nexmd/NEXMD1/0981 1 2 21.0000000000 0.0000000000 0.0236327198 -0.0001126372 0.0000000000 0.0000073543 0.0000000000
nexmd/NEXMD1/0981 2 1 27.4000000000 0.0000000000 0.0023246178 -0.0001440001 0.0000000000 -0.0000524913 0.0000000000
nexmd/NEXMD1/0981 1 2 28.0000000000 0.0000000000 0.0397901021 -0.0002003935 0.0000000000 -0.0000560680 0.0000000000
nexmd/NEXMD1/0981 2 1 28.5000000000 0.0000000000 -0.0062220193 0.0001094022 0.0000000000 -0.0003601502 0.0000000000
nexmd/NEXMD1/0981 1 2 38.1000000000 0.0000000000 -0.0211984363 -0.0000931718 0.0000000000 0.0001593091 0.0000000000
nexmd/NEXMD1/0981 2 1 39.7000000000 0.0000000000 -0.0039142544 0.0000270402 0.0000000000 0.0000276104 0.0000000000
nexmd/NEXMD1/0981 1 2 40.6000000000 0.0000000000 0.0205125850 -0.0000337228 0.0000000000 0.0000816357 0.0000000000
nexmd/NEXMD1/0981 2 1 42.0000000000 0.0000000000 -0.0080262993 -0.0000967471 0.0000000000 -0.0000410546 0.0000000000
