nexmd/NEXMD1/0952 2 1 7.5000000000 -4079.9112499576 -4076.7265096695 -4076.6612642488 -4076.4109183109
nexmd/NEXMD1/0953 2 1 16.1000000000 -4080.1337533020 -4076.9449083299 -4076.8684891786 -4076.5049752583
nexmd/NEXMD1/0954 2 1 4.5000000000 -4079.9607189994 -4076.7512960745 -4076.7107937542 -4076.4535124177
nexmd/NEXMD1/0954 1 2 11.2000000000 -4079.8021229401 -4076.6985772772 -4076.6383486859 -4076.2698315781
nexmd/NEXMD1/0954 2 1 28.9000000000 -4079.5636017972 -4076.3343357735 -4076.3123629445 -4075.9690128295
nexmd/NEXMD1/0955 2 1 4.1000000000 -4079.9332888268 -4076.7115316263 -4076.6756487395 -4076.4483718908
nexmd/NEXMD1/0956 2 1 3.5000000000 -4080.0809775560 -4076.8031264949 -4076.7984652812 -4076.5514344030
nexmd/NEXMD1/0957 2 1 4.1000000000 -4079.8365959200 -4076.6431929687 -4076.5905108898 -4076.3198706009
nexmd/NEXMD1/0958 2 1 15.3000000000 -4080.0527051499 -4076.7427039006 -4076.6612199214 -4076.4504365064
nexmd/NEXMD1/0959 2 1 5.3000000000 -4079.6142896974 -4076.5322737123 -4076.4567577266 -4076.1497444861
nexmd/NEXMD1/0960 2 1 6.0000000000 -4079.4801696719 -4076.4561667621 -4076.3633669877 -4076.1098878308
nexmd/NEXMD1/0961 2 1 65.8000000000 -4079.9021699108 -4076.6095721169 -4076.5916183548 -4076.3183379979
nexmd/NEXMD1/0962 2 1 5.6000000000 -4079.5388496878 -4076.4933444750 -4076.4019716611 -4076.1453955690
nexmd/NEXMD1/0963 2 1 14.3000000000 -4079.8884912674 -4076.6864193605 -4076.6730243045 -4076.4013288062
nexmd/NEXMD1/0964 2 1 5.6000000000 -4079.6516133059 -4076.5650533055 -4076.4435096316 -4076.1836829746
nexmd/NEXMD1/0964 1 2 14.1000000000 -4080.0295518843 -4076.8663316716 -4076.8258414018 -4076.5075679930
nexmd/NEXMD1/0964 2 1 14.7000000000 -4080.0673355509 -4076.9349437644 -4076.8602703535 -4076.5383321143
nexmd/NEXMD1/0965 2 1 4.5000000000 -4079.8956190334 -4076.6875711214 -4076.5696784235 -4076.2693606500
nexmd/NEXMD1/0966 2 1 5.7000000000 -4079.9505525788 -4076.7751059025 -4076.5879918271 -4076.3123480671
nexmd/NEXMD1/0966 1 2 14.1000000000 -4079.5246719996 -4076.4671869149 -4076.4105564538 -4076.0308488577
nexmd/NEXMD1/0966 2 1 28.7000000000 -4079.7837168007 -4076.7462432613 -4076.5143025917 -4076.1980239528
nexmd/NEXMD1/0966 1 2 29.8000000000 -4079.5773150937 -4076.4917286274 -4076.4114853418 -4076.0698354416
nexmd/NEXMD1/0966 2 1 50.3000000000 -4079.4340591663 -4076.2751363425 -4076.2356267001 -4075.9285609535
nexmd/NEXMD1/0967 2 1 4.0000000000 -4080.1236950413 -4076.8196442684 -4076.7504739199 -4076.4421982075
nexmd/NEXMD1/0968 2 1 4.6000000000 -4080.0705888701 -4076.8491430024 -4076.6649843217 -4076.4135846203
nexmd/NEXMD1/0968 1 2 5.9000000000 -4080.0747403086 -4076.9079740734 -4076.7666421083 -4076.4302144459
nexmd/NEXMD1/0968 2 1 35.1000000000 -4079.7944407913 -4076.5315170123 -4076.4934146601 -4076.1474004180
nexmd/NEXMD1/0969 2 1 3.3000000000 -4080.1277229217 -4076.8083578732 -4076.6922062594 -4076.4670235303
nexmd/NEXMD1/0969 1 2 11.5000000000 -4079.5654366144 -4076.5474013480 -4076.4810632832 -4076.0859403108
nexmd/NEXMD1/0969 2 1 17.1000000000 -4079.6600399457 -4076.3620777736 -4076.3102502954 -4076.0888497155
nexmd/NEXMD1/0970 2 1 2.2000000000 -4080.0937860248 -4076.6958584986 -4076.6522811881 -4076.4017976273
nexmd/NEXMD1/0971 2 1 12.4000000000 -4079.9312571815 -4076.7540092068 -4076.6953345782 -4076.3471717489
nexmd/NEXMD1/0972 2 1 1.7000000000 -4080.0605303347 -4076.7099767273 -4076.6493576081 -4076.4252062639
nexmd/NEXMD1/0973 2 1 0.1000000000 -4080.0812894701 -4076.6679539582 -4076.6322041933 -4076.4065899273
nexmd/NEXMD1/0974 2 1 1.5000000000 -4080.0774748684 -4076.7842672979 -4076.7562787872 -4076.4998272762
nexmd/NEXMD1/0975 2 1 1.6000000000 -4080.1082809149 -4076.8665873691 -4076.7958770359 -4076.5466019042
nexmd/NEXMD1/0975 1 2 11.7000000000 -4079.8867810174 -4076.6407894152 -4076.6144524229 -4076.3600200274
nexmd/NEXMD1/0975 2 1 12.2000000000 -4079.8487753818 -4076.5876410203 -4076.5528726837 -4076.3304637242
nexmd/NEXMD1/0976 2 1 17.0000000000 -4079.8070872251 -4076.5958471578 -4076.5550557759 -4076.3583954403
nexmd/NEXMD1/0976 1 2 17.4000000000 -4079.8183420322 -4076.6300806536 -4076.5747229829 -4076.3667441702
nexmd/NEXMD1/0976 2 1 30.6000000000 -4080.0298787769 -4076.8275123079 -4076.7705099205 -4076.4799974640
nexmd/NEXMD1/0977 2 1 5.7000000000 -4080.2914213091 -4077.1312744310 -4077.0844983650 -4076.7369826008
nexmd/NEXMD1/0977 1 2 6.1000000000 -4080.3242551727 -4077.1595113054 -4077.1089760005 -4076.7623359509
nexmd/NEXMD1/0977 2 1 6.7000000000 -4080.2883264583 -4077.1301153223 -4077.0803752204 -4076.7274148817
nexmd/NEXMD1/0977 1 2 7.0000000000 -4080.3012646288 -4077.1393159017 -4077.0941292421 -4076.7359959963
nexmd/NEXMD1/0977 2 1 10.8000000000 -4079.9227998685 -4076.7902955557 -4076.6413736927 -4076.3461042467
nexmd/NEXMD1/0978 2 1 5.4000000000 -4080.1430742063 -4076.9850476667 -4076.9284953615 -4076.5815818553
nexmd/NEXMD1/0980 2 1 5.3000000000 -4079.9685530128 -4076.7398926126 -4076.6890536884 -4076.3610399633
nexmd/NEXMD1/0980 1 2 13.6000000000 -4079.7121159417 -4076.5593185683 -4076.4964165401 -4076.2034231145
nexmd/NEXMD1/0980 2 1 22.9000000000 -4079.8141036265 -4076.7165893405 -4076.6663881223 -4076.3952054730
nexmd/NEXMD1/0981 2 1 5.6000000000 -4080.0944482479 -4076.8732611770 -4076.8199870041 -4076.5176987200
nexmd/NEXMD1/0981 1 2 13.9000000000 -4079.8217841752 -4076.6095523467 -4076.5490379548 -4076.2443304939
nexmd/NEXMD1/0981 2 1 20.5000000000 -4080.0592155168 -4076.9700798889 -4076.8303334135 -4076.5400164011
nexmd/NEXMD1/0981 1 2 21.0000000000 -4079.9700229351 -4076.8851962959 -4076.8064626478 -4076.5477346918
nexmd/NEXMD1/0981 2 1 27.4000000000 -4080.1998343586 -4076.9854512216 -4076.8274756245 -4076.5581434349
nexmd/NEXMD1/0981 1 2 28.0000000000 -4080.1461311858 -4076.8570331977 -4076.8069805245 -4076.5073494610
nexmd/NEXMD1/0981 2 1 28.5000000000 -4080.1787782956 -4076.8888906406 -4076.7824991699 -4076.5318134726
nexmd/NEXMD1/0981 1 2 38.1000000000 -4079.9199619278 -4076.9470973285 -4076.8711225692 -4076.4778333919
nexmd/NEXMD1/0981 2 1 39.7000000000 -4079.9460994706 -4076.9396151483 -4076.8136326344 -4076.4527043146
nexmd/NEXMD1/0981 1 2 40.6000000000 -4079.9129502134 -4076.8498811764 -4076.7937333984 -4076.4565255761
nexmd/NEXMD1/0981 2 1 42.0000000000 -4079.9834875096 -4076.8543293353 -4076.7817905580 -4076.4236744379
