Total trajectories:  0350
Completed trajectories:  0150
Excellent trajectories:  0150
000.00 0.000 1.000 0.000 1.000 0.000 1.000 0.000 1.000
000.10 0.007 0.993 0.000 1.000 0.007 0.993 0.001 1.000
000.20 0.013 0.980 0.007 1.000 0.014 0.978 0.008 1.000
000.30 0.013 0.980 0.007 1.000 0.014 0.976 0.010 1.000
000.40 0.013 0.980 0.007 1.000 0.014 0.972 0.014 1.000
000.50 0.013 0.967 0.020 1.000 0.014 0.961 0.025 1.000
000.60 0.013 0.953 0.033 1.000 0.015 0.949 0.036 1.000
000.70 0.013 0.960 0.027 1.000 0.016 0.955 0.029 1.000
000.80 0.013 0.973 0.013 1.000 0.017 0.966 0.017 1.000
000.90 0.013 0.973 0.013 1.000 0.018 0.962 0.020 1.000
001.00 0.013 0.967 0.020 1.000 0.020 0.954 0.027 1.000
001.10 0.013 0.967 0.020 1.000 0.021 0.954 0.025 1.000
001.20 0.013 0.967 0.020 1.000 0.023 0.950 0.028 1.000
001.30 0.013 0.960 0.027 1.000 0.024 0.944 0.032 1.000
001.40 0.013 0.967 0.020 1.000 0.026 0.949 0.025 1.000
001.50 0.020 0.960 0.020 1.000 0.034 0.940 0.026 1.000
001.60 0.033 0.953 0.013 1.000 0.045 0.932 0.023 1.000
001.70 0.040 0.947 0.013 1.000 0.048 0.927 0.024 1.000
001.80 0.040 0.940 0.020 1.000 0.050 0.917 0.033 1.000
001.90 0.040 0.933 0.027 1.000 0.051 0.909 0.040 1.000
002.00 0.040 0.927 0.033 1.000 0.052 0.899 0.049 1.000
002.10 0.040 0.927 0.033 1.000 0.054 0.895 0.051 1.000
002.20 0.053 0.913 0.033 1.000 0.068 0.880 0.052 1.000
002.30 0.060 0.913 0.027 1.000 0.075 0.878 0.047 1.000
002.40 0.060 0.907 0.033 1.000 0.078 0.873 0.049 1.000
002.50 0.073 0.893 0.033 1.000 0.092 0.860 0.048 1.000
002.60 0.073 0.893 0.033 1.000 0.098 0.854 0.048 1.000
002.70 0.067 0.900 0.033 1.000 0.101 0.853 0.046 1.000
002.80 0.073 0.893 0.033 1.000 0.115 0.844 0.041 1.000
002.90 0.087 0.880 0.033 1.000 0.134 0.826 0.040 1.000
003.00 0.100 0.873 0.027 1.000 0.148 0.813 0.039 1.000
003.10 0.127 0.847 0.027 1.000 0.167 0.794 0.038 1.000
003.20 0.147 0.827 0.027 1.000 0.189 0.779 0.032 1.000
003.30 0.167 0.807 0.027 1.000 0.212 0.757 0.032 1.000
003.40 0.173 0.800 0.027 1.000 0.221 0.747 0.032 1.000
003.50 0.180 0.793 0.027 1.000 0.233 0.734 0.033 1.000
003.60 0.180 0.787 0.033 1.000 0.238 0.725 0.037 1.000
003.70 0.200 0.760 0.040 1.000 0.256 0.701 0.043 1.000
003.80 0.220 0.740 0.040 1.000 0.274 0.683 0.043 1.000
003.90 0.247 0.713 0.040 1.000 0.303 0.654 0.043 1.000
004.00 0.273 0.687 0.040 1.000 0.322 0.635 0.043 1.000
004.10 0.307 0.653 0.040 1.000 0.357 0.602 0.041 1.000
004.20 0.320 0.640 0.040 1.000 0.370 0.589 0.041 1.000
004.30 0.320 0.640 0.040 1.000 0.376 0.582 0.041 1.000
004.40 0.333 0.627 0.040 1.000 0.382 0.577 0.041 1.000
004.50 0.380 0.573 0.047 1.000 0.421 0.532 0.047 1.000
004.60 0.393 0.567 0.040 1.000 0.430 0.529 0.041 1.000
004.70 0.400 0.560 0.040 1.000 0.438 0.520 0.042 1.000
004.80 0.407 0.553 0.040 1.000 0.450 0.508 0.042 1.000
004.90 0.420 0.540 0.040 1.000 0.462 0.498 0.041 1.000
005.00 0.440 0.520 0.040 1.000 0.482 0.478 0.041 1.000
005.10 0.433 0.527 0.040 1.000 0.487 0.472 0.041 1.000
005.20 0.440 0.520 0.040 1.000 0.498 0.461 0.041 1.000
005.30 0.460 0.507 0.033 1.000 0.512 0.451 0.038 1.000
005.40 0.493 0.480 0.027 1.000 0.537 0.427 0.037 1.000
005.50 0.493 0.480 0.027 1.000 0.537 0.424 0.039 1.000
005.60 0.520 0.453 0.027 1.000 0.549 0.416 0.035 1.000
005.70 0.540 0.433 0.027 1.000 0.560 0.405 0.035 1.000
005.80 0.547 0.427 0.027 1.000 0.562 0.402 0.036 1.000
005.90 0.553 0.420 0.027 1.000 0.563 0.399 0.037 1.000
006.00 0.567 0.407 0.027 1.000 0.568 0.394 0.038 1.000
006.10 0.567 0.407 0.027 1.000 0.567 0.395 0.038 1.000
006.20 0.573 0.400 0.027 1.000 0.571 0.391 0.038 1.000
006.30 0.573 0.400 0.027 1.000 0.569 0.392 0.039 1.000
006.40 0.573 0.400 0.027 1.000 0.565 0.395 0.040 1.000
006.50 0.567 0.407 0.027 1.000 0.558 0.402 0.041 1.000
006.60 0.580 0.393 0.027 1.000 0.566 0.392 0.042 1.000
006.70 0.607 0.367 0.027 1.000 0.583 0.376 0.042 1.000
006.80 0.620 0.353 0.027 1.000 0.593 0.365 0.042 1.000
006.90 0.627 0.347 0.027 1.000 0.593 0.364 0.043 1.000
007.00 0.633 0.340 0.027 1.000 0.597 0.360 0.043 1.000
007.10 0.640 0.333 0.027 1.000 0.602 0.350 0.048 1.000
007.20 0.640 0.333 0.027 1.000 0.604 0.344 0.052 1.000
007.30 0.653 0.320 0.027 1.000 0.608 0.337 0.055 1.000
007.40 0.653 0.320 0.027 1.000 0.605 0.338 0.057 1.000
007.50 0.660 0.313 0.027 1.000 0.603 0.336 0.061 1.000
007.60 0.660 0.307 0.033 1.000 0.600 0.330 0.069 1.000
007.70 0.660 0.307 0.033 1.000 0.597 0.333 0.070 1.000
007.80 0.660 0.307 0.033 1.000 0.595 0.336 0.069 1.000
007.90 0.660 0.307 0.033 1.000 0.592 0.338 0.070 1.000
008.00 0.660 0.307 0.033 1.000 0.583 0.341 0.076 1.000
008.10 0.660 0.307 0.033 1.000 0.585 0.340 0.075 1.000
008.20 0.660 0.307 0.033 1.000 0.583 0.343 0.074 1.000
008.30 0.653 0.313 0.033 1.000 0.582 0.344 0.074 1.000
008.40 0.660 0.307 0.033 1.000 0.587 0.341 0.072 1.000
008.50 0.653 0.313 0.033 1.000 0.579 0.345 0.075 1.000
008.60 0.653 0.313 0.033 1.000 0.579 0.348 0.073 1.000
008.70 0.653 0.313 0.033 1.000 0.578 0.353 0.069 1.000
008.80 0.653 0.313 0.033 1.000 0.581 0.351 0.068 1.000
008.90 0.653 0.313 0.033 1.000 0.581 0.350 0.069 1.000
009.00 0.653 0.313 0.033 1.000 0.581 0.352 0.067 1.000
009.10 0.660 0.307 0.033 1.000 0.585 0.343 0.072 1.000
009.20 0.660 0.307 0.033 1.000 0.583 0.346 0.071 1.000
009.30 0.660 0.313 0.027 1.000 0.581 0.352 0.066 1.000
009.40 0.660 0.313 0.027 1.000 0.580 0.355 0.066 1.000
009.50 0.660 0.313 0.027 1.000 0.580 0.357 0.063 1.000
009.60 0.660 0.313 0.027 1.000 0.577 0.359 0.064 1.000
009.70 0.660 0.313 0.027 1.000 0.574 0.361 0.065 1.000
009.80 0.660 0.313 0.027 1.000 0.571 0.362 0.067 1.000
009.90 0.660 0.313 0.027 1.000 0.570 0.362 0.068 1.000
010.00 0.660 0.313 0.027 1.000 0.568 0.365 0.067 1.000
010.10 0.653 0.320 0.027 1.000 0.565 0.366 0.070 1.000
010.20 0.653 0.320 0.027 1.000 0.568 0.361 0.071 1.000
010.30 0.653 0.320 0.027 1.000 0.570 0.359 0.071 1.000
010.40 0.660 0.313 0.027 1.000 0.572 0.357 0.071 1.000
010.50 0.660 0.313 0.027 1.000 0.571 0.359 0.070 1.000
010.60 0.667 0.307 0.027 1.000 0.573 0.357 0.070 1.000
010.70 0.667 0.307 0.027 1.000 0.570 0.359 0.071 1.000
010.80 0.680 0.293 0.027 1.000 0.578 0.349 0.073 1.000
010.90 0.680 0.293 0.027 1.000 0.573 0.355 0.072 1.000
011.00 0.673 0.300 0.027 1.000 0.564 0.365 0.071 1.000
011.10 0.673 0.300 0.027 1.000 0.561 0.368 0.071 1.000
011.20 0.660 0.313 0.027 1.000 0.546 0.384 0.071 1.000
011.30 0.660 0.313 0.027 1.000 0.542 0.389 0.070 1.000
011.40 0.653 0.320 0.027 1.000 0.540 0.392 0.069 1.000
011.50 0.647 0.327 0.027 1.000 0.541 0.391 0.069 1.000
011.60 0.647 0.327 0.027 1.000 0.539 0.392 0.069 1.000
011.70 0.647 0.333 0.020 1.000 0.538 0.396 0.065 1.000
011.80 0.653 0.327 0.020 1.000 0.547 0.388 0.065 1.000
011.90 0.653 0.327 0.020 1.000 0.547 0.389 0.064 1.000
012.00 0.653 0.327 0.020 1.000 0.554 0.382 0.064 1.000
012.10 0.660 0.320 0.020 1.000 0.555 0.382 0.063 1.000
012.20 0.667 0.313 0.020 1.000 0.558 0.386 0.055 1.000
012.30 0.660 0.313 0.027 1.000 0.551 0.390 0.059 1.000
012.40 0.660 0.313 0.027 1.000 0.544 0.397 0.059 1.000
012.50 0.640 0.333 0.027 1.000 0.528 0.403 0.069 1.000
012.60 0.647 0.327 0.027 1.000 0.523 0.408 0.069 1.000
012.70 0.640 0.333 0.027 1.000 0.520 0.418 0.062 1.000
012.80 0.620 0.353 0.027 1.000 0.512 0.425 0.062 1.000
012.90 0.620 0.360 0.020 1.000 0.508 0.436 0.057 1.000
013.00 0.620 0.360 0.020 1.000 0.507 0.436 0.057 1.000
013.10 0.627 0.353 0.020 1.000 0.512 0.431 0.056 1.000
013.20 0.627 0.353 0.020 1.000 0.514 0.430 0.056 1.000
013.30 0.620 0.360 0.020 1.000 0.511 0.434 0.055 1.000
013.40 0.633 0.347 0.020 1.000 0.522 0.423 0.055 1.000
013.50 0.640 0.340 0.020 1.000 0.527 0.418 0.055 1.000
013.60 0.633 0.340 0.027 1.000 0.526 0.414 0.060 1.000
013.70 0.627 0.347 0.027 1.000 0.530 0.410 0.060 1.000
013.80 0.627 0.347 0.027 1.000 0.533 0.407 0.060 1.000
013.90 0.633 0.340 0.027 1.000 0.538 0.404 0.058 1.000
014.00 0.633 0.340 0.027 1.000 0.538 0.406 0.056 1.000
014.10 0.620 0.353 0.027 1.000 0.538 0.408 0.055 1.000
014.20 0.633 0.340 0.027 1.000 0.550 0.396 0.054 1.000
014.30 0.640 0.333 0.027 1.000 0.563 0.384 0.053 1.000
014.40 0.640 0.333 0.027 1.000 0.564 0.384 0.053 1.000
014.50 0.633 0.340 0.027 1.000 0.552 0.396 0.052 1.000
014.60 0.647 0.327 0.027 1.000 0.561 0.387 0.052 1.000
014.70 0.653 0.320 0.027 1.000 0.562 0.386 0.052 1.000
014.80 0.647 0.327 0.027 1.000 0.558 0.390 0.052 1.000
014.90 0.653 0.320 0.027 1.000 0.561 0.387 0.053 1.000
015.00 0.653 0.327 0.020 1.000 0.558 0.391 0.051 1.000
015.10 0.653 0.327 0.020 1.000 0.556 0.391 0.053 1.000
015.20 0.653 0.327 0.020 1.000 0.553 0.392 0.055 1.000
015.30 0.660 0.320 0.020 1.000 0.554 0.388 0.058 1.000
015.40 0.653 0.327 0.020 1.000 0.552 0.386 0.061 1.000
015.50 0.653 0.327 0.020 1.000 0.549 0.389 0.063 1.000
015.60 0.653 0.320 0.027 1.000 0.546 0.386 0.068 1.000
015.70 0.653 0.320 0.027 1.000 0.543 0.388 0.069 1.000
015.80 0.647 0.327 0.027 1.000 0.540 0.390 0.069 1.000
015.90 0.647 0.327 0.027 1.000 0.539 0.391 0.070 1.000
016.00 0.647 0.327 0.027 1.000 0.539 0.391 0.070 1.000
016.10 0.653 0.320 0.027 1.000 0.544 0.386 0.071 1.000
016.20 0.667 0.307 0.027 1.000 0.556 0.373 0.071 1.000
016.30 0.667 0.307 0.027 1.000 0.563 0.365 0.072 1.000
016.40 0.673 0.300 0.027 1.000 0.572 0.355 0.073 1.000
016.50 0.673 0.300 0.027 1.000 0.572 0.354 0.074 1.000
016.60 0.680 0.300 0.020 1.000 0.574 0.360 0.066 1.000
016.70 0.680 0.300 0.020 1.000 0.573 0.362 0.064 1.000
016.80 0.680 0.300 0.020 1.000 0.573 0.361 0.066 1.000
016.90 0.687 0.293 0.020 1.000 0.578 0.353 0.069 1.000
017.00 0.693 0.287 0.020 1.000 0.579 0.351 0.070 1.000
017.10 0.700 0.280 0.020 1.000 0.585 0.346 0.070 1.000
017.20 0.700 0.280 0.020 1.000 0.588 0.343 0.070 1.000
017.30 0.707 0.273 0.020 1.000 0.593 0.337 0.069 1.000
017.40 0.700 0.287 0.013 1.000 0.587 0.346 0.067 1.000
017.50 0.707 0.280 0.013 1.000 0.590 0.343 0.067 1.000
017.60 0.707 0.280 0.013 1.000 0.592 0.339 0.068 1.000
017.70 0.707 0.280 0.013 1.000 0.591 0.341 0.068 1.000
017.80 0.707 0.280 0.013 1.000 0.591 0.341 0.068 1.000
017.90 0.707 0.280 0.013 1.000 0.591 0.341 0.069 1.000
018.00 0.707 0.280 0.013 1.000 0.591 0.339 0.070 1.000
018.10 0.713 0.273 0.013 1.000 0.594 0.334 0.072 1.000
018.20 0.713 0.273 0.013 1.000 0.600 0.326 0.074 1.000
018.30 0.720 0.267 0.013 1.000 0.606 0.320 0.074 1.000
018.40 0.727 0.260 0.013 1.000 0.611 0.314 0.075 1.000
018.50 0.727 0.260 0.013 1.000 0.610 0.314 0.076 1.000
018.60 0.727 0.260 0.013 1.000 0.609 0.314 0.077 1.000
018.70 0.727 0.267 0.007 1.000 0.610 0.318 0.072 1.000
018.80 0.727 0.267 0.007 1.000 0.609 0.319 0.072 1.000
018.90 0.727 0.267 0.007 1.000 0.608 0.319 0.073 1.000
019.00 0.727 0.267 0.007 1.000 0.607 0.318 0.075 1.000
019.10 0.727 0.267 0.007 1.000 0.606 0.319 0.075 1.000
019.20 0.727 0.267 0.007 1.000 0.605 0.320 0.075 1.000
019.30 0.720 0.273 0.007 1.000 0.599 0.322 0.079 1.000
019.40 0.720 0.273 0.007 1.000 0.599 0.321 0.080 1.000
019.50 0.727 0.267 0.007 1.000 0.602 0.319 0.079 1.000
019.60 0.727 0.267 0.007 1.000 0.602 0.320 0.079 1.000
019.70 0.727 0.267 0.007 1.000 0.601 0.321 0.079 1.000
019.80 0.727 0.267 0.007 1.000 0.600 0.321 0.079 1.000
019.90 0.727 0.267 0.007 1.000 0.600 0.321 0.080 1.000
020.00 0.720 0.273 0.007 1.000 0.597 0.322 0.081 1.000
020.10 0.727 0.267 0.007 1.000 0.605 0.320 0.075 1.000
020.20 0.733 0.260 0.007 1.000 0.608 0.318 0.074 1.000
020.30 0.733 0.260 0.007 1.000 0.609 0.318 0.073 1.000
020.40 0.733 0.260 0.007 1.000 0.610 0.317 0.073 1.000
020.50 0.740 0.253 0.007 1.000 0.613 0.313 0.074 1.000
020.60 0.740 0.253 0.007 1.000 0.614 0.312 0.074 1.000
020.70 0.740 0.253 0.007 1.000 0.615 0.312 0.074 1.000
020.80 0.740 0.253 0.007 1.000 0.615 0.312 0.073 1.000
020.90 0.740 0.253 0.007 1.000 0.616 0.312 0.072 1.000
021.00 0.733 0.260 0.007 1.000 0.610 0.317 0.073 1.000
021.10 0.733 0.260 0.007 1.000 0.611 0.316 0.074 1.000
021.20 0.733 0.260 0.007 1.000 0.611 0.316 0.073 1.000
021.30 0.740 0.253 0.007 1.000 0.617 0.311 0.072 1.000
021.40 0.740 0.253 0.007 1.000 0.617 0.313 0.070 1.000
021.50 0.740 0.253 0.007 1.000 0.617 0.313 0.071 1.000
021.60 0.740 0.253 0.007 1.000 0.616 0.312 0.072 1.000
021.70 0.740 0.253 0.007 1.000 0.616 0.309 0.075 1.000
021.80 0.740 0.253 0.007 1.000 0.615 0.309 0.075 1.000
021.90 0.747 0.247 0.007 1.000 0.619 0.305 0.076 1.000
022.00 0.747 0.247 0.007 1.000 0.618 0.305 0.077 1.000
022.10 0.747 0.247 0.007 1.000 0.615 0.307 0.078 1.000
022.20 0.753 0.240 0.007 1.000 0.617 0.304 0.079 1.000
022.30 0.753 0.247 0.000 1.000 0.614 0.313 0.074 1.000
022.40 0.760 0.233 0.007 1.000 0.615 0.305 0.080 1.000
022.50 0.760 0.233 0.007 1.000 0.616 0.303 0.081 1.000
022.60 0.760 0.233 0.007 1.000 0.620 0.298 0.082 1.000
022.70 0.753 0.240 0.007 1.000 0.613 0.304 0.083 1.000
022.80 0.747 0.247 0.007 1.000 0.614 0.297 0.089 1.000
022.90 0.753 0.233 0.013 1.000 0.615 0.295 0.091 1.000
023.00 0.747 0.240 0.013 1.000 0.612 0.298 0.091 1.000
023.10 0.747 0.240 0.013 1.000 0.610 0.299 0.091 1.000
023.20 0.753 0.233 0.013 1.000 0.612 0.298 0.090 1.000
023.30 0.753 0.233 0.013 1.000 0.613 0.297 0.089 1.000
023.40 0.760 0.227 0.013 1.000 0.620 0.291 0.089 1.000
023.50 0.767 0.220 0.013 1.000 0.627 0.285 0.088 1.000
023.60 0.773 0.213 0.013 1.000 0.632 0.281 0.087 1.000
023.70 0.773 0.213 0.013 1.000 0.631 0.283 0.086 1.000
023.80 0.773 0.213 0.013 1.000 0.630 0.286 0.084 1.000
023.90 0.773 0.213 0.013 1.000 0.629 0.288 0.083 1.000
024.00 0.773 0.213 0.013 1.000 0.628 0.291 0.081 1.000
024.10 0.773 0.213 0.013 1.000 0.627 0.292 0.080 1.000
024.20 0.780 0.207 0.013 1.000 0.626 0.291 0.083 1.000
024.30 0.780 0.207 0.013 1.000 0.625 0.291 0.084 1.000
024.40 0.780 0.207 0.013 1.000 0.624 0.292 0.084 1.000
024.50 0.780 0.207 0.013 1.000 0.627 0.290 0.083 1.000
024.60 0.780 0.207 0.013 1.000 0.628 0.290 0.082 1.000
024.70 0.780 0.207 0.013 1.000 0.628 0.290 0.082 1.000
024.80 0.780 0.207 0.013 1.000 0.628 0.291 0.081 1.000
024.90 0.787 0.200 0.013 1.000 0.629 0.291 0.080 1.000
025.00 0.793 0.193 0.013 1.000 0.635 0.283 0.082 1.000
025.10 0.793 0.193 0.013 1.000 0.640 0.279 0.081 1.000
025.20 0.793 0.193 0.013 1.000 0.640 0.278 0.081 1.000
025.30 0.793 0.193 0.013 1.000 0.645 0.273 0.082 1.000
025.40 0.793 0.193 0.013 1.000 0.649 0.269 0.082 1.000
025.50 0.793 0.193 0.013 1.000 0.648 0.270 0.082 1.000
025.60 0.793 0.193 0.013 1.000 0.646 0.275 0.080 1.000
025.70 0.793 0.193 0.013 1.000 0.645 0.274 0.081 1.000
025.80 0.793 0.193 0.013 1.000 0.644 0.272 0.084 1.000
025.90 0.793 0.193 0.013 1.000 0.646 0.268 0.086 1.000
026.00 0.793 0.193 0.013 1.000 0.649 0.265 0.086 1.000
026.10 0.780 0.207 0.013 1.000 0.641 0.274 0.086 1.000
026.20 0.780 0.207 0.013 1.000 0.640 0.274 0.085 1.000
026.30 0.780 0.207 0.013 1.000 0.640 0.276 0.084 1.000
026.40 0.787 0.200 0.013 1.000 0.643 0.275 0.082 1.000
026.50 0.787 0.200 0.013 1.000 0.654 0.270 0.075 1.000
026.60 0.787 0.200 0.013 1.000 0.655 0.270 0.075 1.000
026.70 0.787 0.200 0.013 1.000 0.656 0.269 0.075 1.000
026.80 0.787 0.200 0.013 1.000 0.656 0.269 0.075 1.000
026.90 0.787 0.200 0.013 1.000 0.657 0.268 0.075 1.000
027.00 0.787 0.200 0.013 1.000 0.657 0.269 0.074 1.000
027.10 0.787 0.200 0.013 1.000 0.658 0.268 0.075 1.000
027.20 0.787 0.200 0.013 1.000 0.658 0.267 0.075 1.000
027.30 0.787 0.200 0.013 1.000 0.659 0.266 0.075 1.000
027.40 0.793 0.193 0.013 1.000 0.665 0.260 0.075 1.000
027.50 0.793 0.193 0.013 1.000 0.666 0.259 0.075 1.000
027.60 0.793 0.193 0.013 1.000 0.672 0.253 0.075 1.000
027.70 0.793 0.193 0.013 1.000 0.673 0.252 0.075 1.000
027.80 0.800 0.187 0.013 1.000 0.675 0.250 0.075 1.000
027.90 0.800 0.187 0.013 1.000 0.676 0.249 0.075 1.000
028.00 0.793 0.193 0.013 1.000 0.671 0.249 0.081 1.000
028.10 0.807 0.180 0.013 1.000 0.681 0.237 0.082 1.000
028.20 0.807 0.180 0.013 1.000 0.681 0.238 0.081 1.000
028.30 0.807 0.180 0.013 1.000 0.681 0.237 0.082 1.000
028.40 0.807 0.180 0.013 1.000 0.681 0.238 0.081 1.000
028.50 0.813 0.173 0.013 1.000 0.687 0.232 0.081 1.000
028.60 0.813 0.173 0.013 1.000 0.688 0.232 0.081 1.000
028.70 0.820 0.167 0.013 1.000 0.693 0.228 0.080 1.000
028.80 0.820 0.167 0.013 1.000 0.692 0.231 0.078 1.000
028.90 0.827 0.160 0.013 1.000 0.692 0.231 0.077 1.000
029.00 0.827 0.160 0.013 1.000 0.690 0.232 0.078 1.000
029.10 0.827 0.160 0.013 1.000 0.696 0.226 0.078 1.000
029.20 0.827 0.160 0.013 1.000 0.695 0.225 0.081 1.000
029.30 0.827 0.160 0.013 1.000 0.698 0.221 0.081 1.000
029.40 0.827 0.160 0.013 1.000 0.697 0.222 0.081 1.000
029.50 0.827 0.160 0.013 1.000 0.698 0.220 0.082 1.000
029.60 0.827 0.160 0.013 1.000 0.699 0.219 0.082 1.000
029.70 0.827 0.160 0.013 1.000 0.698 0.219 0.083 1.000
029.80 0.820 0.167 0.013 1.000 0.692 0.225 0.083 1.000
029.90 0.813 0.173 0.013 1.000 0.690 0.227 0.083 1.000
030.00 0.820 0.167 0.013 1.000 0.695 0.221 0.085 1.000
030.10 0.820 0.167 0.013 1.000 0.695 0.220 0.085 1.000
030.20 0.820 0.167 0.013 1.000 0.695 0.220 0.085 1.000
030.30 0.833 0.153 0.013 1.000 0.703 0.213 0.084 1.000
030.40 0.827 0.160 0.013 1.000 0.697 0.221 0.083 1.000
030.50 0.827 0.160 0.013 1.000 0.697 0.220 0.083 1.000
030.60 0.833 0.153 0.013 1.000 0.699 0.218 0.083 1.000
030.70 0.833 0.153 0.013 1.000 0.699 0.218 0.083 1.000
030.80 0.847 0.140 0.013 1.000 0.704 0.213 0.083 1.000
030.90 0.847 0.140 0.013 1.000 0.705 0.212 0.083 1.000
031.00 0.840 0.147 0.013 1.000 0.700 0.218 0.083 1.000
031.10 0.840 0.147 0.013 1.000 0.699 0.218 0.082 1.000
031.20 0.840 0.147 0.013 1.000 0.699 0.219 0.082 1.000
031.30 0.840 0.147 0.013 1.000 0.699 0.218 0.083 1.000
031.40 0.840 0.147 0.013 1.000 0.698 0.219 0.083 1.000
031.50 0.840 0.147 0.013 1.000 0.697 0.221 0.082 1.000
031.60 0.840 0.147 0.013 1.000 0.696 0.222 0.082 1.000
031.70 0.833 0.153 0.013 1.000 0.700 0.218 0.082 1.000
031.80 0.833 0.153 0.013 1.000 0.699 0.219 0.083 1.000
031.90 0.833 0.153 0.013 1.000 0.704 0.216 0.080 1.000
032.00 0.833 0.153 0.013 1.000 0.703 0.217 0.081 1.000
032.10 0.833 0.153 0.013 1.000 0.701 0.218 0.081 1.000
032.20 0.833 0.153 0.013 1.000 0.700 0.219 0.081 1.000
032.30 0.827 0.167 0.007 1.000 0.696 0.229 0.075 1.000
032.40 0.827 0.167 0.007 1.000 0.695 0.230 0.075 1.000
032.50 0.827 0.167 0.007 1.000 0.697 0.229 0.074 1.000
032.60 0.827 0.167 0.007 1.000 0.704 0.228 0.068 1.000
032.70 0.827 0.167 0.007 1.000 0.704 0.228 0.068 1.000
032.80 0.833 0.160 0.007 1.000 0.709 0.223 0.068 1.000
032.90 0.833 0.160 0.007 1.000 0.709 0.225 0.066 1.000
033.00 0.827 0.167 0.007 1.000 0.704 0.229 0.067 1.000
033.10 0.827 0.167 0.007 1.000 0.707 0.224 0.069 1.000
033.20 0.827 0.167 0.007 1.000 0.707 0.223 0.070 1.000
033.30 0.827 0.167 0.007 1.000 0.707 0.223 0.070 1.000
033.40 0.827 0.167 0.007 1.000 0.707 0.221 0.071 1.000
033.50 0.827 0.167 0.007 1.000 0.713 0.218 0.069 1.000
033.60 0.827 0.167 0.007 1.000 0.714 0.218 0.068 1.000
033.70 0.833 0.160 0.007 1.000 0.718 0.218 0.064 1.000
033.80 0.833 0.160 0.007 1.000 0.719 0.218 0.063 1.000
033.90 0.833 0.160 0.007 1.000 0.719 0.218 0.063 1.000
034.00 0.840 0.153 0.007 1.000 0.725 0.212 0.064 1.000
034.10 0.840 0.153 0.007 1.000 0.724 0.212 0.064 1.000
034.20 0.833 0.160 0.007 1.000 0.720 0.215 0.064 1.000
034.30 0.840 0.153 0.007 1.000 0.722 0.212 0.065 1.000
034.40 0.840 0.153 0.007 1.000 0.722 0.212 0.066 1.000
034.50 0.840 0.153 0.007 1.000 0.722 0.211 0.067 1.000
034.60 0.840 0.153 0.007 1.000 0.722 0.210 0.068 1.000
034.70 0.847 0.147 0.007 1.000 0.729 0.203 0.069 1.000
034.80 0.847 0.147 0.007 1.000 0.729 0.200 0.071 1.000
034.90 0.847 0.147 0.007 1.000 0.729 0.200 0.072 1.000
035.00 0.847 0.147 0.007 1.000 0.729 0.199 0.072 1.000
035.10 0.860 0.133 0.007 1.000 0.734 0.194 0.073 1.000
035.20 0.860 0.133 0.007 1.000 0.732 0.195 0.073 1.000
035.30 0.860 0.133 0.007 1.000 0.731 0.196 0.074 1.000
035.40 0.860 0.133 0.007 1.000 0.734 0.193 0.073 1.000
035.50 0.860 0.133 0.007 1.000 0.735 0.192 0.073 1.000
035.60 0.860 0.133 0.007 1.000 0.735 0.193 0.073 1.000
035.70 0.860 0.133 0.007 1.000 0.734 0.194 0.072 1.000
035.80 0.860 0.133 0.007 1.000 0.733 0.196 0.071 1.000
035.90 0.860 0.133 0.007 1.000 0.732 0.196 0.071 1.000
036.00 0.860 0.133 0.007 1.000 0.731 0.197 0.072 1.000
036.10 0.860 0.133 0.007 1.000 0.735 0.195 0.070 1.000
036.20 0.860 0.133 0.007 1.000 0.734 0.195 0.071 1.000
036.30 0.860 0.133 0.007 1.000 0.735 0.194 0.071 1.000
036.40 0.860 0.133 0.007 1.000 0.734 0.196 0.070 1.000
036.50 0.860 0.133 0.007 1.000 0.735 0.195 0.070 1.000
036.60 0.860 0.133 0.007 1.000 0.734 0.195 0.071 1.000
036.70 0.860 0.133 0.007 1.000 0.734 0.194 0.072 1.000
036.80 0.860 0.133 0.007 1.000 0.736 0.191 0.073 1.000
036.90 0.867 0.127 0.007 1.000 0.737 0.189 0.073 1.000
037.00 0.867 0.127 0.007 1.000 0.737 0.188 0.075 1.000
037.10 0.867 0.127 0.007 1.000 0.737 0.186 0.076 1.000
037.20 0.867 0.127 0.007 1.000 0.737 0.186 0.077 1.000
037.30 0.867 0.127 0.007 1.000 0.737 0.185 0.078 1.000
037.40 0.867 0.127 0.007 1.000 0.737 0.184 0.078 1.000
037.50 0.867 0.127 0.007 1.000 0.738 0.184 0.078 1.000
037.60 0.873 0.120 0.007 1.000 0.742 0.181 0.078 1.000
037.70 0.867 0.127 0.007 1.000 0.736 0.187 0.077 1.000
037.80 0.867 0.127 0.007 1.000 0.736 0.189 0.075 1.000
037.90 0.867 0.127 0.007 1.000 0.735 0.190 0.075 1.000
038.00 0.867 0.127 0.007 1.000 0.735 0.189 0.076 1.000
038.10 0.860 0.133 0.007 1.000 0.729 0.193 0.077 1.000
038.20 0.860 0.133 0.007 1.000 0.730 0.192 0.078 1.000
038.30 0.860 0.133 0.007 1.000 0.731 0.190 0.079 1.000
038.40 0.860 0.133 0.007 1.000 0.732 0.188 0.080 1.000
038.50 0.860 0.133 0.007 1.000 0.733 0.186 0.081 1.000
038.60 0.860 0.133 0.007 1.000 0.736 0.182 0.082 1.000
038.70 0.867 0.127 0.007 1.000 0.745 0.171 0.084 1.000
038.80 0.873 0.120 0.007 1.000 0.750 0.164 0.085 1.000
038.90 0.873 0.120 0.007 1.000 0.750 0.163 0.087 1.000
039.00 0.873 0.120 0.007 1.000 0.749 0.163 0.088 1.000
039.10 0.867 0.127 0.007 1.000 0.745 0.170 0.086 1.000
039.20 0.867 0.127 0.007 1.000 0.745 0.173 0.083 1.000
039.30 0.860 0.133 0.007 1.000 0.744 0.173 0.082 1.000
039.40 0.860 0.133 0.007 1.000 0.745 0.172 0.083 1.000
039.50 0.867 0.127 0.007 1.000 0.748 0.170 0.082 1.000
039.60 0.867 0.127 0.007 1.000 0.748 0.170 0.081 1.000
039.70 0.873 0.120 0.007 1.000 0.753 0.167 0.080 1.000
039.80 0.873 0.120 0.007 1.000 0.754 0.166 0.080 1.000
039.90 0.880 0.113 0.007 1.000 0.759 0.161 0.080 1.000
040.00 0.880 0.113 0.007 1.000 0.760 0.161 0.079 1.000
040.10 0.880 0.113 0.007 1.000 0.760 0.162 0.078 1.000
040.20 0.880 0.113 0.007 1.000 0.759 0.163 0.078 1.000
040.30 0.880 0.113 0.007 1.000 0.758 0.163 0.078 1.000
040.40 0.887 0.107 0.007 1.000 0.767 0.155 0.079 1.000
040.50 0.887 0.107 0.007 1.000 0.765 0.156 0.079 1.000
040.60 0.880 0.113 0.007 1.000 0.759 0.162 0.079 1.000
040.70 0.867 0.127 0.007 1.000 0.750 0.171 0.079 1.000
040.80 0.873 0.120 0.007 1.000 0.756 0.164 0.079 1.000
040.90 0.873 0.120 0.007 1.000 0.756 0.164 0.080 1.000
041.00 0.880 0.113 0.007 1.000 0.758 0.164 0.078 1.000
041.10 0.880 0.113 0.007 1.000 0.756 0.168 0.076 1.000
041.20 0.887 0.107 0.007 1.000 0.759 0.166 0.075 1.000
041.30 0.887 0.100 0.013 1.000 0.757 0.164 0.079 1.000
041.40 0.893 0.100 0.007 1.000 0.761 0.163 0.076 1.000
041.50 0.893 0.100 0.007 1.000 0.762 0.163 0.075 1.000
041.60 0.893 0.100 0.007 1.000 0.761 0.163 0.076 1.000
041.70 0.893 0.100 0.007 1.000 0.761 0.163 0.076 1.000
041.80 0.893 0.100 0.007 1.000 0.761 0.166 0.073 1.000
041.90 0.893 0.100 0.007 1.000 0.761 0.166 0.073 1.000
042.00 0.900 0.093 0.007 1.000 0.766 0.162 0.072 1.000
042.10 0.900 0.093 0.007 1.000 0.765 0.163 0.072 1.000
042.20 0.900 0.093 0.007 1.000 0.764 0.164 0.071 1.000
042.30 0.900 0.093 0.007 1.000 0.764 0.165 0.070 1.000
042.40 0.900 0.093 0.007 1.000 0.763 0.170 0.067 1.000
042.50 0.900 0.093 0.007 1.000 0.762 0.168 0.070 1.000
042.60 0.907 0.087 0.007 1.000 0.762 0.168 0.069 1.000
042.70 0.907 0.087 0.007 1.000 0.761 0.170 0.068 1.000
042.80 0.907 0.087 0.007 1.000 0.760 0.172 0.068 1.000
042.90 0.907 0.087 0.007 1.000 0.759 0.173 0.068 1.000
043.00 0.907 0.087 0.007 1.000 0.753 0.174 0.072 1.000
043.10 0.907 0.087 0.007 1.000 0.752 0.176 0.072 1.000
043.20 0.913 0.080 0.007 1.000 0.757 0.171 0.072 1.000
043.30 0.913 0.080 0.007 1.000 0.756 0.173 0.071 1.000
043.40 0.913 0.080 0.007 1.000 0.755 0.175 0.070 1.000
043.50 0.913 0.080 0.007 1.000 0.756 0.174 0.069 1.000
043.60 0.907 0.087 0.007 1.000 0.754 0.181 0.065 1.000
043.70 0.907 0.087 0.007 1.000 0.755 0.178 0.068 1.000
043.80 0.907 0.087 0.007 1.000 0.757 0.177 0.067 1.000
043.90 0.913 0.087 0.000 1.000 0.763 0.178 0.060 1.000
044.00 0.913 0.087 0.000 1.000 0.763 0.178 0.059 1.000
044.10 0.913 0.087 0.000 1.000 0.762 0.176 0.061 1.000
044.20 0.920 0.080 0.000 1.000 0.767 0.170 0.063 1.000
044.30 0.920 0.080 0.000 1.000 0.767 0.170 0.063 1.000
044.40 0.920 0.080 0.000 1.000 0.766 0.171 0.063 1.000
044.50 0.920 0.080 0.000 1.000 0.765 0.172 0.063 1.000
044.60 0.920 0.080 0.000 1.000 0.764 0.174 0.063 1.000
044.70 0.927 0.073 0.000 1.000 0.768 0.170 0.063 1.000
044.80 0.927 0.073 0.000 1.000 0.767 0.170 0.063 1.000
044.90 0.927 0.073 0.000 1.000 0.766 0.171 0.063 1.000
045.00 0.927 0.073 0.000 1.000 0.767 0.170 0.063 1.000
045.10 0.927 0.073 0.000 1.000 0.766 0.171 0.063 1.000
045.20 0.927 0.073 0.000 1.000 0.765 0.171 0.063 1.000
045.30 0.927 0.073 0.000 1.000 0.765 0.170 0.066 1.000
045.40 0.927 0.073 0.000 1.000 0.764 0.169 0.068 1.000
045.50 0.927 0.073 0.000 1.000 0.764 0.170 0.066 1.000
045.60 0.927 0.073 0.000 1.000 0.765 0.170 0.064 1.000
045.70 0.927 0.073 0.000 1.000 0.765 0.170 0.065 1.000
045.80 0.927 0.073 0.000 1.000 0.769 0.166 0.066 1.000
045.90 0.927 0.073 0.000 1.000 0.769 0.166 0.065 1.000
046.00 0.927 0.073 0.000 1.000 0.767 0.167 0.066 1.000
046.10 0.927 0.073 0.000 1.000 0.767 0.167 0.066 1.000
046.20 0.927 0.073 0.000 1.000 0.767 0.167 0.067 1.000
046.30 0.927 0.073 0.000 1.000 0.766 0.167 0.067 1.000
046.40 0.927 0.073 0.000 1.000 0.766 0.167 0.067 1.000
046.50 0.927 0.073 0.000 1.000 0.771 0.166 0.063 1.000
046.60 0.927 0.073 0.000 1.000 0.770 0.166 0.063 1.000
046.70 0.927 0.073 0.000 1.000 0.770 0.165 0.066 1.000
046.80 0.927 0.073 0.000 1.000 0.772 0.163 0.066 1.000
046.90 0.920 0.080 0.000 1.000 0.769 0.165 0.067 1.000
047.00 0.920 0.080 0.000 1.000 0.769 0.164 0.067 1.000
047.10 0.920 0.080 0.000 1.000 0.769 0.164 0.067 1.000
047.20 0.927 0.073 0.000 1.000 0.774 0.159 0.068 1.000
047.30 0.927 0.073 0.000 1.000 0.774 0.158 0.068 1.000
047.40 0.927 0.073 0.000 1.000 0.774 0.158 0.068 1.000
047.50 0.927 0.073 0.000 1.000 0.773 0.158 0.069 1.000
047.60 0.927 0.073 0.000 1.000 0.773 0.158 0.069 1.000
047.70 0.927 0.073 0.000 1.000 0.773 0.158 0.069 1.000
047.80 0.927 0.073 0.000 1.000 0.773 0.158 0.070 1.000
047.90 0.927 0.073 0.000 1.000 0.773 0.156 0.072 1.000
048.00 0.927 0.073 0.000 1.000 0.772 0.155 0.073 1.000
048.10 0.927 0.073 0.000 1.000 0.773 0.153 0.074 1.000
048.20 0.933 0.067 0.000 1.000 0.776 0.145 0.079 1.000
048.30 0.933 0.067 0.000 1.000 0.775 0.140 0.085 1.000
048.40 0.933 0.067 0.000 1.000 0.775 0.136 0.089 1.000
048.50 0.933 0.067 0.000 1.000 0.773 0.137 0.091 1.000
048.60 0.940 0.060 0.000 1.000 0.779 0.130 0.092 1.000
048.70 0.940 0.060 0.000 1.000 0.778 0.131 0.091 1.000
048.80 0.933 0.067 0.000 1.000 0.775 0.134 0.092 1.000
048.90 0.933 0.067 0.000 1.000 0.775 0.133 0.093 1.000
049.00 0.933 0.067 0.000 1.000 0.775 0.132 0.093 1.000
049.10 0.933 0.067 0.000 1.000 0.775 0.132 0.093 1.000
049.20 0.933 0.067 0.000 1.000 0.775 0.134 0.091 1.000
049.30 0.933 0.067 0.000 1.000 0.775 0.134 0.090 1.000
049.40 0.933 0.067 0.000 1.000 0.776 0.133 0.091 1.000
049.50 0.933 0.067 0.000 1.000 0.777 0.133 0.090 1.000
049.60 0.933 0.067 0.000 1.000 0.777 0.133 0.089 1.000
049.70 0.940 0.060 0.000 1.000 0.781 0.130 0.089 1.000
049.80 0.940 0.060 0.000 1.000 0.784 0.127 0.088 1.000
049.90 0.940 0.060 0.000 1.000 0.784 0.128 0.088 1.000
050.00 0.940 0.060 0.000 1.000 0.784 0.129 0.087 1.000
050.10 0.940 0.060 0.000 1.000 0.783 0.131 0.086 1.000
050.20 0.940 0.060 0.000 1.000 0.782 0.134 0.084 1.000
050.30 0.947 0.053 0.000 1.000 0.787 0.131 0.082 1.000
050.40 0.947 0.053 0.000 1.000 0.787 0.132 0.082 1.000
050.50 0.947 0.053 0.000 1.000 0.786 0.132 0.082 1.000
050.60 0.947 0.053 0.000 1.000 0.786 0.133 0.081 1.000
050.70 0.947 0.053 0.000 1.000 0.786 0.133 0.081 1.000
050.80 0.947 0.053 0.000 1.000 0.785 0.133 0.082 1.000
050.90 0.947 0.053 0.000 1.000 0.785 0.134 0.081 1.000
051.00 0.947 0.053 0.000 1.000 0.784 0.135 0.081 1.000
051.10 0.947 0.053 0.000 1.000 0.784 0.136 0.081 1.000
051.20 0.953 0.047 0.000 1.000 0.789 0.137 0.075 1.000
051.30 0.953 0.047 0.000 1.000 0.788 0.137 0.075 1.000
051.40 0.947 0.053 0.000 1.000 0.783 0.141 0.076 1.000
051.50 0.940 0.060 0.000 1.000 0.776 0.147 0.077 1.000
051.60 0.940 0.060 0.000 1.000 0.776 0.147 0.078 1.000
051.70 0.940 0.060 0.000 1.000 0.781 0.144 0.074 1.000
051.80 0.940 0.060 0.000 1.000 0.781 0.144 0.075 1.000
051.90 0.940 0.060 0.000 1.000 0.784 0.142 0.074 1.000
052.00 0.947 0.053 0.000 1.000 0.791 0.136 0.074 1.000
052.10 0.947 0.053 0.000 1.000 0.790 0.135 0.074 1.000
052.20 0.947 0.053 0.000 1.000 0.790 0.135 0.075 1.000
052.30 0.947 0.053 0.000 1.000 0.789 0.135 0.076 1.000
052.40 0.947 0.053 0.000 1.000 0.788 0.131 0.081 1.000
052.50 0.947 0.053 0.000 1.000 0.787 0.132 0.081 1.000
052.60 0.947 0.053 0.000 1.000 0.787 0.132 0.081 1.000
052.70 0.947 0.053 0.000 1.000 0.786 0.133 0.082 1.000
052.80 0.940 0.060 0.000 1.000 0.782 0.136 0.082 1.000
052.90 0.940 0.060 0.000 1.000 0.781 0.135 0.083 1.000
053.00 0.933 0.067 0.000 1.000 0.775 0.142 0.083 1.000
053.10 0.933 0.067 0.000 1.000 0.777 0.141 0.082 1.000
053.20 0.940 0.060 0.000 1.000 0.782 0.136 0.082 1.000
053.30 0.933 0.067 0.000 1.000 0.775 0.143 0.083 1.000
053.40 0.940 0.060 0.000 1.000 0.781 0.135 0.083 1.000
053.50 0.940 0.060 0.000 1.000 0.781 0.134 0.085 1.000
053.60 0.940 0.060 0.000 1.000 0.781 0.134 0.085 1.000
053.70 0.940 0.060 0.000 1.000 0.781 0.133 0.086 1.000
053.80 0.933 0.067 0.000 1.000 0.775 0.139 0.087 1.000
053.90 0.940 0.060 0.000 1.000 0.781 0.132 0.087 1.000
054.00 0.940 0.060 0.000 1.000 0.781 0.132 0.088 1.000
054.10 0.940 0.060 0.000 1.000 0.781 0.132 0.088 1.000
054.20 0.940 0.060 0.000 1.000 0.780 0.132 0.087 1.000
054.30 0.940 0.060 0.000 1.000 0.780 0.133 0.087 1.000
054.40 0.940 0.060 0.000 1.000 0.779 0.135 0.086 1.000
054.50 0.933 0.067 0.000 1.000 0.773 0.143 0.084 1.000
054.60 0.933 0.067 0.000 1.000 0.772 0.144 0.083 1.000
054.70 0.933 0.067 0.000 1.000 0.771 0.146 0.083 1.000
054.80 0.933 0.067 0.000 1.000 0.770 0.148 0.083 1.000
054.90 0.927 0.073 0.000 1.000 0.766 0.151 0.083 1.000
055.00 0.927 0.073 0.000 1.000 0.766 0.151 0.083 1.000
055.10 0.927 0.073 0.000 1.000 0.766 0.151 0.083 1.000
055.20 0.927 0.073 0.000 1.000 0.766 0.150 0.085 1.000
055.30 0.927 0.073 0.000 1.000 0.766 0.149 0.085 1.000
055.40 0.927 0.073 0.000 1.000 0.766 0.148 0.086 1.000
055.50 0.927 0.073 0.000 1.000 0.766 0.146 0.088 1.000
055.60 0.927 0.073 0.000 1.000 0.766 0.145 0.089 1.000
055.70 0.927 0.073 0.000 1.000 0.766 0.145 0.089 1.000
055.80 0.927 0.073 0.000 1.000 0.766 0.144 0.090 1.000
055.90 0.927 0.073 0.000 1.000 0.766 0.148 0.086 1.000
056.00 0.927 0.073 0.000 1.000 0.766 0.147 0.086 1.000
056.10 0.927 0.073 0.000 1.000 0.766 0.147 0.087 1.000
056.20 0.927 0.073 0.000 1.000 0.770 0.143 0.087 1.000
056.30 0.927 0.073 0.000 1.000 0.770 0.142 0.088 1.000
056.40 0.927 0.073 0.000 1.000 0.770 0.142 0.088 1.000
056.50 0.927 0.073 0.000 1.000 0.770 0.139 0.090 1.000
056.60 0.927 0.073 0.000 1.000 0.771 0.138 0.091 1.000
056.70 0.927 0.073 0.000 1.000 0.772 0.137 0.092 1.000
056.80 0.927 0.073 0.000 1.000 0.773 0.136 0.091 1.000
056.90 0.933 0.067 0.000 1.000 0.778 0.126 0.095 1.000
057.00 0.927 0.073 0.000 1.000 0.772 0.129 0.099 1.000
057.10 0.933 0.067 0.000 1.000 0.777 0.123 0.100 1.000
057.20 0.933 0.067 0.000 1.000 0.778 0.121 0.100 1.000
057.30 0.933 0.067 0.000 1.000 0.780 0.119 0.101 1.000
057.40 0.933 0.067 0.000 1.000 0.780 0.119 0.101 1.000
057.50 0.933 0.067 0.000 1.000 0.779 0.118 0.103 1.000
057.60 0.933 0.067 0.000 1.000 0.779 0.119 0.103 1.000
057.70 0.933 0.067 0.000 1.000 0.778 0.119 0.103 1.000
057.80 0.933 0.067 0.000 1.000 0.777 0.119 0.103 1.000
057.90 0.933 0.067 0.000 1.000 0.777 0.120 0.103 1.000
058.00 0.933 0.067 0.000 1.000 0.782 0.114 0.104 1.000
058.10 0.933 0.067 0.000 1.000 0.782 0.114 0.104 1.000
058.20 0.933 0.067 0.000 1.000 0.781 0.115 0.103 1.000
058.30 0.933 0.067 0.000 1.000 0.781 0.117 0.102 1.000
058.40 0.933 0.067 0.000 1.000 0.781 0.117 0.101 1.000
058.50 0.933 0.067 0.000 1.000 0.781 0.118 0.101 1.000
058.60 0.933 0.067 0.000 1.000 0.781 0.119 0.100 1.000
058.70 0.933 0.067 0.000 1.000 0.780 0.120 0.100 1.000
058.80 0.933 0.067 0.000 1.000 0.780 0.123 0.097 1.000
058.90 0.933 0.067 0.000 1.000 0.779 0.125 0.096 1.000
059.00 0.933 0.067 0.000 1.000 0.785 0.123 0.092 1.000
059.10 0.933 0.067 0.000 1.000 0.784 0.123 0.092 1.000
059.20 0.933 0.067 0.000 1.000 0.784 0.121 0.095 1.000
059.30 0.933 0.067 0.000 1.000 0.784 0.122 0.094 1.000
059.40 0.933 0.067 0.000 1.000 0.784 0.124 0.092 1.000
059.50 0.933 0.067 0.000 1.000 0.784 0.124 0.091 1.000
059.60 0.933 0.067 0.000 1.000 0.785 0.124 0.091 1.000
059.70 0.940 0.060 0.000 1.000 0.790 0.119 0.091 1.000
059.80 0.940 0.060 0.000 1.000 0.790 0.121 0.089 1.000
059.90 0.940 0.060 0.000 1.000 0.789 0.122 0.088 1.000
060.00 0.940 0.060 0.000 1.000 0.789 0.123 0.088 1.000
060.10 0.940 0.060 0.000 1.000 0.789 0.124 0.088 1.000
060.20 0.940 0.060 0.000 1.000 0.788 0.125 0.087 1.000
060.30 0.940 0.060 0.000 1.000 0.788 0.125 0.087 1.000
060.40 0.940 0.060 0.000 1.000 0.788 0.127 0.086 1.000
060.50 0.940 0.060 0.000 1.000 0.787 0.130 0.083 1.000
060.60 0.940 0.060 0.000 1.000 0.787 0.131 0.082 1.000
060.70 0.940 0.060 0.000 1.000 0.787 0.132 0.081 1.000
060.80 0.940 0.060 0.000 1.000 0.787 0.134 0.079 1.000
060.90 0.940 0.060 0.000 1.000 0.787 0.134 0.079 1.000
061.00 0.940 0.060 0.000 1.000 0.787 0.134 0.079 1.000
061.10 0.940 0.060 0.000 1.000 0.781 0.135 0.084 1.000
061.20 0.947 0.053 0.000 1.000 0.786 0.131 0.083 1.000
061.30 0.947 0.053 0.000 1.000 0.786 0.132 0.082 1.000
061.40 0.947 0.053 0.000 1.000 0.786 0.131 0.083 1.000
061.50 0.947 0.053 0.000 1.000 0.788 0.129 0.083 1.000
061.60 0.947 0.053 0.000 1.000 0.788 0.128 0.084 1.000
061.70 0.947 0.053 0.000 1.000 0.788 0.127 0.085 1.000
061.80 0.947 0.053 0.000 1.000 0.787 0.126 0.086 1.000
061.90 0.947 0.053 0.000 1.000 0.787 0.128 0.085 1.000
062.00 0.947 0.053 0.000 1.000 0.787 0.127 0.085 1.000
062.10 0.947 0.053 0.000 1.000 0.787 0.127 0.086 1.000
062.20 0.947 0.053 0.000 1.000 0.787 0.127 0.085 1.000
062.30 0.947 0.053 0.000 1.000 0.787 0.128 0.085 1.000
062.40 0.947 0.053 0.000 1.000 0.787 0.128 0.084 1.000
062.50 0.947 0.053 0.000 1.000 0.788 0.129 0.084 1.000
062.60 0.947 0.053 0.000 1.000 0.788 0.129 0.083 1.000
062.70 0.947 0.053 0.000 1.000 0.788 0.129 0.083 1.000
062.80 0.947 0.053 0.000 1.000 0.788 0.130 0.082 1.000
062.90 0.947 0.053 0.000 1.000 0.788 0.129 0.083 1.000
063.00 0.953 0.047 0.000 1.000 0.790 0.127 0.083 1.000
063.10 0.953 0.047 0.000 1.000 0.790 0.127 0.083 1.000
063.20 0.953 0.047 0.000 1.000 0.789 0.127 0.083 1.000
063.30 0.953 0.047 0.000 1.000 0.789 0.127 0.084 1.000
063.40 0.953 0.047 0.000 1.000 0.789 0.127 0.083 1.000
063.50 0.953 0.047 0.000 1.000 0.789 0.128 0.083 1.000
063.60 0.953 0.047 0.000 1.000 0.789 0.127 0.083 1.000
063.70 0.953 0.047 0.000 1.000 0.789 0.128 0.083 1.000
063.80 0.960 0.040 0.000 1.000 0.791 0.126 0.083 1.000
063.90 0.960 0.040 0.000 1.000 0.795 0.122 0.083 1.000
064.00 0.960 0.040 0.000 1.000 0.794 0.125 0.081 1.000
064.10 0.960 0.040 0.000 1.000 0.793 0.126 0.081 1.000
064.20 0.960 0.040 0.000 1.000 0.793 0.126 0.081 1.000
064.30 0.960 0.040 0.000 1.000 0.792 0.125 0.082 1.000
064.40 0.960 0.040 0.000 1.000 0.792 0.125 0.084 1.000
064.50 0.960 0.040 0.000 1.000 0.795 0.122 0.084 1.000
064.60 0.960 0.040 0.000 1.000 0.794 0.122 0.084 1.000
064.70 0.960 0.040 0.000 1.000 0.794 0.123 0.084 1.000
064.80 0.960 0.040 0.000 1.000 0.793 0.123 0.083 1.000
064.90 0.960 0.040 0.000 1.000 0.793 0.124 0.083 1.000
065.00 0.960 0.040 0.000 1.000 0.793 0.124 0.084 1.000
065.10 0.960 0.040 0.000 1.000 0.792 0.124 0.084 1.000
065.20 0.960 0.040 0.000 1.000 0.792 0.124 0.083 1.000
065.30 0.960 0.040 0.000 1.000 0.792 0.125 0.083 1.000
065.40 0.960 0.040 0.000 1.000 0.792 0.125 0.083 1.000
065.50 0.960 0.040 0.000 1.000 0.792 0.125 0.083 1.000
065.60 0.960 0.040 0.000 1.000 0.792 0.125 0.083 1.000
065.70 0.960 0.040 0.000 1.000 0.792 0.125 0.083 1.000
065.80 0.967 0.033 0.000 1.000 0.796 0.121 0.082 1.000
065.90 0.967 0.033 0.000 1.000 0.796 0.123 0.081 1.000
066.00 0.967 0.033 0.000 1.000 0.795 0.126 0.079 1.000
066.10 0.967 0.033 0.000 1.000 0.800 0.123 0.077 1.000
066.20 0.967 0.033 0.000 1.000 0.800 0.124 0.077 1.000
066.30 0.967 0.033 0.000 1.000 0.799 0.124 0.077 1.000
066.40 0.967 0.033 0.000 1.000 0.799 0.126 0.076 1.000
066.50 0.967 0.033 0.000 1.000 0.799 0.128 0.073 1.000
066.60 0.967 0.033 0.000 1.000 0.799 0.129 0.072 1.000
066.70 0.967 0.033 0.000 1.000 0.799 0.130 0.072 1.000
066.80 0.967 0.033 0.000 1.000 0.800 0.129 0.070 1.000
066.90 0.967 0.033 0.000 1.000 0.800 0.129 0.070 1.000
067.00 0.967 0.033 0.000 1.000 0.801 0.129 0.070 1.000
067.10 0.967 0.033 0.000 1.000 0.801 0.129 0.070 1.000
067.20 0.967 0.033 0.000 1.000 0.801 0.130 0.069 1.000
067.30 0.967 0.033 0.000 1.000 0.801 0.130 0.069 1.000
067.40 0.967 0.033 0.000 1.000 0.801 0.130 0.069 1.000
067.50 0.973 0.027 0.000 1.000 0.805 0.127 0.068 1.000
067.60 0.967 0.033 0.000 1.000 0.798 0.134 0.068 1.000
067.70 0.967 0.033 0.000 1.000 0.798 0.134 0.068 1.000
067.80 0.967 0.033 0.000 1.000 0.798 0.135 0.067 1.000
067.90 0.967 0.033 0.000 1.000 0.798 0.137 0.065 1.000
068.00 0.967 0.033 0.000 1.000 0.798 0.137 0.065 1.000
068.10 0.967 0.033 0.000 1.000 0.798 0.136 0.065 1.000
068.20 0.967 0.033 0.000 1.000 0.799 0.136 0.066 1.000
068.30 0.967 0.033 0.000 1.000 0.799 0.135 0.066 1.000
068.40 0.967 0.033 0.000 1.000 0.799 0.135 0.065 1.000
068.50 0.967 0.033 0.000 1.000 0.799 0.136 0.065 1.000
068.60 0.967 0.033 0.000 1.000 0.799 0.136 0.065 1.000
068.70 0.967 0.033 0.000 1.000 0.799 0.135 0.065 1.000
068.80 0.973 0.027 0.000 1.000 0.806 0.129 0.065 1.000
068.90 0.973 0.027 0.000 1.000 0.806 0.128 0.066 1.000
069.00 0.973 0.027 0.000 1.000 0.806 0.127 0.067 1.000
069.10 0.973 0.027 0.000 1.000 0.806 0.127 0.067 1.000
069.20 0.973 0.027 0.000 1.000 0.806 0.127 0.067 1.000
069.30 0.980 0.020 0.000 1.000 0.811 0.122 0.067 1.000
069.40 0.980 0.020 0.000 1.000 0.811 0.120 0.069 1.000
069.50 0.980 0.020 0.000 1.000 0.810 0.118 0.071 1.000
069.60 0.980 0.020 0.000 1.000 0.810 0.116 0.073 1.000
069.70 0.980 0.020 0.000 1.000 0.810 0.115 0.075 1.000
069.80 0.980 0.020 0.000 1.000 0.810 0.114 0.076 1.000
069.90 0.980 0.020 0.000 1.000 0.810 0.113 0.078 1.000
070.00 0.980 0.020 0.000 1.000 0.809 0.112 0.079 1.000
070.10 0.980 0.020 0.000 1.000 0.809 0.111 0.080 1.000
070.20 0.980 0.020 0.000 1.000 0.809 0.111 0.080 1.000
070.30 0.980 0.020 0.000 1.000 0.808 0.112 0.080 1.000
070.40 0.980 0.020 0.000 1.000 0.811 0.112 0.077 1.000
070.50 0.980 0.020 0.000 1.000 0.810 0.112 0.078 1.000
070.60 0.980 0.020 0.000 1.000 0.810 0.112 0.078 1.000
070.70 0.980 0.020 0.000 1.000 0.810 0.112 0.078 1.000
070.80 0.980 0.020 0.000 1.000 0.809 0.114 0.077 1.000
070.90 0.980 0.020 0.000 1.000 0.809 0.115 0.077 1.000
071.00 0.973 0.027 0.000 1.000 0.804 0.118 0.077 1.000
071.10 0.973 0.027 0.000 1.000 0.804 0.119 0.077 1.000
071.20 0.973 0.027 0.000 1.000 0.804 0.119 0.077 1.000
071.30 0.973 0.027 0.000 1.000 0.806 0.118 0.076 1.000
071.40 0.973 0.027 0.000 1.000 0.806 0.119 0.076 1.000
071.50 0.973 0.027 0.000 1.000 0.806 0.119 0.075 1.000
071.60 0.973 0.027 0.000 1.000 0.806 0.119 0.075 1.000
071.70 0.973 0.027 0.000 1.000 0.806 0.120 0.074 1.000
071.80 0.973 0.027 0.000 1.000 0.806 0.120 0.074 1.000
071.90 0.973 0.027 0.000 1.000 0.807 0.119 0.074 1.000
072.00 0.973 0.027 0.000 1.000 0.808 0.118 0.074 1.000
072.10 0.973 0.027 0.000 1.000 0.809 0.118 0.074 1.000
072.20 0.973 0.027 0.000 1.000 0.809 0.117 0.074 1.000
072.30 0.973 0.027 0.000 1.000 0.809 0.117 0.074 1.000
072.40 0.973 0.027 0.000 1.000 0.810 0.117 0.073 1.000
072.50 0.973 0.027 0.000 1.000 0.810 0.118 0.072 1.000
072.60 0.973 0.027 0.000 1.000 0.810 0.118 0.072 1.000
072.70 0.973 0.027 0.000 1.000 0.810 0.119 0.072 1.000
072.80 0.973 0.027 0.000 1.000 0.810 0.119 0.071 1.000
072.90 0.973 0.027 0.000 1.000 0.810 0.120 0.071 1.000
073.00 0.973 0.027 0.000 1.000 0.809 0.120 0.071 1.000
073.10 0.973 0.027 0.000 1.000 0.809 0.121 0.070 1.000
073.20 0.973 0.027 0.000 1.000 0.809 0.121 0.070 1.000
073.30 0.973 0.027 0.000 1.000 0.809 0.121 0.071 1.000
073.40 0.973 0.027 0.000 1.000 0.809 0.116 0.075 1.000
073.50 0.973 0.027 0.000 1.000 0.808 0.116 0.075 1.000
073.60 0.973 0.027 0.000 1.000 0.808 0.117 0.075 1.000
073.70 0.973 0.027 0.000 1.000 0.811 0.114 0.075 1.000
073.80 0.973 0.027 0.000 1.000 0.811 0.114 0.075 1.000
073.90 0.973 0.027 0.000 1.000 0.810 0.115 0.075 1.000
074.00 0.973 0.027 0.000 1.000 0.810 0.115 0.075 1.000
074.10 0.980 0.020 0.000 1.000 0.814 0.110 0.076 1.000
074.20 0.980 0.020 0.000 1.000 0.814 0.109 0.077 1.000
074.30 0.980 0.020 0.000 1.000 0.814 0.109 0.078 1.000
074.40 0.980 0.020 0.000 1.000 0.813 0.108 0.079 1.000
074.50 0.980 0.020 0.000 1.000 0.817 0.106 0.077 1.000
074.60 0.980 0.020 0.000 1.000 0.812 0.106 0.083 1.000
074.70 0.980 0.020 0.000 1.000 0.811 0.106 0.083 1.000
074.80 0.980 0.020 0.000 1.000 0.811 0.106 0.083 1.000
074.90 0.980 0.020 0.000 1.000 0.810 0.107 0.083 1.000
075.00 0.973 0.027 0.000 1.000 0.805 0.112 0.083 1.000
075.10 0.973 0.027 0.000 1.000 0.805 0.111 0.084 1.000
075.20 0.973 0.027 0.000 1.000 0.804 0.111 0.085 1.000
075.30 0.973 0.027 0.000 1.000 0.804 0.111 0.084 1.000
075.40 0.973 0.027 0.000 1.000 0.804 0.111 0.085 1.000
075.50 0.973 0.027 0.000 1.000 0.804 0.111 0.085 1.000
075.60 0.973 0.027 0.000 1.000 0.804 0.111 0.084 1.000
075.70 0.973 0.027 0.000 1.000 0.804 0.112 0.084 1.000
075.80 0.973 0.027 0.000 1.000 0.804 0.112 0.084 1.000
075.90 0.973 0.027 0.000 1.000 0.807 0.111 0.082 1.000
076.00 0.973 0.027 0.000 1.000 0.807 0.111 0.082 1.000
076.10 0.973 0.027 0.000 1.000 0.810 0.108 0.082 1.000
076.20 0.973 0.027 0.000 1.000 0.810 0.107 0.083 1.000
076.30 0.973 0.027 0.000 1.000 0.810 0.106 0.083 1.000
076.40 0.973 0.027 0.000 1.000 0.810 0.107 0.083 1.000
076.50 0.973 0.027 0.000 1.000 0.810 0.107 0.082 1.000
076.60 0.973 0.027 0.000 1.000 0.810 0.107 0.082 1.000
076.70 0.973 0.027 0.000 1.000 0.810 0.105 0.085 1.000
076.80 0.973 0.027 0.000 1.000 0.810 0.105 0.085 1.000
076.90 0.973 0.027 0.000 1.000 0.810 0.105 0.085 1.000
077.00 0.973 0.027 0.000 1.000 0.810 0.105 0.084 1.000
077.10 0.973 0.027 0.000 1.000 0.816 0.103 0.081 1.000
077.20 0.973 0.027 0.000 1.000 0.816 0.104 0.080 1.000
077.30 0.973 0.027 0.000 1.000 0.816 0.104 0.080 1.000
077.40 0.973 0.027 0.000 1.000 0.816 0.104 0.080 1.000
077.50 0.973 0.027 0.000 1.000 0.817 0.103 0.080 1.000
077.60 0.973 0.027 0.000 1.000 0.817 0.103 0.079 1.000
077.70 0.973 0.027 0.000 1.000 0.817 0.104 0.079 1.000
077.80 0.973 0.027 0.000 1.000 0.817 0.103 0.079 1.000
077.90 0.973 0.027 0.000 1.000 0.817 0.102 0.080 1.000
078.00 0.973 0.027 0.000 1.000 0.818 0.103 0.080 1.000
078.10 0.973 0.027 0.000 1.000 0.818 0.104 0.078 1.000
078.20 0.973 0.027 0.000 1.000 0.819 0.103 0.078 1.000
078.30 0.973 0.027 0.000 1.000 0.819 0.102 0.078 1.000
078.40 0.973 0.027 0.000 1.000 0.820 0.101 0.079 1.000
078.50 0.973 0.027 0.000 1.000 0.820 0.101 0.079 1.000
078.60 0.973 0.027 0.000 1.000 0.820 0.100 0.079 1.000
078.70 0.973 0.027 0.000 1.000 0.820 0.100 0.080 1.000
078.80 0.973 0.027 0.000 1.000 0.820 0.100 0.080 1.000
078.90 0.973 0.027 0.000 1.000 0.813 0.099 0.087 1.000
079.00 0.973 0.027 0.000 1.000 0.813 0.098 0.089 1.000
079.10 0.973 0.027 0.000 1.000 0.813 0.099 0.089 1.000
079.20 0.973 0.027 0.000 1.000 0.813 0.099 0.088 1.000
079.30 0.973 0.027 0.000 1.000 0.824 0.100 0.077 1.000
079.40 0.973 0.027 0.000 1.000 0.824 0.100 0.077 1.000
079.50 0.973 0.027 0.000 1.000 0.823 0.100 0.077 1.000
079.60 0.973 0.027 0.000 1.000 0.823 0.100 0.077 1.000
079.70 0.973 0.027 0.000 1.000 0.823 0.099 0.078 1.000
079.80 0.973 0.027 0.000 1.000 0.823 0.099 0.078 1.000
079.90 0.973 0.027 0.000 1.000 0.822 0.100 0.078 1.000
080.00 0.973 0.027 0.000 1.000 0.820 0.102 0.077 1.000
080.10 0.973 0.027 0.000 1.000 0.820 0.104 0.077 1.000
080.20 0.973 0.027 0.000 1.000 0.820 0.104 0.077 1.000
080.30 0.973 0.027 0.000 1.000 0.819 0.104 0.077 1.000
080.40 0.973 0.027 0.000 1.000 0.819 0.103 0.077 1.000
080.50 0.973 0.027 0.000 1.000 0.819 0.103 0.078 1.000
080.60 0.973 0.027 0.000 1.000 0.822 0.101 0.077 1.000
080.70 0.973 0.027 0.000 1.000 0.822 0.102 0.076 1.000
080.80 0.973 0.027 0.000 1.000 0.822 0.104 0.074 1.000
080.90 0.973 0.020 0.007 1.000 0.823 0.099 0.079 1.000
081.00 0.973 0.027 0.000 1.000 0.822 0.103 0.075 1.000
081.10 0.973 0.027 0.000 1.000 0.822 0.102 0.075 1.000
081.20 0.973 0.027 0.000 1.000 0.823 0.101 0.076 1.000
081.30 0.973 0.027 0.000 1.000 0.823 0.102 0.075 1.000
081.40 0.973 0.027 0.000 1.000 0.823 0.102 0.075 1.000
081.50 0.973 0.027 0.000 1.000 0.823 0.102 0.076 1.000
081.60 0.973 0.027 0.000 1.000 0.823 0.101 0.076 1.000
081.70 0.973 0.027 0.000 1.000 0.823 0.101 0.076 1.000
081.80 0.973 0.027 0.000 1.000 0.823 0.101 0.076 1.000
081.90 0.973 0.027 0.000 1.000 0.823 0.103 0.074 1.000
082.00 0.980 0.020 0.000 1.000 0.827 0.099 0.075 1.000
082.10 0.980 0.020 0.000 1.000 0.826 0.100 0.074 1.000
082.20 0.980 0.020 0.000 1.000 0.825 0.101 0.074 1.000
082.30 0.980 0.020 0.000 1.000 0.825 0.101 0.075 1.000
082.40 0.980 0.020 0.000 1.000 0.824 0.098 0.078 1.000
082.50 0.980 0.020 0.000 1.000 0.823 0.099 0.078 1.000
082.60 0.980 0.020 0.000 1.000 0.823 0.099 0.078 1.000
082.70 0.980 0.020 0.000 1.000 0.822 0.100 0.078 1.000
082.80 0.980 0.020 0.000 1.000 0.822 0.100 0.078 1.000
082.90 0.980 0.020 0.000 1.000 0.822 0.101 0.077 1.000
083.00 0.980 0.020 0.000 1.000 0.822 0.101 0.078 1.000
083.10 0.980 0.020 0.000 1.000 0.822 0.100 0.078 1.000
083.20 0.980 0.020 0.000 1.000 0.822 0.101 0.077 1.000
083.30 0.980 0.020 0.000 1.000 0.822 0.101 0.077 1.000
083.40 0.980 0.020 0.000 1.000 0.821 0.101 0.077 1.000
083.50 0.980 0.020 0.000 1.000 0.821 0.101 0.078 1.000
083.60 0.980 0.020 0.000 1.000 0.821 0.100 0.078 1.000
083.70 0.980 0.020 0.000 1.000 0.821 0.100 0.079 1.000
083.80 0.980 0.020 0.000 1.000 0.821 0.099 0.079 1.000
083.90 0.980 0.020 0.000 1.000 0.821 0.098 0.080 1.000
084.00 0.980 0.020 0.000 1.000 0.821 0.098 0.081 1.000
084.10 0.980 0.020 0.000 1.000 0.821 0.097 0.082 1.000
084.20 0.980 0.020 0.000 1.000 0.821 0.097 0.081 1.000
084.30 0.980 0.020 0.000 1.000 0.821 0.098 0.081 1.000
084.40 0.980 0.020 0.000 1.000 0.821 0.100 0.078 1.000
084.50 0.980 0.020 0.000 1.000 0.821 0.101 0.078 1.000
084.60 0.980 0.020 0.000 1.000 0.821 0.102 0.077 1.000
084.70 0.980 0.020 0.000 1.000 0.822 0.102 0.077 1.000
084.80 0.980 0.020 0.000 1.000 0.822 0.101 0.077 1.000
084.90 0.980 0.020 0.000 1.000 0.822 0.101 0.077 1.000
085.00 0.980 0.020 0.000 1.000 0.822 0.101 0.077 1.000
085.10 0.980 0.020 0.000 1.000 0.822 0.101 0.077 1.000
085.20 0.980 0.020 0.000 1.000 0.822 0.100 0.078 1.000
085.30 0.980 0.020 0.000 1.000 0.822 0.100 0.078 1.000
085.40 0.980 0.020 0.000 1.000 0.822 0.099 0.079 1.000
085.50 0.980 0.020 0.000 1.000 0.822 0.099 0.079 1.000
085.60 0.980 0.020 0.000 1.000 0.823 0.098 0.080 1.000
085.70 0.980 0.020 0.000 1.000 0.823 0.098 0.079 1.000
085.80 0.980 0.020 0.000 1.000 0.823 0.098 0.079 1.000
085.90 0.980 0.020 0.000 1.000 0.823 0.098 0.079 1.000
086.00 0.980 0.020 0.000 1.000 0.823 0.097 0.079 1.000
086.10 0.980 0.020 0.000 1.000 0.824 0.097 0.079 1.000
086.20 0.980 0.020 0.000 1.000 0.824 0.097 0.079 1.000
086.30 0.980 0.020 0.000 1.000 0.824 0.097 0.079 1.000
086.40 0.980 0.020 0.000 1.000 0.824 0.097 0.079 1.000
086.50 0.987 0.013 0.000 1.000 0.826 0.096 0.079 1.000
086.60 0.987 0.013 0.000 1.000 0.826 0.096 0.079 1.000
086.70 0.987 0.013 0.000 1.000 0.826 0.096 0.079 1.000
086.80 0.987 0.013 0.000 1.000 0.826 0.095 0.079 1.000
086.90 0.987 0.013 0.000 1.000 0.826 0.095 0.079 1.000
087.00 0.987 0.013 0.000 1.000 0.826 0.095 0.079 1.000
087.10 0.987 0.013 0.000 1.000 0.826 0.095 0.079 1.000
087.20 0.987 0.013 0.000 1.000 0.826 0.095 0.080 1.000
087.30 0.987 0.013 0.000 1.000 0.826 0.095 0.080 1.000
087.40 0.987 0.013 0.000 1.000 0.825 0.095 0.079 1.000
087.50 0.987 0.013 0.000 1.000 0.826 0.095 0.079 1.000
087.60 0.987 0.013 0.000 1.000 0.826 0.096 0.078 1.000
087.70 0.987 0.013 0.000 1.000 0.826 0.097 0.077 1.000
087.80 0.987 0.013 0.000 1.000 0.826 0.098 0.077 1.000
087.90 0.987 0.013 0.000 1.000 0.826 0.098 0.076 1.000
088.00 0.987 0.013 0.000 1.000 0.826 0.099 0.075 1.000
088.10 0.987 0.013 0.000 1.000 0.823 0.103 0.074 1.000
088.20 0.987 0.013 0.000 1.000 0.822 0.104 0.074 1.000
088.30 0.987 0.013 0.000 1.000 0.822 0.104 0.074 1.000
088.40 0.987 0.013 0.000 1.000 0.822 0.104 0.074 1.000
088.50 0.987 0.013 0.000 1.000 0.822 0.105 0.073 1.000
088.60 0.987 0.013 0.000 1.000 0.822 0.105 0.073 1.000
088.70 0.987 0.013 0.000 1.000 0.822 0.105 0.072 1.000
088.80 0.987 0.013 0.000 1.000 0.827 0.101 0.072 1.000
088.90 0.987 0.013 0.000 1.000 0.827 0.101 0.073 1.000
089.00 0.987 0.013 0.000 1.000 0.827 0.100 0.073 1.000
089.10 0.987 0.013 0.000 1.000 0.827 0.100 0.073 1.000
089.20 0.987 0.013 0.000 1.000 0.827 0.100 0.073 1.000
089.30 0.987 0.013 0.000 1.000 0.827 0.099 0.074 1.000
089.40 0.987 0.013 0.000 1.000 0.827 0.100 0.074 1.000
089.50 0.987 0.013 0.000 1.000 0.827 0.100 0.073 1.000
089.60 0.987 0.013 0.000 1.000 0.826 0.100 0.073 1.000
089.70 0.987 0.013 0.000 1.000 0.826 0.102 0.072 1.000
089.80 0.987 0.013 0.000 1.000 0.826 0.105 0.069 1.000
089.90 0.987 0.013 0.000 1.000 0.826 0.105 0.069 1.000
090.00 0.987 0.013 0.000 1.000 0.826 0.105 0.068 1.000
090.10 0.987 0.013 0.000 1.000 0.826 0.105 0.068 1.000
090.20 0.987 0.013 0.000 1.000 0.826 0.104 0.070 1.000
090.30 0.987 0.013 0.000 1.000 0.826 0.104 0.070 1.000
090.40 0.987 0.013 0.000 1.000 0.826 0.104 0.070 1.000
090.50 0.987 0.013 0.000 1.000 0.826 0.104 0.070 1.000
090.60 0.987 0.013 0.000 1.000 0.826 0.102 0.071 1.000
090.70 0.987 0.013 0.000 1.000 0.826 0.102 0.072 1.000
090.80 0.987 0.013 0.000 1.000 0.826 0.101 0.073 1.000
090.90 0.987 0.013 0.000 1.000 0.826 0.101 0.073 1.000
091.00 0.987 0.013 0.000 1.000 0.828 0.099 0.073 1.000
091.10 0.987 0.013 0.000 1.000 0.828 0.099 0.073 1.000
091.20 0.987 0.013 0.000 1.000 0.828 0.099 0.073 1.000
091.30 0.987 0.013 0.000 1.000 0.828 0.098 0.074 1.000
091.40 0.987 0.013 0.000 1.000 0.828 0.098 0.074 1.000
091.50 0.987 0.013 0.000 1.000 0.828 0.096 0.075 1.000
091.60 0.987 0.013 0.000 1.000 0.828 0.095 0.077 1.000
091.70 0.987 0.013 0.000 1.000 0.828 0.094 0.078 1.000
091.80 0.987 0.013 0.000 1.000 0.829 0.093 0.078 1.000
091.90 0.987 0.013 0.000 1.000 0.829 0.092 0.079 1.000
092.00 0.987 0.013 0.000 1.000 0.829 0.091 0.080 1.000
092.10 0.987 0.013 0.000 1.000 0.829 0.091 0.080 1.000
092.20 0.987 0.013 0.000 1.000 0.829 0.091 0.080 1.000
092.30 0.987 0.013 0.000 1.000 0.829 0.091 0.080 1.000
092.40 0.987 0.013 0.000 1.000 0.829 0.092 0.079 1.000
092.50 0.987 0.013 0.000 1.000 0.829 0.093 0.078 1.000
092.60 0.987 0.013 0.000 1.000 0.829 0.092 0.079 1.000
092.70 0.987 0.013 0.000 1.000 0.830 0.091 0.078 1.000
092.80 0.987 0.013 0.000 1.000 0.830 0.092 0.078 1.000
092.90 0.987 0.013 0.000 1.000 0.830 0.093 0.077 1.000
093.00 0.987 0.013 0.000 1.000 0.830 0.093 0.077 1.000
093.10 0.987 0.013 0.000 1.000 0.831 0.093 0.076 1.000
093.20 0.987 0.013 0.000 1.000 0.831 0.093 0.076 1.000
093.30 0.993 0.007 0.000 1.000 0.837 0.087 0.076 1.000
093.40 0.993 0.007 0.000 1.000 0.837 0.087 0.076 1.000
093.50 0.993 0.007 0.000 1.000 0.836 0.088 0.076 1.000
093.60 0.993 0.007 0.000 1.000 0.836 0.089 0.075 1.000
093.70 0.993 0.007 0.000 1.000 0.835 0.090 0.075 1.000
093.80 0.993 0.007 0.000 1.000 0.835 0.091 0.074 1.000
093.90 0.993 0.007 0.000 1.000 0.835 0.091 0.074 1.000
094.00 0.993 0.007 0.000 1.000 0.834 0.091 0.075 1.000
094.10 0.993 0.007 0.000 1.000 0.834 0.090 0.076 1.000
094.20 0.993 0.007 0.000 1.000 0.833 0.090 0.076 1.000
094.30 0.993 0.007 0.000 1.000 0.833 0.091 0.076 1.000
094.40 0.993 0.007 0.000 1.000 0.834 0.089 0.077 1.000
094.50 0.993 0.007 0.000 1.000 0.834 0.090 0.077 1.000
094.60 0.993 0.007 0.000 1.000 0.833 0.090 0.076 1.000
094.70 0.993 0.007 0.000 1.000 0.833 0.091 0.076 1.000
094.80 0.993 0.007 0.000 1.000 0.833 0.091 0.077 1.000
094.90 0.993 0.007 0.000 1.000 0.832 0.091 0.077 1.000
095.00 0.993 0.007 0.000 1.000 0.832 0.091 0.077 1.000
095.10 0.993 0.007 0.000 1.000 0.831 0.092 0.077 1.000
095.20 0.993 0.007 0.000 1.000 0.831 0.092 0.078 1.000
095.30 0.993 0.007 0.000 1.000 0.830 0.092 0.078 1.000
095.40 0.993 0.007 0.000 1.000 0.830 0.092 0.078 1.000
095.50 0.993 0.007 0.000 1.000 0.830 0.093 0.077 1.000
095.60 0.993 0.007 0.000 1.000 0.829 0.093 0.077 1.000
095.70 0.993 0.007 0.000 1.000 0.829 0.093 0.077 1.000
095.80 0.993 0.007 0.000 1.000 0.829 0.093 0.078 1.000
095.90 0.993 0.007 0.000 1.000 0.829 0.093 0.078 1.000
096.00 0.993 0.007 0.000 1.000 0.829 0.094 0.077 1.000
096.10 0.993 0.007 0.000 1.000 0.829 0.095 0.076 1.000
096.20 0.993 0.007 0.000 1.000 0.829 0.096 0.076 1.000
096.30 0.993 0.007 0.000 1.000 0.829 0.096 0.075 1.000
096.40 0.993 0.007 0.000 1.000 0.829 0.096 0.075 1.000
096.50 0.993 0.007 0.000 1.000 0.829 0.097 0.074 1.000
096.60 0.993 0.007 0.000 1.000 0.828 0.097 0.074 1.000
096.70 0.993 0.007 0.000 1.000 0.828 0.098 0.074 1.000
096.80 0.993 0.007 0.000 1.000 0.828 0.097 0.074 1.000
096.90 0.993 0.007 0.000 1.000 0.828 0.097 0.075 1.000
097.00 0.993 0.007 0.000 1.000 0.828 0.097 0.075 1.000
097.10 0.993 0.007 0.000 1.000 0.828 0.096 0.076 1.000
097.20 0.993 0.007 0.000 1.000 0.828 0.096 0.076 1.000
097.30 0.993 0.007 0.000 1.000 0.828 0.095 0.077 1.000
097.40 0.993 0.007 0.000 1.000 0.828 0.095 0.077 1.000
097.50 0.993 0.007 0.000 1.000 0.828 0.095 0.077 1.000
097.60 0.993 0.007 0.000 1.000 0.828 0.095 0.077 1.000
097.70 0.993 0.007 0.000 1.000 0.828 0.095 0.077 1.000
097.80 0.993 0.007 0.000 1.000 0.828 0.095 0.077 1.000
097.90 0.993 0.007 0.000 1.000 0.828 0.096 0.077 1.000
098.00 0.993 0.007 0.000 1.000 0.828 0.096 0.077 1.000
098.10 0.993 0.007 0.000 1.000 0.828 0.096 0.076 1.000
098.20 0.993 0.007 0.000 1.000 0.827 0.096 0.076 1.000
098.30 0.993 0.007 0.000 1.000 0.827 0.096 0.076 1.000
098.40 0.993 0.007 0.000 1.000 0.827 0.097 0.076 1.000
098.50 0.993 0.007 0.000 1.000 0.827 0.097 0.076 1.000
098.60 0.993 0.007 0.000 1.000 0.827 0.096 0.077 1.000
098.70 0.993 0.007 0.000 1.000 0.827 0.096 0.077 1.000
098.80 0.993 0.007 0.000 1.000 0.827 0.096 0.077 1.000
098.90 0.993 0.007 0.000 1.000 0.827 0.098 0.075 1.000
099.00 0.993 0.007 0.000 1.000 0.827 0.097 0.076 1.000
099.10 0.993 0.007 0.000 1.000 0.827 0.096 0.077 1.000
099.20 0.993 0.007 0.000 1.000 0.827 0.096 0.077 1.000
099.30 0.993 0.007 0.000 1.000 0.827 0.095 0.078 1.000
099.40 0.993 0.007 0.000 1.000 0.827 0.095 0.078 1.000
099.50 0.993 0.007 0.000 1.000 0.827 0.095 0.078 1.000
099.60 0.993 0.007 0.000 1.000 0.827 0.095 0.078 1.000
099.70 0.993 0.007 0.000 1.000 0.827 0.095 0.078 1.000
099.80 0.993 0.007 0.000 1.000 0.826 0.096 0.078 1.000
099.90 0.993 0.007 0.000 1.000 0.826 0.097 0.077 1.000
100.00 0.993 0.007 0.000 1.000 0.826 0.097 0.077 1.000
