
          ============================================================  
                                     NEWTON-X                           
                   Newtonian dynamics close to the crossing seam        
          ============================================================  

                                  www.newtonx.org                       

    Newton-X version 2.2 (build 9, 2020-03-04)
    www.newtonx.org
----------------------------------------------------------------------
    The Newton-X program is distributed free of charge for non-
    commercial and non-profit uses. You may use the program freely 
    and adapt the code to your needs. Please, if you have any 
    enhancements, share them with us. You are, however, not allowed 
    to re-distribute code or binaries in parts or total. Anyone 
    intending to use Newton-X must contact us. This program is 
    shipped to the user "as is". There is no guarantee that it will 
    work as described. Usage is at your own risk, there is no 
    liability taken for any damage or loss of data and/or money. 
    If you experience problems, you may contact the developers and 
    a community of users at the Newton-X discussion group, but bear 
    in mind that there is no kind of official support for Newton-X.

    Cite Newton-X as:
    M. Barbatti, G. Granucci, M. Ruckenbauer, F. Plasser, 
    R. Crespo-Otero, J. Pittner, M. Persico, H. Lischka, NEWTON-X: 
    a package for Newtonian dynamics close to the crossing seam, 
    version 2.2, www.newtonx.org (2017).

    M. Barbatti, M. Ruckenbauer, F. Plasser, J. Pittner, G. Granucci, 
    M. Persico, H. Lischka, WIREs: Comp. Mol. Sci., 4, 26 (2014).

    Please, check the documentation for references to specific 
    methods and algorithms.

    For download the program, documentation, and tutorial, visit:
    http://www.newtonx.org

    For support, visit the Newton-X discussion group at:
    https://groups.google.com/d/forum/newtonx
----------------------------------------------------------------------


Newton-X path: /util/academic/newton-x/NX-2.2-B09/bin

Starting Initial Condition selection 
 

makedir.pl:
    title     = title
    type      = 3
    subfile   = pmold
    batchdef  = #PBS -N
    seed      = 1234
    nis       = 1
    nfs       = 2
    delta     = 0.01
    eps       = 0.005
    kappa     = 0
    os_condon = -1
    prob_kind = F 
    screen    = 2 
    norm      = local 
    e_center  = 4 
    e_var     = 0.34 
    nref      = 1 
    temp      = 0
    l_shape   = gauss
    run_IS    = 0
    prtlv     = 1 



 The following transitions will be considered:
 Initial state = 1   =>   Final state = 2


=============== Checking obligatory files and directories ===============

File final_output.1.2 exists 

Selection will be performed with these 1 files.


===============             Ending checking            ==================

Energy transitions will be restricted to the range 3.66 to 4.34 with center at 4.
 
 The following transitions will be considered:
 Initial state = 1   =>   Final state = 2


makedir.pl: 
The largest transition intensity in final_output.1.2 has
oscillator strength 0.0113 and vertical excitation energy (eV) 4.2291.
Largest intensity in final_output.1.2 is 0.0113

Largest intensity in all files is 0.0113

Normalization factor for probabilities: 0.0113

Open: final_output.1.2  
ini.state  fin.state   DE    Osc.St. Intensity  Energ.Window  Prob      Rand.N.  Status
   1          2       3.627   0.001   0.00100       NO        0.00000   0.74088  reject 
   1          2       3.852   0.004   0.00440      YES        0.38938   0.21453  accept 
   1          2       4.198   0.005   0.00470      YES        0.41593   0.33820  accept 
   1          2       3.489   0.001   0.00130       NO        0.00000   0.32314  reject 
   1          2       5.139   0.011   0.01070       NO        0.00000   0.99870  reject 
   1          2       2.900   0.004   0.00370       NO        0.00000   0.28988  reject 
   1          2       4.231   0.005   0.00500      YES        0.44248   0.01007  accept 
   1          2       4.080   0.006   0.00590      YES        0.52212   0.50684  accept 
   1          2       4.256   0.003   0.00330      YES        0.29204   0.58974  reject 
   1          2       4.742   0.004   0.00420       NO        0.00000   0.27941  reject 
   1          2       4.836   0.014   0.01400       NO        0.00000   0.41742  reject 
   1          2       4.110   0.005   0.00520      YES        0.46018   0.36098  accept 
   1          2       3.696   0.003   0.00290      YES        0.25664   0.37521  reject 
   1          2       3.578   0.004   0.00430       NO        0.00000   0.32770  reject 
   1          2       4.777   0.007   0.00710       NO        0.00000   0.18928  reject 
   1          2       4.064   0.007   0.00660      YES        0.58407   0.71116  reject 
   1          2       3.220   0.003   0.00310       NO        0.00000   0.52899  reject 
   1          2       4.714   0.012   0.01160       NO        0.00000   0.32289  reject 
   1          2       3.970   0.002   0.00230      YES        0.20354   0.96403  reject 
   1          2       4.474   0.006   0.00620       NO        0.00000   0.99942  reject 
   1          2       4.474   0.003   0.00310       NO        0.00000   0.58812  reject 
   1          2       4.576   0.010   0.00990       NO        0.00000   0.67726  reject 
   1          2       5.346   0.008   0.00840       NO        0.00000   0.85096  reject 
   1          2       3.896   0.007   0.00660      YES        0.58407   0.73392  reject 
   1          2       3.639   0.005   0.00530       NO        0.00000   0.84180  reject 
   1          2       3.031   0.003   0.00300       NO        0.00000   0.43401  reject 
   1          2       2.974   0.003   0.00260       NO        0.00000   0.69586  reject 
   1          2       4.094   0.007   0.00710      YES        0.62832   0.62606  accept 
   1          2       4.460   0.002   0.00200       NO        0.00000   0.13173  reject 
   1          2       3.679   0.004   0.00440      YES        0.38938   0.73968  reject 
   1          2       3.518   0.004   0.00400       NO        0.00000   0.21397  reject 
   1          2       4.561   0.007   0.00710       NO        0.00000   0.60311  reject 
   1          2       4.027   0.007   0.00660      YES        0.58407   0.26959  accept 
   1          2       4.083   0.005   0.00500      YES        0.44248   0.52260  reject 
   1          2       4.685   0.005   0.00540       NO        0.00000   0.56164  reject 
   1          2       4.831   0.004   0.00410       NO        0.00000   0.16347  reject 
   1          2       3.978   0.005   0.00510      YES        0.45133   0.54289  reject 
   1          2       3.530   0.004   0.00410       NO        0.00000   0.49640  reject 
   1          2       3.366   0.002   0.00220       NO        0.00000   0.18509  reject 
   1          2       4.340   0.005   0.00490       NO        0.00000   0.22723  reject 
   1          2       3.484   0.007   0.00680       NO        0.00000   0.73146  reject 
   1          2       3.180   0.002   0.00180       NO        0.00000   0.00702  reject 
   1          2       4.258   0.004   0.00430      YES        0.38053   0.24438  accept 
   1          2       3.293   0.004   0.00430       NO        0.00000   0.59544  reject 
   1          2       4.313   0.006   0.00620      YES        0.54867   0.82193  reject 
   1          2       4.135   0.007   0.00690      YES        0.61062   0.41836  accept 
   1          2       4.075   0.010   0.00960      YES        0.84956   0.70159  accept 
   1          2       3.458   0.005   0.00480       NO        0.00000   0.87587  reject 
   1          2       4.027   0.008   0.00840      YES        0.74336   0.14581  accept 
   1          2       4.221   0.004   0.00450      YES        0.39823   0.60850  reject 
   1          2       3.508   0.002   0.00150       NO        0.00000   0.37477  reject 
   1          2       3.473   0.006   0.00570       NO        0.00000   0.66069  reject 
   1          2       4.621   0.008   0.00840       NO        0.00000   0.01396  reject 
   1          2       3.046   0.005   0.00500       NO        0.00000   0.16406  reject 
   1          2       3.669   0.005   0.00480      YES        0.42478   0.18746  accept 
   1          2       3.840   0.004   0.00420      YES        0.37168   0.39232  reject 
   1          2       3.749   0.003   0.00250      YES        0.22124   0.44024  reject 
   1          2       3.649   0.005   0.00490       NO        0.00000   0.21877  reject 
   1          2       4.696   0.009   0.00910       NO        0.00000   0.23396  reject 
   1          2       3.934   0.001   0.00140      YES        0.12389   0.65809  reject 
   1          2       4.063   0.007   0.00660      YES        0.58407   0.18317  accept 
   1          2       4.966   0.007   0.00700       NO        0.00000   0.80338  reject 
   1          2       3.871   0.008   0.00790      YES        0.69912   0.58515  accept 
   1          2       4.432   0.005   0.00470       NO        0.00000   0.18473  reject 
   1          2       3.277   0.005   0.00480       NO        0.00000   0.85591  reject 
   1          2       4.279   0.002   0.00230      YES        0.20354   0.54278  reject 
   1          2       4.298   0.005   0.00520      YES        0.46018   0.37863  accept 
   1          2       4.448   0.004   0.00430       NO        0.00000   0.01985  reject 
   1          2       3.975   0.005   0.00540      YES        0.47788   0.11170  accept 
   1          2       3.535   0.004   0.00440       NO        0.00000   0.55447  reject 
   1          2       3.753   0.003   0.00330      YES        0.29204   0.28056  accept 
   1          2       3.757   0.004   0.00370      YES        0.32743   0.89480  reject 
   1          2       2.697   0.003   0.00250       NO        0.00000   0.07956  reject 
   1          2       3.872   0.003   0.00310      YES        0.27434   0.23511  accept 
   1          2       3.535   0.002   0.00240       NO        0.00000   0.93063  reject 
   1          2       4.848   0.009   0.00880       NO        0.00000   0.55210  reject 
   1          2       3.999   0.009   0.00890      YES        0.78761   0.05940  accept 
   1          2       4.962   0.008   0.00770       NO        0.00000   0.05378  reject 
   1          2       3.076   0.004   0.00360       NO        0.00000   0.25216  reject 
   1          2       3.278   0.005   0.00460       NO        0.00000   0.52662  reject 
   1          2       3.114   0.006   0.00580       NO        0.00000   0.56933  reject 
   1          2       4.395   0.009   0.00930       NO        0.00000   0.54644  reject 
   1          2       3.277   0.002   0.00170       NO        0.00000   0.23927  reject 
   1          2       4.398   0.007   0.00750       NO        0.00000   0.01664  reject 
   1          2       4.919   0.005   0.00470       NO        0.00000   0.83188  reject 
   1          2       3.624   0.005   0.00470       NO        0.00000   0.99223  reject 
   1          2       3.809   0.004   0.00380      YES        0.33628   0.94385  reject 
   1          2       3.728   0.005   0.00550      YES        0.48673   0.73354  reject 
   1          2       4.072   0.007   0.00690      YES        0.61062   0.67966  reject 
   1          2       5.117   0.011   0.01070       NO        0.00000   0.07567  reject 
   1          2       3.992   0.007   0.00680      YES        0.60177   0.24667  accept 
   1          2       3.670   0.006   0.00600      YES        0.53097   0.03351  accept 
   1          2       4.487   0.011   0.01080       NO        0.00000   0.22182  reject 
   1          2       3.955   0.004   0.00360      YES        0.31858   0.54584  reject 
   1          2       4.539   0.004   0.00440       NO        0.00000   0.68644  reject 
   1          2       3.957   0.005   0.00500      YES        0.44248   0.90722  reject 
   1          2       4.653   0.005   0.00520       NO        0.00000   0.83623  reject 
   1          2       3.928   0.003   0.00320      YES        0.28319   0.08328  accept 
   1          2       4.814   0.003   0.00250       NO        0.00000   0.16449  reject 
   1          2       3.905   0.004   0.00430      YES        0.38053   0.12066  accept 
   1          2       3.416   0.003   0.00330       NO        0.00000   0.61185  reject 
   1          2       4.041   0.005   0.00460      YES        0.40708   0.40447  accept 
   1          2       4.803   0.007   0.00710       NO        0.00000   0.97405  reject 
   1          2       4.420   0.004   0.00400       NO        0.00000   0.69024  reject 
   1          2       3.357   0.005   0.00490       NO        0.00000   0.06361  reject 
   1          2       3.508   0.004   0.00390       NO        0.00000   0.96371  reject 
   1          2       4.499   0.006   0.00560       NO        0.00000   0.00541  reject 
   1          2       3.543   0.003   0.00250       NO        0.00000   0.05550  reject 
   1          2       4.280   0.004   0.00350      YES        0.30973   0.15762  accept 
   1          2       4.410   0.005   0.00540       NO        0.00000   0.36021  reject 
   1          2       4.708   0.007   0.00710       NO        0.00000   0.53942  reject 
   1          2       4.317   0.003   0.00330      YES        0.29204   0.54290  reject 
   1          2       4.004   0.004   0.00430      YES        0.38053   0.62617  reject 
   1          2       3.115   0.003   0.00340       NO        0.00000   0.89675  reject 
   1          2       3.897   0.003   0.00250      YES        0.22124   0.10311  accept 
   1          2       4.635   0.006   0.00640       NO        0.00000   0.64216  reject 
   1          2       5.167   0.009   0.00890       NO        0.00000   0.50522  reject 
   1          2       4.094   0.004   0.00410      YES        0.36283   0.35484  accept 
   1          2       3.756   0.005   0.00540      YES        0.47788   0.96607  reject 
   1          2       3.667   0.007   0.00700      YES        0.61947   0.03458  accept 
   1          2       4.731   0.005   0.00540       NO        0.00000   0.40722  reject 
   1          2       4.195   0.008   0.00780      YES        0.69027   0.40250  accept 
   1          2       4.210   0.009   0.00850      YES        0.75221   0.00182  accept 
   1          2       4.307   0.003   0.00280      YES        0.24779   0.39929  reject 
   1          2       4.276   0.008   0.00790      YES        0.69912   0.44018  accept 
   1          2       4.086   0.003   0.00280      YES        0.24779   0.60597  reject 
   1          2       3.958   0.003   0.00270      YES        0.23894   0.52549  reject 
   1          2       5.027   0.009   0.00890       NO        0.00000   0.60124  reject 
   1          2       3.447   0.004   0.00420       NO        0.00000   0.92187  reject 
   1          2       4.330   0.004   0.00390      YES        0.34513   0.50970  reject 
   1          2       3.035   0.005   0.00510       NO        0.00000   0.99984  reject 
   1          2       3.976   0.008   0.00830      YES        0.73451   0.64491  accept 
   1          2       3.942   0.006   0.00610      YES        0.53982   0.21328  accept 
   1          2       3.532   0.003   0.00300       NO        0.00000   0.93213  reject 
   1          2       4.210   0.005   0.00530      YES        0.46903   0.03392  accept 
   1          2       3.227   0.002   0.00210       NO        0.00000   0.61364  reject 
   1          2       4.094   0.007   0.00680      YES        0.60177   0.53554  accept 
   1          2       3.123   0.004   0.00400       NO        0.00000   0.51351  reject 
   1          2       3.674   0.007   0.00690      YES        0.61062   0.19079  accept 
   1          2       4.473   0.002   0.00220       NO        0.00000   0.94811  reject 
   1          2       3.368   0.003   0.00340       NO        0.00000   0.54378  reject 
   1          2       4.128   0.009   0.00920      YES        0.81416   0.67945  accept 
   1          2       3.234   0.003   0.00310       NO        0.00000   0.78594  reject 
   1          2       4.069   0.004   0.00440      YES        0.38938   0.73404  reject 
   1          2       4.330   0.002   0.00210      YES        0.18584   0.54368  reject 
   1          2       3.762   0.004   0.00430      YES        0.38053   0.84732  reject 
   1          2       4.522   0.003   0.00280       NO        0.00000   0.06250  reject 
   1          2       4.165   0.004   0.00410      YES        0.36283   0.94172  reject 
   1          2       3.218   0.003   0.00270       NO        0.00000   0.46144  reject 
   1          2       4.880   0.005   0.00530       NO        0.00000   0.71608  reject 
   1          2       3.936   0.004   0.00400      YES        0.35398   0.04125  accept 
   1          2       4.633   0.006   0.00590       NO        0.00000   0.70460  reject 
   1          2       4.033   0.006   0.00600      YES        0.53097   0.25674  accept 
   1          2       4.215   0.009   0.00860      YES        0.76106   0.42154  accept 
   1          2       4.736   0.009   0.00850       NO        0.00000   0.58518  reject 
   1          2       3.527   0.004   0.00430       NO        0.00000   0.04582  reject 
   1          2       4.086   0.004   0.00390      YES        0.34513   0.21633  accept 
   1          2       3.787   0.004   0.00390      YES        0.34513   0.80515  reject 
   1          2       4.351   0.006   0.00580       NO        0.00000   0.11590  reject 
   1          2       3.545   0.006   0.00560       NO        0.00000   0.90691  reject 
   1          2       3.840   0.004   0.00440      YES        0.38938   0.13063  accept 
   1          2       4.287   0.005   0.00510      YES        0.45133   0.89325  reject 
   1          2       2.921   0.003   0.00340       NO        0.00000   0.24896  reject 
   1          2       4.744   0.004   0.00380       NO        0.00000   0.73887  reject 
   1          2       4.307   0.004   0.00400      YES        0.35398   0.45898  reject 
   1          2       4.347   0.005   0.00500       NO        0.00000   0.29300  reject 
   1          2       4.113   0.004   0.00430      YES        0.38053   0.86096  reject 
   1          2       3.663   0.008   0.00760      YES        0.67257   0.25951  accept 
   1          2       4.078   0.006   0.00640      YES        0.56637   0.28426  accept 
   1          2       4.399   0.002   0.00230       NO        0.00000   0.72191  reject 
   1          2       4.318   0.003   0.00310      YES        0.27434   0.69574  reject 
   1          2       3.140   0.004   0.00400       NO        0.00000   0.63133  reject 
   1          2       4.055   0.002   0.00210      YES        0.18584   0.77324  reject 
   1          2       3.570   0.001   0.00130       NO        0.00000   0.45681  reject 
   1          2       4.148   0.007   0.00710      YES        0.62832   0.19906  accept 
   1          2       4.225   0.007   0.00700      YES        0.61947   0.27910  accept 
   1          2       4.459   0.006   0.00630       NO        0.00000   0.45382  reject 
   1          2       4.028   0.003   0.00290      YES        0.25664   0.53916  reject 
   1          2       4.000   0.003   0.00340      YES        0.30088   0.43049  reject 
   1          2       3.471   0.003   0.00250       NO        0.00000   0.74604  reject 
   1          2       3.368   0.004   0.00400       NO        0.00000   0.43043  reject 
   1          2       4.223   0.008   0.00820      YES        0.72566   0.04402  accept 
   1          2       3.595   0.007   0.00730       NO        0.00000   0.43350  reject 
   1          2       4.132   0.011   0.01080      YES        0.95575   0.42125  accept 
   1          2       3.626   0.007   0.00740       NO        0.00000   0.54792  reject 
   1          2       3.330   0.004   0.00410       NO        0.00000   0.31499  reject 
   1          2       4.172   0.008   0.00770      YES        0.68142   0.59485  accept 
   1          2       4.062   0.002   0.00210      YES        0.18584   0.09051  accept 
   1          2       3.785   0.004   0.00440      YES        0.38938   0.92581  reject 
   1          2       3.779   0.004   0.00390      YES        0.34513   0.50590  reject 
   1          2       3.620   0.002   0.00180       NO        0.00000   0.24442  reject 
   1          2       4.714   0.008   0.00790       NO        0.00000   0.13763  reject 
   1          2       3.503   0.006   0.00640       NO        0.00000   0.48790  reject 
   1          2       4.471   0.005   0.00480       NO        0.00000   0.03790  reject 
   1          2       4.387   0.004   0.00430       NO        0.00000   0.93883  reject 
   1          2       4.119   0.006   0.00640      YES        0.56637   0.81788  reject 
   1          2       3.379   0.006   0.00610       NO        0.00000   0.45677  reject 
   1          2       3.460   0.004   0.00430       NO        0.00000   0.17838  reject 
   1          2       4.321   0.006   0.00560      YES        0.49558   0.64333  reject 
   1          2       3.925   0.003   0.00270      YES        0.23894   0.43931  reject 
   1          2       4.462   0.009   0.00900       NO        0.00000   0.94472  reject 
   1          2       4.120   0.004   0.00350      YES        0.30973   0.14301  accept 
   1          2       4.384   0.008   0.00780       NO        0.00000   0.93606  reject 
   1          2       3.536   0.006   0.00570       NO        0.00000   0.01672  reject 
   1          2       4.272   0.004   0.00400      YES        0.35398   0.00740  accept 
   1          2       3.923   0.005   0.00470      YES        0.41593   0.19550  accept 
   1          2       3.894   0.003   0.00340      YES        0.30088   0.66979  reject 
   1          2       3.761   0.003   0.00250      YES        0.22124   0.13958  accept 
   1          2       3.917   0.004   0.00410      YES        0.36283   0.91649  reject 
   1          2       3.276   0.004   0.00410       NO        0.00000   0.72039  reject 
   1          2       3.692   0.004   0.00380      YES        0.33628   0.45386  reject 
   1          2       3.656   0.002   0.00230       NO        0.00000   0.44399  reject 
   1          2       4.329   0.007   0.00700      YES        0.61947   0.11484  accept 
   1          2       3.812   0.005   0.00530      YES        0.46903   0.23468  accept 
   1          2       4.501   0.008   0.00770       NO        0.00000   0.28303  reject 
   1          2       3.934   0.005   0.00550      YES        0.48673   0.36456  accept 
   1          2       4.253   0.010   0.01000      YES        0.88496   0.83029  accept 
   1          2       4.618   0.009   0.00860       NO        0.00000   0.61451  reject 
   1          2       3.209   0.005   0.00470       NO        0.00000   0.51162  reject 
   1          2       4.346   0.003   0.00260       NO        0.00000   0.32159  reject 
   1          2       4.022   0.004   0.00440      YES        0.38938   0.71059  reject 
   1          2       3.283   0.004   0.00390       NO        0.00000   0.28700  reject 
   1          2       3.739   0.004   0.00430      YES        0.38053   0.72651  reject 
   1          2       3.610   0.004   0.00450       NO        0.00000   0.36648  reject 
   1          2       4.690   0.003   0.00290       NO        0.00000   0.99723  reject 
   1          2       3.555   0.003   0.00330       NO        0.00000   0.88638  reject 
   1          2       3.823   0.002   0.00220      YES        0.19469   0.43893  reject 
   1          2       3.923   0.003   0.00310      YES        0.27434   0.65328  reject 
   1          2       4.145   0.003   0.00310      YES        0.27434   0.65315  reject 
   1          2       4.040   0.005   0.00470      YES        0.41593   0.52256  reject 
   1          2       4.337   0.008   0.00820      YES        0.72566   0.62478  accept 
   1          2       4.370   0.002   0.00230       NO        0.00000   0.15171  reject 
   1          2       4.296   0.003   0.00310      YES        0.27434   0.80154  reject 
   1          2       4.657   0.009   0.00930       NO        0.00000   0.75149  reject 
   1          2       4.061   0.004   0.00440      YES        0.38938   0.17995  accept 
   1          2       3.701   0.002   0.00240      YES        0.21239   0.38734  reject 
   1          2       3.925   0.002   0.00210      YES        0.18584   0.69873  reject 
   1          2       3.970   0.006   0.00570      YES        0.50442   0.97741  reject 
   1          2       3.653   0.007   0.00700       NO        0.00000   0.20992  reject 
   1          2       4.364   0.003   0.00290       NO        0.00000   0.94465  reject 
   1          2       3.457   0.003   0.00320       NO        0.00000   0.96237  reject 
   1          2       4.150   0.004   0.00450      YES        0.39823   0.02929  accept 
   1          2       3.140   0.002   0.00170       NO        0.00000   0.58091  reject 
   1          2       4.070   0.004   0.00400      YES        0.35398   0.14958  accept 
   1          2       3.671   0.002   0.00170      YES        0.15044   0.69242  reject 
   1          2       4.325   0.002   0.00230      YES        0.20354   0.22753  reject 
   1          2       2.582   0.002   0.00160       NO        0.00000   0.36846  reject 
   1          2       3.717   0.003   0.00300      YES        0.26549   0.04851  accept 
   1          2       5.310   0.008   0.00830       NO        0.00000   0.57152  reject 
   1          2       3.939   0.002   0.00150      YES        0.13274   0.34446  reject 
   1          2       4.388   0.008   0.00840       NO        0.00000   0.24497  reject 
   1          2       3.589   0.005   0.00530       NO        0.00000   0.20204  reject 
   1          2       2.959   0.004   0.00380       NO        0.00000   0.70505  reject 
   1          2       4.137   0.005   0.00460      YES        0.40708   0.43491  reject 
   1          2       4.534   0.005   0.00510       NO        0.00000   0.65013  reject 
   1          2       3.510   0.003   0.00280       NO        0.00000   0.23540  reject 
   1          2       3.964   0.004   0.00390      YES        0.34513   0.38049  reject 
   1          2       3.202   0.003   0.00260       NO        0.00000   0.80518  reject 
   1          2       3.993   0.003   0.00270      YES        0.23894   0.94192  reject 
   1          2       4.568   0.004   0.00390       NO        0.00000   0.74450  reject 
   1          2       3.845   0.008   0.00780      YES        0.69027   0.68914  accept 
   1          2       3.492   0.003   0.00300       NO        0.00000   0.15162  reject 
   1          2       3.110   0.003   0.00310       NO        0.00000   0.98616  reject 
   1          2       3.886   0.005   0.00500      YES        0.44248   0.40050  accept 
   1          2       3.558   0.010   0.01000       NO        0.00000   0.98713  reject 
   1          2       4.166   0.001   0.00130      YES        0.11504   0.65044  reject 
   1          2       3.953   0.007   0.00730      YES        0.64602   0.61955  accept 
   1          2       4.150   0.007   0.00750      YES        0.66372   0.66930  reject 
   1          2       3.612   0.003   0.00280       NO        0.00000   0.98271  reject 
   1          2       4.496   0.007   0.00690       NO        0.00000   0.05027  reject 
   1          2       3.785   0.005   0.00540      YES        0.47788   0.62754  reject 
   1          2       4.816   0.003   0.00330       NO        0.00000   0.84911  reject 
   1          2       4.023   0.004   0.00360      YES        0.31858   0.15537  accept 
   1          2       3.985   0.002   0.00170      YES        0.15044   0.40618  reject 
   1          2       3.740   0.007   0.00660      YES        0.58407   0.77991  reject 
   1          2       3.508   0.003   0.00330       NO        0.00000   0.40419  reject 
   1          2       3.693   0.003   0.00310      YES        0.27434   0.65039  reject 
   1          2       3.230   0.002   0.00230       NO        0.00000   0.31246  reject 
   1          2       4.359   0.006   0.00630       NO        0.00000   0.73248  reject 
   1          2       4.282   0.005   0.00490      YES        0.43363   0.25027  accept 
   1          2       4.156   0.005   0.00480      YES        0.42478   0.49041  reject 
   1          2       3.986   0.002   0.00200      YES        0.17699   0.41924  reject 
   1          2       4.965   0.009   0.00910       NO        0.00000   0.35492  reject 
   1          2       5.535   0.012   0.01190       NO        0.00000   0.53369  reject 
   1          2       3.531   0.004   0.00450       NO        0.00000   0.21899  reject 
   1          2       4.031   0.004   0.00450      YES        0.39823   0.75174  reject 
   1          2       3.946   0.005   0.00490      YES        0.43363   0.10782  accept 
   1          2       5.120   0.004   0.00390       NO        0.00000   0.98691  reject 
   1          2       4.427   0.006   0.00610       NO        0.00000   0.08754  reject 
   1          2       3.475   0.002   0.00240       NO        0.00000   0.24834  reject 
   1          2       4.514   0.011   0.01050       NO        0.00000   0.24497  reject 
   1          2       3.110   0.002   0.00230       NO        0.00000   0.47634  reject 
   1          2       4.252   0.006   0.00590      YES        0.52212   0.83821  reject 
   1          2       4.463   0.004   0.00450       NO        0.00000   0.87349  reject 
   1          2       4.967   0.004   0.00450       NO        0.00000   0.84019  reject 
   1          2       4.069   0.006   0.00570      YES        0.50442   0.36013  accept 
   1          2       4.219   0.006   0.00650      YES        0.57522   0.57442  accept 
   1          2       3.424   0.005   0.00510       NO        0.00000   0.28302  reject 
   1          2       3.928   0.003   0.00270      YES        0.23894   0.36811  reject 
   1          2       4.123   0.003   0.00310      YES        0.27434   0.61339  reject 
   1          2       3.264   0.002   0.00160       NO        0.00000   0.27692  reject 
   1          2       3.224   0.005   0.00470       NO        0.00000   0.98128  reject 
   1          2       2.851   0.003   0.00270       NO        0.00000   0.94069  reject 
   1          2       4.805   0.010   0.01010       NO        0.00000   0.86400  reject 
   1          2       4.150   0.005   0.00520      YES        0.46018   0.17455  accept 
   1          2       3.818   0.006   0.00570      YES        0.50442   0.13421  accept 
   1          2       3.148   0.003   0.00280       NO        0.00000   0.40846  reject 
   1          2       4.302   0.006   0.00610      YES        0.53982   0.91383  reject 
   1          2       3.222   0.003   0.00320       NO        0.00000   0.45186  reject 
   1          2       3.758   0.004   0.00380      YES        0.33628   0.12800  accept 
   1          2       4.320   0.011   0.01080      YES        0.95575   0.67079  accept 
   1          2       4.375   0.005   0.00550       NO        0.00000   0.53708  reject 
   1          2       3.489   0.005   0.00500       NO        0.00000   0.03424  reject 
   1          2       3.304   0.003   0.00310       NO        0.00000   0.79437  reject 
   1          2       3.783   0.004   0.00430      YES        0.38053   0.44961  reject 
   1          2       4.109   0.008   0.00800      YES        0.70796   0.28144  accept 
   1          2       4.142   0.005   0.00510      YES        0.45133   0.37769  accept 
   1          2       3.166   0.002   0.00230       NO        0.00000   0.17949  reject 
   1          2       4.313   0.004   0.00410      YES        0.36283   0.91710  reject 
   1          2       4.421   0.010   0.00970       NO        0.00000   0.21854  reject 
   1          2       3.748   0.005   0.00470      YES        0.41593   0.07546  accept 
   1          2       3.665   0.003   0.00320      YES        0.28319   0.30023  reject 
   1          2       4.710   0.007   0.00660       NO        0.00000   0.33203  reject 
   1          2       4.600   0.003   0.00320       NO        0.00000   0.56137  reject 
   1          2       3.541   0.006   0.00570       NO        0.00000   0.52617  reject 
   1          2       4.765   0.006   0.00600       NO        0.00000   0.50949  reject 
   1          2       4.198   0.009   0.00910      YES        0.80531   0.83951  reject 
   1          2       4.156   0.005   0.00480      YES        0.42478   0.38896  accept 
   1          2       4.561   0.010   0.01030       NO        0.00000   0.06404  reject 
   1          2       4.393   0.004   0.00420       NO        0.00000   0.64807  reject 
   1          2       3.812   0.006   0.00580      YES        0.51327   0.88299  reject 
   1          2       4.275   0.004   0.00420      YES        0.37168   0.38693  reject 
   1          2       3.902   0.006   0.00580      YES        0.51327   0.58704  reject 
   1          2       3.739   0.006   0.00610      YES        0.53982   0.87711  reject 
   1          2       3.718   0.004   0.00440      YES        0.38938   0.02943  accept 
   1          2       4.757   0.004   0.00390       NO        0.00000   0.15983  reject 
   1          2       4.099   0.009   0.00910      YES        0.80531   0.41561  accept 
   1          2       3.918   0.009   0.00920      YES        0.81416   0.00908  accept 
   1          2       4.960   0.011   0.01050       NO        0.00000   0.13352  reject 
   1          2       3.781   0.003   0.00300      YES        0.26549   0.82169  reject 
   1          2       4.762   0.011   0.01110       NO        0.00000   0.53429  reject 
   1          2       3.732   0.001   0.00110      YES        0.09735   0.85117  reject 
   1          2       4.690   0.004   0.00380       NO        0.00000   0.58426  reject 
   1          2       4.409   0.003   0.00260       NO        0.00000   0.89079  reject 
   1          2       3.378   0.004   0.00380       NO        0.00000   0.50086  reject 
   1          2       3.339   0.004   0.00360       NO        0.00000   0.87159  reject 
   1          2       4.615   0.002   0.00160       NO        0.00000   0.25877  reject 
   1          2       4.468   0.005   0.00510       NO        0.00000   0.05770  reject 
   1          2       3.701   0.003   0.00280      YES        0.24779   0.71896  reject 
   1          2       3.943   0.005   0.00480      YES        0.42478   0.74075  reject 
   1          2       4.456   0.006   0.00560       NO        0.00000   0.82907  reject 
   1          2       3.665   0.005   0.00480      YES        0.42478   0.85993  reject 
   1          2       4.016   0.003   0.00250      YES        0.22124   0.85724  reject 
   1          2       3.971   0.008   0.00770      YES        0.68142   0.59721  accept 
   1          2       4.003   0.005   0.00520      YES        0.46018   0.25673  accept 
   1          2       4.087   0.009   0.00870      YES        0.76991   0.26750  accept 
   1          2       3.461   0.006   0.00580       NO        0.00000   0.43317  reject 
   1          2       4.116   0.007   0.00700      YES        0.61947   0.36725  accept 
   1          2       4.271   0.002   0.00240      YES        0.21239   0.89806  reject 
   1          2       3.992   0.004   0.00410      YES        0.36283   0.39007  reject 
   1          2       4.555   0.006   0.00580       NO        0.00000   0.76607  reject 
   1          2       4.485   0.004   0.00380       NO        0.00000   0.01965  reject 
   1          2       3.317   0.004   0.00450       NO        0.00000   0.31447  reject 
   1          2       3.805   0.004   0.00350      YES        0.30973   0.07575  accept 
   1          2       3.945   0.002   0.00160      YES        0.14159   0.01998  accept 
   1          2       3.995   0.008   0.00830      YES        0.73451   0.17029  accept 
   1          2       3.793   0.003   0.00250      YES        0.22124   0.02609  accept 
   1          2       5.089   0.018   0.01760       NO        0.00000   0.84248  reject 
   1          2       3.639   0.006   0.00570       NO        0.00000   0.11186  reject 
   1          2       4.723   0.006   0.00590       NO        0.00000   0.13765  reject 
   1          2       4.166   0.008   0.00810      YES        0.71681   0.40226  accept 
   1          2       4.369   0.007   0.00660       NO        0.00000   0.01578  reject 
   1          2       3.770   0.004   0.00400      YES        0.35398   0.13994  accept 
   1          2       4.189   0.011   0.01050      YES        0.92920   0.07852  accept 
   1          2       3.428   0.003   0.00280       NO        0.00000   0.19448  reject 
   1          2       3.971   0.005   0.00500      YES        0.44248   0.93006  reject 
   1          2       3.996   0.006   0.00610      YES        0.53982   0.30510  accept 
   1          2       3.666   0.003   0.00330      YES        0.29204   0.65781  reject 
   1          2       4.118   0.008   0.00770      YES        0.68142   0.88282  reject 
   1          2       4.353   0.006   0.00580       NO        0.00000   0.76695  reject 
   1          2       3.747   0.003   0.00340      YES        0.30088   0.24728  accept 
   1          2       3.486   0.003   0.00280       NO        0.00000   0.29588  reject 
   1          2       5.530   0.016   0.01620       NO        0.00000   0.72538  reject 
   1          2       3.901   0.002   0.00210      YES        0.18584   0.87259  reject 
   1          2       3.959   0.004   0.00450      YES        0.39823   0.32009  accept 
   1          2       4.176   0.004   0.00430      YES        0.38053   0.12822  accept 
   1          2       3.833   0.006   0.00560      YES        0.49558   0.82616  reject 
   1          2       4.631   0.005   0.00470       NO        0.00000   0.93071  reject 
   1          2       4.455   0.009   0.00870       NO        0.00000   0.67765  reject 
   1          2       3.499   0.004   0.00370       NO        0.00000   0.65508  reject 
   1          2       3.717   0.005   0.00520      YES        0.46018   0.52567  reject 
   1          2       3.911   0.006   0.00580      YES        0.51327   0.01985  accept 
   1          2       4.347   0.005   0.00460       NO        0.00000   0.57633  reject 
   1          2       3.143   0.006   0.00560       NO        0.00000   0.67044  reject 
   1          2       3.646   0.003   0.00260       NO        0.00000   0.28029  reject 
   1          2       4.202   0.005   0.00490      YES        0.43363   0.59632  reject 
   1          2       4.708   0.008   0.00770       NO        0.00000   0.00400  reject 
   1          2       3.036   0.003   0.00250       NO        0.00000   0.47202  reject 
   1          2       3.207   0.005   0.00470       NO        0.00000   0.94387  reject 
   1          2       3.018   0.002   0.00220       NO        0.00000   0.70183  reject 
   1          2       3.882   0.004   0.00390      YES        0.34513   0.47479  reject 
   1          2       3.762   0.004   0.00350      YES        0.30973   0.86545  reject 
   1          2       3.860   0.005   0.00490      YES        0.43363   0.96374  reject 
   1          2       4.466   0.005   0.00500       NO        0.00000   0.97170  reject 
   1          2       4.263   0.006   0.00580      YES        0.51327   0.47840  accept 
   1          2       2.966   0.003   0.00310       NO        0.00000   0.89871  reject 
   1          2       3.595   0.004   0.00370       NO        0.00000   0.62245  reject 
   1          2       3.065   0.005   0.00480       NO        0.00000   0.23023  reject 
   1          2       3.373   0.003   0.00260       NO        0.00000   0.88989  reject 
   1          2       3.873   0.006   0.00570      YES        0.50442   0.17800  accept 
   1          2       3.824   0.001   0.00130      YES        0.11504   0.71785  reject 
   1          2       4.030   0.007   0.00740      YES        0.65487   0.91042  reject 
   1          2       4.851   0.003   0.00300       NO        0.00000   0.44491  reject 
   1          2       3.217   0.003   0.00320       NO        0.00000   0.61645  reject 
   1          2       4.028   0.006   0.00620      YES        0.54867   0.30340  accept 
   1          2       3.894   0.005   0.00550      YES        0.48673   0.17221  accept 
   1          2       4.537   0.005   0.00460       NO        0.00000   0.81322  reject 
   1          2       3.307   0.003   0.00260       NO        0.00000   0.41419  reject 
   1          2       4.178   0.005   0.00550      YES        0.48673   0.58536  reject 
   1          2       4.069   0.005   0.00500      YES        0.44248   0.25292  accept 
   1          2       4.166   0.007   0.00730      YES        0.64602   0.58240  accept 
   1          2       4.250   0.007   0.00690      YES        0.61062   0.33767  accept 
   1          2       4.158   0.004   0.00440      YES        0.38938   0.27599  accept 
   1          2       4.459   0.008   0.00800       NO        0.00000   0.24416  reject 
   1          2       4.549   0.009   0.00870       NO        0.00000   0.64716  reject 
   1          2       3.870   0.003   0.00260      YES        0.23009   0.09906  accept 
   1          2       4.426   0.005   0.00460       NO        0.00000   0.56604  reject 
   1          2       4.229   0.011   0.01130      YES        1.00000   0.51808  accept 
   1          2       4.887   0.006   0.00560       NO        0.00000   0.71585  reject 
   1          2       4.329   0.005   0.00460      YES        0.40708   0.99142  reject 
   1          2       3.699   0.005   0.00520      YES        0.46018   0.04366  accept 
   1          2       3.311   0.005   0.00460       NO        0.00000   0.43289  reject 
   1          2       3.736   0.005   0.00530      YES        0.46903   0.35410  accept 
   1          2       4.772   0.003   0.00260       NO        0.00000   0.33315  reject 
   1          2       5.144   0.005   0.00500       NO        0.00000   0.94129  reject 
   1          2       3.655   0.003   0.00340       NO        0.00000   0.63066  reject 
   1          2       3.667   0.006   0.00560      YES        0.49558   0.72109  reject 
   1          2       4.848   0.012   0.01170       NO        0.00000   0.65645  reject 
   1          2       3.675   0.003   0.00330      YES        0.29204   0.83069  reject 
   1          2       3.943   0.002   0.00220      YES        0.19469   0.24082  reject 
   1          2       4.041   0.005   0.00500      YES        0.44248   0.78177  reject 
   1          2       3.327   0.006   0.00570       NO        0.00000   0.64193  reject 
   1          2       3.678   0.007   0.00670      YES        0.59292   0.55639  accept 
   1          2       4.952   0.005   0.00480       NO        0.00000   0.05103  reject 
   1          2       3.709   0.003   0.00330      YES        0.29204   0.74008  reject 
   1          2       4.470   0.005   0.00460       NO        0.00000   0.27519  reject 
   1          2       4.716   0.007   0.00670       NO        0.00000   0.74978  reject 
   1          2       3.735   0.003   0.00300      YES        0.26549   0.27379  reject 
   1          2       2.873   0.003   0.00250       NO        0.00000   0.00518  reject 
   1          2       3.486   0.002   0.00190       NO        0.00000   0.56652  reject 
   1          2       3.580   0.003   0.00310       NO        0.00000   0.60268  reject 
   1          2       2.677   0.003   0.00250       NO        0.00000   0.88507  reject 
   1          2       4.112   0.006   0.00630      YES        0.55752   0.52259  accept 
   1          2       4.337   0.004   0.00410      YES        0.36283   0.93327  reject 
   1          2       4.244   0.006   0.00560      YES        0.49558   0.80767  reject 
   1          2       3.887   0.003   0.00290      YES        0.25664   0.74214  reject 
   1          2       3.766   0.002   0.00190      YES        0.16814   0.45279  reject 
   1          2       3.857   0.004   0.00400      YES        0.35398   0.26132  accept 
   1          2       3.954   0.004   0.00430      YES        0.38053   0.25124  accept 
   1          2       3.109   0.003   0.00250       NO        0.00000   0.29583  reject 
   1          2       4.490   0.009   0.00920       NO        0.00000   0.21497  reject 
   1          2       3.973   0.004   0.00430      YES        0.38053   0.02112  accept 
   1          2       4.160   0.010   0.00980      YES        0.86726   0.43919  accept 
   1          2       4.079   0.004   0.00420      YES        0.37168   0.82975  reject 
   1          2       4.209   0.002   0.00190      YES        0.16814   0.91732  reject 
   1          2       4.154   0.002   0.00230      YES        0.20354   0.16183  accept 
   1          2       4.337   0.006   0.00570      YES        0.50442   0.95572  reject 
   1          2       5.072   0.011   0.01140       NO        0.00000   0.81253  reject 
   1          2       3.067   0.004   0.00390       NO        0.00000   0.32788  reject 
   1          2       4.948   0.005   0.00500       NO        0.00000   0.90785  reject 
   1          2       4.570   0.008   0.00820       NO        0.00000   0.92853  reject 
   1          2       4.468   0.008   0.00760       NO        0.00000   0.30068  reject 
   1          2       4.229   0.004   0.00430      YES        0.38053   0.29104  accept 
   1          2       3.570   0.003   0.00330       NO        0.00000   0.86492  reject 
   1          2       3.513   0.002   0.00240       NO        0.00000   0.36389  reject 
   1          2       3.032   0.003   0.00270       NO        0.00000   0.93834  reject 
   1          2       3.954   0.002   0.00230      YES        0.20354   0.93217  reject 
   1          2       4.328   0.004   0.00450      YES        0.39823   0.85233  reject 
   1          2       4.339   0.004   0.00360      YES        0.31858   0.90214  reject 
   1          2       4.664   0.003   0.00250       NO        0.00000   0.15934  reject 
   1          2       3.584   0.005   0.00480       NO        0.00000   0.01070  reject 
   1          2       3.252   0.004   0.00420       NO        0.00000   0.72425  reject 
   1          2       4.550   0.004   0.00410       NO        0.00000   0.55584  reject 
   1          2       3.629   0.005   0.00470       NO        0.00000   0.79523  reject 
   1          2       3.340   0.003   0.00290       NO        0.00000   0.35585  reject 
   1          2       4.720   0.009   0.00890       NO        0.00000   0.75224  reject 
   1          2       3.844   0.002   0.00220      YES        0.19469   0.05882  accept 
   1          2       3.719   0.004   0.00370      YES        0.32743   0.65776  reject 
   1          2       3.697   0.005   0.00540      YES        0.47788   0.74918  reject 
   1          2       4.372   0.002   0.00230       NO        0.00000   0.30534  reject 
   1          2       3.895   0.004   0.00380      YES        0.33628   0.76128  reject 
   1          2       4.777   0.005   0.00500       NO        0.00000   0.41240  reject 
   1          2       4.613   0.007   0.00680       NO        0.00000   0.78469  reject 
   1          2       2.742   0.004   0.00390       NO        0.00000   0.98931  reject 
   1          2       4.243   0.004   0.00420      YES        0.37168   0.44047  reject 
   1          2       4.736   0.011   0.01080       NO        0.00000   0.45209  reject 
   1          2       3.592   0.005   0.00510       NO        0.00000   0.84894  reject 
   1          2       4.059   0.011   0.01050      YES        0.92920   0.76728  accept 
   1          2       3.371   0.004   0.00420       NO        0.00000   0.79930  reject 
   1          2       4.109   0.007   0.00690      YES        0.61062   0.66416  reject 
   1          2       4.460   0.003   0.00300       NO        0.00000   0.20563  reject 
   1          2       4.295   0.005   0.00480      YES        0.42478   0.06720  accept 
   1          2       3.962   0.006   0.00620      YES        0.54867   0.84075  reject 
   1          2       4.106   0.007   0.00690      YES        0.61062   0.25083  accept 
   1          2       3.377   0.001   0.00140       NO        0.00000   0.35638  reject 
   1          2       4.364   0.005   0.00550       NO        0.00000   0.44235  reject 
   1          2       3.909   0.003   0.00250      YES        0.22124   0.23103  reject 
   1          2       2.942   0.002   0.00170       NO        0.00000   0.79382  reject 
   1          2       3.084   0.005   0.00520       NO        0.00000   0.07398  reject 
   1          2       3.505   0.003   0.00340       NO        0.00000   0.95834  reject 
   1          2       4.101   0.005   0.00470      YES        0.41593   0.39920  accept 
   1          2       3.282   0.004   0.00400       NO        0.00000   0.86818  reject 
   1          2       3.768   0.006   0.00640      YES        0.56637   0.28710  accept 
   1          2       4.479   0.005   0.00500       NO        0.00000   0.37034  reject 
   1          2       3.394   0.001   0.00090       NO        0.00000   0.61880  reject 
   1          2       4.591   0.009   0.00850       NO        0.00000   0.92206  reject 
   1          2       4.078   0.004   0.00400      YES        0.35398   0.93439  reject 
   1          2       4.224   0.009   0.00880      YES        0.77876   0.07701  accept 
   1          2       3.928   0.005   0.00500      YES        0.44248   0.03477  accept 
   1          2       3.397   0.005   0.00550       NO        0.00000   0.19890  reject 
   1          2       4.115   0.004   0.00370      YES        0.32743   0.92844  reject 
   1          2       3.867   0.005   0.00550      YES        0.48673   0.31062  accept 
   1          2       4.442   0.010   0.00960       NO        0.00000   0.34509  reject 
   1          2       4.546   0.009   0.00940       NO        0.00000   0.93139  reject 
   1          2       4.189   0.009   0.00890      YES        0.78761   0.98050  reject 
   1          2       5.004   0.008   0.00790       NO        0.00000   0.57820  reject 
   1          2       3.484   0.003   0.00250       NO        0.00000   0.13542  reject 
   1          2       4.112   0.009   0.00870      YES        0.76991   0.26436  accept 
   1          2       4.654   0.003   0.00300       NO        0.00000   0.56904  reject 
   1          2       4.406   0.005   0.00470       NO        0.00000   0.80309  reject 
   1          2       4.858   0.013   0.01280       NO        0.00000   0.16053  reject 
   1          2       3.940   0.004   0.00410      YES        0.36283   0.64277  reject 
   1          2       4.325   0.002   0.00220      YES        0.19469   0.19890  reject 
   1          2       3.629   0.003   0.00270       NO        0.00000   0.24510  reject 
   1          2       3.642   0.008   0.00760       NO        0.00000   0.83942  reject 
   1          2       3.527   0.004   0.00350       NO        0.00000   0.14495  reject 
   1          2       2.710   0.002   0.00150       NO        0.00000   0.03400  reject 
   1          2       4.035   0.008   0.00820      YES        0.72566   0.17823  accept 
   1          2       4.322   0.003   0.00320      YES        0.28319   0.00182  accept 
   1          2       3.870   0.003   0.00250      YES        0.22124   0.25611  reject 
   1          2       3.532   0.002   0.00240       NO        0.00000   0.31094  reject 
   1          2       3.756   0.006   0.00580      YES        0.51327   0.57303  reject 
   1          2       3.671   0.002   0.00170      YES        0.15044   0.31905  reject 
   1          2       3.956   0.004   0.00430      YES        0.38053   0.31004  accept 
   1          2       4.084   0.007   0.00690      YES        0.61062   0.80022  reject 
   1          2       4.704   0.007   0.00750       NO        0.00000   0.02675  reject 
   1          2       3.777   0.010   0.01040      YES        0.92035   0.64941  accept 
   1          2       4.487   0.003   0.00300       NO        0.00000   0.61322  reject 
   1          2       4.063   0.007   0.00710      YES        0.62832   0.19918  accept 
   1          2       4.182   0.005   0.00520      YES        0.46018   0.78343  reject 
   1          2       4.035   0.008   0.00770      YES        0.68142   0.70909  reject 
   1          2       4.775   0.006   0.00570       NO        0.00000   0.58425  reject 
   1          2       3.369   0.004   0.00380       NO        0.00000   0.26776  reject 
   1          2       3.178   0.003   0.00320       NO        0.00000   0.53095  reject 
   1          2       3.466   0.004   0.00420       NO        0.00000   0.47867  reject 
   1          2       4.251   0.004   0.00350      YES        0.30973   0.96009  reject 
   1          2       3.998   0.005   0.00520      YES        0.46018   0.88532  reject 
   1          2       3.736   0.006   0.00620      YES        0.54867   0.40881  accept 
   1          2       3.244   0.005   0.00490       NO        0.00000   0.70992  reject 
   1          2       3.765   0.003   0.00290      YES        0.25664   0.74763  reject 
   1          2       3.730   0.003   0.00280      YES        0.24779   0.97151  reject 
   1          2       3.951   0.004   0.00450      YES        0.39823   0.23274  accept 
   1          2       3.802   0.007   0.00710      YES        0.62832   0.89968  reject 
   1          2       3.500   0.005   0.00550       NO        0.00000   0.53460  reject 
   1          2       4.040   0.006   0.00610      YES        0.53982   0.41252  accept 
   1          2       4.184   0.008   0.00800      YES        0.70796   0.77805  reject 
   1          2       3.168   0.005   0.00520       NO        0.00000   0.43914  reject 
   1          2       2.758   0.002   0.00230       NO        0.00000   0.55750  reject 
   1          2       4.554   0.005   0.00520       NO        0.00000   0.13136  reject 
   1          2       3.555   0.002   0.00210       NO        0.00000   0.26756  reject 
   1          2       4.475   0.004   0.00370       NO        0.00000   0.07745  reject 
   1          2       4.202   0.004   0.00360      YES        0.31858   0.48659  reject 
   1          2       4.162   0.005   0.00510      YES        0.45133   0.17746  accept 
   1          2       3.476   0.006   0.00590       NO        0.00000   0.20117  reject 
   1          2       4.162   0.003   0.00310      YES        0.27434   0.80583  reject 
   1          2       3.781   0.007   0.00670      YES        0.59292   0.80067  reject 
   1          2       4.514   0.004   0.00420       NO        0.00000   0.95987  reject 
   1          2       3.892   0.002   0.00230      YES        0.20354   0.82843  reject 
   1          2       3.124   0.003   0.00310       NO        0.00000   0.17786  reject 
   1          2       4.242   0.003   0.00260      YES        0.23009   0.34909  reject 
   1          2       3.899   0.004   0.00390      YES        0.34513   0.35607  reject 
   1          2       3.915   0.005   0.00540      YES        0.47788   0.90359  reject 
   1          2       5.117   0.007   0.00750       NO        0.00000   0.53795  reject 
   1          2       3.232   0.004   0.00400       NO        0.00000   0.83768  reject 
   1          2       4.102   0.004   0.00350      YES        0.30973   0.57286  reject 
   1          2       4.720   0.010   0.00960       NO        0.00000   0.64130  reject 
   1          2       3.341   0.004   0.00390       NO        0.00000   0.69424  reject 
   1          2       3.741   0.005   0.00530      YES        0.46903   0.52255  reject 
   1          2       4.011   0.004   0.00430      YES        0.38053   0.07181  accept 
   1          2       3.140   0.003   0.00300       NO        0.00000   0.79228  reject 
   1          2       4.200   0.004   0.00450      YES        0.39823   0.00602  accept 
   1          2       3.969   0.004   0.00420      YES        0.37168   0.98411  reject 
   1          2       4.757   0.011   0.01070       NO        0.00000   0.18175  reject 
   1          2       3.280   0.002   0.00230       NO        0.00000   0.53056  reject 
   1          2       4.163   0.005   0.00490      YES        0.43363   0.37510  accept 
   1          2       4.954   0.007   0.00660       NO        0.00000   0.00856  reject 
   1          2       4.885   0.005   0.00510       NO        0.00000   0.86636  reject 
   1          2       3.516   0.003   0.00250       NO        0.00000   0.94943  reject 
   1          2       4.631   0.002   0.00240       NO        0.00000   0.15545  reject 
   1          2       3.452   0.003   0.00330       NO        0.00000   0.98951  reject 
   1          2       3.566   0.003   0.00340       NO        0.00000   0.48539  reject 
   1          2       4.195   0.006   0.00590      YES        0.52212   0.73265  reject 
   1          2       4.284   0.004   0.00450      YES        0.39823   0.89592  reject 
   1          2       3.727   0.006   0.00620      YES        0.54867   0.93500  reject 
   1          2       3.405   0.002   0.00220       NO        0.00000   0.85022  reject 
   1          2       4.403   0.007   0.00680       NO        0.00000   0.34436  reject 
   1          2       5.072   0.009   0.00860       NO        0.00000   0.18459  reject 
   1          2       4.018   0.007   0.00720      YES        0.63717   0.82021  reject 
   1          2       4.999   0.014   0.01380       NO        0.00000   0.82481  reject 
   1          2       3.735   0.004   0.00430      YES        0.38053   0.47621  reject 
   1          2       4.557   0.008   0.00770       NO        0.00000   0.69591  reject 
   1          2       4.684   0.008   0.00760       NO        0.00000   0.25157  reject 
   1          2       4.585   0.008   0.00780       NO        0.00000   0.63404  reject 
   1          2       4.530   0.003   0.00250       NO        0.00000   0.62996  reject 
   1          2       4.561   0.005   0.00490       NO        0.00000   0.08762  reject 
   1          2       4.144   0.005   0.00460      YES        0.40708   0.93043  reject 
   1          2       4.215   0.003   0.00300      YES        0.26549   0.71599  reject 
   1          2       3.697   0.003   0.00270      YES        0.23894   0.48857  reject 
   1          2       4.535   0.008   0.00770       NO        0.00000   0.33539  reject 
   1          2       3.860   0.004   0.00440      YES        0.38938   0.34283  accept 
   1          2       4.432   0.003   0.00270       NO        0.00000   0.77169  reject 
   1          2       4.875   0.007   0.00710       NO        0.00000   0.04749  reject 
   1          2       3.967   0.004   0.00400      YES        0.35398   0.81849  reject 
   1          2       3.788   0.002   0.00230      YES        0.20354   0.21431  reject 
   1          2       4.593   0.010   0.00960       NO        0.00000   0.83394  reject 
   1          2       3.765   0.007   0.00710      YES        0.62832   0.51157  accept 
   1          2       4.498   0.003   0.00340       NO        0.00000   0.32036  reject 
   1          2       4.754   0.005   0.00530       NO        0.00000   0.20522  reject 
   1          2       2.835   0.004   0.00430       NO        0.00000   0.98201  reject 
   1          2       4.451   0.004   0.00430       NO        0.00000   0.40188  reject 
   1          2       3.626   0.003   0.00340       NO        0.00000   0.62655  reject 
   1          2       3.688   0.004   0.00350      YES        0.30973   0.87205  reject 
   1          2       3.518   0.005   0.00480       NO        0.00000   0.38524  reject 
   1          2       4.023   0.004   0.00410      YES        0.36283   0.61335  reject 
   1          2       3.571   0.006   0.00610       NO        0.00000   0.58752  reject 
   1          2       4.280   0.006   0.00630      YES        0.55752   0.26525  accept 
   1          2       3.628   0.003   0.00310       NO        0.00000   0.85854  reject 
   1          2       4.484   0.004   0.00370       NO        0.00000   0.78945  reject 
   1          2       2.806   0.003   0.00260       NO        0.00000   0.06447  reject 
   1          2       3.416   0.005   0.00510       NO        0.00000   0.49417  reject 
   1          2       3.748   0.003   0.00310      YES        0.27434   0.07725  accept 
   1          2       3.995   0.004   0.00420      YES        0.37168   0.06867  accept 
   1          2       3.957   0.006   0.00570      YES        0.50442   0.74682  reject 
   1          2       3.759   0.003   0.00250      YES        0.22124   0.87807  reject 
   1          2       3.758   0.003   0.00300      YES        0.26549   0.12542  accept 
   1          2       3.930   0.004   0.00370      YES        0.32743   0.26097  accept 
   1          2       4.067   0.007   0.00660      YES        0.58407   0.27546  accept 
   1          2       4.321   0.006   0.00560      YES        0.49558   0.77086  reject 
   1          2       3.609   0.004   0.00430       NO        0.00000   0.56849  reject 
   1          2       4.209   0.004   0.00430      YES        0.38053   0.84627  reject 
   1          2       2.923   0.004   0.00350       NO        0.00000   0.73782  reject 
   1          2       4.592   0.009   0.00850       NO        0.00000   0.03839  reject 
   1          2       3.714   0.006   0.00570      YES        0.50442   0.75217  reject 
   1          2       3.547   0.003   0.00340       NO        0.00000   0.88514  reject 
   1          2       3.871   0.007   0.00690      YES        0.61062   0.42965  accept 
   1          2       3.258   0.002   0.00200       NO        0.00000   0.36683  reject 
   1          2       3.793   0.003   0.00310      YES        0.27434   0.36782  reject 
   1          2       3.572   0.004   0.00390       NO        0.00000   0.29026  reject 
   1          2       4.200   0.010   0.01010      YES        0.89381   0.77209  accept 
   1          2       3.621   0.006   0.00560       NO        0.00000   0.86078  reject 
   1          2       4.231   0.006   0.00580      YES        0.51327   0.40156  accept 
   1          2       2.924   0.004   0.00380       NO        0.00000   0.74109  reject 
   1          2       3.041   0.005   0.00490       NO        0.00000   0.59838  reject 
   1          2       4.189   0.007   0.00660      YES        0.58407   0.66730  reject 
   1          2       4.091   0.005   0.00530      YES        0.46903   0.63959  reject 
   1          2       4.530   0.005   0.00470       NO        0.00000   0.41116  reject 
   1          2       4.215   0.004   0.00400      YES        0.35398   0.30595  accept 
   1          2       3.506   0.003   0.00310       NO        0.00000   0.94142  reject 
   1          2       3.269   0.003   0.00300       NO        0.00000   0.75178  reject 
   1          2       3.925   0.007   0.00690      YES        0.61062   0.21330  accept 
   1          2       3.699   0.002   0.00160      YES        0.14159   0.93018  reject 
   1          2       4.066   0.003   0.00270      YES        0.23894   0.29704  reject 
   1          2       4.303   0.006   0.00640      YES        0.56637   0.26697  accept 
   1          2       4.018   0.002   0.00170      YES        0.15044   0.31285  reject 
   1          2       3.721   0.003   0.00290      YES        0.25664   0.31620  reject 
   1          2       3.768   0.002   0.00240      YES        0.21239   0.80062  reject 
   1          2       4.185   0.005   0.00540      YES        0.47788   0.20818  accept 
   1          2       3.928   0.005   0.00540      YES        0.47788   0.58806  reject 
   1          2       3.646   0.006   0.00600       NO        0.00000   0.72397  reject 
   1          2       3.510   0.003   0.00340       NO        0.00000   0.54187  reject 
   1          2       5.076   0.009   0.00910       NO        0.00000   0.82776  reject 
   1          2       3.261   0.004   0.00440       NO        0.00000   0.67308  reject 
   1          2       4.126   0.008   0.00770      YES        0.68142   0.33595  accept 
   1          2       4.116   0.003   0.00290      YES        0.25664   0.22362  accept 
   1          2       3.668   0.002   0.00240      YES        0.21239   0.39929  reject 
   1          2       3.950   0.003   0.00290      YES        0.25664   0.35821  reject 
   1          2       3.567   0.004   0.00410       NO        0.00000   0.88248  reject 
   1          2       5.139   0.012   0.01190       NO        0.00000   0.06085  reject 
   1          2       4.803   0.005   0.00520       NO        0.00000   0.84497  reject 
   1          2       4.245   0.008   0.00830      YES        0.73451   0.86828  reject 
   1          2       3.546   0.004   0.00370       NO        0.00000   0.54868  reject 
   1          2       3.895   0.005   0.00490      YES        0.43363   0.46637  reject 
   1          2       3.046   0.004   0.00450       NO        0.00000   0.63836  reject 
   1          2       3.938   0.007   0.00730      YES        0.64602   0.83101  reject 
   1          2       4.235   0.007   0.00660      YES        0.58407   0.27285  accept 
   1          2       3.473   0.002   0.00240       NO        0.00000   0.56735  reject 
   1          2       4.348   0.007   0.00700       NO        0.00000   0.78846  reject 
   1          2       3.865   0.006   0.00560      YES        0.49558   0.28724  accept 
   1          2       4.114   0.007   0.00730      YES        0.64602   0.73540  reject 
   1          2       3.822   0.004   0.00360      YES        0.31858   0.97382  reject 
   1          2       4.180   0.005   0.00490      YES        0.43363   0.22374  accept 
   1          2       4.660   0.006   0.00580       NO        0.00000   0.60393  reject 
   1          2       3.565   0.005   0.00480       NO        0.00000   0.72172  reject 
   1          2       3.564   0.001   0.00140       NO        0.00000   0.47865  reject 
   1          2       4.049   0.003   0.00270      YES        0.23894   0.82479  reject 
   1          2       4.408   0.004   0.00410       NO        0.00000   0.61383  reject 
   1          2       4.123   0.005   0.00470      YES        0.41593   0.02353  accept 
   1          2       3.582   0.005   0.00530       NO        0.00000   0.47016  reject 
   1          2       4.512   0.006   0.00650       NO        0.00000   0.05023  reject 
   1          2       4.796   0.006   0.00630       NO        0.00000   0.22402  reject 
   1          2       4.548   0.008   0.00790       NO        0.00000   0.72830  reject 
   1          2       3.894   0.007   0.00680      YES        0.60177   0.88601  reject 
   1          2       2.913   0.003   0.00270       NO        0.00000   0.23897  reject 
   1          2       4.286   0.006   0.00580      YES        0.51327   0.37534  accept 
   1          2       4.342   0.004   0.00420       NO        0.00000   0.19534  reject 
   1          2       3.950   0.003   0.00270      YES        0.23894   0.02355  accept 
   1          2       3.986   0.003   0.00290      YES        0.25664   0.50841  reject 
   1          2       4.642   0.005   0.00470       NO        0.00000   0.87885  reject 
   1          2       3.908   0.007   0.00660      YES        0.58407   0.49195  accept 
   1          2       3.882   0.004   0.00380      YES        0.33628   0.58125  reject 
   1          2       3.726   0.006   0.00650      YES        0.57522   0.78473  reject 
   1          2       4.677   0.003   0.00330       NO        0.00000   0.85101  reject 
   1          2       4.285   0.006   0.00620      YES        0.54867   0.77973  reject 
   1          2       3.735   0.004   0.00350      YES        0.30973   0.96232  reject 
   1          2       3.956   0.008   0.00790      YES        0.69912   0.05988  accept 
   1          2       3.518   0.004   0.00430       NO        0.00000   0.28043  reject 
   1          2       4.517   0.007   0.00670       NO        0.00000   0.51945  reject 
   1          2       4.009   0.007   0.00690      YES        0.61062   0.29060  accept 
   1          2       3.797   0.004   0.00400      YES        0.35398   0.95957  reject 
   1          2       3.715   0.002   0.00220      YES        0.19469   0.51439  reject 
   1          2       3.932   0.005   0.00460      YES        0.40708   0.27325  accept 
   1          2       3.412   0.003   0.00260       NO        0.00000   0.32535  reject 
   1          2       4.069   0.003   0.00330      YES        0.29204   0.19410  accept 
   1          2       3.852   0.004   0.00410      YES        0.36283   0.99812  reject 
   1          2       3.931   0.006   0.00640      YES        0.56637   0.90243  reject 
   1          2       4.215   0.008   0.00830      YES        0.73451   0.71308  accept 
   1          2       3.841   0.004   0.00410      YES        0.36283   0.34580  accept 
   1          2       3.733   0.003   0.00290      YES        0.25664   0.54334  reject 
   1          2       3.593   0.003   0.00280       NO        0.00000   0.61452  reject 
   1          2       4.061   0.004   0.00370      YES        0.32743   0.86602  reject 
   1          2       4.378   0.004   0.00350       NO        0.00000   0.69573  reject 
   1          2       3.997   0.003   0.00310      YES        0.27434   0.37282  reject 
   1          2       3.588   0.004   0.00450       NO        0.00000   0.33693  reject 
   1          2       3.439   0.004   0.00420       NO        0.00000   0.43821  reject 
   1          2       4.604   0.009   0.00850       NO        0.00000   0.71105  reject 
   1          2       3.653   0.004   0.00400       NO        0.00000   0.57342  reject 
   1          2       3.453   0.004   0.00350       NO        0.00000   0.47080  reject 
   1          2       3.681   0.005   0.00480      YES        0.42478   0.49771  reject 
   1          2       3.522   0.003   0.00330       NO        0.00000   0.28163  reject 
   1          2       3.981   0.004   0.00450      YES        0.39823   0.80165  reject 
   1          2       3.361   0.004   0.00420       NO        0.00000   0.09476  reject 
   1          2       4.642   0.006   0.00560       NO        0.00000   0.32640  reject 
   1          2       3.372   0.003   0.00340       NO        0.00000   0.51950  reject 
   1          2       3.813   0.005   0.00480      YES        0.42478   0.79306  reject 
   1          2       3.663   0.005   0.00460      YES        0.40708   0.98627  reject 
   1          2       3.139   0.003   0.00300       NO        0.00000   0.46777  reject 
   1          2       4.261   0.003   0.00320      YES        0.28319   0.70253  reject 
   1          2       4.237   0.003   0.00260      YES        0.23009   0.62098  reject 
   1          2       4.307   0.006   0.00620      YES        0.54867   0.45011  accept 
   1          2       3.588   0.004   0.00350       NO        0.00000   0.47580  reject 
   1          2       4.054   0.004   0.00440      YES        0.38938   0.86923  reject 
   1          2       3.412   0.006   0.00580       NO        0.00000   0.68286  reject 
   1          2       3.575   0.003   0.00300       NO        0.00000   0.38867  reject 
   1          2       4.443   0.004   0.00390       NO        0.00000   0.47788  reject 
   1          2       4.538   0.014   0.01390       NO        0.00000   0.34696  reject 
   1          2       4.151   0.003   0.00320      YES        0.28319   0.03537  accept 
   1          2       3.252   0.003   0.00320       NO        0.00000   0.51528  reject 
   1          2       3.415   0.003   0.00250       NO        0.00000   0.47031  reject 
   1          2       4.481   0.006   0.00570       NO        0.00000   0.64190  reject 
   1          2       5.039   0.009   0.00930       NO        0.00000   0.18715  reject 
   1          2       3.738   0.004   0.00410      YES        0.36283   0.25421  accept 
   1          2       4.052   0.004   0.00370      YES        0.32743   0.43048  reject 
   1          2       3.630   0.004   0.00450       NO        0.00000   0.23348  reject 
   1          2       4.154   0.007   0.00710      YES        0.62832   0.54082  accept 
   1          2       3.325   0.008   0.00760       NO        0.00000   0.04572  reject 
   1          2       4.069   0.005   0.00540      YES        0.47788   0.20622  accept 
   1          2       3.201   0.002   0.00190       NO        0.00000   0.82745  reject 
   1          2       3.706   0.005   0.00490      YES        0.43363   0.87207  reject 
   1          2       3.856   0.007   0.00660      YES        0.58407   0.29035  accept 
   1          2       3.737   0.003   0.00310      YES        0.27434   0.47415  reject 
   1          2       4.569   0.006   0.00650       NO        0.00000   0.03231  reject 
   1          2       4.805   0.011   0.01080       NO        0.00000   0.07332  reject 
   1          2       4.109   0.005   0.00470      YES        0.41593   0.53725  reject 
   1          2       5.139   0.012   0.01170       NO        0.00000   0.22862  reject 
   1          2       4.227   0.007   0.00720      YES        0.63717   0.56968  accept 
   1          2       3.952   0.004   0.00380      YES        0.33628   0.67263  reject 
   1          2       3.999   0.004   0.00370      YES        0.32743   0.21177  accept 
   1          2       3.764   0.004   0.00370      YES        0.32743   0.54527  reject 
   1          2       3.610   0.004   0.00390       NO        0.00000   0.41853  reject 
   1          2       3.722   0.007   0.00670      YES        0.59292   0.67661  reject 
   1          2       3.704   0.003   0.00320      YES        0.28319   0.85732  reject 
   1          2       3.648   0.003   0.00250       NO        0.00000   0.17385  reject 
   1          2       4.087   0.003   0.00300      YES        0.26549   0.46772  reject 
   1          2       3.406   0.002   0.00200       NO        0.00000   0.16008  reject 
   1          2       4.885   0.007   0.00730       NO        0.00000   0.65692  reject 
   1          2       3.760   0.003   0.00290      YES        0.25664   0.65886  reject 
   1          2       4.439   0.003   0.00260       NO        0.00000   0.62630  reject 
   1          2       4.361   0.006   0.00650       NO        0.00000   0.82833  reject 
   1          2       3.625   0.003   0.00310       NO        0.00000   0.72744  reject 
   1          2       4.778   0.010   0.00960       NO        0.00000   0.61043  reject 
   1          2       3.240   0.004   0.00350       NO        0.00000   0.06404  reject 
   1          2       2.914   0.005   0.00470       NO        0.00000   0.87143  reject 
   1          2       4.568   0.007   0.00750       NO        0.00000   0.12088  reject 
   1          2       4.105   0.005   0.00520      YES        0.46018   0.78854  reject 
   1          2       4.027   0.006   0.00560      YES        0.49558   0.54732  reject 
   1          2       3.608   0.003   0.00270       NO        0.00000   0.68942  reject 
   1          2       5.177   0.006   0.00630       NO        0.00000   0.60511  reject 
   1          2       3.767   0.003   0.00310      YES        0.27434   0.29859  reject 
   1          2       3.831   0.002   0.00210      YES        0.18584   0.25126  reject 
   1          2       3.666   0.007   0.00740      YES        0.65487   0.13455  accept 
   1          2       3.399   0.002   0.00230       NO        0.00000   0.56496  reject 
   1          2       3.817   0.005   0.00480      YES        0.42478   0.29361  accept 
   1          2       4.359   0.005   0.00530       NO        0.00000   0.09663  reject 
   1          2       3.103   0.002   0.00240       NO        0.00000   0.44883  reject 
   1          2       4.281   0.006   0.00630      YES        0.55752   0.90159  reject 
   1          2       3.474   0.007   0.00670       NO        0.00000   0.64723  reject 
   1          2       4.203   0.006   0.00610      YES        0.53982   0.53813  accept 
   1          2       4.488   0.009   0.00930       NO        0.00000   0.99488  reject 
   1          2       4.972   0.008   0.00820       NO        0.00000   0.70395  reject 
   1          2       4.451   0.009   0.00950       NO        0.00000   0.50068  reject 
   1          2       3.805   0.003   0.00270      YES        0.23894   0.85487  reject 
   1          2       4.248   0.006   0.00650      YES        0.57522   0.62432  reject 
   1          2       3.804   0.002   0.00190      YES        0.16814   0.01559  accept 
   1          2       4.981   0.011   0.01090       NO        0.00000   0.93713  reject 
   1          2       3.982   0.004   0.00400      YES        0.35398   0.72930  reject 
   1          2       3.414   0.005   0.00510       NO        0.00000   0.30436  reject 
   1          2       3.814   0.002   0.00210      YES        0.18584   0.96948  reject 
   1          2       4.052   0.010   0.01000      YES        0.88496   0.22807  accept 
   1          2       4.502   0.005   0.00510       NO        0.00000   0.18853  reject 
   1          2       4.126   0.006   0.00620      YES        0.54867   0.64957  reject 
   1          2       4.353   0.004   0.00390       NO        0.00000   0.36319  reject 
   1          2       4.569   0.008   0.00790       NO        0.00000   0.70062  reject 
   1          2       3.797   0.004   0.00370      YES        0.32743   0.59391  reject 
   1          2       4.447   0.006   0.00640       NO        0.00000   0.76804  reject 
   1          2       3.979   0.004   0.00350      YES        0.30973   0.80077  reject 
   1          2       4.470   0.007   0.00660       NO        0.00000   0.75284  reject 
   1          2       3.918   0.003   0.00320      YES        0.28319   0.14853  accept 
   1          2       5.143   0.006   0.00620       NO        0.00000   0.32900  reject 
   1          2       3.288   0.003   0.00320       NO        0.00000   0.44075  reject 
   1          2       5.047   0.012   0.01230       NO        0.00000   0.50047  reject 
   1          2       4.167   0.005   0.00480      YES        0.42478   0.52493  reject 
   1          2       3.406   0.003   0.00250       NO        0.00000   0.76077  reject 
   1          2       4.114   0.009   0.00900      YES        0.79646   0.22402  accept 
   1          2       3.924   0.006   0.00640      YES        0.56637   0.96383  reject 
   1          2       4.486   0.006   0.00590       NO        0.00000   0.45210  reject 
   1          2       3.867   0.003   0.00300      YES        0.26549   0.77384  reject 
   1          2       4.526   0.009   0.00900       NO        0.00000   0.97036  reject 
   1          2       4.165   0.002   0.00210      YES        0.18584   0.23434  reject 
   1          2       4.628   0.004   0.00430       NO        0.00000   0.02411  reject 
   1          2       4.040   0.006   0.00610      YES        0.53982   0.02406  accept 
   1          2       3.694   0.002   0.00240      YES        0.21239   0.64732  reject 
   1          2       3.564   0.004   0.00370       NO        0.00000   0.21814  reject 
   1          2       3.854   0.003   0.00300      YES        0.26549   0.76419  reject 
   1          2       3.655   0.002   0.00240       NO        0.00000   0.24647  reject 
   1          2       3.163   0.004   0.00400       NO        0.00000   0.34612  reject 
   1          2       4.234   0.006   0.00630      YES        0.55752   0.00655  accept 
   1          2       3.788   0.004   0.00350      YES        0.30973   0.08664  accept 
   1          2       4.067   0.003   0.00260      YES        0.23009   0.93242  reject 
   1          2       2.805   0.004   0.00420       NO        0.00000   0.41992  reject 
   1          2       3.583   0.005   0.00550       NO        0.00000   0.72454  reject 
   1          2       4.665   0.006   0.00570       NO        0.00000   0.31209  reject 
   1          2       3.232   0.006   0.00630       NO        0.00000   0.93480  reject 
   1          2       4.338   0.005   0.00460      YES        0.40708   0.92503  reject 
   1          2       3.908   0.005   0.00490      YES        0.43363   0.55472  reject 
   1          2       4.112   0.008   0.00810      YES        0.71681   0.20516  accept 
   1          2       3.537   0.002   0.00230       NO        0.00000   0.87863  reject 
   1          2       3.905   0.002   0.00170      YES        0.15044   0.98346  reject 
   1          2       4.663   0.006   0.00630       NO        0.00000   0.11374  reject 
   1          2       4.498   0.010   0.00960       NO        0.00000   0.59032  reject 
   1          2       4.094   0.002   0.00220      YES        0.19469   0.05446  accept 
   1          2       4.688   0.008   0.00790       NO        0.00000   0.18734  reject 
   1          2       4.019   0.004   0.00430      YES        0.38053   0.19692  accept 
   1          2       3.853   0.005   0.00500      YES        0.44248   0.76453  reject 
   1          2       3.478   0.003   0.00310       NO        0.00000   0.46931  reject 
   1          2       4.283   0.004   0.00410      YES        0.36283   0.37668  reject 
   1          2       4.129   0.003   0.00250      YES        0.22124   0.22405  reject 
   1          2       3.044   0.002   0.00210       NO        0.00000   0.54316  reject 
   1          2       4.066   0.003   0.00320      YES        0.28319   0.83368  reject 
   1          2       4.499   0.008   0.00790       NO        0.00000   0.42928  reject 
   1          2       4.195   0.004   0.00440      YES        0.38938   0.27327  accept 
   1          2       4.240   0.003   0.00300      YES        0.26549   0.05679  accept 
   1          2       3.566   0.003   0.00340       NO        0.00000   0.64471  reject 
   1          2       3.609   0.008   0.00790       NO        0.00000   0.44658  reject 
   1          2       3.019   0.004   0.00370       NO        0.00000   0.03020  reject 
   1          2       3.663   0.004   0.00430      YES        0.38053   0.14782  accept 
   1          2       3.974   0.004   0.00370      YES        0.32743   0.87434  reject 
   1          2       3.428   0.005   0.00550       NO        0.00000   0.44479  reject 
   1          2       3.677   0.006   0.00590      YES        0.52212   0.09629  accept 
   1          2       4.183   0.005   0.00500      YES        0.44248   0.00984  accept 
   1          2       4.481   0.004   0.00370       NO        0.00000   0.54087  reject 
   1          2       4.047   0.004   0.00390      YES        0.34513   0.36563  reject 
   1          2       4.018   0.005   0.00530      YES        0.46903   0.07358  accept 
   1          2       3.574   0.004   0.00420       NO        0.00000   0.76404  reject 
   1          2       4.014   0.007   0.00710      YES        0.62832   0.10245  accept 
   1          2       3.817   0.001   0.00110      YES        0.09735   0.60312  reject 
   1          2       4.619   0.008   0.00840       NO        0.00000   0.49546  reject 
   1          2       4.735   0.007   0.00670       NO        0.00000   0.99418  reject 
   1          2       4.875   0.005   0.00490       NO        0.00000   0.89776  reject 
   1          2       4.320   0.004   0.00430      YES        0.38053   0.95821  reject 
   1          2       4.165   0.006   0.00640      YES        0.56637   0.71450  reject 
   1          2       4.026   0.005   0.00500      YES        0.44248   0.96430  reject 
   1          2       4.280   0.005   0.00540      YES        0.47788   0.02196  accept 
   1          2       3.786   0.002   0.00240      YES        0.21239   0.83571  reject 
   1          2       3.951   0.005   0.00460      YES        0.40708   0.14397  accept 
   1          2       4.039   0.005   0.00500      YES        0.44248   0.74854  reject 
   1          2       4.002   0.004   0.00420      YES        0.37168   0.08333  accept 
   1          2       4.045   0.004   0.00450      YES        0.39823   0.89884  reject 
   1          2       4.325   0.007   0.00690      YES        0.61062   0.01967  accept 
   1          2       3.780   0.002   0.00240      YES        0.21239   0.81384  reject 
   1          2       4.415   0.010   0.00970       NO        0.00000   0.26860  reject 
   1          2       3.824   0.002   0.00230      YES        0.20354   0.30833  reject 
   1          2       4.455   0.008   0.00790       NO        0.00000   0.98955  reject 
   1          2       4.859   0.006   0.00600       NO        0.00000   0.54830  reject 
   1          2       4.474   0.005   0.00480       NO        0.00000   0.35158  reject 
   1          2       3.991   0.004   0.00400      YES        0.35398   0.06072  accept 
   1          2       4.134   0.001   0.00110      YES        0.09735   0.12313  reject 
   1          2       3.940   0.002   0.00160      YES        0.14159   0.73073  reject 
   1          2       4.159   0.006   0.00620      YES        0.54867   0.52326  accept 
   1          2       4.158   0.003   0.00310      YES        0.27434   0.97344  reject 
   1          2       3.681   0.004   0.00370      YES        0.32743   0.27608  accept 
   1          2       3.647   0.002   0.00240       NO        0.00000   0.22998  reject 
   1          2       3.744   0.005   0.00510      YES        0.45133   0.78156  reject 
   1          2       4.547   0.006   0.00650       NO        0.00000   0.16522  reject 
   1          2       3.998   0.006   0.00580      YES        0.51327   0.45403  accept 
   1          2       4.397   0.004   0.00420       NO        0.00000   0.12372  reject 
   1          2       3.415   0.004   0.00380       NO        0.00000   0.68973  reject 
   1          2       3.888   0.005   0.00550      YES        0.48673   0.77300  reject 
   1          2       4.315   0.008   0.00800      YES        0.70796   0.83933  reject 
   1          2       4.632   0.007   0.00740       NO        0.00000   0.58040  reject 
   1          2       3.826   0.003   0.00340      YES        0.30088   0.45485  reject 
   1          2       2.886   0.004   0.00350       NO        0.00000   0.41094  reject 
   1          2       3.601   0.003   0.00330       NO        0.00000   0.31171  reject 
   1          2       3.618   0.006   0.00580       NO        0.00000   0.97902  reject 
   1          2       4.453   0.008   0.00760       NO        0.00000   0.86724  reject 
   1          2       4.162   0.007   0.00720      YES        0.63717   0.99327  reject 
   1          2       4.230   0.005   0.00530      YES        0.46903   0.58730  reject 
   1          2       4.193   0.003   0.00260      YES        0.23009   0.90110  reject 
   1          2       3.161   0.003   0.00340       NO        0.00000   0.82040  reject 
   1          2       4.203   0.006   0.00610      YES        0.53982   0.94606  reject 
   1          2       3.779   0.004   0.00410      YES        0.36283   0.88698  reject 
   1          2       4.141   0.005   0.00510      YES        0.45133   0.44737  accept 
   1          2       4.371   0.005   0.00470       NO        0.00000   0.05555  reject 
   1          2       3.754   0.006   0.00570      YES        0.50442   0.16105  accept 
   1          2       4.678   0.007   0.00720       NO        0.00000   0.33473  reject 
   1          2       4.201   0.006   0.00590      YES        0.52212   0.26627  accept 
   1          2       3.707   0.004   0.00420      YES        0.37168   0.86865  reject 
   1          2       3.500   0.004   0.00430       NO        0.00000   0.88797  reject 
   1          2       3.798   0.007   0.00730      YES        0.64602   0.97742  reject 
   1          2       3.630   0.002   0.00190       NO        0.00000   0.26861  reject 
   1          2       2.940   0.004   0.00390       NO        0.00000   0.71896  reject 
   1          2       4.034   0.002   0.00150      YES        0.13274   0.91441  reject 
   1          2       3.444   0.004   0.00430       NO        0.00000   0.45129  reject 
   1          2       3.541   0.001   0.00130       NO        0.00000   0.10719  reject 
   1          2       4.157   0.004   0.00440      YES        0.38938   0.69088  reject 
   1          2       3.284   0.004   0.00370       NO        0.00000   0.09178  reject 
   1          2       4.490   0.003   0.00270       NO        0.00000   0.32560  reject 
   1          2       3.570   0.002   0.00240       NO        0.00000   0.56339  reject 
   1          2       3.655   0.005   0.00520       NO        0.00000   0.30503  reject 
   1          2       4.402   0.007   0.00700       NO        0.00000   0.48157  reject 
   1          2       4.786   0.004   0.00410       NO        0.00000   0.10418  reject 
   1          2       3.892   0.002   0.00180      YES        0.15929   0.27613  reject 
   1          2       4.565   0.004   0.00410       NO        0.00000   0.23506  reject 
   1          2       4.927   0.005   0.00540       NO        0.00000   0.02204  reject 
   1          2       4.352   0.009   0.00850       NO        0.00000   0.72082  reject 
   1          2       3.355   0.004   0.00380       NO        0.00000   0.12050  reject 
   1          2       4.212   0.004   0.00390      YES        0.34513   0.56520  reject 
   1          2       4.975   0.010   0.00980       NO        0.00000   0.75768  reject 
   1          2       3.213   0.002   0.00240       NO        0.00000   0.22854  reject 
   1          2       3.686   0.003   0.00260      YES        0.23009   0.66990  reject 
   1          2       3.287   0.004   0.00350       NO        0.00000   0.58621  reject 
   1          2       3.394   0.006   0.00560       NO        0.00000   0.89217  reject 
   1          2       3.879   0.008   0.00840      YES        0.74336   0.74820  reject 
   1          2       4.569   0.005   0.00530       NO        0.00000   0.81292  reject 
   1          2       3.879   0.002   0.00230      YES        0.20354   0.05626  accept 
   1          2       3.460   0.004   0.00450       NO        0.00000   0.48221  reject 
   1          2       4.551   0.003   0.00270       NO        0.00000   0.74269  reject 
   1          2       4.236   0.004   0.00400      YES        0.35398   0.82595  reject 
   1          2       3.688   0.004   0.00400      YES        0.35398   0.89692  reject 
   1          2       2.711   0.004   0.00390       NO        0.00000   0.70148  reject 
   1          2       4.062   0.004   0.00370      YES        0.32743   0.34333  reject 
   1          2       4.008   0.006   0.00600      YES        0.53097   0.18690  accept 
   1          2       3.398   0.004   0.00390       NO        0.00000   0.51548  reject 
   1          2       3.962   0.005   0.00520      YES        0.46018   0.68836  reject 
   1          2       4.718   0.006   0.00580       NO        0.00000   0.94054  reject 
   1          2       3.679   0.003   0.00290      YES        0.25664   0.64326  reject 
   1          2       4.090   0.005   0.00480      YES        0.42478   0.17293  accept 
   1          2       4.029   0.006   0.00620      YES        0.54867   0.92191  reject 
   1          2       3.483   0.003   0.00290       NO        0.00000   0.11644  reject 
   1          2       4.516   0.004   0.00390       NO        0.00000   0.58594  reject 
   1          2       3.828   0.005   0.00460      YES        0.40708   0.89674  reject 
   1          2       3.833   0.007   0.00710      YES        0.62832   0.42138  accept 
   1          2       4.406   0.006   0.00570       NO        0.00000   0.43940  reject 
   1          2       4.754   0.005   0.00510       NO        0.00000   0.52589  reject 
   1          2       4.592   0.007   0.00730       NO        0.00000   0.47908  reject 
   1          2       4.176   0.006   0.00590      YES        0.52212   0.36495  accept 
   1          2       3.842   0.005   0.00480      YES        0.42478   0.74682  reject 
   1          2       3.917   0.001   0.00120      YES        0.10619   0.39484  reject 
   1          2       3.442   0.003   0.00330       NO        0.00000   0.73102  reject 
   1          2       4.349   0.005   0.00480       NO        0.00000   0.70382  reject 
   1          2       4.428   0.004   0.00360       NO        0.00000   0.53932  reject 

The number of initial conditions selected for transitions
from state 1 into states (2) is 214.

Selected initial for each state were written to 
/panfs/panfs.cbls.ccr.buffalo.edu/scratch/grp-cyberwksp21/ub2055/barbati/NXTUT/T4_NXSELECTIC/SELECTED_INITIAL_CONDITIONS directory. 


 End of initial conditions selection. 
          ====================== NEWTON-X ends here ==================  
