 
 |^^^^^^^^^^^^^^^^^^^^^^^^^^^^^^^^^^^^^^^^^^^^^^^^|
 | MD execution started at    mar jun 22 11:39:45 EDT 2021   |
 | Computer:  Linux srv-p22-13.cbls.ccr.buffalo.e |
 |________________________________________________|
 
 rnd_seed=       19345
 !!!!!!-----MD INPUT-----!!!!!!
 
 Ground state MD,      imdtype=           0
 Initial count for out files              0
 MD using Langevin 
 Starting time, fs          0.000000000000000E+000
 Time step, fs                        0.100000000000000     
 Number of classical steps (CS)            0
 Quantum steps/per CS                    4
 Displacement for deriv. [A]     1.000000000000000E-003
 Langevin thermostat dynamics, therm_type=           1
 Temperature, K                  300.000000000000     
 Bath relaxation constant       0.400000000000000     
 Equilibrated dynamics
 Number of steps per degree K           100
 Number of steps to write data            1
 Number of steps to write coords          10
 Friction coefficient [1/ps]      20.0000000000000     
 Seed for random generator           19345
 NAESMD verbosity,            2
 MD will use analytic deriv,  ideriv=           1
 Cartesian coordinates are used
 Allocating initial naesmd_module variables
 Allocating md_module initial variables
 Allocating variables
 Allocating naesmd_module variables          46           0
 Allocating md_module variables          46
  Finish reading coordinates 
 Rescaling velocity
 
 Initial Geometry
    6         9.197970   -4.139040   -1.344990
    1        11.669970   -3.238040   -2.194990
    1        11.671970   -5.007040   -2.242990
    6        11.317970   -4.108040   -2.767990
    6         9.801970   -4.110040   -2.757990
    1        13.804970   -3.205040   -3.612990
    1        13.800970   -4.974040   -3.660990
    6        13.448970   -4.074040   -4.184990
    6        11.932970   -4.070040   -4.175990
    1         9.445970   -3.213040   -3.287990
    1        15.939970   -3.169040   -5.059990
    1         9.449970   -4.984040   -3.324990
    1        15.937970   -4.939040   -5.103990
    6        20.789970   -2.324040   -7.085990
    6        15.574970   -4.040040   -5.619990
    1        21.844970   -2.627040   -7.084990
    6        20.433970   -0.977040   -7.083990
    6        20.785970   -5.696040   -7.089990
    1        21.841970   -5.396040   -7.087990
    6        20.426970   -7.042040   -7.091990
    6        19.768970   -3.286040   -7.089990
    6        19.767970   -4.732040   -7.091990
    1        21.205970   -7.815040   -7.088990
    6        14.058970   -4.038040   -5.596990
    1        11.581970   -3.168040   -4.699990
    6        19.083970   -0.586040   -7.088990
    1        11.578970   -4.938040   -4.750990
    6        19.075970   -7.429040   -7.097990
    6        18.397970   -2.890040   -7.088990
    6        18.055970   -1.526040   -7.090990
    6        18.394970   -5.123040   -7.091990
    6        18.049970   -6.487040   -7.097990
    7        17.603970   -4.006040   -7.102990
    1        18.825970   -8.499040   -7.101990
    6        16.183970   -4.006040   -7.045990
    1        13.702970   -3.138040   -6.119990
    1        17.005970   -1.206040   -7.095990
    1        13.700970   -4.907040   -6.165990
    1        16.998970   -6.804040   -7.103990
    1        15.802970   -3.109040   -7.561990
    1        15.801970   -4.877040   -7.604990
    1        21.215970   -0.206040   -7.078990
    1        18.836970    0.483960   -7.089990
    1         9.540420   -3.288650   -0.793200
    1         9.502580   -5.034770   -0.845210
    1         8.130420   -4.113890   -1.412850

--------------------------------------------------------------------------------
  QM CALCULATION INFO
--------------------------------------------------------------------------------

| QMMM: Citation for AMBER QMMM Run:
| QMMM: R.C. Walker, M.F. Crowley and D.A. Case, J. COMP. CHEM. 29:1019, 2008

QMMM: SINGLET STATE CALCULATION
QMMM: RHF CALCULATION, NO. OF DOUBLY OCCUPIED LEVELS = 55

| QMMM: *** Selected Hamiltonian *** 
| QMMM: AM1         

| QMMM: *** Parameter sets in use ***
| QMMM: C : M.J.S.DEWAR et al. JACS, 107, 3902, (1985)
| QMMM: H : M.J.S.DEWAR et al. JACS, 107, 3902, (1985)
| QMMM: N : M.J.S.DEWAR et al. JACS, 107, 3902, (1985)

| QMMM: *** SCF convergence criteria ***
| QMMM: Energy change                :  0.2D-04 kcal/mol
| QMMM: Error matrix |FP-PF|         :  0.1D+00 au
| QMMM: Density matrix change        :  0.2D-03
| QMMM: Maximum number of SCF cycles :      300
 
| QMMM: *** Diagonalization Routine Information ***
| QMMM: Pseudo diagonalizations are allowed.
| QMMM: Auto diagonalization routine selection is disabled.
| QMMM: Using internal diagonalization routine (diag_routine=1).

  QMMM: QM Region Cartesian Coordinates (*=link atom) 
  QMMM: QM_NO.   MM_NO.  ATOM         X         Y         Z
  QMMM:     1        1      C        9.1980   -4.1390   -1.3450
  QMMM:     2        2      H       11.6700   -3.2380   -2.1950
  QMMM:     3        3      H       11.6720   -5.0070   -2.2430
  QMMM:     4        4      C       11.3180   -4.1080   -2.7680
  QMMM:     5        5      C        9.8020   -4.1100   -2.7580
  QMMM:     6        6      H       13.8050   -3.2050   -3.6130
  QMMM:     7        7      H       13.8010   -4.9740   -3.6610
  QMMM:     8        8      C       13.4490   -4.0740   -4.1850
  QMMM:     9        9      C       11.9330   -4.0700   -4.1760
  QMMM:    10       10      H        9.4460   -3.2130   -3.2880
  QMMM:    11       11      H       15.9400   -3.1690   -5.0600
  QMMM:    12       12      H        9.4500   -4.9840   -3.3250
  QMMM:    13       13      H       15.9380   -4.9390   -5.1040
  QMMM:    14       14      C       20.7900   -2.3240   -7.0860
  QMMM:    15       15      C       15.5750   -4.0400   -5.6200
  QMMM:    16       16      H       21.8450   -2.6270   -7.0850
  QMMM:    17       17      C       20.4340   -0.9770   -7.0840
  QMMM:    18       18      C       20.7860   -5.6960   -7.0900
  QMMM:    19       19      H       21.8420   -5.3960   -7.0880
  QMMM:    20       20      C       20.4270   -7.0420   -7.0920
  QMMM:    21       21      C       19.7690   -3.2860   -7.0900
  QMMM:    22       22      C       19.7680   -4.7320   -7.0920
  QMMM:    23       23      H       21.2060   -7.8150   -7.0890
  QMMM:    24       24      C       14.0590   -4.0380   -5.5970
  QMMM:    25       25      H       11.5820   -3.1680   -4.7000
  QMMM:    26       26      C       19.0840   -0.5860   -7.0890
  QMMM:    27       27      H       11.5790   -4.9380   -4.7510
  QMMM:    28       28      C       19.0760   -7.4290   -7.0980
  QMMM:    29       29      C       18.3980   -2.8900   -7.0890
  QMMM:    30       30      C       18.0560   -1.5260   -7.0910
  QMMM:    31       31      C       18.3950   -5.1230   -7.0920
  QMMM:    32       32      C       18.0500   -6.4870   -7.0980
  QMMM:    33       33      N       17.6040   -4.0060   -7.1030
  QMMM:    34       34      H       18.8260   -8.4990   -7.1020
  QMMM:    35       35      C       16.1840   -4.0060   -7.0460
  QMMM:    36       36      H       13.7030   -3.1380   -6.1200
  QMMM:    37       37      H       17.0060   -1.2060   -7.0960
  QMMM:    38       38      H       13.7010   -4.9070   -6.1660
  QMMM:    39       39      H       16.9990   -6.8040   -7.1040
  QMMM:    40       40      H       15.8030   -3.1090   -7.5620
  QMMM:    41       41      H       15.8020   -4.8770   -7.6050
  QMMM:    42       42      H       21.2160   -0.2060   -7.0790
  QMMM:    43       43      H       18.8370    0.4840   -7.0900
  QMMM:    44       44      H        9.5404   -3.2887   -0.7932
  QMMM:    45       45      H        9.5026   -5.0348   -0.8452
  QMMM:    46       46      H        8.1304   -4.1139   -1.4128

--------------------------------------------------------------------------------
  RESULTS
--------------------------------------------------------------------------------

       iter       energy            rms gradient
       ----    --------------     -----------------
xmin     1    -3111.405499 eV        0.655216 eV/A
xmin     2    -3111.577211 eV        0.451452 eV/A
xmin     3    -3111.775139 eV        0.256730 eV/A
xmin     4    -3111.817046 eV        0.192192 eV/A
xmin     5    -3111.840386 eV        0.143548 eV/A
xmin     6    -3111.853837 eV        0.091529 eV/A
xmin     7    -3111.860995 eV        0.078977 eV/A
xmin     8    -3111.862886 eV        0.055317 eV/A
xmin     9    -3111.871468 eV        0.071298 eV/A
xmin    10    -3111.876562 eV        0.101825 eV/A
xmin    11    -3111.878455 eV        0.128887 eV/A
xmin    12    -3111.882559 eV        0.145131 eV/A
xmin    13    -3111.898308 eV        0.054260 eV/A
xmin    14    -3111.899156 eV        0.054767 eV/A
xmin    15    -3111.899331 eV        0.056306 eV/A
xmin    16    -3111.903300 eV        0.041862 eV/A
xmin    17    -3111.903608 eV        0.043870 eV/A
xmin    18    -3111.905155 eV        0.033759 eV/A
xmin    19    -3111.906576 eV        0.040726 eV/A
xmin    20    -3111.907182 eV        0.051519 eV/A
xmin    21    -3111.908829 eV        0.049669 eV/A
xmin    22    -3111.911370 eV        0.044875 eV/A
xmin    23    -3111.911878 eV        0.038532 eV/A
xmin    24    -3111.914272 eV        0.045021 eV/A
xmin    25    -3111.915780 eV        0.029532 eV/A
xmin    26    -3111.919149 eV        0.049333 eV/A
xmin    27    -3111.920920 eV        0.025070 eV/A
xmin    28    -3111.921418 eV        0.025847 eV/A
xmin    29    -3111.921609 eV        0.023575 eV/A
xmin    30    -3111.922966 eV        0.041112 eV/A
xmin    31    -3111.923840 eV        0.033679 eV/A
xmin    32    -3111.924755 eV        0.021267 eV/A
xmin    33    -3111.925239 eV        0.026492 eV/A
xmin    34    -3111.925348 eV        0.024220 eV/A
xmin    35    -3111.925718 eV        0.016520 eV/A
xmin    36    -3111.926052 eV        0.021002 eV/A
xmin    37    -3111.926357 eV        0.015969 eV/A
xmin    38    -3111.926623 eV        0.018660 eV/A
xmin    39    -3111.926964 eV        0.015892 eV/A
xmin    40    -3111.927350 eV        0.021224 eV/A
xmin    41    -3111.927427 eV        0.019507 eV/A
xmin    42    -3111.927780 eV        0.015183 eV/A
xmin    43    -3111.929553 eV        0.046121 eV/A
xmin    44    -3111.930850 eV        0.024223 eV/A
xmin    45    -3111.931380 eV        0.013071 eV/A
xmin    46    -3111.931445 eV        0.012431 eV/A
xmin    47    -3111.931651 eV        0.036429 eV/A
xmin    48    -3111.931991 eV        0.029590 eV/A
xmin    49    -3111.932455 eV        0.014837 eV/A
xmin    50    -3111.932939 eV        0.030832 eV/A
xmin    51    -3111.933472 eV        0.010669 eV/A
xmin    52    -3111.933644 eV        0.013116 eV/A
xmin    53    -3111.933811 eV        0.012515 eV/A
xmin    54    -3111.933969 eV        0.011516 eV/A
xmin    55    -3111.934111 eV        0.016791 eV/A
xmin    56    -3111.934142 eV        0.015519 eV/A
xmin    56    -3111.934314 eV        0.009802 eV/A
  ... geometry converged!
 
 Final Structure
    6         9.275218   -4.137591   -1.417680
    1        11.740002   -3.220236   -2.210929
    1        11.740494   -5.024716   -2.258817
    6        11.373224   -4.107859   -2.790662
    6         9.858064   -4.107748   -2.807552
    1        13.831009   -3.187143   -3.609375
    1        13.826485   -4.992165   -3.657554
    6        13.458387   -4.073957   -4.186800
    6        11.942910   -4.069937   -4.194911
    1         9.490775   -3.193400   -3.344705
    1        15.915649   -3.151829   -4.989871
    1         9.490512   -4.998196   -3.383297
    1        15.912761   -4.959033   -5.035185
    6        20.770678   -2.332285   -7.081073
    6        15.547844   -4.040921   -5.565111
    1        21.826362   -2.640557   -7.084933
    6        20.426184   -0.981463   -7.083905
    6        20.766946   -5.688102   -7.085542
    1        21.823341   -5.382295   -7.088150
    6        20.418983   -7.037730   -7.092067
    6        19.760479   -3.283544   -7.075117
    6        19.758917   -4.734028   -7.077295
    1        21.209091   -7.802758   -7.095420
    6        14.031578   -4.037881   -5.590545
    1        11.571900   -3.151012   -4.720943
    6        19.085512   -0.582716   -7.085405
    1        11.567096   -4.955754   -4.771796
    6        19.077218   -7.433436   -7.094844
    6        18.372479   -2.869638   -7.074314
    6        18.045153   -1.508832   -7.081402
    6        18.370280   -5.145109   -7.077931
    6        18.039336   -6.504546   -7.088459
    7        17.540235   -4.006319   -7.105781
    1        18.834099   -8.506958   -7.102297
    6        16.111021   -4.006942   -6.990317
    1        13.662433   -3.120443   -6.120589
    1        16.999256   -1.175395   -7.084949
    1        13.659468   -4.924974   -6.168062
    1        16.992218   -6.834676   -7.092480
    1        15.726621   -3.080114   -7.506899
    1        15.724443   -4.907739   -7.550002
    1        21.218232   -0.218497   -7.085483
    1        18.845045    0.491472   -7.090018
    1         9.616834   -3.256287   -0.822900
    1         9.582237   -5.064947   -0.876485
    1         8.159123   -4.114792   -1.467981
 LPRINT:           2           0
 
 |^^^^^^^^^^^^^^^^^^^^^^^^^^^^^^^^^^^^^^^^^^^^^^^^|
 | MD normal termination at   mar jun 22 11:39:50 EDT 2021   |
 | MD total CPU time           4.9700     seconds |
 |      0 days  0 hours  0 minutes  4 seconds     |
 
  SQM (ground sim%naesmd%state) took overall [s]:
        3.41    
  Davidson (excited states) took overall [s]:
        0.00    
  deriv (adiabatic forces) took overall [s]:
       0.729E-02
  nacT (NA derivatives) took overall [s]:
        0.00    
 |________________________________________________|
 
