
     Program PW_EXPORT v.6.2 (svn rev. 14038) starts on 22Jun2021 at 19: 0: 7 

     This program is part of the open-source Quantum ESPRESSO suite
     for quantum simulation of materials; please cite
         "P. Giannozzi et al., J. Phys.:Condens. Matter 21 395502 (2009);
         "P. Giannozzi et al., J. Phys.:Condens. Matter 29 465901 (2017);
          URL http://www.quantum-espresso.org", 
     in publications or presentations arising from this work. More details at
     http://www.quantum-espresso.org/quote

     Parallel version (MPI), running on    12 processors

     MPI processes distributed on     1 nodes
     R & G space division:  proc/nbgrp/npool/nimage =      12

     Reading data from directory:
     ./x0.save/

     IMPORTANT: XC functional enforced from input :
     Exchange-correlation      = PBE ( 1  4  3  4 0 0)
     Any further DFT definition will be discarded
     Please, verify this is what you really want

               file Ir.pbe-n-rrkjus_psl.0.2.3.UPF: wavefunction(s)  5D renormalized
 
     Parallelization info
     --------------------
     sticks:   dense  smooth     PW     G-vecs:    dense   smooth      PW
     Min         353     140     34                17398     4383     546
     Max         356     144     36                17404     4390     556
     Sum        4257    1701    421               208801    52635    6619
 

     Check: negative/imaginary core charge=   -0.000002    0.000000
 
     PW_EXPORT    :     2.29s CPU         3.75s WALL

 
   This run was terminated on:  19: 0:11  22Jun2021            

=------------------------------------------------------------------------------=
   JOB DONE.
=------------------------------------------------------------------------------=
