FINAL HEAT OF FORMATION =     -8484.9421933069  time =   10000.0000000188
 State =            0
 Seed  =     36753942
$COORD
  6        0.4510201609       0.5865811428      -1.1230457268
  6        0.4471316334      -0.5840164539      -0.3446434487
  6       -0.8361142172      -1.1052533710      -0.2326852383
  6       -1.7991805568      -0.3382778233      -0.8760614367
 16       -1.1816851135       1.0064189654      -1.5548564721
  1       -1.0854155564      -2.1334248367       0.0941403830
  6        3.6939724386       2.7237086202      -1.0805122521
  6        2.7915853800       3.3045004243      -1.9723679732
  6        1.5530893316       2.6236727772      -2.0512908318
  6        1.5431000485       1.4365404052      -1.3124266954
 16        3.0064348383       1.2884357789      -0.4231790304
  1        3.0430045155       4.2418661452      -2.5029241583
  1       -2.9136609290      -0.5850859635      -0.7441497352
  6        2.3301396048      -3.9326389943       2.8129571826
  1        1.3394861347      -3.9877699790       3.3098118086
  1        2.2734831369      -4.7535761688       1.9996664022
  6        3.5244832493      -4.1653676266       3.6936457115
  1        4.4296615476      -4.3851344622       3.0734640187
  1        3.7133060684      -3.2077942679       4.1983598211
  6        3.1768528298      -5.3271957941       4.6258354462
  1        2.4262760360      -4.8382049873       5.2831690398
  1        2.7594185202      -6.1942275684       4.0516614137
  6        4.2624956745      -5.8340471813       5.5426657248
  1        5.1903781597      -5.8048871825       4.8604618981
  1        4.4104163486      -5.0849368497       6.4060132771
  6        4.0985435795      -7.2184860127       5.9893802895
  1        3.0283452397      -7.4861438456       6.2604679360
  6        5.0104551234      -7.7332835362       7.1199246273
  1        4.8120594588      -7.1771957993       8.1204801877
  1        4.8953031654      -8.8626164306       7.0518945587
  6        1.7134227519      -1.1492521373       0.2391616264
  1        2.5400962559      -1.2470256391      -0.4545980787
  1        2.0150526852      -0.2978209252       0.8787098870
  6        1.4726269978      -2.5061252410       0.9416083457
  1        0.4113520810      -2.7382416679       1.2065365888
  1        1.6626330896      -3.2597755048       0.0801276901
  6        2.5551390904      -2.6552246942       2.0711397921
  1        3.5866462676      -2.5495042513       1.5950018700
  1        2.4819436738      -1.8136960137       2.7643657395
  6        6.5378558721      -7.5022965441       6.8295644301
  1        6.6691507465      -6.4567511214       6.5074247239
  1        7.1341422695      -7.7451864993       7.8321538544
  6        7.1280140909      -8.4593030351       5.8104764314
  1        6.9131338508      -9.4965173088       6.1667506514
  1        6.7713334176      -8.4585160566       4.7497105373
  6        8.5772990020      -8.0665895434       5.7564384515
  1        8.6384405614      -6.9586999607       5.4211227100
  1        8.9214427442      -8.3359589072       6.8314712062
  1        9.2453862444      -8.7009296998       5.1159033454
  6        0.3377424655       3.1889143704      -2.7691982144
  1       -0.3357679682       2.3760062894      -3.0798865979
  1       -0.1865490004       3.9424222137      -2.0426585677
  6        0.8508436044       6.1477825057      -3.4310449418
  1        0.6977715975       5.8424380702      -2.3123185516
  1        1.8994317507       6.3644170964      -3.6559983806
  8        0.1748126199       7.3766343982      -3.6109692417
  6       -0.9306330898       7.6610260863      -2.7536754215
  1       -1.2472161170       6.9601011865      -2.0123702890
  1       -0.5782031552       8.5738172419      -2.1452111156
  6       -2.1177894245       8.1028591923      -3.6113503355
  1       -1.9600687431       8.9066284599      -4.3652593607
  1       -2.4541756206       7.2603656816      -4.2059616989
  8       -3.1063815158       8.5461210911      -2.6681103673
  6       -4.3621209783       8.7122864346      -3.2651853135
  1       -4.8180022625       7.8374501450      -3.7445981894
  1       -4.9677993467       9.0919936091      -2.3644682206
  8        0.7481457523       3.8385396900      -3.9900854255
  6        0.1918077732       5.0838312656      -4.2722722146
  1        0.3731802095       5.3080242360      -5.3552503288
  1       -0.9384281777       5.0548745714      -4.1689292378
  6       -4.5709922173       9.8707469643      -4.2602912548
  1       -5.7054989966       9.9696820544      -4.5910639101
  1       -4.2054892306      10.8035909829      -3.7987642150
  8       -3.8471935316       9.7027770971      -5.4792516542
  6       -2.8234090772      10.6635801515      -5.7363671797
  1       -3.3332830760      11.4827879455      -6.2889783236
  1       -2.5035294601      11.0842058883      -4.7531829209
  1       -2.0778946881      10.1275079265      -6.3998213041
  6        4.9669242968       3.3271857396      -0.7148668291
  6        6.2326186746       2.7176049816      -0.8185750215
  6        7.2851490204       3.6492130262      -0.4018077621
  6        6.7435998838       4.8418749672       0.0727731002
 16        5.0288782260       4.8461350722      -0.0783656979
  1        8.3241239209       3.3611837907      -0.5553512547
  6        8.4558694113      -1.1687025980       1.1717975574
  1        9.4432515462      -1.1234702836       0.5899881270
  1        8.5818653570      -0.6166257807       2.1730850611
  6        8.0644263754      -2.5693690213       1.5181466618
  1        7.0063227240      -2.4539208411       1.7727860806
  1        8.1651448804      -3.2536975236       0.6985157125
  6        8.9957528486      -3.1101627997       2.6399866564
  1        9.9011707526      -2.4081843955       2.5092985741
  1        8.4841157187      -2.8538670535       3.6300418245
  6        9.4143505542      -4.5131256441       2.5011758113
  1        8.6189515281      -5.2072048413       2.9690326529
  1        9.4675336498      -4.8693903388       1.4485191385
  6       10.7404115433      -4.7316895738       3.1127913231
  1       11.4205347476      -3.8599755625       2.9405559635
  6       11.5179749768      -5.8865363059       2.5264937357
  1       10.8169130898      -6.6938145463       2.1325370869
  1       12.1023035168      -5.4907493158       1.6624653131
  6        6.5206160213       1.3348875207      -1.1477695376
  1        5.6358624030       0.7618538975      -0.7618888939
  1        6.6874806696       1.2949180726      -2.2872431551
  6        7.7169324592       0.7561392740      -0.3235168513
  1        8.6565294744       0.7272201566      -0.8764951488
  1        7.9298034703       1.3556064240       0.6084883163
  6        7.3515177570      -0.5576800273       0.3191499172
  1        6.4707761441      -0.3889495435       1.0001907326
  1        6.9651428564      -1.3079050957      -0.4566482716
  6       12.3422685437      -6.6464289713       3.5947032205
  1       13.0756673990      -5.8562016302       4.0278424416
  1       11.6253316886      -7.0194508192       4.4095665036
  6       12.9614721185      -7.8684165336       3.0078183036
  1       12.2577437035      -8.2788691313       2.2787001928
  1       13.9188694010      -7.4644961376       2.5083834443
  6       13.4757946286      -8.8966071651       3.9561998021
  1       13.5613502764      -8.4116566167       4.9946168143
  1       12.7752110060      -9.8041334280       4.2694654638
  1       14.4888061822      -9.2811939177       3.6158599122
  1        7.3130240214       5.7438599382       0.3149829173
  1        4.4114985909      -7.7822874573       5.0645732604
  1       10.6355785796      -4.8344003180       4.2473585215
$ENDCOORD
$VELOC
    -4.4589407253    -0.9213909117     2.8819425932
    -0.1181272613    -3.6617377288     1.5544432163
     0.7234188281     2.6734118971     2.0812037974
    -5.8309808818    -3.4442309896     4.1901802199
     0.7497014072     1.6750567842     0.0550331235
    -4.9962380629    -2.5265482413    -6.3243168377
    -5.0428447261    -1.6570514179     6.0195422901
     1.4548529318    -1.4956243005    -0.4022964152
    -3.3489543592    -3.4035462244     2.7251179111
    -1.3146445906     6.8401756405    -6.5226529953
     0.7679602322    -3.0505735076    -2.1135390713
   -19.8672070707    10.0803054532    -6.3040847004
   -17.7312420919    14.1542723692   -12.9090206063
    -2.8218484143     2.2005931124    -5.1449005413
    11.0944723600     8.9346035418    -3.2304262455
     0.3225555648    10.0455262692   -12.1712331096
    -1.7013151668     9.6540018575    -1.8315464689
    19.7250660175   -29.7732417450    -5.4245381184
    -5.9696611522    -2.1743019817    29.5941700379
     0.4727289713     0.5894648812     1.6734562502
     0.6256335204    13.2500924131    -7.1861644853
   -21.5669433632     3.9861187447   -24.0143903416
     2.4307544111    -7.0757203815     3.8306978911
    27.6642435723     1.0330791897     2.0752750944
    10.9479302693    -5.9730217213    23.4241346640
     0.4298729875     9.6029599544     2.8198306510
     0.3347059091     1.0383461228    10.0080274703
    -4.2792022591     5.4748254855     5.2658547681
    19.5628256694    -5.3010807492   -18.9760419513
     9.2187680234    34.0543068033    16.5516930547
    -1.1930247223     0.4024514787    -3.7570802103
    13.5214695228    19.7963317887     7.8351141177
     8.9670193277     0.1225298093   -35.1003744772
    -1.2494743397     1.4321818812    -3.2706608132
     5.3288687289    -1.9444262090   -37.1692668119
   -20.2106919662    14.5850007932    24.4924488805
     0.9134422449     0.2891406614   -16.9643856159
     3.6606399997     3.7259108689     0.2842690559
    -7.7801937723    14.9898851105    11.6934239447
    -3.4354694335    -0.6532159917    -2.2243041820
   -22.4702054453     4.0072695400    16.9381682454
     0.6458776580     2.4540260418    -3.2156873117
     2.2870708613     0.2881768933    -7.2832045050
     3.8972100931     3.8767586062   -10.1380293144
     1.2129891526    11.1516170185    -5.0309947006
    -2.2487757219    -2.4781985211    -4.6092370405
    16.9506233631    -6.8576494384     4.7566438620
     5.7791425959     5.5773678587     5.0506729131
    -7.2142189695   -34.8286918480   -13.1723334435
     4.4239543856    -5.9561905706    -3.2179288802
    23.8068297933    18.1953982720    12.3123288435
    -3.4909926797   -14.7815038327    -8.3979759733
     5.9804142677    -6.3894390583    -9.9541433111
     1.9506282077     3.1746307629    -8.7920641904
    15.8204959592    13.4450071205   -17.5944082098
    -0.1753657753    -4.8866249836    -0.4381205696
     6.7203298863    -6.5201486674     3.4456615465
   -13.3482740246     2.4047472251   -15.1813951722
   -25.0295897976   -23.8532451936     0.4297543761
    -7.5580584805     1.6109263018     5.1465397874
    -9.6029542015    27.3375623355    16.8943229809
    19.8882645279    -6.8094179655    -6.8767096612
     1.8502168249     1.6436775998     6.4815513857
     8.6224001807    -0.0002329272     8.4306163556
    13.5264499319    11.2087593778    21.8180391925
   -13.4362734897    19.2881942517    -8.1383010393
    -6.6667934358    -2.2429663038    -4.9538868166
     1.6917096287    -5.9731622959     6.5373450317
    10.3701630350    17.8911222483   -25.5188613023
    11.1870894609     7.1571480844   -14.0113720870
     6.0754788249    -2.7602794667    -0.9399297708
    23.3416533024    28.7169748915   -30.0837717691
    -9.6896873118   -14.4482546417    -9.5751769848
     0.2850191646    -1.0522208736     4.2879871833
     3.2487668552    -3.2864091371    -4.0577873220
   -20.9163048309   -10.0225207836   -32.8873041929
    -3.1691852946     6.0891860881     9.5127574173
   -15.6496865849     8.9225122599    39.1263962543
    -4.6113206296     6.3401285896     1.4670573861
     1.3870659476     1.8041348949     3.3138847320
    -5.6285148843     0.3732709291    -0.3451933656
     2.6497162235     9.2561946933     2.6930086843
     2.2602010962    -0.8394094760    -0.3215390256
    19.8469160474     0.4804384512   -17.8861206066
     1.6015911634    -7.5367679831     4.3158138711
    -3.2315024339    -9.1251232961    11.6689142205
    22.5286081453   -11.6095274825   -19.2726147321
    -7.3152221565    -2.9278471222     1.1123446541
    23.9740632865   -20.9816480295     9.1498916503
     6.4541259884     7.8754989181    16.9078358885
     0.3599502621    -0.3347358835     4.3792800187
   -10.1131162123    -8.9907312823    40.8844989625
    14.6149818633     8.4448696277     0.3498277812
    -6.6199044085    -9.5357426466     0.9580194120
    -0.0271638870    11.5006949690    14.8211584011
     4.0860014903   -20.3912276909    10.4141322112
     4.2551478587     4.0786345957    -5.1828063244
   -15.2692039478    -9.4096198703   -10.9681417180
    11.1158687948    -3.9789389169    -8.1035241554
   -13.8467335577    16.8117670909    -7.0422384167
    30.1184451862    18.2116872112    28.1075941984
    -7.5735766271     5.6833574198     0.6121255515
    12.0234529711    22.7136409121    -4.8335978387
   -24.9302063710    20.0226743328    37.8844113867
    -5.6252085370     5.2443358854    -1.1909328902
    17.2971358824     5.5709982795    11.8847007938
     4.5953059403     1.1761888361     3.8658209165
    -6.2774365269    -5.1336880395     2.2841159068
    -4.1089616046   -18.3388924211    -4.2079320669
     3.7920206290    -3.5781931080     3.0333026764
     1.5734538885     3.7351666279     5.7872509269
   -11.8724292850    17.8139661210    -9.1608940918
   -18.1942441702    16.2245425741    28.1807261174
     2.4981379145     5.5517422129     2.5513820593
    27.7256491310    14.1921278105   -32.6167873577
     6.3840482799    20.7062583746    16.3427732029
    -0.3565835634    -6.7239149467     2.6240600938
    13.5351620742    25.1147658050    10.0585507843
    -5.4827057346   -18.2683382734   -22.0633600632
    12.1816689898    19.6138182704    -5.5534660689
    12.0087174799     3.1162362018   -28.9553863403
    -7.1277931699    13.2867893969   -10.9918908637
    12.5107097870   -23.1852988078     0.4839528204
$ENDVELOC
$COEFF
$ENDCOEFF
