 The MKL Libraries are in your library path. This is adequate for compiling and
running most codes. Source $MKL/bin/mklvars.sh" for more features. 
/projects/academic/cyberwksp21/Software/Conda/Miniconda3/envs/qmflows/lib/python3.7/site-packages/pandas/core/ops/common.py:115: FutureWarning: elementwise comparison failed; returning scalar instead, but in the future will perform elementwise comparison
  if a.name == b.name:
/projects/academic/cyberwksp21/Software/Conda/Miniconda3/envs/qmflows/lib/python3.7/site-packages/pandas/core/ops/common.py:115: FutureWarning: elementwise comparison failed; returning scalar instead, but in the future will perform elementwise comparison
  if a.name == b.name:
[12:31:57] DEBUG: Creating converter from 5 to 3
[12:31:58] INFO: JOB md_settings RUNNING
[12:31:58] INFO: JOB md_settings RUNNING
[12:35:01] INFO: JOB md_settings FINISHED
[12:35:01] INFO: JOB md_settings FINISHED
[12:35:02] INFO: JOB md_settings SUCCESSFUL
[12:35:02] INFO: JOB md_settings SUCCESSFUL
[12:35:03] INFO: Applying PES post-processing
[12:35:03] INFO: Applying PES post-processing
[12:35:03] INFO: Calculating descriptor 'rdf' for PES 0
[12:35:03] INFO: Calculating descriptor 'rdf' for PES 0
[12:35:05] INFO: Moving sigma (Cs Pb): 0.3670 -> 0.3945
[12:35:05] INFO: Moving sigma (Cs Pb): 0.3670 -> 0.3945
[12:35:05] INFO: JOB md_settings.002 RUNNING
[12:35:05] INFO: JOB md_settings.002 RUNNING
[12:38:04] INFO: JOB md_settings.002 FINISHED
[12:38:04] INFO: JOB md_settings.002 FINISHED
[12:38:05] INFO: JOB md_settings.002 SUCCESSFUL
[12:38:05] INFO: JOB md_settings.002 SUCCESSFUL
[12:38:05] INFO: Applying PES post-processing
[12:38:05] INFO: Applying PES post-processing
[12:38:05] INFO: Calculating descriptor 'rdf' for PES 0
[12:38:05] INFO: Calculating descriptor 'rdf' for PES 0
[12:38:08] INFO: Calculating auxiliary error
[12:38:08] INFO: Calculating auxiliary error
[12:38:08] INFO: Rejecting move (0, 0): error_change = 0.0032; error = 0.2412
[12:38:08] INFO: Rejecting move (0, 0): error_change = 0.0032; error = 0.2412
[12:38:08] INFO: Exporting results to 'armc.hdf5'

[12:38:08] INFO: Exporting results to 'armc.hdf5'

[12:38:08] INFO: Moving sigma (Pb Pb): 0.6100 -> 0.5900
[12:38:08] INFO: Moving sigma (Pb Pb): 0.6100 -> 0.5900
[12:38:08] INFO: JOB md_settings.003 RUNNING
[12:38:08] INFO: JOB md_settings.003 RUNNING
[12:41:08] INFO: JOB md_settings.003 FINISHED
[12:41:08] INFO: JOB md_settings.003 FINISHED
[12:41:08] INFO: JOB md_settings.003 SUCCESSFUL
[12:41:08] INFO: JOB md_settings.003 SUCCESSFUL
[12:41:09] INFO: Applying PES post-processing
[12:41:09] INFO: Applying PES post-processing
[12:41:09] INFO: Calculating descriptor 'rdf' for PES 0
[12:41:09] INFO: Calculating descriptor 'rdf' for PES 0
[12:41:11] INFO: Calculating auxiliary error
[12:41:11] INFO: Calculating auxiliary error
[12:41:11] INFO: Accepting move (0, 1): error_change = -0.8306; error = 0.4074
[12:41:11] INFO: Accepting move (0, 1): error_change = -0.8306; error = 0.4074
[12:41:11] INFO: Exporting results to 'armc.hdf5'

[12:41:11] INFO: Exporting results to 'armc.hdf5'

[12:41:12] INFO: Moving sigma (Cs Cs): 0.4530 -> 0.4330
[12:41:12] INFO: Moving sigma (Cs Cs): 0.4530 -> 0.4330
[12:41:12] INFO: JOB md_settings.004 RUNNING
[12:41:12] INFO: JOB md_settings.004 RUNNING
[12:44:11] INFO: JOB md_settings.004 FINISHED
[12:44:11] INFO: JOB md_settings.004 FINISHED
[12:44:11] INFO: JOB md_settings.004 SUCCESSFUL
[12:44:11] INFO: JOB md_settings.004 SUCCESSFUL
[12:44:12] INFO: Applying PES post-processing
[12:44:12] INFO: Applying PES post-processing
[12:44:12] INFO: Calculating descriptor 'rdf' for PES 0
[12:44:12] INFO: Calculating descriptor 'rdf' for PES 0
[12:44:14] INFO: Calculating auxiliary error
[12:44:14] INFO: Calculating auxiliary error
[12:44:14] INFO: Accepting move (0, 2): error_change = -0.9946; error = 0.4128
[12:44:14] INFO: Accepting move (0, 2): error_change = -0.9946; error = 0.4128
[12:44:14] INFO: Exporting results to 'armc.hdf5'

[12:44:14] INFO: Exporting results to 'armc.hdf5'

[12:44:15] INFO: Moving charge (Cs): 0.4174 -> 0.4445
[12:44:15] INFO: Moving charge (Cs): 0.4174 -> 0.4445
/projects/academic/cyberwksp21/Software/Conda/Miniconda3/envs/qmflows/lib/python3.7/site-packages/pandas/core/ops/common.py:115: FutureWarning: elementwise comparison failed; returning scalar instead, but in the future will perform elementwise comparison
  if a.name == b.name:
[12:44:15] INFO: JOB md_settings.005 RUNNING
[12:44:15] INFO: JOB md_settings.005 RUNNING
[12:47:14] INFO: JOB md_settings.005 FINISHED
[12:47:14] INFO: JOB md_settings.005 FINISHED
[12:47:14] INFO: JOB md_settings.005 SUCCESSFUL
[12:47:14] INFO: JOB md_settings.005 SUCCESSFUL
[12:47:15] INFO: Applying PES post-processing
[12:47:15] INFO: Applying PES post-processing
[12:47:15] INFO: Calculating descriptor 'rdf' for PES 0
[12:47:15] INFO: Calculating descriptor 'rdf' for PES 0
[12:47:17] INFO: Calculating auxiliary error
[12:47:17] INFO: Calculating auxiliary error
[12:47:17] INFO: Accepting move (0, 3): error_change = -0.8415; error = 0.5713
[12:47:17] INFO: Accepting move (0, 3): error_change = -0.8415; error = 0.5713
[12:47:17] INFO: Exporting results to 'armc.hdf5'

[12:47:17] INFO: Exporting results to 'armc.hdf5'

[12:47:18] INFO: Moving charge (Pb): 0.8891 -> 0.8046
[12:47:18] INFO: Moving charge (Pb): 0.8891 -> 0.8046
/projects/academic/cyberwksp21/Software/Conda/Miniconda3/envs/qmflows/lib/python3.7/site-packages/pandas/core/ops/common.py:115: FutureWarning: elementwise comparison failed; returning scalar instead, but in the future will perform elementwise comparison
  if a.name == b.name:
[12:47:18] INFO: JOB md_settings.006 RUNNING
[12:47:18] INFO: JOB md_settings.006 RUNNING
slurmstepd: error: *** JOB 6595544 ON cpn-p27-35 CANCELLED AT 2021-06-17T12:48:10 ***
