
          ============================================================  
                                     NEWTON-X                           
                   Newtonian dynamics close to the crossing seam        
          ============================================================  

                                  www.newtonx.org                       

    Newton-X version 2.2 (build 9, 2020-03-04)
    www.newtonx.org
----------------------------------------------------------------------
    The Newton-X program is distributed free of charge for non-
    commercial and non-profit uses. You may use the program freely 
    and adapt the code to your needs. Please, if you have any 
    enhancements, share them with us. You are, however, not allowed 
    to re-distribute code or binaries in parts or total. Anyone 
    intending to use Newton-X must contact us. This program is 
    shipped to the user "as is". There is no guarantee that it will 
    work as described. Usage is at your own risk, there is no 
    liability taken for any damage or loss of data and/or money. 
    If you experience problems, you may contact the developers and 
    a community of users at the Newton-X discussion group, but bear 
    in mind that there is no kind of official support for Newton-X.

    Cite Newton-X as:
    M. Barbatti, G. Granucci, M. Ruckenbauer, F. Plasser, 
    R. Crespo-Otero, J. Pittner, M. Persico, H. Lischka, NEWTON-X: 
    a package for Newtonian dynamics close to the crossing seam, 
    version 2.2, www.newtonx.org (2017).

    M. Barbatti, M. Ruckenbauer, F. Plasser, J. Pittner, G. Granucci, 
    M. Persico, H. Lischka, WIREs: Comp. Mol. Sci., 4, 26 (2014).

    Please, check the documentation for references to specific 
    methods and algorithms.

    For download the program, documentation, and tutorial, visit:
    http://www.newtonx.org

    For support, visit the Newton-X discussion group at:
    https://groups.google.com/d/forum/newtonx
----------------------------------------------------------------------


Newton-X path: /util/academic/newton-x/NX-2.2-B09/bin

Starting Initial Condition selection 
 

makedir.pl:
    title     = title
    type      = 1
    subfile   = pmold
    batchdef  = #PBS -N
    seed      = 1234
    nis       = 1
    nfs       = 2-11
    delta     = 0.05
    eps       = 0.005
    kappa     = 3
    os_condon = -1
    prob_kind = F 
    screen    = 0 
    norm      = local 
    e_center  = 0 
    e_var     = 0.5 
    nref      = 1 
    temp      = 0
    l_shape   = lorentz
    run_IS    = 0
    prtlv     = 1 



 The following transitions will be considered:
 Initial state = 1   =>   Final state = 2
 Initial state = 1   =>   Final state = 3
 Initial state = 1   =>   Final state = 4
 Initial state = 1   =>   Final state = 5
 Initial state = 1   =>   Final state = 6
 Initial state = 1   =>   Final state = 7
 Initial state = 1   =>   Final state = 8
 Initial state = 1   =>   Final state = 9
 Initial state = 1   =>   Final state = 10
 Initial state = 1   =>   Final state = 11


=============== Checking obligatory files and directories ===============

Ok: File final_output.1.2 exists 

 Number of points for state 2 = 92
Ok: File final_output.1.3 exists 

 Number of points for state 3 = 92
Ok: File final_output.1.4 exists 

 Number of points for state 4 = 92
Ok: File final_output.1.5 exists 

 Number of points for state 5 = 92
Ok: File final_output.1.6 exists 

 Number of points for state 6 = 92
Ok: File final_output.1.7 exists 

 Number of points for state 7 = 92
Ok: File final_output.1.8 exists 

 Number of points for state 8 = 92
Ok: File final_output.1.9 exists 

 Number of points for state 9 = 92
Ok: File final_output.1.10 exists 

 Number of points for state 10 = 92
Ok: File final_output.1.11 exists 

 Number of points for state 11 = 92
Spectrum will be generated with these 10 files.


===============             Ending checking            ==================

Energy transitions will not be restricted.

makedir.pl: 
The largest transition intensity in final_output has
oscillator strength 0.2443 and vertical excitation energy (eV) 3.609.
Normalization factor for probabilities F = 0.2443.

ini.state  fin.state   DE    Osc.St. Intensity  Energ.Window  Prob      Rand.N.  Status
   1          2       2.234   0.006   0.00590      YES        0.02415   1.00000  accept 
   1          2       2.584   0.003   0.00340      YES        0.01392   1.00000  accept 
   1          2       1.980   0.007   0.00660      YES        0.02702   1.00000  accept 
   1          2       2.215   0.001   0.00100      YES        0.00409   1.00000  accept 
   1          2       2.574   0.003   0.00280      YES        0.01146   1.00000  accept 
   1          2       2.331   0.009   0.00930      YES        0.03807   1.00000  accept 
   1          2       2.225   0.002   0.00190      YES        0.00778   1.00000  accept 
   1          2       1.941   0.009   0.00860      YES        0.03520   1.00000  accept 
   1          2       2.357   0.003   0.00250      YES        0.01023   1.00000  accept 
   1          2       2.914   0.003   0.00340      YES        0.01392   1.00000  accept 
   1          2       2.599   0.000   0.00000      YES        0.00000   1.00000  accept 
   1          2       2.066   0.004   0.00390      YES        0.01596   1.00000  accept 
   1          2       2.042   0.003   0.00320      YES        0.01310   1.00000  accept 
   1          2       2.414   0.002   0.00230      YES        0.00941   1.00000  accept 
   1          2       2.633   0.004   0.00450      YES        0.01842   1.00000  accept 
   1          2       2.416   0.003   0.00250      YES        0.01023   1.00000  accept 
   1          2       2.616   0.001   0.00080      YES        0.00327   1.00000  accept 
   1          2       2.073   0.004   0.00430      YES        0.01760   1.00000  accept 
   1          2       2.338   0.006   0.00640      YES        0.02620   1.00000  accept 
   1          2       1.830   0.004   0.00420      YES        0.01719   1.00000  accept 
   1          2       2.357   0.006   0.00650      YES        0.02661   1.00000  accept 
   1          2       2.189   0.017   0.01740      YES        0.07122   1.00000  accept 
   1          2       2.197   0.011   0.01080      YES        0.04421   1.00000  accept 
   1          2       2.467   0.006   0.00560      YES        0.02292   1.00000  accept 
   1          2       2.625   0.000   0.00020      YES        0.00082   1.00000  accept 
   1          2       2.790   0.007   0.00730      YES        0.02988   1.00000  accept 
   1          2       2.641   0.001   0.00110      YES        0.00450   1.00000  accept 
   1          2       2.961   0.000   0.00010      YES        0.00041   1.00000  accept 
   1          2       2.435   0.006   0.00650      YES        0.02661   1.00000  accept 
   1          2       1.915   0.009   0.00930      YES        0.03807   1.00000  accept 
   1          2       2.465   0.008   0.00780      YES        0.03193   1.00000  accept 
   1          2       2.310   0.000   0.00000      YES        0.00000   1.00000  accept 
   1          2       2.258   0.005   0.00470      YES        0.01924   1.00000  accept 
   1          2       2.222   0.005   0.00470      YES        0.01924   1.00000  accept 
   1          2       2.043   0.014   0.01430      YES        0.05853   1.00000  accept 
   1          2       2.331   0.002   0.00160      YES        0.00655   1.00000  accept 
   1          2       2.003   0.002   0.00180      YES        0.00737   1.00000  accept 
   1          2       1.892   0.007   0.00690      YES        0.02824   1.00000  accept 
   1          2       2.496   0.003   0.00270      YES        0.01105   1.00000  accept 
   1          2       2.415   0.001   0.00070      YES        0.00287   1.00000  accept 
   1          2       2.475   0.003   0.00260      YES        0.01064   1.00000  accept 
   1          2       2.298   0.003   0.00330      YES        0.01351   1.00000  accept 
   1          2       2.296   0.000   0.00010      YES        0.00041   1.00000  accept 
   1          2       2.383   0.013   0.01310      YES        0.05362   1.00000  accept 
   1          2       2.475   0.000   0.00020      YES        0.00082   1.00000  accept 
   1          2       2.452   0.002   0.00150      YES        0.00614   1.00000  accept 
   1          2       2.060   0.001   0.00050      YES        0.00205   1.00000  accept 
   1          2       2.218   0.004   0.00430      YES        0.01760   1.00000  accept 
   1          2       2.681   0.000   0.00010      YES        0.00041   1.00000  accept 
   1          2       2.191   0.000   0.00030      YES        0.00123   1.00000  accept 
   1          2       2.251   0.012   0.01170      YES        0.04789   1.00000  accept 
   1          2       2.273   0.001   0.00110      YES        0.00450   1.00000  accept 
   1          2       2.607   0.004   0.00350      YES        0.01433   1.00000  accept 
   1          2       2.257   0.005   0.00540      YES        0.02210   1.00000  accept 
   1          2       2.212   0.006   0.00560      YES        0.02292   1.00000  accept 
   1          2       2.372   0.001   0.00110      YES        0.00450   1.00000  accept 
   1          2       1.870   0.001   0.00140      YES        0.00573   1.00000  accept 
   1          2       1.990   0.010   0.00970      YES        0.03971   1.00000  accept 
   1          2       2.543   0.002   0.00160      YES        0.00655   1.00000  accept 
   1          2       2.303   0.001   0.00120      YES        0.00491   1.00000  accept 
   1          2       2.389   0.003   0.00330      YES        0.01351   1.00000  accept 
   1          2       2.441   0.002   0.00170      YES        0.00696   1.00000  accept 
   1          2       2.197   0.005   0.00550      YES        0.02251   1.00000  accept 
   1          2       2.134   0.000   0.00010      YES        0.00041   1.00000  accept 
   1          2       2.247   0.011   0.01100      YES        0.04503   1.00000  accept 
   1          2       2.101   0.004   0.00400      YES        0.01637   1.00000  accept 
   1          2       2.554   0.005   0.00530      YES        0.02169   1.00000  accept 
   1          2       2.520   0.001   0.00080      YES        0.00327   1.00000  accept 
   1          2       2.435   0.003   0.00270      YES        0.01105   1.00000  accept 
   1          2       2.361   0.000   0.00010      YES        0.00041   1.00000  accept 
   1          2       2.437   0.000   0.00030      YES        0.00123   1.00000  accept 
   1          2       2.770   0.005   0.00470      YES        0.01924   1.00000  accept 
   1          2       2.115   0.003   0.00280      YES        0.01146   1.00000  accept 
   1          2       2.530   0.000   0.00030      YES        0.00123   1.00000  accept 
   1          2       2.653   0.004   0.00410      YES        0.01678   1.00000  accept 
   1          2       3.054   0.000   0.00020      YES        0.00082   1.00000  accept 
   1          2       2.504   0.003   0.00260      YES        0.01064   1.00000  accept 
   1          2       2.172   0.003   0.00340      YES        0.01392   1.00000  accept 
   1          2       2.405   0.007   0.00740      YES        0.03029   1.00000  accept 
   1          2       2.468   0.001   0.00090      YES        0.00368   1.00000  accept 
   1          2       1.961   0.009   0.00910      YES        0.03725   1.00000  accept 
   1          2       2.386   0.003   0.00290      YES        0.01187   1.00000  accept 
   1          2       2.075   0.005   0.00470      YES        0.01924   1.00000  accept 
   1          2       2.512   0.001   0.00130      YES        0.00532   1.00000  accept 
   1          2       2.052   0.010   0.01030      YES        0.04216   1.00000  accept 
   1          2       2.149   0.005   0.00490      YES        0.02006   1.00000  accept 
   1          2       2.137   0.003   0.00290      YES        0.01187   1.00000  accept 
   1          2       2.145   0.004   0.00360      YES        0.01474   1.00000  accept 
   1          2       2.337   0.002   0.00160      YES        0.00655   1.00000  accept 
   1          2       2.301   0.002   0.00210      YES        0.00860   1.00000  accept 
   1          2       2.249   0.002   0.00180      YES        0.00737   1.00000  accept 
   1          2       1.956   0.003   0.00330      YES        0.01351   1.00000  accept 
   1          3       2.338   0.000   0.00000      YES        0.00000   1.00000  accept 
   1          3       2.965   0.000   0.00020      YES        0.00082   1.00000  accept 
   1          3       2.244   0.001   0.00080      YES        0.00327   1.00000  accept 
   1          3       2.661   0.002   0.00240      YES        0.00982   1.00000  accept 
   1          3       2.741   0.000   0.00010      YES        0.00041   1.00000  accept 
   1          3       2.450   0.000   0.00000      YES        0.00000   1.00000  accept 
   1          3       2.553   0.000   0.00010      YES        0.00041   1.00000  accept 
   1          3       2.202   0.000   0.00010      YES        0.00041   1.00000  accept 
   1          3       2.679   0.000   0.00020      YES        0.00082   1.00000  accept 
   1          3       3.238   0.001   0.00130      YES        0.00532   1.00000  accept 
   1          3       2.901   0.001   0.00140      YES        0.00573   1.00000  accept 
   1          3       2.401   0.001   0.00070      YES        0.00287   1.00000  accept 
   1          3       2.529   0.001   0.00130      YES        0.00532   1.00000  accept 
   1          3       2.727   0.001   0.00120      YES        0.00491   1.00000  accept 
   1          3       2.721   0.000   0.00000      YES        0.00000   1.00000  accept 
   1          3       2.556   0.000   0.00020      YES        0.00082   1.00000  accept 
   1          3       3.126   0.000   0.00000      YES        0.00000   1.00000  accept 
   1          3       2.381   0.004   0.00350      YES        0.01433   1.00000  accept 
   1          3       2.543   0.006   0.00590      YES        0.02415   1.00000  accept 
   1          3       2.502   0.000   0.00040      YES        0.00164   1.00000  accept 
   1          3       2.645   0.000   0.00030      YES        0.00123   1.00000  accept 
   1          3       2.517   0.000   0.00010      YES        0.00041   1.00000  accept 
   1          3       2.595   0.001   0.00120      YES        0.00491   1.00000  accept 
   1          3       2.677   0.000   0.00020      YES        0.00082   1.00000  accept 
   1          3       2.845   0.000   0.00000      YES        0.00000   1.00000  accept 
   1          3       2.843   0.000   0.00010      YES        0.00041   1.00000  accept 
   1          3       2.882   0.001   0.00140      YES        0.00573   1.00000  accept 
   1          3       3.089   0.000   0.00000      YES        0.00000   1.00000  accept 
   1          3       2.725   0.001   0.00110      YES        0.00450   1.00000  accept 
   1          3       2.465   0.001   0.00120      YES        0.00491   1.00000  accept 
   1          3       2.806   0.003   0.00250      YES        0.01023   1.00000  accept 
   1          3       2.457   0.000   0.00010      YES        0.00041   1.00000  accept 
   1          3       2.904   0.000   0.00000      YES        0.00000   1.00000  accept 
   1          3       2.433   0.003   0.00310      YES        0.01269   1.00000  accept 
   1          3       2.459   0.004   0.00400      YES        0.01637   1.00000  accept 
   1          3       2.705   0.000   0.00040      YES        0.00164   1.00000  accept 
   1          3       2.345   0.000   0.00010      YES        0.00041   1.00000  accept 
   1          3       2.393   0.002   0.00200      YES        0.00819   1.00000  accept 
   1          3       2.682   0.000   0.00020      YES        0.00082   1.00000  accept 
   1          3       2.606   0.003   0.00290      YES        0.01187   1.00000  accept 
   1          3       2.831   0.001   0.00130      YES        0.00532   1.00000  accept 
   1          3       2.858   0.000   0.00020      YES        0.00082   1.00000  accept 
   1          3       2.612   0.006   0.00600      YES        0.02456   1.00000  accept 
   1          3       2.820   0.000   0.00020      YES        0.00082   1.00000  accept 
   1          3       2.733   0.004   0.00360      YES        0.01474   1.00000  accept 
   1          3       3.065   0.002   0.00180      YES        0.00737   1.00000  accept 
   1          3       2.293   0.007   0.00750      YES        0.03070   1.00000  accept 
   1          3       2.603   0.002   0.00200      YES        0.00819   1.00000  accept 
   1          3       2.930   0.000   0.00040      YES        0.00164   1.00000  accept 
   1          3       2.500   0.000   0.00000      YES        0.00000   1.00000  accept 
   1          3       2.529   0.001   0.00100      YES        0.00409   1.00000  accept 
   1          3       2.737   0.000   0.00040      YES        0.00164   1.00000  accept 
   1          3       2.843   0.004   0.00400      YES        0.01637   1.00000  accept 
   1          3       2.438   0.001   0.00110      YES        0.00450   1.00000  accept 
   1          3       2.428   0.000   0.00010      YES        0.00041   1.00000  accept 
   1          3       2.483   0.003   0.00280      YES        0.01146   1.00000  accept 
   1          3       2.164   0.000   0.00000      YES        0.00000   1.00000  accept 
   1          3       2.142   0.004   0.00420      YES        0.01719   1.00000  accept 
   1          3       2.782   0.003   0.00310      YES        0.01269   1.00000  accept 
   1          3       2.776   0.000   0.00000      YES        0.00000   1.00000  accept 
   1          3       2.606   0.005   0.00480      YES        0.01965   1.00000  accept 
   1          3       2.470   0.005   0.00480      YES        0.01965   1.00000  accept 
   1          3       2.314   0.001   0.00130      YES        0.00532   1.00000  accept 
   1          3       2.255   0.000   0.00020      YES        0.00082   1.00000  accept 
   1          3       2.313   0.001   0.00070      YES        0.00287   1.00000  accept 
   1          3       2.251   0.000   0.00000      YES        0.00000   1.00000  accept 
   1          3       2.975   0.001   0.00060      YES        0.00246   1.00000  accept 
   1          3       2.580   0.007   0.00730      YES        0.02988   1.00000  accept 
   1          3       2.531   0.003   0.00300      YES        0.01228   1.00000  accept 
   1          3       2.492   0.000   0.00000      YES        0.00000   1.00000  accept 
   1          3       2.561   0.008   0.00830      YES        0.03397   1.00000  accept 
   1          3       2.964   0.002   0.00170      YES        0.00696   1.00000  accept 
   1          3       2.587   0.001   0.00120      YES        0.00491   1.00000  accept 
   1          3       2.632   0.004   0.00350      YES        0.01433   1.00000  accept 
   1          3       2.922   0.001   0.00050      YES        0.00205   1.00000  accept 
   1          3       3.166   0.000   0.00020      YES        0.00082   1.00000  accept 
   1          3       2.803   0.004   0.00390      YES        0.01596   1.00000  accept 
   1          3       2.323   0.001   0.00100      YES        0.00409   1.00000  accept 
   1          3       2.840   0.000   0.00000      YES        0.00000   1.00000  accept 
   1          3       2.843   0.000   0.00000      YES        0.00000   1.00000  accept 
   1          3       2.294   0.002   0.00150      YES        0.00614   1.00000  accept 
   1          3       2.716   0.000   0.00000      YES        0.00000   1.00000  accept 
   1          3       2.348   0.001   0.00060      YES        0.00246   1.00000  accept 
   1          3       2.697   0.002   0.00210      YES        0.00860   1.00000  accept 
   1          3       2.415   0.000   0.00020      YES        0.00082   1.00000  accept 
   1          3       2.580   0.002   0.00180      YES        0.00737   1.00000  accept 
   1          3       2.350   0.003   0.00300      YES        0.01228   1.00000  accept 
   1          3       2.359   0.003   0.00250      YES        0.01023   1.00000  accept 
   1          3       3.038   0.000   0.00020      YES        0.00082   1.00000  accept 
   1          3       2.746   0.000   0.00000      YES        0.00000   1.00000  accept 
   1          3       2.474   0.004   0.00370      YES        0.01515   1.00000  accept 
   1          3       2.173   0.000   0.00010      YES        0.00041   1.00000  accept 
   1          4       2.477   0.000   0.00030      YES        0.00123   1.00000  accept 
   1          4       3.061   0.000   0.00010      YES        0.00041   1.00000  accept 
   1          4       2.446   0.000   0.00000      YES        0.00000   1.00000  accept 
   1          4       2.915   0.001   0.00130      YES        0.00532   1.00000  accept 
   1          4       2.947   0.000   0.00000      YES        0.00000   1.00000  accept 
   1          4       2.586   0.000   0.00000      YES        0.00000   1.00000  accept 
   1          4       2.870   0.000   0.00000      YES        0.00000   1.00000  accept 
   1          4       2.402   0.000   0.00000      YES        0.00000   1.00000  accept 
   1          4       2.997   0.000   0.00010      YES        0.00041   1.00000  accept 
   1          4       3.339   0.000   0.00000      YES        0.00000   1.00000  accept 
   1          4       3.055   0.000   0.00000      YES        0.00000   1.00000  accept 
   1          4       2.820   0.000   0.00000      YES        0.00000   1.00000  accept 
   1          4       2.757   0.000   0.00020      YES        0.00082   1.00000  accept 
   1          4       2.981   0.056   0.05610      YES        0.22964   1.00000  accept 
   1          4       3.134   0.001   0.00060      YES        0.00246   1.00000  accept 
   1          4       3.174   0.000   0.00000      YES        0.00000   1.00000  accept 
   1          4       3.144   0.003   0.00330      YES        0.01351   1.00000  accept 
   1          4       2.865   0.000   0.00030      YES        0.00123   1.00000  accept 
   1          4       2.733   0.000   0.00000      YES        0.00000   1.00000  accept 
   1          4       2.507   0.000   0.00000      YES        0.00000   1.00000  accept 
   1          4       2.824   0.000   0.00010      YES        0.00041   1.00000  accept 
   1          4       2.793   0.000   0.00010      YES        0.00041   1.00000  accept 
   1          4       2.976   0.002   0.00170      YES        0.00696   1.00000  accept 
   1          4       3.084   0.000   0.00000      YES        0.00000   1.00000  accept 
   1          4       3.067   0.012   0.01160      YES        0.04748   1.00000  accept 
   1          4       3.050   0.001   0.00130      YES        0.00532   1.00000  accept 
   1          4       3.247   0.088   0.08760      YES        0.35858   1.00000  accept 
   1          4       3.114   0.001   0.00050      YES        0.00205   1.00000  accept 
   1          4       2.977   0.000   0.00030      YES        0.00123   1.00000  accept 
   1          4       2.620   0.000   0.00010      YES        0.00041   1.00000  accept 
   1          4       3.088   0.019   0.01870      YES        0.07655   1.00000  accept 
   1          4       2.824   0.000   0.00000      YES        0.00000   1.00000  accept 
   1          4       3.048   0.000   0.00000      YES        0.00000   1.00000  accept 
   1          4       2.898   0.000   0.00030      YES        0.00123   1.00000  accept 
   1          4       2.627   0.001   0.00050      YES        0.00205   1.00000  accept 
   1          4       2.869   0.000   0.00010      YES        0.00041   1.00000  accept 
   1          4       2.357   0.003   0.00320      YES        0.01310   1.00000  accept 
   1          4       2.571   0.001   0.00050      YES        0.00205   1.00000  accept 
   1          4       2.810   0.000   0.00000      YES        0.00000   1.00000  accept 
   1          4       3.200   0.000   0.00040      YES        0.00164   1.00000  accept 
   1          4       2.895   0.000   0.00000      YES        0.00000   1.00000  accept 
   1          4       2.999   0.000   0.00000      YES        0.00000   1.00000  accept 
   1          4       3.018   0.000   0.00020      YES        0.00082   1.00000  accept 
   1          4       3.032   0.000   0.00010      YES        0.00041   1.00000  accept 
   1          4       2.988   0.000   0.00000      YES        0.00000   1.00000  accept 
   1          4       3.114   0.000   0.00000      YES        0.00000   1.00000  accept 
   1          4       2.610   0.000   0.00040      YES        0.00164   1.00000  accept 
   1          4       2.739   0.000   0.00000      YES        0.00000   1.00000  accept 
   1          4       3.087   0.001   0.00050      YES        0.00205   1.00000  accept 
   1          4       2.804   0.000   0.00000      YES        0.00000   1.00000  accept 
   1          4       2.665   0.000   0.00010      YES        0.00041   1.00000  accept 
   1          4       2.843   0.000   0.00020      YES        0.00082   1.00000  accept 
   1          4       2.852   0.000   0.00000      YES        0.00000   1.00000  accept 
   1          4       2.831   0.000   0.00010      YES        0.00041   1.00000  accept 
   1          4       2.460   0.002   0.00230      YES        0.00941   1.00000  accept 
   1          4       3.190   0.000   0.00000      YES        0.00000   1.00000  accept 
   1          4       2.219   0.002   0.00210      YES        0.00860   1.00000  accept 
   1          4       2.721   0.000   0.00000      YES        0.00000   1.00000  accept 
   1          4       2.904   0.000   0.00010      YES        0.00041   1.00000  accept 
   1          4       2.945   0.001   0.00130      YES        0.00532   1.00000  accept 
   1          4       2.764   0.000   0.00010      YES        0.00041   1.00000  accept 
   1          4       2.837   0.000   0.00030      YES        0.00123   1.00000  accept 
   1          4       2.866   0.000   0.00010      YES        0.00041   1.00000  accept 
   1          4       2.454   0.000   0.00000      YES        0.00000   1.00000  accept 
   1          4       2.728   0.000   0.00010      YES        0.00041   1.00000  accept 
   1          4       2.362   0.001   0.00120      YES        0.00491   1.00000  accept 
   1          4       3.181   0.002   0.00150      YES        0.00614   1.00000  accept 
   1          4       3.029   0.000   0.00000      YES        0.00000   1.00000  accept 
   1          4       3.015   0.000   0.00000      YES        0.00000   1.00000  accept 
   1          4       2.665   0.000   0.00000      YES        0.00000   1.00000  accept 
   1          4       3.092   0.000   0.00040      YES        0.00164   1.00000  accept 
   1          4       3.246   0.033   0.03280      YES        0.13426   1.00000  accept 
   1          4       2.781   0.000   0.00000      YES        0.00000   1.00000  accept 
   1          4       2.914   0.000   0.00030      YES        0.00123   1.00000  accept 
   1          4       3.130   0.000   0.00010      YES        0.00041   1.00000  accept 
   1          4       3.215   0.001   0.00080      YES        0.00327   1.00000  accept 
   1          4       3.171   0.002   0.00230      YES        0.00941   1.00000  accept 
   1          4       2.718   0.000   0.00000      YES        0.00000   1.00000  accept 
   1          4       2.884   0.001   0.00050      YES        0.00205   1.00000  accept 
   1          4       2.917   0.000   0.00000      YES        0.00000   1.00000  accept 
   1          4       2.836   0.000   0.00000      YES        0.00000   1.00000  accept 
   1          4       2.726   0.001   0.00070      YES        0.00287   1.00000  accept 
   1          4       2.857   0.000   0.00000      YES        0.00000   1.00000  accept 
   1          4       3.019   0.000   0.00000      YES        0.00000   1.00000  accept 
   1          4       2.554   0.000   0.00000      YES        0.00000   1.00000  accept 
   1          4       2.828   0.000   0.00020      YES        0.00082   1.00000  accept 
   1          4       2.845   0.000   0.00000      YES        0.00000   1.00000  accept 
   1          4       3.031   0.000   0.00020      YES        0.00082   1.00000  accept 
   1          4       3.092   0.000   0.00000      YES        0.00000   1.00000  accept 
   1          4       2.814   0.002   0.00230      YES        0.00941   1.00000  accept 
   1          4       2.825   0.000   0.00000      YES        0.00000   1.00000  accept 
   1          4       2.837   0.000   0.00000      YES        0.00000   1.00000  accept 
   1          5       2.591   0.000   0.00000      YES        0.00000   1.00000  accept 
   1          5       3.214   0.090   0.09000      YES        0.36840   1.00000  accept 
   1          5       2.683   0.000   0.00020      YES        0.00082   1.00000  accept 
   1          5       2.978   0.008   0.00760      YES        0.03111   1.00000  accept 
   1          5       2.960   0.002   0.00220      YES        0.00901   1.00000  accept 
   1          5       2.776   0.000   0.00030      YES        0.00123   1.00000  accept 
   1          5       3.057   0.000   0.00010      YES        0.00041   1.00000  accept 
   1          5       2.513   0.000   0.00030      YES        0.00123   1.00000  accept 
   1          5       3.056   0.000   0.00000      YES        0.00000   1.00000  accept 
   1          5       3.365   0.071   0.07120      YES        0.29144   1.00000  accept 
   1          5       3.268   0.001   0.00050      YES        0.00205   1.00000  accept 
   1          5       2.965   0.000   0.00010      YES        0.00041   1.00000  accept 
   1          5       2.760   0.000   0.00000      YES        0.00000   1.00000  accept 
   1          5       3.293   0.001   0.00050      YES        0.00205   1.00000  accept 
   1          5       3.216   0.000   0.00000      YES        0.00000   1.00000  accept 
   1          5       3.317   0.000   0.00030      YES        0.00123   1.00000  accept 
   1          5       3.179   0.002   0.00150      YES        0.00614   1.00000  accept 
   1          5       2.903   0.000   0.00030      YES        0.00123   1.00000  accept 
   1          5       2.946   0.000   0.00010      YES        0.00041   1.00000  accept 
   1          5       2.834   0.000   0.00010      YES        0.00041   1.00000  accept 
   1          5       2.949   0.000   0.00040      YES        0.00164   1.00000  accept 
   1          5       2.836   0.000   0.00010      YES        0.00041   1.00000  accept 
   1          5       3.014   0.031   0.03130      YES        0.12812   1.00000  accept 
   1          5       3.229   0.000   0.00000      YES        0.00000   1.00000  accept 
   1          5       3.100   0.000   0.00000      YES        0.00000   1.00000  accept 
   1          5       3.106   0.000   0.00000      YES        0.00000   1.00000  accept 
   1          5       3.369   0.001   0.00100      YES        0.00409   1.00000  accept 
   1          5       3.237   0.000   0.00020      YES        0.00082   1.00000  accept 
   1          5       3.015   0.002   0.00210      YES        0.00860   1.00000  accept 
   1          5       2.729   0.000   0.00010      YES        0.00041   1.00000  accept 
   1          5       3.147   0.024   0.02400      YES        0.09824   1.00000  accept 
   1          5       2.839   0.000   0.00000      YES        0.00000   1.00000  accept 
   1          5       3.130   0.002   0.00190      YES        0.00778   1.00000  accept 
   1          5       3.018   0.006   0.00590      YES        0.02415   1.00000  accept 
   1          5       2.946   0.039   0.03900      YES        0.15964   1.00000  accept 
   1          5       2.936   0.000   0.00000      YES        0.00000   1.00000  accept 
   1          5       2.700   0.000   0.00010      YES        0.00041   1.00000  accept 
   1          5       2.736   0.000   0.00000      YES        0.00000   1.00000  accept 
   1          5       2.859   0.000   0.00000      YES        0.00000   1.00000  accept 
   1          5       3.320   0.004   0.00430      YES        0.01760   1.00000  accept 
   1          5       2.954   0.000   0.00000      YES        0.00000   1.00000  accept 
   1          5       3.201   0.001   0.00060      YES        0.00246   1.00000  accept 
   1          5       3.056   0.013   0.01290      YES        0.05280   1.00000  accept 
   1          5       3.118   0.000   0.00020      YES        0.00082   1.00000  accept 
   1          5       3.190   0.002   0.00210      YES        0.00860   1.00000  accept 
   1          5       3.292   0.000   0.00000      YES        0.00000   1.00000  accept 
   1          5       2.737   0.000   0.00010      YES        0.00041   1.00000  accept 
   1          5       2.971   0.000   0.00040      YES        0.00164   1.00000  accept 
   1          5       3.201   0.002   0.00180      YES        0.00737   1.00000  accept 
   1          5       2.818   0.000   0.00040      YES        0.00164   1.00000  accept 
   1          5       2.882   0.000   0.00000      YES        0.00000   1.00000  accept 
   1          5       3.004   0.000   0.00000      YES        0.00000   1.00000  accept 
   1          5       3.085   0.000   0.00010      YES        0.00041   1.00000  accept 
   1          5       2.856   0.000   0.00000      YES        0.00000   1.00000  accept 
   1          5       2.646   0.000   0.00010      YES        0.00041   1.00000  accept 
   1          5       3.279   0.000   0.00000      YES        0.00000   1.00000  accept 
   1          5       2.512   0.000   0.00010      YES        0.00041   1.00000  accept 
   1          5       2.888   0.000   0.00000      YES        0.00000   1.00000  accept 
   1          5       3.143   0.000   0.00000      YES        0.00000   1.00000  accept 
   1          5       3.048   0.000   0.00000      YES        0.00000   1.00000  accept 
   1          5       2.808   0.001   0.00060      YES        0.00246   1.00000  accept 
   1          5       2.862   0.000   0.00000      YES        0.00000   1.00000  accept 
   1          5       2.984   0.000   0.00000      YES        0.00000   1.00000  accept 
   1          5       2.576   0.000   0.00010      YES        0.00041   1.00000  accept 
   1          5       2.803   0.000   0.00010      YES        0.00041   1.00000  accept 
   1          5       2.518   0.000   0.00000      YES        0.00000   1.00000  accept 
   1          5       3.211   0.000   0.00020      YES        0.00082   1.00000  accept 
   1          5       3.035   0.000   0.00000      YES        0.00000   1.00000  accept 
   1          5       3.109   0.001   0.00050      YES        0.00205   1.00000  accept 
   1          5       2.692   0.000   0.00000      YES        0.00000   1.00000  accept 
   1          5       3.211   0.000   0.00030      YES        0.00123   1.00000  accept 
   1          5       3.287   0.000   0.00010      YES        0.00041   1.00000  accept 
   1          5       2.808   0.000   0.00000      YES        0.00000   1.00000  accept 
   1          5       3.015   0.000   0.00000      YES        0.00000   1.00000  accept 
   1          5       3.166   0.001   0.00120      YES        0.00491   1.00000  accept 
   1          5       3.332   0.052   0.05160      YES        0.21122   1.00000  accept 
   1          5       3.173   0.000   0.00000      YES        0.00000   1.00000  accept 
   1          5       2.870   0.000   0.00000      YES        0.00000   1.00000  accept 
   1          5       2.924   0.003   0.00330      YES        0.01351   1.00000  accept 
   1          5       2.997   0.000   0.00030      YES        0.00123   1.00000  accept 
   1          5       2.907   0.000   0.00000      YES        0.00000   1.00000  accept 
   1          5       3.061   0.000   0.00010      YES        0.00041   1.00000  accept 
   1          5       2.881   0.000   0.00000      YES        0.00000   1.00000  accept 
   1          5       3.206   0.000   0.00000      YES        0.00000   1.00000  accept 
   1          5       2.932   0.000   0.00010      YES        0.00041   1.00000  accept 
   1          5       2.884   0.000   0.00010      YES        0.00041   1.00000  accept 
   1          5       2.982   0.000   0.00040      YES        0.00164   1.00000  accept 
   1          5       3.062   0.002   0.00220      YES        0.00901   1.00000  accept 
   1          5       3.134   0.002   0.00200      YES        0.00819   1.00000  accept 
   1          5       2.894   0.000   0.00040      YES        0.00164   1.00000  accept 
   1          5       3.049   0.000   0.00000      YES        0.00000   1.00000  accept 
   1          5       2.862   0.000   0.00000      YES        0.00000   1.00000  accept 
   1          6       2.943   0.001   0.00130      YES        0.00532   1.00000  accept 
   1          6       3.231   0.035   0.03460      YES        0.14163   1.00000  accept 
   1          6       2.893   0.000   0.00030      YES        0.00123   1.00000  accept 
   1          6       3.033   0.006   0.00620      YES        0.02538   1.00000  accept 
   1          6       3.023   0.000   0.00040      YES        0.00164   1.00000  accept 
   1          6       2.903   0.000   0.00020      YES        0.00082   1.00000  accept 
   1          6       3.199   0.000   0.00000      YES        0.00000   1.00000  accept 
   1          6       2.540   0.000   0.00000      YES        0.00000   1.00000  accept 
   1          6       3.107   0.002   0.00170      YES        0.00696   1.00000  accept 
   1          6       3.460   0.000   0.00000      YES        0.00000   1.00000  accept 
   1          6       3.326   0.000   0.00000      YES        0.00000   1.00000  accept 
   1          6       3.152   0.001   0.00060      YES        0.00246   1.00000  accept 
   1          6       2.885   0.000   0.00000      YES        0.00000   1.00000  accept 
   1          6       3.442   0.004   0.00410      YES        0.01678   1.00000  accept 
   1          6       3.311   0.001   0.00080      YES        0.00327   1.00000  accept 
   1          6       3.334   0.002   0.00200      YES        0.00819   1.00000  accept 
   1          6       3.187   0.001   0.00060      YES        0.00246   1.00000  accept 
   1          6       3.178   0.000   0.00010      YES        0.00041   1.00000  accept 
   1          6       3.045   0.000   0.00020      YES        0.00082   1.00000  accept 
   1          6       3.011   0.002   0.00240      YES        0.00982   1.00000  accept 
   1          6       3.117   0.000   0.00010      YES        0.00041   1.00000  accept 
   1          6       2.938   0.062   0.06240      YES        0.25542   1.00000  accept 
   1          6       3.048   0.000   0.00000      YES        0.00000   1.00000  accept 
   1          6       3.260   0.002   0.00210      YES        0.00860   1.00000  accept 
   1          6       3.192   0.000   0.00010      YES        0.00041   1.00000  accept 
   1          6       3.185   0.000   0.00000      YES        0.00000   1.00000  accept 
   1          6       3.488   0.000   0.00000      YES        0.00000   1.00000  accept 
   1          6       3.241   0.001   0.00050      YES        0.00205   1.00000  accept 
   1          6       3.109   0.051   0.05050      YES        0.20671   1.00000  accept 
   1          6       2.868   0.000   0.00000      YES        0.00000   1.00000  accept 
   1          6       3.233   0.000   0.00000      YES        0.00000   1.00000  accept 
   1          6       2.922   0.000   0.00000      YES        0.00000   1.00000  accept 
   1          6       3.192   0.001   0.00140      YES        0.00573   1.00000  accept 
   1          6       3.111   0.000   0.00020      YES        0.00082   1.00000  accept 
   1          6       2.992   0.003   0.00280      YES        0.01146   1.00000  accept 
   1          6       3.152   0.000   0.00000      YES        0.00000   1.00000  accept 
   1          6       2.965   0.000   0.00020      YES        0.00082   1.00000  accept 
   1          6       2.890   0.004   0.00380      YES        0.01555   1.00000  accept 
   1          6       2.998   0.000   0.00000      YES        0.00000   1.00000  accept 
   1          6       3.382   0.020   0.02010      YES        0.08228   1.00000  accept 
   1          6       2.988   0.000   0.00000      YES        0.00000   1.00000  accept 
   1          6       3.259   0.025   0.02480      YES        0.10151   1.00000  accept 
   1          6       3.066   0.004   0.00420      YES        0.01719   1.00000  accept 
   1          6       3.162   0.005   0.00550      YES        0.02251   1.00000  accept 
   1          6       3.225   0.001   0.00080      YES        0.00327   1.00000  accept 
   1          6       3.298   0.001   0.00100      YES        0.00409   1.00000  accept 
   1          6       2.828   0.000   0.00020      YES        0.00082   1.00000  accept 
   1          6       3.107   0.002   0.00180      YES        0.00737   1.00000  accept 
   1          6       3.276   0.064   0.06390      YES        0.26156   1.00000  accept 
   1          6       3.038   0.048   0.04830      YES        0.19771   1.00000  accept 
   1          6       2.950   0.000   0.00010      YES        0.00041   1.00000  accept 
   1          6       3.027   0.001   0.00120      YES        0.00491   1.00000  accept 
   1          6       3.120   0.000   0.00000      YES        0.00000   1.00000  accept 
   1          6       3.014   0.000   0.00010      YES        0.00041   1.00000  accept 
   1          6       2.679   0.000   0.00010      YES        0.00041   1.00000  accept 
   1          6       3.300   0.000   0.00000      YES        0.00000   1.00000  accept 
   1          6       2.515   0.001   0.00050      YES        0.00205   1.00000  accept 
   1          6       2.909   0.000   0.00040      YES        0.00164   1.00000  accept 
   1          6       3.236   0.013   0.01310      YES        0.05362   1.00000  accept 
   1          6       3.261   0.049   0.04910      YES        0.20098   1.00000  accept 
   1          6       2.976   0.000   0.00000      YES        0.00000   1.00000  accept 
   1          6       3.033   0.000   0.00000      YES        0.00000   1.00000  accept 
   1          6       3.056   0.000   0.00000      YES        0.00000   1.00000  accept 
   1          6       2.671   0.000   0.00000      YES        0.00000   1.00000  accept 
   1          6       2.946   0.000   0.00040      YES        0.00164   1.00000  accept 
   1          6       2.776   0.000   0.00000      YES        0.00000   1.00000  accept 
   1          6       3.319   0.000   0.00040      YES        0.00164   1.00000  accept 
   1          6       3.086   0.000   0.00000      YES        0.00000   1.00000  accept 
   1          6       3.276   0.000   0.00010      YES        0.00041   1.00000  accept 
   1          6       2.799   0.000   0.00000      YES        0.00000   1.00000  accept 
   1          6       3.255   0.001   0.00060      YES        0.00246   1.00000  accept 
   1          6       3.363   0.018   0.01850      YES        0.07573   1.00000  accept 
   1          6       2.949   0.009   0.00950      YES        0.03889   1.00000  accept 
   1          6       3.092   0.000   0.00000      YES        0.00000   1.00000  accept 
   1          6       3.373   0.038   0.03800      YES        0.15555   1.00000  accept 
   1          6       3.426   0.050   0.04970      YES        0.20344   1.00000  accept 
   1          6       3.225   0.000   0.00000      YES        0.00000   1.00000  accept 
   1          6       2.949   0.000   0.00020      YES        0.00082   1.00000  accept 
   1          6       3.148   0.000   0.00000      YES        0.00000   1.00000  accept 
   1          6       3.065   0.000   0.00000      YES        0.00000   1.00000  accept 
   1          6       3.171   0.001   0.00110      YES        0.00450   1.00000  accept 
   1          6       3.113   0.001   0.00050      YES        0.00205   1.00000  accept 
   1          6       2.966   0.053   0.05290      YES        0.21654   1.00000  accept 
   1          6       3.247   0.000   0.00000      YES        0.00000   1.00000  accept 
   1          6       2.969   0.000   0.00020      YES        0.00082   1.00000  accept 
   1          6       3.054   0.037   0.03690      YES        0.15104   1.00000  accept 
   1          6       3.056   0.000   0.00000      YES        0.00000   1.00000  accept 
   1          6       3.102   0.008   0.00800      YES        0.03275   1.00000  accept 
   1          6       3.165   0.053   0.05300      YES        0.21695   1.00000  accept 
   1          6       3.021   0.000   0.00010      YES        0.00041   1.00000  accept 
   1          6       3.262   0.000   0.00030      YES        0.00123   1.00000  accept 
   1          6       3.029   0.056   0.05590      YES        0.22882   1.00000  accept 
   1          7       3.076   0.065   0.06540      YES        0.26770   1.00000  accept 
   1          7       3.280   0.001   0.00060      YES        0.00246   1.00000  accept 
   1          7       2.911   0.000   0.00010      YES        0.00041   1.00000  accept 
   1          7       3.100   0.062   0.06160      YES        0.25215   1.00000  accept 
   1          7       3.125   0.000   0.00010      YES        0.00041   1.00000  accept 
   1          7       3.039   0.000   0.00000      YES        0.00000   1.00000  accept 
   1          7       3.208   0.001   0.00090      YES        0.00368   1.00000  accept 
   1          7       2.677   0.000   0.00020      YES        0.00082   1.00000  accept 
   1          7       3.156   0.005   0.00500      YES        0.02047   1.00000  accept 
   1          7       3.557   0.001   0.00060      YES        0.00246   1.00000  accept 
   1          7       3.357   0.000   0.00000      YES        0.00000   1.00000  accept 
   1          7       3.158   0.001   0.00110      YES        0.00450   1.00000  accept 
   1          7       3.037   0.001   0.00050      YES        0.00205   1.00000  accept 
   1          7       3.458   0.009   0.00900      YES        0.03684   1.00000  accept 
   1          7       3.312   0.076   0.07650      YES        0.31314   1.00000  accept 
   1          7       3.346   0.011   0.01120      YES        0.04585   1.00000  accept 
   1          7       3.444   0.007   0.00660      YES        0.02702   1.00000  accept 
   1          7       3.215   0.000   0.00010      YES        0.00041   1.00000  accept 
   1          7       3.109   0.007   0.00700      YES        0.02865   1.00000  accept 
   1          7       3.049   0.001   0.00090      YES        0.00368   1.00000  accept 
   1          7       3.241   0.001   0.00080      YES        0.00327   1.00000  accept 
   1          7       2.975   0.014   0.01400      YES        0.05731   1.00000  accept 
   1          7       3.180   0.000   0.00010      YES        0.00041   1.00000  accept 
   1          7       3.300   0.000   0.00000      YES        0.00000   1.00000  accept 
   1          7       3.253   0.006   0.00590      YES        0.02415   1.00000  accept 
   1          7       3.362   0.024   0.02390      YES        0.09783   1.00000  accept 
   1          7       3.547   0.000   0.00000      YES        0.00000   1.00000  accept 
   1          7       3.370   0.030   0.03030      YES        0.12403   1.00000  accept 
   1          7       3.192   0.007   0.00750      YES        0.03070   1.00000  accept 
   1          7       3.019   0.001   0.00060      YES        0.00246   1.00000  accept 
   1          7       3.320   0.036   0.03650      YES        0.14941   1.00000  accept 
   1          7       2.970   0.000   0.00010      YES        0.00041   1.00000  accept 
   1          7       3.197   0.003   0.00310      YES        0.01269   1.00000  accept 
   1          7       3.116   0.000   0.00010      YES        0.00041   1.00000  accept 
   1          7       3.057   0.023   0.02330      YES        0.09537   1.00000  accept 
   1          7       3.248   0.007   0.00750      YES        0.03070   1.00000  accept 
   1          7       3.041   0.003   0.00340      YES        0.01392   1.00000  accept 
   1          7       2.945   0.028   0.02750      YES        0.11257   1.00000  accept 
   1          7       3.047   0.000   0.00030      YES        0.00123   1.00000  accept 
   1          7       3.387   0.001   0.00060      YES        0.00246   1.00000  accept 
   1          7       3.250   0.000   0.00000      YES        0.00000   1.00000  accept 
   1          7       3.327   0.003   0.00280      YES        0.01146   1.00000  accept 
   1          7       3.107   0.000   0.00010      YES        0.00041   1.00000  accept 
   1          7       3.310   0.029   0.02920      YES        0.11953   1.00000  accept 
   1          7       3.244   0.000   0.00010      YES        0.00041   1.00000  accept 
   1          7       3.489   0.036   0.03600      YES        0.14736   1.00000  accept 
   1          7       2.957   0.000   0.00030      YES        0.00123   1.00000  accept 
   1          7       3.129   0.002   0.00160      YES        0.00655   1.00000  accept 
   1          7       3.337   0.002   0.00170      YES        0.00696   1.00000  accept 
   1          7       3.059   0.004   0.00370      YES        0.01515   1.00000  accept 
   1          7       3.167   0.001   0.00130      YES        0.00532   1.00000  accept 
   1          7       3.112   0.046   0.04630      YES        0.18952   1.00000  accept 
   1          7       3.353   0.000   0.00000      YES        0.00000   1.00000  accept 
   1          7       3.040   0.000   0.00000      YES        0.00000   1.00000  accept 
   1          7       2.734   0.000   0.00000      YES        0.00000   1.00000  accept 
   1          7       3.314   0.039   0.03930      YES        0.16087   1.00000  accept 
   1          7       2.610   0.001   0.00050      YES        0.00205   1.00000  accept 
   1          7       2.969   0.008   0.00810      YES        0.03316   1.00000  accept 
   1          7       3.309   0.089   0.08940      YES        0.36594   1.00000  accept 
   1          7       3.268   0.021   0.02070      YES        0.08473   1.00000  accept 
   1          7       3.018   0.001   0.00050      YES        0.00205   1.00000  accept 
   1          7       3.059   0.000   0.00000      YES        0.00000   1.00000  accept 
   1          7       3.129   0.000   0.00010      YES        0.00041   1.00000  accept 
   1          7       2.792   0.000   0.00000      YES        0.00000   1.00000  accept 
   1          7       3.086   0.000   0.00000      YES        0.00000   1.00000  accept 
   1          7       2.861   0.000   0.00010      YES        0.00041   1.00000  accept 
   1          7       3.360   0.038   0.03790      YES        0.15514   1.00000  accept 
   1          7       3.092   0.000   0.00010      YES        0.00041   1.00000  accept 
   1          7       3.352   0.001   0.00060      YES        0.00246   1.00000  accept 
   1          7       2.999   0.001   0.00050      YES        0.00205   1.00000  accept 
   1          7       3.314   0.012   0.01180      YES        0.04830   1.00000  accept 
   1          7       3.439   0.035   0.03510      YES        0.14368   1.00000  accept 
   1          7       3.006   0.025   0.02550      YES        0.10438   1.00000  accept 
   1          7       3.123   0.000   0.00010      YES        0.00041   1.00000  accept 
   1          7       3.432   0.005   0.00530      YES        0.02169   1.00000  accept 
   1          7       3.430   0.014   0.01360      YES        0.05567   1.00000  accept 
   1          7       3.340   0.083   0.08280      YES        0.33893   1.00000  accept 
   1          7       3.101   0.000   0.00020      YES        0.00082   1.00000  accept 
   1          7       3.275   0.093   0.09290      YES        0.38027   1.00000  accept 
   1          7       3.293   0.000   0.00030      YES        0.00123   1.00000  accept 
   1          7       3.178   0.000   0.00010      YES        0.00041   1.00000  accept 
   1          7       3.171   0.016   0.01620      YES        0.06631   1.00000  accept 
   1          7       3.132   0.000   0.00010      YES        0.00041   1.00000  accept 
   1          7       3.284   0.000   0.00010      YES        0.00041   1.00000  accept 
   1          7       3.118   0.000   0.00000      YES        0.00000   1.00000  accept 
   1          7       3.194   0.000   0.00010      YES        0.00041   1.00000  accept 
   1          7       3.058   0.000   0.00000      YES        0.00000   1.00000  accept 
   1          7       3.140   0.000   0.00020      YES        0.00082   1.00000  accept 
   1          7       3.257   0.015   0.01450      YES        0.05935   1.00000  accept 
   1          7       3.042   0.000   0.00000      YES        0.00000   1.00000  accept 
   1          7       3.275   0.002   0.00150      YES        0.00614   1.00000  accept 
   1          7       3.059   0.000   0.00000      YES        0.00000   1.00000  accept 
   1          8       3.080   0.005   0.00480      YES        0.01965   1.00000  accept 
   1          8       3.298   0.000   0.00040      YES        0.00164   1.00000  accept 
   1          8       2.951   0.000   0.00040      YES        0.00164   1.00000  accept 
   1          8       3.158   0.019   0.01920      YES        0.07859   1.00000  accept 
   1          8       3.229   0.000   0.00020      YES        0.00082   1.00000  accept 
   1          8       3.133   0.000   0.00010      YES        0.00041   1.00000  accept 
   1          8       3.264   0.040   0.03960      YES        0.16210   1.00000  accept 
   1          8       2.789   0.001   0.00090      YES        0.00368   1.00000  accept 
   1          8       3.266   0.043   0.04300      YES        0.17601   1.00000  accept 
   1          8       3.623   0.002   0.00180      YES        0.00737   1.00000  accept 
   1          8       3.422   0.001   0.00140      YES        0.00573   1.00000  accept 
   1          8       3.208   0.001   0.00060      YES        0.00246   1.00000  accept 
   1          8       3.159   0.002   0.00160      YES        0.00655   1.00000  accept 
   1          8       3.497   0.066   0.06580      YES        0.26934   1.00000  accept 
   1          8       3.419   0.047   0.04740      YES        0.19402   1.00000  accept 
   1          8       3.355   0.056   0.05600      YES        0.22923   1.00000  accept 
   1          8       3.480   0.059   0.05890      YES        0.24110   1.00000  accept 
   1          8       3.238   0.028   0.02810      YES        0.11502   1.00000  accept 
   1          8       3.134   0.077   0.07720      YES        0.31600   1.00000  accept 
   1          8       3.185   0.000   0.00000      YES        0.00000   1.00000  accept 
   1          8       3.299   0.016   0.01610      YES        0.06590   1.00000  accept 
   1          8       3.151   0.002   0.00200      YES        0.00819   1.00000  accept 
   1          8       3.256   0.043   0.04270      YES        0.17479   1.00000  accept 
   1          8       3.311   0.002   0.00200      YES        0.00819   1.00000  accept 
   1          8       3.320   0.000   0.00000      YES        0.00000   1.00000  accept 
   1          8       3.376   0.009   0.00910      YES        0.03725   1.00000  accept 
   1          8       3.707   0.004   0.00370      YES        0.01515   1.00000  accept 
   1          8       3.394   0.003   0.00270      YES        0.01105   1.00000  accept 
   1          8       3.273   0.057   0.05650      YES        0.23127   1.00000  accept 
   1          8       3.133   0.071   0.07110      YES        0.29104   1.00000  accept 
   1          8       3.369   0.013   0.01260      YES        0.05158   1.00000  accept 
   1          8       2.986   0.000   0.00000      YES        0.00000   1.00000  accept 
   1          8       3.293   0.012   0.01210      YES        0.04953   1.00000  accept 
   1          8       3.203   0.086   0.08550      YES        0.34998   1.00000  accept 
   1          8       3.065   0.005   0.00500      YES        0.02047   1.00000  accept 
   1          8       3.249   0.018   0.01790      YES        0.07327   1.00000  accept 
   1          8       3.184   0.043   0.04260      YES        0.17438   1.00000  accept 
   1          8       3.010   0.074   0.07410      YES        0.30332   1.00000  accept 
   1          8       3.087   0.003   0.00280      YES        0.01146   1.00000  accept 
   1          8       3.419   0.002   0.00180      YES        0.00737   1.00000  accept 
   1          8       3.310   0.000   0.00010      YES        0.00041   1.00000  accept 
   1          8       3.382   0.046   0.04570      YES        0.18707   1.00000  accept 
   1          8       3.205   0.134   0.13420      YES        0.54932   1.00000  accept 
   1          8       3.347   0.008   0.00840      YES        0.03438   1.00000  accept 
   1          8       3.299   0.015   0.01540      YES        0.06304   1.00000  accept 
   1          8       3.497   0.000   0.00030      YES        0.00123   1.00000  accept 
   1          8       2.999   0.005   0.00510      YES        0.02088   1.00000  accept 
   1          8       3.130   0.000   0.00000      YES        0.00000   1.00000  accept 
   1          8       3.355   0.038   0.03830      YES        0.15677   1.00000  accept 
   1          8       3.114   0.000   0.00000      YES        0.00000   1.00000  accept 
   1          8       3.168   0.000   0.00040      YES        0.00164   1.00000  accept 
   1          8       3.245   0.004   0.00370      YES        0.01515   1.00000  accept 
   1          8       3.385   0.001   0.00060      YES        0.00246   1.00000  accept 
   1          8       3.133   0.000   0.00020      YES        0.00082   1.00000  accept 
   1          8       2.888   0.001   0.00050      YES        0.00205   1.00000  accept 
   1          8       3.386   0.001   0.00070      YES        0.00287   1.00000  accept 
   1          8       2.689   0.000   0.00010      YES        0.00041   1.00000  accept 
   1          8       3.041   0.001   0.00070      YES        0.00287   1.00000  accept 
   1          8       3.359   0.005   0.00460      YES        0.01883   1.00000  accept 
   1          8       3.367   0.012   0.01230      YES        0.05035   1.00000  accept 
   1          8       3.137   0.001   0.00090      YES        0.00368   1.00000  accept 
   1          8       3.216   0.070   0.06960      YES        0.28490   1.00000  accept 
   1          8       3.174   0.000   0.00000      YES        0.00000   1.00000  accept 
   1          8       3.008   0.000   0.00020      YES        0.00082   1.00000  accept 
   1          8       3.112   0.000   0.00000      YES        0.00000   1.00000  accept 
   1          8       3.044   0.000   0.00000      YES        0.00000   1.00000  accept 
   1          8       3.531   0.040   0.04010      YES        0.16414   1.00000  accept 
   1          8       3.389   0.000   0.00010      YES        0.00041   1.00000  accept 
   1          8       3.367   0.001   0.00110      YES        0.00450   1.00000  accept 
   1          8       3.027   0.014   0.01420      YES        0.05813   1.00000  accept 
   1          8       3.320   0.050   0.05020      YES        0.20549   1.00000  accept 
   1          8       3.461   0.012   0.01230      YES        0.05035   1.00000  accept 
   1          8       3.046   0.026   0.02650      YES        0.10847   1.00000  accept 
   1          8       3.193   0.000   0.00000      YES        0.00000   1.00000  accept 
   1          8       3.455   0.016   0.01600      YES        0.06549   1.00000  accept 
   1          8       3.467   0.008   0.00840      YES        0.03438   1.00000  accept 
   1          8       3.397   0.011   0.01110      YES        0.04544   1.00000  accept 
   1          8       3.169   0.000   0.00010      YES        0.00041   1.00000  accept 
   1          8       3.367   0.003   0.00320      YES        0.01310   1.00000  accept 
   1          8       3.329   0.016   0.01570      YES        0.06427   1.00000  accept 
   1          8       3.199   0.004   0.00360      YES        0.01474   1.00000  accept 
   1          8       3.206   0.003   0.00300      YES        0.01228   1.00000  accept 
   1          8       3.133   0.000   0.00000      YES        0.00000   1.00000  accept 
   1          8       3.432   0.041   0.04100      YES        0.16783   1.00000  accept 
   1          8       3.157   0.000   0.00010      YES        0.00041   1.00000  accept 
   1          8       3.266   0.002   0.00240      YES        0.00982   1.00000  accept 
   1          8       3.160   0.017   0.01650      YES        0.06754   1.00000  accept 
   1          8       3.182   0.021   0.02150      YES        0.08801   1.00000  accept 
   1          8       3.293   0.021   0.02080      YES        0.08514   1.00000  accept 
   1          8       3.098   0.031   0.03110      YES        0.12730   1.00000  accept 
   1          8       3.279   0.000   0.00010      YES        0.00041   1.00000  accept 
   1          8       3.084   0.000   0.00000      YES        0.00000   1.00000  accept 
   1          9       3.173   0.012   0.01190      YES        0.04871   1.00000  accept 
   1          9       3.303   0.002   0.00210      YES        0.00860   1.00000  accept 
   1          9       3.001   0.005   0.00510      YES        0.02088   1.00000  accept 
   1          9       3.269   0.006   0.00600      YES        0.02456   1.00000  accept 
   1          9       3.332   0.000   0.00000      YES        0.00000   1.00000  accept 
   1          9       3.236   0.010   0.00980      YES        0.04011   1.00000  accept 
   1          9       3.335   0.036   0.03650      YES        0.14941   1.00000  accept 
   1          9       2.815   0.000   0.00000      YES        0.00000   1.00000  accept 
   1          9       3.324   0.000   0.00010      YES        0.00041   1.00000  accept 
   1          9       3.626   0.000   0.00000      YES        0.00000   1.00000  accept 
   1          9       3.501   0.071   0.07110      YES        0.29104   1.00000  accept 
   1          9       3.268   0.014   0.01380      YES        0.05649   1.00000  accept 
   1          9       3.243   0.001   0.00050      YES        0.00205   1.00000  accept 
   1          9       3.545   0.004   0.00390      YES        0.01596   1.00000  accept 
   1          9       3.466   0.164   0.16370      YES        0.67008   1.00000  accept 
   1          9       3.379   0.048   0.04790      YES        0.19607   1.00000  accept 
   1          9       3.498   0.000   0.00000      YES        0.00000   1.00000  accept 
   1          9       3.268   0.048   0.04800      YES        0.19648   1.00000  accept 
   1          9       3.160   0.000   0.00000      YES        0.00000   1.00000  accept 
   1          9       3.240   0.066   0.06620      YES        0.27098   1.00000  accept 
   1          9       3.405   0.044   0.04440      YES        0.18174   1.00000  accept 
   1          9       3.166   0.046   0.04610      YES        0.18870   1.00000  accept 
   1          9       3.381   0.027   0.02740      YES        0.11216   1.00000  accept 
   1          9       3.444   0.001   0.00070      YES        0.00287   1.00000  accept 
   1          9       3.411   0.000   0.00000      YES        0.00000   1.00000  accept 
   1          9       3.449   0.000   0.00000      YES        0.00000   1.00000  accept 
   1          9       3.714   0.002   0.00180      YES        0.00737   1.00000  accept 
   1          9       3.431   0.002   0.00150      YES        0.00614   1.00000  accept 
   1          9       3.288   0.106   0.10630      YES        0.43512   1.00000  accept 
   1          9       3.183   0.000   0.00030      YES        0.00123   1.00000  accept 
   1          9       3.441   0.000   0.00010      YES        0.00041   1.00000  accept 
   1          9       3.068   0.000   0.00000      YES        0.00000   1.00000  accept 
   1          9       3.363   0.012   0.01160      YES        0.04748   1.00000  accept 
   1          9       3.238   0.007   0.00690      YES        0.02824   1.00000  accept 
   1          9       3.187   0.005   0.00470      YES        0.01924   1.00000  accept 
   1          9       3.309   0.010   0.00980      YES        0.04011   1.00000  accept 
   1          9       3.214   0.048   0.04790      YES        0.19607   1.00000  accept 
   1          9       3.083   0.001   0.00080      YES        0.00327   1.00000  accept 
   1          9       3.172   0.001   0.00060      YES        0.00246   1.00000  accept 
   1          9       3.443   0.065   0.06490      YES        0.26566   1.00000  accept 
   1          9       3.343   0.000   0.00010      YES        0.00041   1.00000  accept 
   1          9       3.389   0.020   0.02040      YES        0.08350   1.00000  accept 
   1          9       3.253   0.130   0.13000      YES        0.53213   1.00000  accept 
   1          9       3.483   0.004   0.00380      YES        0.01555   1.00000  accept 
   1          9       3.327   0.061   0.06080      YES        0.24887   1.00000  accept 
   1          9       3.551   0.000   0.00010      YES        0.00041   1.00000  accept 
   1          9       3.054   0.001   0.00090      YES        0.00368   1.00000  accept 
   1          9       3.214   0.002   0.00240      YES        0.00982   1.00000  accept 
   1          9       3.396   0.008   0.00790      YES        0.03234   1.00000  accept 
   1          9       3.133   0.001   0.00110      YES        0.00450   1.00000  accept 
   1          9       3.290   0.014   0.01410      YES        0.05772   1.00000  accept 
   1          9       3.271   0.002   0.00210      YES        0.00860   1.00000  accept 
   1          9       3.426   0.013   0.01290      YES        0.05280   1.00000  accept 
   1          9       3.314   0.002   0.00240      YES        0.00982   1.00000  accept 
   1          9       2.896   0.000   0.00040      YES        0.00164   1.00000  accept 
   1          9       3.389   0.000   0.00000      YES        0.00000   1.00000  accept 
   1          9       2.863   0.004   0.00360      YES        0.01474   1.00000  accept 
   1          9       3.076   0.001   0.00060      YES        0.00246   1.00000  accept 
   1          9       3.417   0.063   0.06290      YES        0.25747   1.00000  accept 
   1          9       3.390   0.006   0.00650      YES        0.02661   1.00000  accept 
   1          9       3.193   0.011   0.01100      YES        0.04503   1.00000  accept 
   1          9       3.259   0.000   0.00000      YES        0.00000   1.00000  accept 
   1          9       3.246   0.003   0.00270      YES        0.01105   1.00000  accept 
   1          9       3.102   0.009   0.00930      YES        0.03807   1.00000  accept 
   1          9       3.162   0.000   0.00000      YES        0.00000   1.00000  accept 
   1          9       3.113   0.021   0.02060      YES        0.08432   1.00000  accept 
   1          9       3.611   0.012   0.01230      YES        0.05035   1.00000  accept 
   1          9       3.397   0.003   0.00340      YES        0.01392   1.00000  accept 
   1          9       3.368   0.002   0.00160      YES        0.00655   1.00000  accept 
   1          9       3.189   0.000   0.00000      YES        0.00000   1.00000  accept 
   1          9       3.322   0.000   0.00010      YES        0.00041   1.00000  accept 
   1          9       3.488   0.000   0.00010      YES        0.00041   1.00000  accept 
   1          9       3.151   0.000   0.00030      YES        0.00123   1.00000  accept 
   1          9       3.223   0.000   0.00040      YES        0.00164   1.00000  accept 
   1          9       3.477   0.019   0.01940      YES        0.07941   1.00000  accept 
   1          9       3.562   0.000   0.00010      YES        0.00041   1.00000  accept 
   1          9       3.461   0.041   0.04140      YES        0.16946   1.00000  accept 
   1          9       3.316   0.004   0.00430      YES        0.01760   1.00000  accept 
   1          9       3.369   0.046   0.04640      YES        0.18993   1.00000  accept 
   1          9       3.334   0.014   0.01390      YES        0.05690   1.00000  accept 
   1          9       3.204   0.000   0.00000      YES        0.00000   1.00000  accept 
   1          9       3.245   0.001   0.00070      YES        0.00287   1.00000  accept 
   1          9       3.157   0.000   0.00010      YES        0.00041   1.00000  accept 
   1          9       3.434   0.000   0.00000      YES        0.00000   1.00000  accept 
   1          9       3.182   0.001   0.00140      YES        0.00573   1.00000  accept 
   1          9       3.272   0.002   0.00200      YES        0.00819   1.00000  accept 
   1          9       3.193   0.002   0.00180      YES        0.00737   1.00000  accept 
   1          9       3.249   0.000   0.00010      YES        0.00041   1.00000  accept 
   1          9       3.320   0.003   0.00290      YES        0.01187   1.00000  accept 
   1          9       3.201   0.048   0.04790      YES        0.19607   1.00000  accept 
   1          9       3.406   0.000   0.00000      YES        0.00000   1.00000  accept 
   1          9       3.139   0.003   0.00290      YES        0.01187   1.00000  accept 
   1         10       3.196   0.015   0.01490      YES        0.06099   1.00000  accept 
   1         10       3.483   0.000   0.00000      YES        0.00000   1.00000  accept 
   1         10       3.138   0.001   0.00070      YES        0.00287   1.00000  accept 
   1         10       3.355   0.019   0.01950      YES        0.07982   1.00000  accept 
   1         10       3.408   0.001   0.00090      YES        0.00368   1.00000  accept 
   1         10       3.349   0.005   0.00550      YES        0.02251   1.00000  accept 
   1         10       3.351   0.019   0.01890      YES        0.07736   1.00000  accept 
   1         10       2.882   0.000   0.00010      YES        0.00041   1.00000  accept 
   1         10       3.383   0.000   0.00000      YES        0.00000   1.00000  accept 
   1         10       3.661   0.001   0.00070      YES        0.00287   1.00000  accept 
   1         10       3.570   0.000   0.00020      YES        0.00082   1.00000  accept 
   1         10       3.304   0.004   0.00370      YES        0.01515   1.00000  accept 
   1         10       3.247   0.000   0.00030      YES        0.00123   1.00000  accept 
   1         10       3.577   0.036   0.03580      YES        0.14654   1.00000  accept 
   1         10       3.509   0.002   0.00200      YES        0.00819   1.00000  accept 
   1         10       3.425   0.001   0.00100      YES        0.00409   1.00000  accept 
   1         10       3.609   0.244   0.24430      YES        1.00000   1.00000  accept 
   1         10       3.280   0.000   0.00010      YES        0.00041   1.00000  accept 
   1         10       3.202   0.033   0.03320      YES        0.13590   1.00000  accept 
   1         10       3.320   0.021   0.02080      YES        0.08514   1.00000  accept 
   1         10       3.480   0.112   0.11210      YES        0.45886   1.00000  accept 
   1         10       3.190   0.047   0.04690      YES        0.19198   1.00000  accept 
   1         10       3.389   0.001   0.00120      YES        0.00491   1.00000  accept 
   1         10       3.547   0.019   0.01930      YES        0.07900   1.00000  accept 
   1         10       3.457   0.010   0.01040      YES        0.04257   1.00000  accept 
   1         10       3.511   0.018   0.01780      YES        0.07286   1.00000  accept 
   1         10       3.730   0.000   0.00000      YES        0.00000   1.00000  accept 
   1         10       3.436   0.015   0.01510      YES        0.06181   1.00000  accept 
   1         10       3.324   0.027   0.02700      YES        0.11052   1.00000  accept 
   1         10       3.275   0.064   0.06410      YES        0.26238   1.00000  accept 
   1         10       3.510   0.006   0.00600      YES        0.02456   1.00000  accept 
   1         10       3.130   0.001   0.00120      YES        0.00491   1.00000  accept 
   1         10       3.380   0.029   0.02930      YES        0.11993   1.00000  accept 
   1         10       3.305   0.001   0.00060      YES        0.00246   1.00000  accept 
   1         10       3.207   0.001   0.00140      YES        0.00573   1.00000  accept 
   1         10       3.314   0.000   0.00000      YES        0.00000   1.00000  accept 
   1         10       3.262   0.019   0.01870      YES        0.07655   1.00000  accept 
   1         10       3.158   0.075   0.07520      YES        0.30782   1.00000  accept 
   1         10       3.241   0.065   0.06540      YES        0.26770   1.00000  accept 
   1         10       3.495   0.011   0.01150      YES        0.04707   1.00000  accept 
   1         10       3.346   0.002   0.00230      YES        0.00941   1.00000  accept 
   1         10       3.456   0.078   0.07820      YES        0.32010   1.00000  accept 
   1         10       3.326   0.000   0.00010      YES        0.00041   1.00000  accept 
   1         10       3.484   0.003   0.00300      YES        0.01228   1.00000  accept 
   1         10       3.403   0.034   0.03420      YES        0.13999   1.00000  accept 
   1         10       3.636   0.050   0.04980      YES        0.20385   1.00000  accept 
   1         10       3.202   0.045   0.04490      YES        0.18379   1.00000  accept 
   1         10       3.323   0.020   0.02030      YES        0.08309   1.00000  accept 
   1         10       3.435   0.005   0.00460      YES        0.01883   1.00000  accept 
   1         10       3.197   0.003   0.00290      YES        0.01187   1.00000  accept 
   1         10       3.313   0.010   0.01030      YES        0.04216   1.00000  accept 
   1         10       3.309   0.000   0.00030      YES        0.00123   1.00000  accept 
   1         10       3.465   0.007   0.00730      YES        0.02988   1.00000  accept 
   1         10       3.337   0.094   0.09430      YES        0.38600   1.00000  accept 
   1         10       2.985   0.002   0.00240      YES        0.00982   1.00000  accept 
   1         10       3.673   0.004   0.00440      YES        0.01801   1.00000  accept 
   1         10       2.957   0.002   0.00160      YES        0.00655   1.00000  accept 
   1         10       3.132   0.011   0.01130      YES        0.04625   1.00000  accept 
   1         10       3.451   0.004   0.00410      YES        0.01678   1.00000  accept 
   1         10       3.419   0.000   0.00000      YES        0.00000   1.00000  accept 
   1         10       3.341   0.015   0.01520      YES        0.06222   1.00000  accept 
   1         10       3.284   0.000   0.00010      YES        0.00041   1.00000  accept 
   1         10       3.307   0.060   0.06040      YES        0.24724   1.00000  accept 
   1         10       3.128   0.006   0.00570      YES        0.02333   1.00000  accept 
   1         10       3.188   0.000   0.00020      YES        0.00082   1.00000  accept 
   1         10       3.129   0.000   0.00040      YES        0.00164   1.00000  accept 
   1         10       3.626   0.002   0.00200      YES        0.00819   1.00000  accept 
   1         10       3.447   0.000   0.00000      YES        0.00000   1.00000  accept 
   1         10       3.407   0.000   0.00040      YES        0.00164   1.00000  accept 
   1         10       3.296   0.041   0.04050      YES        0.16578   1.00000  accept 
   1         10       3.437   0.001   0.00060      YES        0.00246   1.00000  accept 
   1         10       3.552   0.011   0.01060      YES        0.04339   1.00000  accept 
   1         10       3.260   0.000   0.00000      YES        0.00000   1.00000  accept 
   1         10       3.357   0.198   0.19820      YES        0.81130   1.00000  accept 
   1         10       3.555   0.000   0.00040      YES        0.00164   1.00000  accept 
   1         10       3.625   0.005   0.00550      YES        0.02251   1.00000  accept 
   1         10       3.468   0.003   0.00250      YES        0.01023   1.00000  accept 
   1         10       3.321   0.001   0.00070      YES        0.00287   1.00000  accept 
   1         10       3.415   0.001   0.00140      YES        0.00573   1.00000  accept 
   1         10       3.375   0.002   0.00230      YES        0.00941   1.00000  accept 
   1         10       3.249   0.001   0.00050      YES        0.00205   1.00000  accept 
   1         10       3.381   0.051   0.05050      YES        0.20671   1.00000  accept 
   1         10       3.176   0.000   0.00020      YES        0.00082   1.00000  accept 
   1         10       3.461   0.002   0.00160      YES        0.00655   1.00000  accept 
   1         10       3.313   0.021   0.02150      YES        0.08801   1.00000  accept 
   1         10       3.284   0.001   0.00060      YES        0.00246   1.00000  accept 
   1         10       3.265   0.001   0.00080      YES        0.00327   1.00000  accept 
   1         10       3.278   0.073   0.07310      YES        0.29922   1.00000  accept 
   1         10       3.529   0.000   0.00040      YES        0.00164   1.00000  accept 
   1         10       3.257   0.000   0.00010      YES        0.00041   1.00000  accept 
   1         10       3.421   0.063   0.06260      YES        0.25624   1.00000  accept 
   1         10       3.154   0.008   0.00840      YES        0.03438   1.00000  accept 
   1         11       3.204   0.002   0.00180      YES        0.00737   1.00000  accept 
   1         11       3.494   0.001   0.00110      YES        0.00450   1.00000  accept 
   1         11       3.157   0.000   0.00000      YES        0.00000   1.00000  accept 
   1         11       3.379   0.009   0.00950      YES        0.03889   1.00000  accept 
   1         11       3.506   0.180   0.17960      YES        0.73516   1.00000  accept 
   1         11       3.398   0.003   0.00250      YES        0.01023   1.00000  accept 
   1         11       3.386   0.000   0.00030      YES        0.00123   1.00000  accept 
   1         11       3.001   0.052   0.05180      YES        0.21203   1.00000  accept 
   1         11       3.437   0.002   0.00160      YES        0.00655   1.00000  accept 
   1         11       3.684   0.002   0.00210      YES        0.00860   1.00000  accept 
   1         11       3.628   0.000   0.00000      YES        0.00000   1.00000  accept 
   1         11       3.328   0.026   0.02640      YES        0.10806   1.00000  accept 
   1         11       3.250   0.016   0.01610      YES        0.06590   1.00000  accept 
   1         11       3.607   0.001   0.00050      YES        0.00205   1.00000  accept 
   1         11       3.519   0.002   0.00150      YES        0.00614   1.00000  accept 
   1         11       3.472   0.070   0.07030      YES        0.28776   1.00000  accept 
   1         11       3.646   0.003   0.00290      YES        0.01187   1.00000  accept 
   1         11       3.287   0.006   0.00600      YES        0.02456   1.00000  accept 
   1         11       3.256   0.001   0.00080      YES        0.00327   1.00000  accept 
   1         11       3.337   0.002   0.00150      YES        0.00614   1.00000  accept 
   1         11       3.520   0.016   0.01580      YES        0.06467   1.00000  accept 
   1         11       3.195   0.002   0.00160      YES        0.00655   1.00000  accept 
   1         11       3.450   0.002   0.00190      YES        0.00778   1.00000  accept 
   1         11       3.595   0.072   0.07190      YES        0.29431   1.00000  accept 
   1         11       3.519   0.000   0.00010      YES        0.00041   1.00000  accept 
   1         11       3.628   0.001   0.00060      YES        0.00246   1.00000  accept 
   1         11       3.775   0.005   0.00510      YES        0.02088   1.00000  accept 
   1         11       3.457   0.018   0.01760      YES        0.07204   1.00000  accept 
   1         11       3.357   0.023   0.02290      YES        0.09374   1.00000  accept 
   1         11       3.293   0.000   0.00010      YES        0.00041   1.00000  accept 
   1         11       3.584   0.000   0.00000      YES        0.00000   1.00000  accept 
   1         11       3.152   0.009   0.00920      YES        0.03766   1.00000  accept 
   1         11       3.575   0.003   0.00300      YES        0.01228   1.00000  accept 
   1         11       3.328   0.000   0.00010      YES        0.00041   1.00000  accept 
   1         11       3.250   0.009   0.00950      YES        0.03889   1.00000  accept 
   1         11       3.530   0.000   0.00000      YES        0.00000   1.00000  accept 
   1         11       3.267   0.048   0.04810      YES        0.19689   1.00000  accept 
   1         11       3.220   0.001   0.00070      YES        0.00287   1.00000  accept 
   1         11       3.257   0.052   0.05190      YES        0.21244   1.00000  accept 
   1         11       3.560   0.013   0.01340      YES        0.05485   1.00000  accept 
   1         11       3.418   0.001   0.00090      YES        0.00368   1.00000  accept 
   1         11       3.564   0.000   0.00000      YES        0.00000   1.00000  accept 
   1         11       3.352   0.008   0.00800      YES        0.03275   1.00000  accept 
   1         11       3.560   0.121   0.12110      YES        0.49570   1.00000  accept 
   1         11       3.451   0.005   0.00460      YES        0.01883   1.00000  accept 
   1         11       3.816   0.003   0.00330      YES        0.01351   1.00000  accept 
   1         11       3.214   0.008   0.00830      YES        0.03397   1.00000  accept 
   1         11       3.361   0.000   0.00020      YES        0.00082   1.00000  accept 
   1         11       3.451   0.004   0.00450      YES        0.01842   1.00000  accept 
   1         11       3.325   0.001   0.00050      YES        0.00205   1.00000  accept 
   1         11       3.392   0.149   0.14900      YES        0.60991   1.00000  accept 
   1         11       3.392   0.000   0.00000      YES        0.00000   1.00000  accept 
   1         11       3.513   0.066   0.06610      YES        0.27057   1.00000  accept 
   1         11       3.386   0.046   0.04650      YES        0.19034   1.00000  accept 
   1         11       2.985   0.000   0.00010      YES        0.00041   1.00000  accept 
   1         11       3.704   0.125   0.12530      YES        0.51289   1.00000  accept 
   1         11       3.035   0.001   0.00050      YES        0.00205   1.00000  accept 
   1         11       3.187   0.067   0.06720      YES        0.27507   1.00000  accept 
   1         11       3.513   0.005   0.00490      YES        0.02006   1.00000  accept 
   1         11       3.546   0.000   0.00030      YES        0.00123   1.00000  accept 
   1         11       3.361   0.015   0.01530      YES        0.06263   1.00000  accept 
   1         11       3.429   0.046   0.04610      YES        0.18870   1.00000  accept 
   1         11       3.396   0.000   0.00040      YES        0.00164   1.00000  accept 
   1         11       3.149   0.015   0.01480      YES        0.06058   1.00000  accept 
   1         11       3.351   0.033   0.03270      YES        0.13385   1.00000  accept 
   1         11       3.159   0.007   0.00740      YES        0.03029   1.00000  accept 
   1         11       3.637   0.002   0.00210      YES        0.00860   1.00000  accept 
   1         11       3.470   0.044   0.04370      YES        0.17888   1.00000  accept 
   1         11       3.448   0.089   0.08900      YES        0.36431   1.00000  accept 
   1         11       3.297   0.015   0.01450      YES        0.05935   1.00000  accept 
   1         11       3.441   0.000   0.00010      YES        0.00041   1.00000  accept 
   1         11       3.570   0.027   0.02680      YES        0.10970   1.00000  accept 
   1         11       3.286   0.000   0.00030      YES        0.00123   1.00000  accept 
   1         11       3.451   0.028   0.02780      YES        0.11379   1.00000  accept 
   1         11       3.557   0.000   0.00000      YES        0.00000   1.00000  accept 
   1         11       3.666   0.000   0.00030      YES        0.00123   1.00000  accept 
   1         11       3.474   0.186   0.18630      YES        0.76259   1.00000  accept 
   1         11       3.369   0.008   0.00840      YES        0.03438   1.00000  accept 
   1         11       3.451   0.002   0.00200      YES        0.00819   1.00000  accept 
   1         11       3.440   0.000   0.00010      YES        0.00041   1.00000  accept 
   1         11       3.292   0.002   0.00210      YES        0.00860   1.00000  accept 
   1         11       3.443   0.004   0.00420      YES        0.01719   1.00000  accept 
   1         11       3.243   0.000   0.00010      YES        0.00041   1.00000  accept 
   1         11       3.462   0.001   0.00100      YES        0.00409   1.00000  accept 
   1         11       3.346   0.004   0.00350      YES        0.01433   1.00000  accept 
   1         11       3.322   0.001   0.00060      YES        0.00246   1.00000  accept 
   1         11       3.318   0.004   0.00420      YES        0.01719   1.00000  accept 
   1         11       3.281   0.014   0.01370      YES        0.05608   1.00000  accept 
   1         11       3.645   0.000   0.00000      YES        0.00000   1.00000  accept 
   1         11       3.401   0.083   0.08320      YES        0.34056   1.00000  accept 
   1         11       3.482   0.033   0.03270      YES        0.13385   1.00000  accept 
   1         11       3.214   0.015   0.01470      YES        0.06017   1.00000  accept 

Starting to compute spectrum. 

The importance sampling program will not be called (run_IS = 0). 

 Range definition:
 ------------------------
 emin     = 1.83
 emax     = 3.816
 rmin     = 1.68
 rmax     = 3.966
 np[1->2] = 92
 np[1->3] = 92
 np[1->4] = 92
 np[1->5] = 92
 np[1->6] = 92
 np[1->7] = 92
 np[1->8] = 92
 np[1->9] = 92
 np[1->10] = 92
 np[1->11] = 92
 i_points = 920

Starting run over domain ...

Absorption cross section was written to cross-section.dat file.



 End of initial conditions selection. 
          ====================== NEWTON-X ends here ==================  
