FINAL HEAT OF FORMATION =     -9660.0399377840  time =       0.0000000000
  6       -0.0182836126      -0.0147588093       0.0087448944
  6        0.0118009857       0.0122738555       0.0109774339
  6       -0.0062233683      -0.0109757661      -0.0097072355
  6       -0.0101054072       0.0007181344       0.0005514151
 16       -0.0016837101       0.0074318200       0.0060566561
  6       -0.0044953847       0.0116697703      -0.0031608496
  6        0.0251930927      -0.0027181022       0.0039215009
  6       -0.0005178711      -0.0421576676       0.0104547677
  6       -0.0378384508      -0.0063889927      -0.0067198127
 16       -0.0047897113       0.0152290447       0.0029768683
  1        0.0213155874      -0.0045359150      -0.0027380789
  1       -0.0149819080       0.0054406837       0.0015200006
  6       -0.0352382945      -0.0229862698       0.0150943258
  6       -0.0396350759       0.0352019442       0.0050464681
  6        0.0377341269       0.0004220437      -0.0034630896
  6       -0.0031324485      -0.0033794363       0.0004347469
 16       -0.0171775683      -0.0165419651      -0.0119908350
  1        0.0032606443      -0.0072086221      -0.0152661767
  1        0.0089373309       0.0053887072       0.0070569482
  6        0.0007231187      -0.0004137966      -0.0021357596
  1       -0.0011274096       0.0011310250      -0.0029045163
  1        0.0012472089       0.0013739759      -0.0019985205
  6        0.0005333383       0.0033031229       0.0004425531
  1        0.0020980027       0.0014476150       0.0010529591
  1       -0.0011158302       0.0019533631       0.0037000706
  6       -0.0000915796       0.0012824672      -0.0019031239
  1       -0.0001931578      -0.0022286673       0.0009391476
  1        0.0010271317      -0.0002175716      -0.0011734371
  1       -0.0009315765      -0.0008031596       0.0008595484
  6       -0.0121249311       0.0048209774       0.0121749995
  1       -0.0092583314       0.0128210995       0.0036602843
  1        0.0066763491       0.0035629202       0.0012843527
  6        0.0029342651       0.0033948122      -0.0017971504
  1        0.0057463304      -0.0071616922      -0.0016781924
  1       -0.0010243239       0.0125139456      -0.0130084887
  6        0.0011523043       0.0005609995      -0.0015901511
  1        0.0000008227       0.0015692898       0.0004076710
  1        0.0050614700      -0.0006378806      -0.0013579705
  6        0.0245783809      -0.0084061202       0.0082713953
  1        0.0179155762      -0.0012563369      -0.0062120640
  1       -0.0031607961       0.0299488909      -0.0086714936
  6       -0.0114365970       0.0078259090      -0.0052138820
  1       -0.0098837481       0.0101343245       0.0006187448
  1       -0.0095096487      -0.0025390533      -0.0061042399
  6       -0.0124655914      -0.0048604334       0.0008585075
  1       -0.0044432423       0.0011444738      -0.0000607540
  1       -0.0093709311      -0.0009347301       0.0036870672
  8        0.0001389706       0.0033154066      -0.0014289956
  6        0.0053214999       0.0030647325       0.0012415580
  1        0.0055229966      -0.0028938760      -0.0019289478
  1        0.0048215107       0.0015362888       0.0002667100
  6        0.0037490537      -0.0004680341      -0.0008578536
  1        0.0043377426       0.0012347018       0.0027728555
  1        0.0037127731      -0.0013759369      -0.0067374934
  8        0.0010089045      -0.0029301712       0.0010804757
  6       -0.0019319357       0.0008298335       0.0010359211
  1       -0.0054438209      -0.0042549522       0.0018525053
  1       -0.0030272780      -0.0024764361       0.0017326338
  8        0.0064214380       0.0050736739       0.0029419733
  6        0.0017036468      -0.0010369634      -0.0024731246
  1       -0.0002043221      -0.0077746540       0.0011432923
  1       -0.0010588921      -0.0088564706       0.0000343571
  6        0.0022557738       0.0003541092       0.0016243358
  1       -0.0049676850      -0.0056965524      -0.0013488608
  1       -0.0041846738      -0.0016480146       0.0035801780
  8       -0.0034995911      -0.0030553258       0.0007496228
  6       -0.0081068514      -0.0035607983       0.0022599060
  1        0.0021167204      -0.0085962922       0.0042800495
  1        0.0021334234      -0.0082823439       0.0024906530
  1        0.0026211505       0.0013285897      -0.0003624077
  6        0.0044742543       0.0026815856      -0.0013779342
  1        0.0058825838       0.0005233803       0.0037734417
  1        0.0051125550      -0.0035856257      -0.0018259938
  8       -0.0030630578      -0.0003443890      -0.0019916260
  6       -0.0052262250      -0.0036434906       0.0009721013
  1        0.0006239104      -0.0035497176       0.0011702119
  1        0.0001003417      -0.0061640498       0.0012832727
  6       -0.0011180963      -0.0042092656      -0.0011601973
  1       -0.0017717867      -0.0057064448      -0.0042592572
  1       -0.0009977928      -0.0022508276       0.0020892781
  8        0.0001757332      -0.0009479257      -0.0001520366
  6       -0.0007754084       0.0040858552       0.0022534652
  1        0.0050468749       0.0005710341       0.0005767647
  1        0.0075340132       0.0024442144       0.0009318694
  8       -0.0063600067      -0.0030310903       0.0012533692
  6        0.0075502253       0.0003275131      -0.0013478092
  1        0.0068658635      -0.0106518006       0.0020636106
  1        0.0086880770      -0.0045954993       0.0011950593
  6       -0.0042379462      -0.0033862473       0.0004461536
  1        0.0047107721       0.0031505673       0.0032174611
  1        0.0047287504       0.0009474702      -0.0043917427
  8        0.0077730475       0.0011808683       0.0004792207
  6        0.0044087531       0.0069320905      -0.0016449668
  1        0.0059934210      -0.0046985038       0.0006528256
  1        0.0064607115      -0.0033360329       0.0039049405
  1       -0.0040946947      -0.0012665021      -0.0005969494
  6        0.0005334693       0.0022584381       0.0018296211
  1       -0.0006775123       0.0026201423       0.0008227661
  1       -0.0020196906       0.0043345446      -0.0010472394
  6       -0.0012164372       0.0012384320       0.0007880923
  1        0.0004751147      -0.0002531083      -0.0002705138
  1        0.0000031143      -0.0029522103       0.0019046405
  6        0.0005752361       0.0031441403       0.0004381064
  1        0.0057802914       0.0030527652       0.0010619030
  1        0.0024484863       0.0019732792      -0.0008244588
  6        0.0068429693       0.0013268870      -0.0207070869
  1        0.0013289660      -0.0073023936      -0.0063319422
  1        0.0015459837       0.0122037233      -0.0199142111
  6       -0.0019808812      -0.0011927532       0.0029933802
  1       -0.0154422015       0.0071450695       0.0015012189
  1        0.0045553789      -0.0066586439       0.0122014179
  6       -0.0043824311      -0.0031165981       0.0048833109
  1       -0.0037356379      -0.0054076774       0.0031300718
  1       -0.0046850261      -0.0012052633       0.0032911008
  6        0.0201307153       0.0142461600       0.0012127253
  6       -0.0129915287       0.0011409156      -0.0025324891
  6        0.0243445115       0.0304160892      -0.0013684758
  6        0.0070136532      -0.0046074773      -0.0073109860
  1        0.0019324679       0.0008336314       0.0008476669
