 
 |^^^^^^^^^^^^^^^^^^^^^^^^^^^^^^^^^^^^^^^^^^^^^^^^|
 | MD execution started at    Thu May 27 11:34:28 CEST 2021  |
 | Computer:  Linux hekat01 x86_64                |
 |________________________________________________|
 
 rnd_seed=       19345
 !!!!!!-----MD INPUT-----!!!!!!
 
 Ground state MD,      imdtype=           0
 Initial count for out files              0
 MD using Langevin 
 Starting time, fs          0.000000000000000E+000
 Time step, fs                        0.100000000000000     
 Number of classical steps (CS)            0
 Quantum steps/per CS                    4
 Displacement for deriv. [A]     1.000000000000000E-003
 Langevin thermostat dynamics, therm_type=           1
 Temperature, K                  300.000000000000     
 Bath relaxation constant       0.400000000000000     
 Equilibrated dynamics
 Number of steps per degree K           100
 Number of steps to write data            1
 Number of steps to write coords          10
 Friction coefficient [1/ps]      20.0000000000000     
 Seed for random generator           19345
 NAESMD verbosity,            3
 MD will use analytic deriv,  ideriv=           1
 Cartesian coordinates are used
 Allocating initial naesmd_module variables
 Allocating md_module initial variables
 Allocating variables
 Allocating naesmd_module variables         119           0
 Allocating md_module variables         119
  Finish reading coordinates 
 Rescaling velocity
 
 Initial Geometry
    6         0.540290    1.454780   -0.270970
    6         0.810220    0.188330    0.293140
    6        -0.413660   -0.581470    0.427900
    6        -1.517610    0.154420   -0.056080
   16        -1.075800    1.659290   -0.608900
    6         4.919250    6.160390   -1.524950
    6         5.618730    5.050000   -1.066660
    6         4.791930    3.956140   -0.759060
    6         3.445150    4.226550   -0.982200
   16         3.275500    5.795930   -1.553060
    1         5.360570    7.103880   -1.816150
    1         6.695610    5.042430   -0.962160
    6        -5.377590   -1.152110    0.076060
    6        -5.749780   -2.406600    0.549510
    6        -7.142940   -2.588900    0.551790
    6        -7.845760   -1.484390    0.084030
   16        -6.749240   -0.276550   -0.335000
    1        -7.633740   -3.494580    0.882690
    1        -8.921980   -1.413920    0.003400
    6         4.958490   -2.549510    1.919710
    1         4.484180   -2.762970    2.903200
    1         4.734560   -3.389260    1.225330
    6         6.477100   -2.433860    2.104620
    1         6.959050   -2.226200    1.124330
    1         6.707100   -1.595760    2.798340
    6         7.062920   -3.720590    2.678810
    1         6.614320   -3.939710    3.671340
    1         6.867590   -4.573320    1.994230
    1         8.160760   -3.607700    2.802190
    6         2.295450   -0.049140    0.608660
    1         2.841370    0.117520   -0.347560
    1         2.596480    0.752690    1.319890
    6         2.852820   -1.351730    1.165520
    1         2.422240   -1.537940    2.162110
    1         2.662300   -2.164320    0.440310
    6         4.376570   -1.250370    1.349660
    1         4.854690   -1.037220    0.367960
    1         4.607610   -0.414740    2.047080
    6        -4.740760   -3.429760    1.000990
    1        -4.156510   -2.976390    1.834250
    1        -4.074780   -3.639510    0.132320
    6         5.272830    2.624940   -0.246200
    1         4.786700    2.452380    0.741230
    1         4.941940    1.853710   -0.979570
    6        -5.053860   -6.818290    2.323400
    1        -5.660450   -6.539610    3.215840
    1        -5.707780   -7.228400    1.519790
    8        -4.047000   -7.743990    2.668680
    6        -4.633910   -8.915670    3.189760
    1        -5.202390   -8.690880    4.121430
    1        -5.297940   -9.395840    2.434360
    6        -3.523820   -9.899110    3.537820
    1        -2.957000  -10.119500    2.603760
    1        -2.859440   -9.412290    4.288890
    8        -4.094350  -11.077490    4.065260
    6        -3.065260  -11.988470    4.388140
    1        -2.491540  -12.273280    3.476070
    1        -2.383400  -11.556980    5.157040
    8        -5.374470   -4.614090    1.437060
    6        -4.385450   -5.556710    1.795110
    1        -3.774310   -5.839190    0.906890
    1        -3.730150   -5.157640    2.603990
    6        -3.682230  -13.254790    4.968590
    1        -4.255750  -12.970690    5.881100
    1        -4.363170  -13.689540    4.200780
    8        -2.648330  -14.160290    5.289520
    6        -3.208120  -15.333610    5.832830
    1        -3.748340  -15.122840    6.782490
    1        -3.862370  -15.849650    5.095440
    1        -2.381880  -16.032130    6.078040
    6         8.588320    1.287010    0.498850
    1         9.059520    1.529780   -0.481340
    1         8.867110    2.046200    1.265350
    8         8.949460   -0.008890    0.921690
    6        10.346000   -0.086600    1.096860
    1        10.878540    0.130280    0.142180
    1        10.681900    0.610920    1.898170
    6        10.696190   -1.506750    1.522050
    1        10.158230   -1.720950    2.474400
    1        10.350470   -2.197240    0.718050
    8        12.091920   -1.610550    1.704190
    6        12.412830   -2.933140    2.080150
    1        11.915500   -3.201680    3.040850
    1        12.122680   -3.651380    1.278760
    8         6.678670    2.607310   -0.109310
    6         7.077260    1.322660    0.320580
    1         6.614990    1.073940    1.303840
    1         6.808120    0.553600   -0.440060
    6        13.918120   -3.045000    2.285460
    1        14.417240   -2.778400    1.325220
    1        14.210420   -2.328980    3.088000
    8        14.229280   -4.369750    2.659820
    6        15.620350   -4.486190    2.850420
    1        16.176640   -4.286510    1.907690
    1        15.971840   -3.832920    3.679720
    1        15.844790   -5.532190    3.144080
    6         0.395250   -5.212100    2.746880
    1         0.858240   -4.730620    3.636500
    1         1.200660   -5.493780    2.033070
    6        -0.357850   -6.474130    3.187480
    1        -0.820240   -6.962850    2.302060
    1        -1.164030   -6.198830    3.902260
    6         0.580140   -7.468850    3.864880
    1         0.008160   -8.369830    4.172230
    1         1.384700   -7.779630    3.164770
    6        -0.788400   -1.971770    0.969450
    1        -1.259340   -2.520420    0.122770
    1        -1.572190   -1.791070    1.739820
    6         0.183650   -2.943710    1.626100
    1         0.602690   -2.474730    2.535600
    1         0.949340   -3.254930    0.897600
    6        -0.556310   -4.217630    2.071620
    1        -1.021700   -4.704120    1.185450
    1        -1.361570   -3.944780    2.789500
    6        -4.024790   -0.684100   -0.036160
    6        -2.885140   -0.299020   -0.074240
    6         1.512070    2.482430   -0.547920
    6         2.367100    3.303680   -0.758400
    1         1.038740   -7.013270    4.768410

--------------------------------------------------------------------------------
  QM CALCULATION INFO
--------------------------------------------------------------------------------

| QMMM: Citation for AMBER QMMM Run:
| QMMM: R.C. Walker, M.F. Crowley and D.A. Case, J. COMP. CHEM. 29:1019, 2008

QMMM: SINGLET STATE CALCULATION
QMMM: RHF CALCULATION, NO. OF DOUBLY OCCUPIED LEVELS =153

| QMMM: *** Selected Hamiltonian *** 
| QMMM: AM1         

| QMMM: *** Parameter sets in use ***
| QMMM: C : M.J.S.DEWAR et al. JACS, 107, 3902, (1985)
| QMMM: S : M.J.S.DEWAR et al. INORG. CHEM., 29, 3881, (1990)
| QMMM: H : M.J.S.DEWAR et al. JACS, 107, 3902, (1985)
| QMMM: O : M.J.S.DEWAR et al. JACS, 107, 3902, (1985)

| QMMM: *** SCF convergence criteria ***
| QMMM: Energy change                :  0.2D-06 kcal/mol
| QMMM: Error matrix |FP-PF|         :  0.1D+00 au
| QMMM: Density matrix change        :  0.2D-04
| QMMM: Maximum number of SCF cycles :      300
 
| QMMM: *** Diagonalization Routine Information ***
| QMMM: Pseudo diagonalizations are allowed.
| QMMM: Auto diagonalization routine selection is disabled.
| QMMM: Using internal diagonalization routine (diag_routine=1).

  QMMM: QM Region Cartesian Coordinates (*=link atom) 
  QMMM: QM_NO.   MM_NO.  ATOM         X         Y         Z
  QMMM:     1        1      C        0.5403    1.4548   -0.2710
  QMMM:     2        2      C        0.8102    0.1883    0.2931
  QMMM:     3        3      C       -0.4137   -0.5815    0.4279
  QMMM:     4        4      C       -1.5176    0.1544   -0.0561
  QMMM:     5        5      S       -1.0758    1.6593   -0.6089
  QMMM:     6        6      C        4.9192    6.1604   -1.5250
  QMMM:     7        7      C        5.6187    5.0500   -1.0667
  QMMM:     8        8      C        4.7919    3.9561   -0.7591
  QMMM:     9        9      C        3.4451    4.2265   -0.9822
  QMMM:    10       10      S        3.2755    5.7959   -1.5531
  QMMM:    11       11      H        5.3606    7.1039   -1.8161
  QMMM:    12       12      H        6.6956    5.0424   -0.9622
  QMMM:    13       13      C       -5.3776   -1.1521    0.0761
  QMMM:    14       14      C       -5.7498   -2.4066    0.5495
  QMMM:    15       15      C       -7.1429   -2.5889    0.5518
  QMMM:    16       16      C       -7.8458   -1.4844    0.0840
  QMMM:    17       17      S       -6.7492   -0.2766   -0.3350
  QMMM:    18       18      H       -7.6337   -3.4946    0.8827
  QMMM:    19       19      H       -8.9220   -1.4139    0.0034
  QMMM:    20       20      C        4.9585   -2.5495    1.9197
  QMMM:    21       21      H        4.4842   -2.7630    2.9032
  QMMM:    22       22      H        4.7346   -3.3893    1.2253
  QMMM:    23       23      C        6.4771   -2.4339    2.1046
  QMMM:    24       24      H        6.9591   -2.2262    1.1243
  QMMM:    25       25      H        6.7071   -1.5958    2.7983
  QMMM:    26       26      C        7.0629   -3.7206    2.6788
  QMMM:    27       27      H        6.6143   -3.9397    3.6713
  QMMM:    28       28      H        6.8676   -4.5733    1.9942
  QMMM:    29       29      H        8.1608   -3.6077    2.8022
  QMMM:    30       30      C        2.2955   -0.0491    0.6087
  QMMM:    31       31      H        2.8414    0.1175   -0.3476
  QMMM:    32       32      H        2.5965    0.7527    1.3199
  QMMM:    33       33      C        2.8528   -1.3517    1.1655
  QMMM:    34       34      H        2.4222   -1.5379    2.1621
  QMMM:    35       35      H        2.6623   -2.1643    0.4403
  QMMM:    36       36      C        4.3766   -1.2504    1.3497
  QMMM:    37       37      H        4.8547   -1.0372    0.3680
  QMMM:    38       38      H        4.6076   -0.4147    2.0471
  QMMM:    39       39      C       -4.7408   -3.4298    1.0010
  QMMM:    40       40      H       -4.1565   -2.9764    1.8342
  QMMM:    41       41      H       -4.0748   -3.6395    0.1323
  QMMM:    42       42      C        5.2728    2.6249   -0.2462
  QMMM:    43       43      H        4.7867    2.4524    0.7412
  QMMM:    44       44      H        4.9419    1.8537   -0.9796
  QMMM:    45       45      C       -5.0539   -6.8183    2.3234
  QMMM:    46       46      H       -5.6604   -6.5396    3.2158
  QMMM:    47       47      H       -5.7078   -7.2284    1.5198
  QMMM:    48       48      O       -4.0470   -7.7440    2.6687
  QMMM:    49       49      C       -4.6339   -8.9157    3.1898
  QMMM:    50       50      H       -5.2024   -8.6909    4.1214
  QMMM:    51       51      H       -5.2979   -9.3958    2.4344
  QMMM:    52       52      C       -3.5238   -9.8991    3.5378
  QMMM:    53       53      H       -2.9570  -10.1195    2.6038
  QMMM:    54       54      H       -2.8594   -9.4123    4.2889
  QMMM:    55       55      O       -4.0944  -11.0775    4.0653
  QMMM:    56       56      C       -3.0653  -11.9885    4.3881
  QMMM:    57       57      H       -2.4915  -12.2733    3.4761
  QMMM:    58       58      H       -2.3834  -11.5570    5.1570
  QMMM:    59       59      O       -5.3745   -4.6141    1.4371
  QMMM:    60       60      C       -4.3854   -5.5567    1.7951
  QMMM:    61       61      H       -3.7743   -5.8392    0.9069
  QMMM:    62       62      H       -3.7302   -5.1576    2.6040
  QMMM:    63       63      C       -3.6822  -13.2548    4.9686
  QMMM:    64       64      H       -4.2557  -12.9707    5.8811
  QMMM:    65       65      H       -4.3632  -13.6895    4.2008
  QMMM:    66       66      O       -2.6483  -14.1603    5.2895
  QMMM:    67       67      C       -3.2081  -15.3336    5.8328
  QMMM:    68       68      H       -3.7483  -15.1228    6.7825
  QMMM:    69       69      H       -3.8624  -15.8497    5.0954
  QMMM:    70       70      H       -2.3819  -16.0321    6.0780
  QMMM:    71       71      C        8.5883    1.2870    0.4989
  QMMM:    72       72      H        9.0595    1.5298   -0.4813
  QMMM:    73       73      H        8.8671    2.0462    1.2653
  QMMM:    74       74      O        8.9495   -0.0089    0.9217
  QMMM:    75       75      C       10.3460   -0.0866    1.0969
  QMMM:    76       76      H       10.8785    0.1303    0.1422
  QMMM:    77       77      H       10.6819    0.6109    1.8982
  QMMM:    78       78      C       10.6962   -1.5068    1.5220
  QMMM:    79       79      H       10.1582   -1.7209    2.4744
  QMMM:    80       80      H       10.3505   -2.1972    0.7180
  QMMM:    81       81      O       12.0919   -1.6105    1.7042
  QMMM:    82       82      C       12.4128   -2.9331    2.0802
  QMMM:    83       83      H       11.9155   -3.2017    3.0408
  QMMM:    84       84      H       12.1227   -3.6514    1.2788
  QMMM:    85       85      O        6.6787    2.6073   -0.1093
  QMMM:    86       86      C        7.0773    1.3227    0.3206
  QMMM:    87       87      H        6.6150    1.0739    1.3038
  QMMM:    88       88      H        6.8081    0.5536   -0.4401
  QMMM:    89       89      C       13.9181   -3.0450    2.2855
  QMMM:    90       90      H       14.4172   -2.7784    1.3252
  QMMM:    91       91      H       14.2104   -2.3290    3.0880
  QMMM:    92       92      O       14.2293   -4.3697    2.6598
  QMMM:    93       93      C       15.6204   -4.4862    2.8504
  QMMM:    94       94      H       16.1766   -4.2865    1.9077
  QMMM:    95       95      H       15.9718   -3.8329    3.6797
  QMMM:    96       96      H       15.8448   -5.5322    3.1441
  QMMM:    97       97      C        0.3952   -5.2121    2.7469
  QMMM:    98       98      H        0.8582   -4.7306    3.6365
  QMMM:    99       99      H        1.2007   -5.4938    2.0331
  QMMM:   100      100      C       -0.3579   -6.4741    3.1875
  QMMM:   101      101      H       -0.8202   -6.9629    2.3021
  QMMM:   102      102      H       -1.1640   -6.1988    3.9023
  QMMM:   103      103      C        0.5801   -7.4688    3.8649
  QMMM:   104      104      H        0.0082   -8.3698    4.1722
  QMMM:   105      105      H        1.3847   -7.7796    3.1648
  QMMM:   106      106      C       -0.7884   -1.9718    0.9695
  QMMM:   107      107      H       -1.2593   -2.5204    0.1228
  QMMM:   108      108      H       -1.5722   -1.7911    1.7398
  QMMM:   109      109      C        0.1837   -2.9437    1.6261
  QMMM:   110      110      H        0.6027   -2.4747    2.5356
  QMMM:   111      111      H        0.9493   -3.2549    0.8976
  QMMM:   112      112      C       -0.5563   -4.2176    2.0716
  QMMM:   113      113      H       -1.0217   -4.7041    1.1854
  QMMM:   114      114      H       -1.3616   -3.9448    2.7895
  QMMM:   115      115      C       -4.0248   -0.6841   -0.0362
  QMMM:   116      116      C       -2.8851   -0.2990   -0.0742
  QMMM:   117      117      C        1.5121    2.4824   -0.5479
  QMMM:   118      118      C        2.3671    3.3037   -0.7584
  QMMM:   119      119      H        1.0387   -7.0133    4.7684

--------------------------------------------------------------------------------
  RESULTS
--------------------------------------------------------------------------------

       iter       energy            rms gradient
       ----    --------------     -----------------
xmin     1    -9658.092622 eV        0.571639 eV/A
xmin     2    -9658.933038 eV        0.270095 eV/A
xmin     3    -9659.012381 eV        0.236652 eV/A
xmin     4    -9659.116810 eV        0.229748 eV/A
xmin     5    -9659.116994 eV        0.233038 eV/A
xmin     6    -9659.177257 eV        0.194743 eV/A
xmin     7    -9659.305449 eV        0.120932 eV/A
xmin     8    -9659.353842 eV        0.176277 eV/A
xmin     9    -9659.407162 eV        0.173363 eV/A
xmin    10    -9659.413885 eV        0.128960 eV/A
xmin    11    -9659.425007 eV        0.096124 eV/A
xmin    12    -9659.435373 eV        0.078699 eV/A
xmin    13    -9659.449161 eV        0.025063 eV/A
xmin    14    -9659.453522 eV        0.033321 eV/A
xmin    15    -9659.454243 eV        0.040369 eV/A
xmin    16    -9659.458823 eV        0.040915 eV/A
xmin    17    -9659.460708 eV        0.014599 eV/A
xmin    18    -9659.463487 eV        0.016345 eV/A
xmin    19    -9659.464409 eV        0.019277 eV/A
xmin    20    -9659.465460 eV        0.017981 eV/A
xmin    21    -9659.466673 eV        0.018686 eV/A
xmin    22    -9659.469062 eV        0.021224 eV/A
xmin    23    -9659.470363 eV        0.039958 eV/A
xmin    23    -9659.471942 eV        0.008330 eV/A
  ... geometry converged!
 
 Final Structure
    6         0.552234    1.397899   -0.253100
    6         0.827239    0.130024    0.319197
    6        -0.381584   -0.611856    0.472566
    6        -1.482237    0.148756    0.004136
   16        -1.054061    1.640122   -0.576020
    6         4.789836    6.017522   -1.490075
    6         5.549387    4.956912   -1.041721
    6         4.734734    3.830644   -0.722992
    6         3.381870    4.095735   -0.949161
   16         3.164318    5.659411   -1.524593
    1         5.180198    6.988582   -1.791752
    1         6.637260    4.941643   -0.932192
    6        -5.237474   -1.138745    0.122221
    6        -5.602674   -2.412338    0.564693
    6        -7.019086   -2.588512    0.538974
    6        -7.660849   -1.458762    0.076537
   16        -6.593591   -0.237562   -0.300535
    1        -7.498728   -3.516800    0.860033
    1        -8.739344   -1.354489   -0.038242
    6         4.903775   -2.540286    1.901930
    1         4.420012   -2.779011    2.885627
    1         4.685662   -3.395813    1.210028
    6         6.400169   -2.406575    2.091545
    1         6.883280   -2.158153    1.108903
    1         6.613637   -1.548120    2.782536
    6         7.005339   -3.667566    2.650812
    1         6.566721   -3.907410    3.649488
    1         6.817875   -4.532465    1.969593
    1         8.109386   -3.544468    2.770121
    6         2.264479   -0.080056    0.628588
    1         2.832763    0.153448   -0.321663
    1         2.544944    0.727052    1.369338
    6         2.809255   -1.382160    1.156029
    1         2.349987   -1.624921    2.147735
    1         2.595009   -2.217089    0.441031
    6         4.313123   -1.266064    1.339058
    1         4.799062   -1.030268    0.354789
    1         4.542707   -0.410785    2.029366
    6        -4.608795   -3.414343    1.000872
    1        -3.989614   -2.999174    1.846403
    1        -3.922112   -3.677787    0.146994
    6         5.200394    2.522243   -0.217929
    1         4.745438    2.311336    0.791616
    1         4.887133    1.703840   -0.926937
    6        -5.111943   -6.793934    2.317862
    1        -5.727721   -6.515780    3.211999
    1        -5.779015   -7.205678    1.516801
    8        -4.124795   -7.757646    2.678040
    6        -4.697131   -8.951230    3.206895
    1        -5.279039   -8.722436    4.137317
    1        -5.375358   -9.425346    2.450835
    6        -3.504847   -9.853314    3.514162
    1        -2.931419  -10.080397    2.577348
    1        -2.822040   -9.364912    4.258310
    8        -4.045517  -11.053515    4.060103
    6        -3.016518  -11.987202    4.385767
    1        -2.435333  -12.256690    3.465422
    1        -2.321388  -11.544498    5.146206
    8        -5.274574   -4.598131    1.449112
    6        -4.319257   -5.596581    1.805483
    1        -3.711760   -5.882074    0.906166
    1        -3.631155   -5.207416    2.602901
    6        -3.731697  -13.208632    4.952653
    1        -4.316293  -12.935261    5.869581
    1        -4.422478  -13.653794    4.189951
    8        -2.704264  -14.139978    5.285827
    6        -3.225493  -15.338035    5.835203
    1        -3.785435  -15.126287    6.779653
    1        -3.897747  -15.847486    5.101126
    1        -2.323259  -15.964979    6.044101
    6         8.593612    1.337384    0.480956
    1         9.075392    1.597483   -0.497007
    1         8.875288    2.100512    1.251920
    8         8.999329    0.036622    0.901164
    6        10.408252   -0.061873    1.093429
    1        10.948160    0.174964    0.140190
    1        10.739976    0.647227    1.895530
    6        10.642916   -1.511591    1.509953
    1        10.092289   -1.743607    2.459614
    1        10.300243   -2.212070    0.703597
    8        12.047060   -1.646925    1.712621
    6        12.391165   -2.979522    2.090577
    1        11.877140   -3.252106    3.049223
    1        12.083101   -3.699314    1.287686
    8         6.624971    2.521608   -0.096653
    6         7.079045    1.239580    0.335153
    1         6.604286    0.971604    1.316796
    1         6.805576    0.460455   -0.425320
    6        13.905498   -2.982804    2.268831
    1        14.418728   -2.711265    1.309715
    1        14.212317   -2.263135    3.072012
    8        14.247220   -4.314753    2.647666
    6        15.640942   -4.473762    2.850438
    1        16.202888   -4.254570    1.908926
    1        15.998084   -3.803365    3.670929
    1        15.760325   -5.547574    3.139370
    6         0.412412   -5.147456    2.728002
    1         0.896478   -4.672597    3.621480
    1         1.233452   -5.429038    2.017447
    6        -0.338231   -6.391275    3.156220
    1        -0.819249   -6.864726    2.259369
    1        -1.166882   -6.103613    3.856700
    6         0.569064   -7.388422    3.828107
    1        -0.011856   -8.291717    4.135670
    1         1.383329   -7.711704    3.135517
    6        -0.760075   -1.963199    0.958410
    1        -1.184841   -2.508144    0.063782
    1        -1.623356   -1.814826    1.675594
    6         0.210563   -2.896109    1.635815
    1         0.658987   -2.409928    2.539503
    1         1.031644   -3.185073    0.931911
    6        -0.520083   -4.156917    2.065823
    1        -0.998496   -4.636229    1.170502
    1        -1.347563   -3.890149    2.775978
    6        -3.941513   -0.656992    0.052071
    6        -2.801660   -0.275924    0.020400
    6         1.506937    2.366885   -0.517892
    6         2.353073    3.194526   -0.729371
    1         1.039495   -6.944526    4.738533
 LPRINT:           3           0
 
 |^^^^^^^^^^^^^^^^^^^^^^^^^^^^^^^^^^^^^^^^^^^^^^^^|
 | MD normal termination at   Thu May 27 11:35:05 CEST 2021  |
 | MD total CPU time           37.150     seconds |
 |      0 days  0 hours  0 minutes 37 seconds     |
 
  SQM (ground sim%naesmd%state) took overall [s]:
        30.5    
  Davidson (excited states) took overall [s]:
        0.00    
  deriv (adiabatic forces) took overall [s]:
       0.469E-01
  nacT (NA derivatives) took overall [s]:
        0.00    
 |________________________________________________|
 
