FINAL HEAT OF FORMATION =     -9660.0399377840  time =       0.0000000000
$VELOC
     0.0000000000     0.0000000000     0.0000000000
     0.0000000000     0.0000000000     0.0000000000
     0.0000000000     0.0000000000     0.0000000000
     0.0000000000     0.0000000000     0.0000000000
     0.0000000000     0.0000000000     0.0000000000
     0.0000000000     0.0000000000     0.0000000000
     0.0000000000     0.0000000000     0.0000000000
     0.0000000000     0.0000000000     0.0000000000
     0.0000000000     0.0000000000     0.0000000000
     0.0000000000     0.0000000000     0.0000000000
     0.0000000000     0.0000000000     0.0000000000
     0.0000000000     0.0000000000     0.0000000000
     0.0000000000     0.0000000000     0.0000000000
     0.0000000000     0.0000000000     0.0000000000
     0.0000000000     0.0000000000     0.0000000000
     0.0000000000     0.0000000000     0.0000000000
     0.0000000000     0.0000000000     0.0000000000
     0.0000000000     0.0000000000     0.0000000000
     0.0000000000     0.0000000000     0.0000000000
     0.0000000000     0.0000000000     0.0000000000
     0.0000000000     0.0000000000     0.0000000000
     0.0000000000     0.0000000000     0.0000000000
     0.0000000000     0.0000000000     0.0000000000
     0.0000000000     0.0000000000     0.0000000000
     0.0000000000     0.0000000000     0.0000000000
     0.0000000000     0.0000000000     0.0000000000
     0.0000000000     0.0000000000     0.0000000000
     0.0000000000     0.0000000000     0.0000000000
     0.0000000000     0.0000000000     0.0000000000
     0.0000000000     0.0000000000     0.0000000000
     0.0000000000     0.0000000000     0.0000000000
     0.0000000000     0.0000000000     0.0000000000
     0.0000000000     0.0000000000     0.0000000000
     0.0000000000     0.0000000000     0.0000000000
     0.0000000000     0.0000000000     0.0000000000
     0.0000000000     0.0000000000     0.0000000000
     0.0000000000     0.0000000000     0.0000000000
     0.0000000000     0.0000000000     0.0000000000
     0.0000000000     0.0000000000     0.0000000000
     0.0000000000     0.0000000000     0.0000000000
     0.0000000000     0.0000000000     0.0000000000
     0.0000000000     0.0000000000     0.0000000000
     0.0000000000     0.0000000000     0.0000000000
     0.0000000000     0.0000000000     0.0000000000
     0.0000000000     0.0000000000     0.0000000000
     0.0000000000     0.0000000000     0.0000000000
     0.0000000000     0.0000000000     0.0000000000
     0.0000000000     0.0000000000     0.0000000000
     0.0000000000     0.0000000000     0.0000000000
     0.0000000000     0.0000000000     0.0000000000
     0.0000000000     0.0000000000     0.0000000000
     0.0000000000     0.0000000000     0.0000000000
     0.0000000000     0.0000000000     0.0000000000
     0.0000000000     0.0000000000     0.0000000000
     0.0000000000     0.0000000000     0.0000000000
     0.0000000000     0.0000000000     0.0000000000
     0.0000000000     0.0000000000     0.0000000000
     0.0000000000     0.0000000000     0.0000000000
     0.0000000000     0.0000000000     0.0000000000
     0.0000000000     0.0000000000     0.0000000000
     0.0000000000     0.0000000000     0.0000000000
     0.0000000000     0.0000000000     0.0000000000
     0.0000000000     0.0000000000     0.0000000000
     0.0000000000     0.0000000000     0.0000000000
     0.0000000000     0.0000000000     0.0000000000
     0.0000000000     0.0000000000     0.0000000000
     0.0000000000     0.0000000000     0.0000000000
     0.0000000000     0.0000000000     0.0000000000
     0.0000000000     0.0000000000     0.0000000000
     0.0000000000     0.0000000000     0.0000000000
     0.0000000000     0.0000000000     0.0000000000
     0.0000000000     0.0000000000     0.0000000000
     0.0000000000     0.0000000000     0.0000000000
     0.0000000000     0.0000000000     0.0000000000
     0.0000000000     0.0000000000     0.0000000000
     0.0000000000     0.0000000000     0.0000000000
     0.0000000000     0.0000000000     0.0000000000
     0.0000000000     0.0000000000     0.0000000000
     0.0000000000     0.0000000000     0.0000000000
     0.0000000000     0.0000000000     0.0000000000
     0.0000000000     0.0000000000     0.0000000000
     0.0000000000     0.0000000000     0.0000000000
     0.0000000000     0.0000000000     0.0000000000
     0.0000000000     0.0000000000     0.0000000000
     0.0000000000     0.0000000000     0.0000000000
     0.0000000000     0.0000000000     0.0000000000
     0.0000000000     0.0000000000     0.0000000000
     0.0000000000     0.0000000000     0.0000000000
     0.0000000000     0.0000000000     0.0000000000
     0.0000000000     0.0000000000     0.0000000000
     0.0000000000     0.0000000000     0.0000000000
     0.0000000000     0.0000000000     0.0000000000
     0.0000000000     0.0000000000     0.0000000000
     0.0000000000     0.0000000000     0.0000000000
     0.0000000000     0.0000000000     0.0000000000
     0.0000000000     0.0000000000     0.0000000000
     0.0000000000     0.0000000000     0.0000000000
     0.0000000000     0.0000000000     0.0000000000
     0.0000000000     0.0000000000     0.0000000000
     0.0000000000     0.0000000000     0.0000000000
     0.0000000000     0.0000000000     0.0000000000
     0.0000000000     0.0000000000     0.0000000000
     0.0000000000     0.0000000000     0.0000000000
     0.0000000000     0.0000000000     0.0000000000
     0.0000000000     0.0000000000     0.0000000000
     0.0000000000     0.0000000000     0.0000000000
     0.0000000000     0.0000000000     0.0000000000
     0.0000000000     0.0000000000     0.0000000000
     0.0000000000     0.0000000000     0.0000000000
     0.0000000000     0.0000000000     0.0000000000
     0.0000000000     0.0000000000     0.0000000000
     0.0000000000     0.0000000000     0.0000000000
     0.0000000000     0.0000000000     0.0000000000
     0.0000000000     0.0000000000     0.0000000000
     0.0000000000     0.0000000000     0.0000000000
     0.0000000000     0.0000000000     0.0000000000
     0.0000000000     0.0000000000     0.0000000000
     0.0000000000     0.0000000000     0.0000000000
     0.0000000000     0.0000000000     0.0000000000
$ENDVELOC
